92.035156 92.035156
92.035156 92.035156
92.160156 92.089844
92.250000 92.109375
92.484375 92.132812
92.628906 92.136719
92.972656 92.136719
93.171875 92.136719
93.625000 92.136719
93.878906 92.136719
94.441406 92.136719
94.750000 92.136719
95.421875 92.136719
95.785156 92.136719
96.566406 92.136719
96.984375 92.136719
97.875000 92.136719
98.347656 92.136719
99.347656 92.136719
99.875000 92.136719
100.984375 92.136719
101.566406 92.136719
102.785156 92.136719
103.421875 92.136719
104.750000 92.136719
105.453125 92.136719
106.937500 92.136719
107.718750 92.136719
109.359375 92.136719
110.218750 92.136719
112.015625 92.136719
112.953125 92.136719
114.906250 92.136719
115.906250 92.136719
117.906250 92.136719
118.906250 92.136719
120.906250 92.207031
121.906250 92.273438
123.906250 92.468750
124.906250 92.597656
126.906250 92.917969
127.906250 93.109375
129.906250 93.554688
130.906250 93.804688
132.906250 94.359375
133.906250 94.664062
135.906250 95.328125
136.906250 95.687500
138.906250 96.460938
139.906250 96.875000
141.906250 97.757812
142.906250 98.226562
144.906250 99.218750
145.906250 99.742188
147.906250 100.843750
148.906250 101.421875
150.906250 102.632812
151.906250 103.265625
153.906250 104.585938
154.906250 105.289062
156.906250 106.781250
157.906250 107.570312
159.906250 109.234375
160.906250 110.109375
162.906250 111.945312
163.906250 112.906250
165.906250 114.906250
166.906250 115.906250
168.906250 117.906250
169.906250 118.906250
171.906250 120.906250
172.906250 121.906250
174.906250 123.906250
175.906250 124.906250
177.906250 126.906250
178.906250 127.906250
180.906250 129.906250
181.906250 130.906250
183.906250 132.906250
184.906250 133.906250
186.906250 135.906250
187.906250 136.906250
189.906250 138.906250
190.906250 139.906250
192.906250 141.906250
193.906250 142.906250
195.906250 144.906250
196.906250 145.906250
198.906250 147.906250
199.906250 148.906250
201.906250 150.906250
202.906250 151.906250
204.906250 153.906250
205.906250 154.906250
206.906250 155.906250
207.906250 156.906250
208.906250 157.906250
209.906250 158.906250
210.906250 159.906250
211.906250 160.906250
212.906250 161.906250
213.906250 162.906250
214.906250 163.906250
215.906250 164.906250
216.906250 165.906250
217.906250 166.906250
218.906250 167.906250
219.906250 168.906250
220.906250 169.906250
221.906250 170.906250
222.906250 171.906250
223.906250 172.906250
224.906250 173.906250
225.906250 174.906250
226.906250 175.906250
227.906250 176.906250
228.906250 177.906250
229.902344 178.906250
231.886719 180.906250
232.875000 181.906250
234.843750 183.906250
235.824219 184.906250
237.777344 186.906250
238.750000 187.906250
240.687500 189.906250
241.652344 190.906250
243.574219 192.906250
244.531250 193.906250
246.437500 195.906250
247.386719 196.906250
249.207031 198.906250
250.078125 199.906250
251.742188 201.906250
252.531250 202.906250
254.023438 204.906250
254.726562 205.906250
256.046875 207.906250
256.664062 208.906250
257.812500 210.906250
258.343750 211.906250
259.320312 213.906250
259.765625 214.906250
260.570312 216.906250
260.929688 217.906250
261.562500 219.906250
261.835938 220.906250
262.296875 222.906250
262.484375 223.906250
262.773438 225.906250
262.875000 226.906250
262.992188 228.906250
263.078125 229.906250
263.304688 231.906250
263.445312 232.906250
263.781250 234.906250
263.976562 235.906250
264.421875 237.906250
264.671875 238.906250
265.226562 240.906250
265.531250 241.906250
266.195312 243.906250
266.554688 244.906250
267.328125 246.906250
267.742188 247.906250
268.625000 249.906250
269.093750 250.906250
270.085938 252.906250
270.609375 253.906250
271.710938 255.906250
272.289062 256.906250
273.500000 258.906250
274.132812 259.906250
275.453125 261.906250
276.140625 262.906250
277.570312 264.906250
278.312500 265.906250
279.851562 267.906250
280.648438 268.906250
282.296875 270.906250
283.148438 271.906250
284.906250 273.906250
285.812500 274.906250
287.679688 276.906250
288.640625 277.906250
290.617188 279.906250
291.617188 280.906250
293.617188 282.906250
294.617188 283.906250
296.617188 285.906250
297.617188 286.906250
299.617188 288.906250
300.617188 289.906250
302.617188 291.906250
303.617188 292.906250
305.617188 294.906250
306.617188 295.906250
308.617188 297.906250
309.617188 298.906250
311.617188 300.906250
312.617188 301.906250
314.617188 303.906250
315.617188 304.906250
317.617188 306.906250
318.617188 307.906250
320.617188 309.906250
321.617188 310.906250
323.617188 312.906250
324.617188 313.906250
326.617188 315.906250
327.617188 316.906250
329.617188 318.906250
330.589844 319.906250
332.480469 321.906250
333.398438 322.906250
335.179688 324.906250
336.042969 325.906250
337.824219 327.906250
338.742188 328.906250
340.632812 330.906250
341.605469 331.906250
343.605469 333.906250
344.605469 334.906250
346.605469 336.906250
347.605469 337.906250
349.605469 339.906250
350.605469 340.906250
352.605469 342.906250
353.605469 343.906250
355.605469 345.906250
356.605469 346.906250
358.605469 348.906250
359.605469 349.906250
361.605469 351.906250
362.605469 352.906250
364.605469 354.906250
365.605469 355.906250
367.605469 357.906250
368.605469 358.906250
370.605469 360.906250
371.605469 361.906250
373.605469 363.906250
374.566406 364.906250
376.410156 366.906250
377.292969 367.906250
378.980469 369.906250
379.785156 370.878906
381.316406 372.769531
382.042969 373.687500
383.417969 375.468750
384.066406 376.332031
385.324219 378.121094
385.933594 379.046875
387.113281 380.960938
387.683594 381.949219
388.785156 383.949219
389.316406 384.949219
390.339844 386.949219
390.832031 387.949219
391.777344 389.949219
392.230469 390.949219
393.074219 392.949219
393.464844 393.949219
394.324219 395.949219
394.792969 396.949219
395.808594 398.949219
396.355469 399.949219
397.527344 401.949219
398.152344 402.949219
399.480469 404.949219
400.183594 405.949219
401.644531 407.949219
402.402344 408.949219
403.972656 410.949219
404.785156 411.949219
406.464844 413.949219
407.332031 414.949219
409.121094 416.863281
410.019531 417.781250
411.824219 419.539062
412.730469 420.378906
414.550781 421.980469
415.464844 422.742188
417.300781 424.187500
418.250000 424.890625
420.210938 426.257812
421.210938 426.921875
423.210938 428.210938
424.210938 428.835938
426.210938 430.046875
427.210938 430.632812
429.210938 431.765625
430.210938 432.312500
432.210938 433.343750
433.210938 433.898438
435.210938 435.085938
436.210938 435.718750
438.210938 437.062500
439.210938 437.773438
441.210938 439.273438
442.210938 440.062500
444.210938 441.648438
445.210938 442.445312
447.210938 444.046875
448.210938 444.851562
450.210938 446.468750
451.210938 447.281250
453.210938 448.914062
454.210938 449.703125
456.210938 451.226562
457.210938 451.960938
459.132812 453.375000
460.054688 454.054688
461.820312 455.359375
462.664062 455.984375
464.273438 457.179688
465.058594 457.808594
466.589844 459.128906
467.335938 459.820312
468.789062 461.265625
469.496094 462.019531
470.871094 463.589844
471.539062 464.406250
472.835938 466.101562
473.453125 466.980469
474.625000 468.800781
475.214844 469.742188
476.402344 471.687500
477.000000 472.687500
478.203125 474.687500
478.808594 475.687500
480.027344 477.687500
480.628906 478.687500
481.816406 480.687500
482.402344 481.687500
483.558594 483.687500
484.128906 484.687500
485.253906 486.687500
485.808594 487.687500
486.902344 489.687500
487.441406 490.687500
488.503906 492.687500
489.003906 493.687500
489.941406 495.687500
490.378906 496.687500
491.191406 498.687500
491.566406 499.687500
492.253906 501.687500
492.566406 502.687500
493.128906 504.687500
493.378906 505.687500
493.816406 507.687500
494.003906 508.687500
494.316406 510.687500
494.441406 511.687500
494.628906 513.687500
494.691406 514.687500
494.753906 516.687500
494.753906 517.687500
494.753906 519.687500
494.753906 520.687500
494.753906 522.687500
494.753906 523.687500
494.753906 525.687500
494.753906 526.687500
494.753906 528.687500
494.753906 528.687500
