268.000000 212.000000
268.000000 212.531250
268.070312 213.648438
268.132812 214.234375
268.312500 215.460938
268.429688 216.101562
268.718750 217.437500
268.855469 218.132812
269.042969 219.578125
269.093750 220.328125
269.109375 221.882812
269.109375 222.687500
269.039062 224.351562
268.976562 225.210938
268.796875 226.984375
268.679688 227.898438
268.390625 229.781250
268.218750 230.750000
267.820312 232.742188
267.593750 233.742188
267.085938 235.742188
266.804688 236.742188
266.187500 238.742188
265.851562 239.742188
265.125000 241.742188
264.734375 242.742188
263.968750 244.742188
263.585938 245.742188
263.203125 246.742188
262.820312 247.742188
262.437500 248.742188
262.097656 249.742188
261.503906 251.742188
261.250000 252.742188
260.828125 254.742188
260.660156 255.742188
260.410156 257.742188
260.328125 258.742188
260.250000 260.742188
260.250000 261.742188
260.320312 263.742188
260.382812 264.742188
260.562500 266.742188
260.679688 267.742188
260.968750 269.742188
261.140625 270.742188
261.539062 272.742188
261.765625 273.699219
262.273438 275.527344
262.554688 276.398438
263.171875 278.054688
263.507812 278.839844
264.234375 280.324219
264.625000 281.023438
265.460938 282.335938
265.906250 282.949219
266.851562 284.089844
267.351562 284.617188
268.406250 285.585938
268.960938 286.027344
270.125000 286.824219
270.734375 287.179688
272.007812 287.804688
272.671875 288.074219
274.054688 288.527344
274.773438 288.710938
276.265625 288.992188
277.039062 289.089844
278.640625 289.199219
279.468750 289.210938
281.179688 289.210938
282.035156 289.210938
282.890625 289.210938
283.746094 289.210938
284.601562 289.210938
285.457031 289.210938
286.312500 289.210938
287.167969 289.210938
288.023438 289.210938
288.878906 289.210938
289.734375 289.210938
290.589844 289.210938
291.445312 289.210938
292.300781 289.210938
293.156250 289.210938
294.011719 289.210938
294.867188 289.210938
295.722656 289.210938
296.578125 289.210938
297.433594 289.210938
298.289062 289.210938
299.144531 289.210938
300.000000 289.210938
300.855469 289.210938
301.710938 289.210938
302.566406 289.210938
303.421875 289.210938
304.277344 289.210938
305.132812 289.210938
305.988281 289.210938
306.843750 289.210938
307.699219 289.210938
308.554688 289.210938
309.410156 289.210938
310.265625 289.210938
311.121094 289.210938
311.976562 289.210938
312.832031 289.210938
314.597656 289.140625
315.507812 289.085938
317.382812 288.937500
318.347656 288.843750
320.332031 288.617188
321.332031 288.484375
323.332031 288.179688
324.332031 288.007812
326.332031 287.625000
327.332031 287.414062
329.332031 286.953125
330.332031 286.703125
332.332031 286.164062
333.332031 285.875000
335.332031 285.257812
336.332031 284.929688
338.332031 284.234375
339.332031 283.867188
341.332031 283.093750
342.332031 282.687500
344.332031 281.835938
345.332031 281.390625
347.332031 280.460938
348.332031 279.976562
350.332031 279.109375
351.332031 278.726562
353.332031 278.062500
354.332031 277.781250
356.332031 277.320312
357.332031 277.140625
359.332031 276.882812
360.332031 276.804688
362.332031 276.750000
363.332031 276.750000
365.332031 276.820312
366.332031 276.875000
368.332031 277.023438
369.332031 277.117188
371.332031 277.343750
372.332031 277.476562
374.332031 277.781250
375.332031 277.953125
377.332031 278.335938
378.332031 278.546875
380.332031 279.007812
381.332031 279.257812
383.332031 279.796875
384.332031 280.085938
386.332031 280.703125
387.332031 281.031250
389.332031 281.726562
390.332031 282.093750
392.332031 282.867188
393.332031 283.273438
395.332031 284.125000
396.332031 284.570312
398.332031 285.500000
399.332031 285.984375
401.332031 286.992188
402.296875 287.515625
404.210938 288.601562
405.160156 289.164062
407.042969 290.328125
407.976562 290.929688
409.828125 292.171875
410.746094 292.812500
412.566406 294.132812
413.468750 294.812500
415.257812 296.210938
416.144531 296.929688
417.902344 298.406250
418.773438 299.164062
420.500000 300.718750
421.355469 301.515625
423.050781 303.148438
423.890625 303.984375
425.554688 305.695312
426.382812 306.601562
428.031250 308.515625
428.851562 309.515625
430.484375 311.515625
431.296875 312.515625
431.296875 312.515625
430.488281 313.515625
428.808594 315.515625
427.937500 316.515625
426.132812 318.515625
425.199219 319.515625
423.269531 321.515625
422.273438 322.515625
420.273438 324.515625
419.273438 325.515625
417.273438 327.515625
416.273438 328.515625
416.273438 328.515625
417.238281 329.515625
419.089844 331.515625
419.976562 332.515625
421.671875 334.515625
422.480469 335.515625
424.019531 337.515625
424.753906 338.515625
426.152344 340.515625
426.816406 341.515625
428.074219 343.515625
428.667969 344.515625
429.785156 346.515625
430.308594 347.515625
431.285156 349.515625
431.738281 350.515625
432.574219 352.515625
432.957031 353.515625
433.652344 355.515625
433.964844 356.515625
434.519531 358.515625
434.761719 359.515625
435.175781 361.515625
435.347656 362.515625
435.621094 364.515625
435.722656 365.515625
435.996094 367.515625
436.167969 368.515625
436.582031 370.515625
436.824219 371.515625
437.378906 373.515625
437.691406 374.515625
438.386719 376.515625
438.769531 377.515625
439.605469 379.515625
440.058594 380.515625
441.035156 382.515625
441.558594 383.515625
442.675781 385.515625
443.269531 386.515625
444.527344 388.515625
445.191406 389.515625
446.589844 391.515625
447.324219 392.515625
448.863281 394.445312
449.667969 395.375000
451.347656 397.164062
452.222656 398.023438
454.042969 399.671875
454.988281 400.460938
456.949219 401.968750
457.949219 402.687500
459.949219 404.054688
460.949219 404.703125
462.949219 405.929688
463.949219 406.507812
465.949219 407.593750
466.949219 408.101562
468.949219 409.046875
469.949219 409.484375
471.949219 410.289062
472.949219 410.656250
474.949219 411.320312
475.949219 411.617188
477.949219 412.140625
478.949219 412.367188
480.949219 412.750000
481.949219 412.906250
483.949219 413.289062
484.949219 413.515625
486.949219 414.039062
487.949219 414.335938
489.949219 415.000000
490.949219 415.367188
492.878906 416.171875
493.808594 416.609375
495.597656 417.554688
496.457031 418.062500
498.105469 419.148438
498.894531 419.726562
500.402344 420.953125
501.121094 421.601562
502.488281 422.968750
503.136719 423.687500
504.363281 425.195312
504.933594 425.976562
505.988281 427.593750
506.472656 428.429688
507.355469 430.156250
507.753906 431.046875
508.464844 432.882812
508.792969 433.843750
509.394531 435.843750
509.667969 436.843750
510.160156 438.843750
510.378906 439.843750
510.761719 441.843750
510.921875 442.843750
511.179688 444.843750
511.277344 445.843750
511.410156 447.843750
511.445312 448.843750
511.453125 450.843750
511.453125 451.843750
511.453125 453.843750
511.453125 454.843750
511.453125 456.843750
511.417969 457.843750
511.417969 459.843750
511.453125 460.843750
511.578125 462.843750
511.667969 463.843750
511.902344 465.843750
512.046875 466.843750
512.390625 468.843750
512.589844 469.843750
513.042969 471.843750
513.296875 472.843750
513.859375 474.843750
514.167969 475.843750
514.839844 477.843750
515.203125 478.843750
515.984375 480.843750
516.402344 481.843750
517.292969 483.843750
517.765625 484.843750
518.765625 486.843750
519.292969 487.843750
520.402344 489.843750
520.984375 490.843750
522.203125 492.843750
522.839844 493.843750
524.167969 495.843750
524.859375 496.843750
526.296875 498.843750
527.042969 499.843750
528.589844 501.843750
529.390625 502.843750
531.046875 504.843750
531.875000 505.843750
532.703125 506.843750
533.531250 507.843750
534.359375 508.843750
535.187500 509.843750
536.015625 510.843750
536.843750 511.843750
537.671875 512.843750
538.500000 513.843750
539.328125 514.843750
540.156250 515.843750
540.984375 516.843750
541.812500 517.843750
542.640625 518.843750
543.468750 519.843750
544.296875 520.843750
545.125000 521.843750
545.953125 522.843750
546.781250 523.843750
547.609375 524.843750
548.437500 525.843750
549.265625 526.843750
550.093750 527.843750
550.921875 528.843750
551.750000 529.843750
552.578125 530.843750
553.406250 531.843750
554.234375 532.843750
555.062500 533.843750
555.890625 534.843750
556.718750 535.843750
557.546875 536.843750
558.375000 537.843750
559.203125 538.843750
560.031250 539.843750
560.859375 540.843750
561.687500 541.843750
562.515625 542.843750
563.343750 543.843750
564.171875 544.843750
565.000000 545.843750
565.828125 546.843750
566.656250 547.843750
567.484375 548.843750
568.312500 549.843750
569.140625 550.843750
569.968750 551.843750
570.796875 552.843750
571.625000 553.843750
572.453125 554.843750
573.281250 555.843750
574.109375 556.843750
574.937500 557.843750
575.765625 558.843750
576.593750 559.843750
577.421875 560.843750
578.250000 561.843750
579.078125 562.843750
579.906250 563.843750
580.734375 564.843750
581.562500 565.843750
582.390625 566.843750
583.218750 567.843750
584.046875 568.843750
584.902344 569.843750
586.667969 571.843750
587.578125 572.843750
589.453125 574.843750
590.417969 575.843750
592.402344 577.843750
593.402344 578.843750
595.402344 580.843750
596.402344 581.843750
598.402344 583.843750
599.402344 584.843750
601.402344 586.843750
602.402344 587.843750
604.402344 589.843750
605.402344 590.843750
607.402344 592.843750
608.402344 593.843750
610.316406 595.757812
611.230469 596.671875
612.972656 598.414062
613.800781 599.242188
615.371094 600.812500
616.113281 601.554688
617.511719 602.953125
618.167969 603.609375
619.394531 604.835938
619.964844 605.406250
621.019531 606.460938
621.503906 606.945312
622.386719 607.828125
622.785156 608.226562
623.566406 609.007812
623.949219 609.390625
624.699219 610.140625
625.066406 610.507812
625.785156 611.226562
626.101562 611.613281
626.648438 612.441406
626.878906 612.882812
627.324219 613.750000
627.503906 614.210938
627.777344 615.187500
627.871094 615.703125
627.972656 616.648438
627.980469 617.078125
627.980469 617.851562
627.945312 618.195312
627.820312 618.796875
627.730469 619.054688
627.613281 619.269531
627.468750 619.441406
627.296875 619.570312
627.097656 619.656250
626.871094 619.699219
626.617188 619.699219
626.335938 619.699219
626.027344 619.664062
625.691406 619.601562
625.328125 620.562500
624.937500 621.480469
624.519531 622.355469
624.074219 623.187500
623.601562 623.976562
623.101562 624.722656
622.574219 625.425781
622.019531 626.085938
621.437500 626.703125
620.828125 627.277344
620.261719 627.878906
619.738281 628.507812
619.257812 629.164062
618.820312 629.847656
618.425781 630.558594
618.074219 631.296875
617.765625 632.062500
617.500000 632.855469
617.277344 633.675781
617.097656 634.523438
616.960938 635.398438
616.867188 636.300781
616.816406 637.230469
616.738281 638.187500
616.632812 639.171875
616.500000 640.171875
616.339844 641.171875
616.152344 642.171875
615.972656 643.164062
615.800781 644.148438
615.636719 645.125000
615.480469 646.093750
615.332031 647.019531
615.191406 647.902344
615.058594 648.742188
614.933594 649.539062
614.816406 650.292969
614.707031 651.003906
614.605469 651.671875
614.511719 652.296875
614.425781 652.878906
614.347656 653.453125
614.277344 654.019531
614.214844 654.578125
614.160156 655.128906
614.113281 655.671875
614.074219 656.207031
614.042969 656.734375
614.019531 657.253906
614.003906 657.765625
613.996094 658.269531
613.996094 658.765625
613.996094 659.253906
613.996094 659.699219
613.996094 660.101562
613.996094 660.460938
613.996094 660.812500
613.996094 661.156250
613.996094 661.492188
613.996094 661.820312
613.996094 662.140625
613.996094 662.453125
613.996094 662.757812
613.996094 663.054688
613.996094 663.343750
613.996094 663.589844
614.031250 663.792969
614.093750 663.953125
614.148438 664.105469
614.160156 664.285156
614.160156 664.492188
614.125000 664.726562
614.062500 664.988281
613.972656 665.277344
613.855469 665.593750
613.710938 665.937500
613.539062 666.238281
613.339844 666.496094
613.148438 666.710938
612.964844 666.882812
612.824219 667.011719
612.726562 667.097656
612.671875 667.140625
612.660156 667.140625
612.660156 667.140625
612.695312 667.105469
612.757812 667.042969
612.847656 666.953125
612.964844 666.835938
613.253906 666.546875
613.425781 666.375000
613.683594 665.976562
613.769531 665.750000
613.855469 665.242188
613.855469 664.960938
613.855469 664.343750
613.820312 664.007812
613.757812 663.644531
613.667969 663.253906
613.550781 662.835938
613.441406 662.460938
613.339844 662.128906
613.246094 661.839844
613.160156 661.593750
613.082031 661.390625
612.941406 661.070312
612.878906 660.953125
612.769531 660.804688
612.722656 660.773438
612.644531 660.773438
612.644531 660.808594
612.644531 660.933594
612.644531 661.023438
612.644531 661.257812
612.644531 661.402344
612.644531 661.746094
612.644531 661.945312
612.644531 662.398438
612.644531 662.652344
612.644531 663.214844
612.644531 663.523438
612.644531 664.195312
612.644531 664.558594
612.644531 665.339844
612.644531 665.757812
612.644531 666.648438
612.644531 667.121094
612.644531 668.121094
612.644531 668.648438
612.644531 669.757812
612.644531 670.339844
612.644531 671.558594
612.644531 672.195312
612.644531 673.523438
612.644531 674.214844
612.644531 675.652344
612.644531 676.398438
612.644531 677.945312
612.644531 678.746094
612.644531 680.402344
612.644531 681.230469
612.644531 682.941406
612.644531 683.824219
612.644531 684.734375
612.644531 685.671875
612.644531 686.636719
612.644531 687.628906
612.644531 688.628906
612.644531 689.628906
612.644531 690.628906
612.644531 691.628906
612.644531 692.628906
612.644531 693.628906
612.644531 694.628906
612.644531 695.628906
612.644531 696.628906
612.644531 697.628906
612.644531 698.628906
612.644531 699.628906
612.644531 700.628906
612.644531 701.593750
612.714844 703.507812
612.777344 704.457031
612.957031 706.339844
613.074219 707.273438
613.363281 709.125000
613.535156 710.042969
613.933594 711.863281
614.160156 712.765625
614.386719 713.667969
614.613281 714.570312
614.839844 715.472656
615.066406 716.375000
615.574219 718.164062
615.855469 719.050781
616.472656 720.808594
616.808594 721.679688
617.535156 723.406250
617.925781 724.261719
618.761719 725.957031
619.207031 726.796875
620.152344 728.460938
620.652344 729.285156
621.707031 730.917969
622.261719 731.726562
623.425781 733.328125
624.035156 734.121094
625.308594 735.691406
625.972656 736.468750
627.355469 738.007812
628.074219 738.804688
629.566406 740.453125
630.339844 741.304688
631.941406 743.062500
632.769531 743.968750
634.480469 745.835938
635.363281 746.796875
637.183594 748.773438
638.121094 749.773438
640.050781 751.773438
641.042969 752.773438
643.042969 754.773438
644.042969 755.773438
646.042969 757.773438
647.042969 758.773438
648.000000 759.730469
648.957031 760.687500
649.871094 761.601562
650.742188 762.472656
651.570312 763.300781
652.355469 764.085938
653.097656 764.828125
653.796875 765.527344
654.453125 766.183594
655.101562 766.832031
655.707031 767.437500
656.269531 768.000000
656.789062 768.519531
657.335938 768.996094
657.910156 769.429688
658.511719 769.820312
658.511719 769.820312
