612.644531 662.398438
612.644531 662.652344
612.644531 663.214844
612.644531 663.523438
612.644531 664.195312
612.644531 664.558594
612.644531 665.339844
612.644531 665.757812
612.644531 666.648438
612.644531 667.121094
612.644531 668.121094
612.644531 668.648438
612.644531 669.757812
612.644531 670.339844
612.644531 671.558594
612.644531 672.195312
612.644531 673.523438
612.644531 674.214844
612.644531 675.652344
612.644531 676.398438
612.644531 677.945312
612.644531 678.746094
612.644531 680.402344
612.644531 681.230469
612.644531 682.941406
612.644531 683.824219
612.644531 684.734375
612.644531 685.671875
612.644531 686.636719
612.644531 687.628906
612.644531 688.628906
612.644531 689.628906
612.644531 690.628906
612.644531 691.628906
612.644531 692.628906
612.644531 693.628906
612.644531 694.628906
612.644531 695.628906
612.644531 696.628906
612.644531 697.628906
612.644531 698.628906
612.644531 699.628906
612.644531 700.628906
612.644531 701.593750
612.714844 703.507812
612.777344 704.457031
612.957031 706.339844
613.074219 707.273438
613.363281 709.125000
613.535156 710.042969
613.933594 711.863281
614.160156 712.765625
614.386719 713.667969
614.613281 714.570312
614.839844 715.472656
615.066406 716.375000
615.574219 718.164062
615.855469 719.050781
616.472656 720.808594
616.808594 721.679688
617.535156 723.406250
617.925781 724.261719
618.761719 725.957031
619.207031 726.796875
620.152344 728.460938
620.652344 729.285156
621.707031 730.917969
622.261719 731.726562
623.425781 733.328125
624.035156 734.121094
625.308594 735.691406
625.972656 736.468750
627.355469 738.007812
628.074219 738.804688
629.566406 740.453125
630.339844 741.304688
631.941406 743.062500
632.769531 743.968750
634.480469 745.835938
635.363281 746.796875
637.183594 748.773438
638.121094 749.773438
640.050781 751.773438
641.042969 752.773438
643.042969 754.773438
644.042969 755.773438
646.042969 757.773438
647.042969 758.773438
648.000000 759.730469
648.957031 760.687500
649.871094 761.601562
650.742188 762.472656
651.570312 763.300781
652.355469 764.085938
653.097656 764.828125
653.796875 765.527344
654.453125 766.183594
655.101562 766.832031
655.707031 767.437500
656.269531 768.000000
656.789062 768.519531
657.335938 768.996094
657.910156 769.429688
658.511719 769.820312
659.140625 770.167969
659.796875 770.472656
660.480469 770.734375
661.191406 770.953125
661.894531 771.128906
662.589844 771.261719
663.277344 771.351562
663.957031 771.398438
664.628906 771.402344
665.292969 771.402344
665.949219 771.367188
666.597656 771.304688
667.238281 771.214844
667.871094 771.097656
668.496094 770.953125
669.113281 770.781250
669.722656 770.582031
670.324219 770.355469
670.917969 770.101562
671.503906 769.820312
672.082031 769.511719
672.652344 769.175781
673.214844 768.812500
673.769531 768.421875
674.316406 768.003906
674.855469 767.558594
675.386719 767.085938
675.910156 766.585938
676.425781 766.058594
676.933594 765.503906
677.433594 764.921875
677.925781 764.312500
678.375000 763.675781
678.781250 763.011719
679.144531 762.320312
679.464844 761.601562
679.742188 760.855469
679.976562 760.082031
680.167969 759.281250
680.316406 758.453125
680.597656 756.742188
680.730469 755.859375
680.980469 754.039062
681.097656 753.101562
681.386719 751.171875
681.558594 750.179688
681.757812 749.179688
681.984375 748.179688
682.492188 746.265625
682.773438 745.351562
683.390625 743.609375
683.726562 742.781250
684.453125 741.210938
684.843750 740.468750
685.679688 739.070312
686.125000 738.414062
687.070312 737.187500
687.570312 736.617188
688.625000 735.562500
689.144531 735.078125
690.167969 734.195312
690.671875 733.796875
691.664062 733.085938
692.152344 732.773438
693.113281 732.234375
693.585938 732.007812
694.515625 731.640625
694.972656 731.500000
695.871094 731.304688
696.312500 731.250000
697.179688 731.226562
697.605469 731.226562
698.441406 731.296875
698.851562 731.359375
699.656250 731.539062
700.050781 731.656250
700.824219 731.945312
701.203125 732.117188
701.945312 732.515625
702.308594 732.742188
703.019531 733.250000
703.367188 733.531250
704.046875 734.148438
704.378906 734.484375
705.027344 735.210938
705.343750 735.601562
705.960938 736.437500
706.261719 736.882812
706.847656 737.828125
707.132812 738.328125
707.687500 739.382812
707.957031 739.937500
708.480469 741.101562
708.734375 741.710938
709.226562 742.984375
709.464844 743.648438
709.925781 745.031250
710.148438 745.750000
710.578125 747.242188
710.785156 748.015625
711.183594 749.617188
711.375000 750.445312
711.742188 752.156250
711.882812 753.039062
712.218750 754.718750
712.414062 755.515625
712.859375 757.023438
713.109375 757.734375
713.664062 759.070312
713.968750 759.695312
714.632812 760.859375
714.964844 761.441406
715.296875 762.023438
715.628906 762.605469
716.347656 763.683594
716.734375 764.179688
717.562500 765.085938
718.003906 765.496094
718.941406 766.230469
719.437500 766.554688
720.484375 767.117188
721.035156 767.355469
722.191406 767.746094
722.796875 767.898438
724.062500 768.117188
724.722656 768.183594
726.097656 768.230469
726.742188 768.281250
727.378906 768.324219
728.007812 768.359375
728.628906 768.386719
729.242188 768.406250
729.847656 768.417969
730.445312 768.421875
731.035156 768.421875
731.617188 768.457031
732.191406 768.519531
732.757812 768.609375
733.316406 768.726562
733.867188 768.871094
734.410156 769.042969
734.945312 769.242188
735.472656 769.468750
735.992188 769.722656
736.503906 770.003906
737.015625 770.285156
737.519531 770.593750
738.015625 770.929688
738.503906 771.292969
738.984375 771.683594
739.457031 772.101562
739.921875 772.546875
740.378906 773.019531
740.828125 773.519531
741.269531 774.046875
741.703125 774.601562
742.128906 775.183594
742.546875 775.792969
742.957031 776.429688
743.359375 777.093750
743.753906 777.785156
744.140625 778.503906
744.519531 779.250000
744.890625 780.023438
745.289062 780.753906
745.714844 781.441406
746.167969 782.085938
746.648438 782.687500
747.156250 783.246094
747.691406 783.761719
748.253906 784.234375
748.843750 784.664062
749.460938 785.050781
750.105469 785.394531
750.777344 785.695312
751.476562 785.953125
752.203125 786.167969
752.929688 786.382812
753.683594 786.554688
754.464844 786.683594
755.273438 786.769531
756.109375 786.812500
756.972656 786.812500
757.863281 786.812500
758.781250 786.777344
759.726562 786.714844
760.699219 786.625000
761.699219 786.507812
762.699219 786.363281
763.699219 786.191406
764.699219 785.992188
765.699219 785.765625
766.699219 785.511719
767.699219 785.230469
768.699219 784.921875
769.699219 784.585938
770.699219 784.222656
771.699219 783.832031
772.699219 783.414062
773.699219 782.968750
775.628906 782.023438
776.585938 781.523438
778.414062 780.468750
779.285156 779.914062
780.941406 778.750000
781.726562 778.140625
783.210938 776.867188
783.910156 776.203125
785.222656 774.820312
785.835938 774.101562
786.976562 772.609375
787.503906 771.835938
788.472656 770.234375
788.914062 769.406250
789.710938 767.695312
790.101562 766.812500
790.867188 764.992188
791.242188 764.054688
791.976562 762.125000
792.335938 761.132812
793.039062 759.132812
793.386719 758.132812
794.074219 756.132812
794.414062 755.132812
795.085938 753.132812
795.417969 752.132812
796.074219 750.132812
796.398438 749.132812
796.968750 747.132812
797.214844 746.132812
797.628906 744.132812
797.796875 743.132812
798.054688 741.132812
798.144531 740.132812
798.230469 739.183594
798.312500 738.285156
798.390625 737.437500
798.464844 736.640625
798.535156 735.894531
798.605469 735.148438
798.675781 734.402344
798.746094 733.656250
798.816406 732.910156
798.882812 732.191406
798.945312 731.500000
799.003906 730.835938
799.058594 730.199219
799.109375 729.589844
799.156250 729.007812
799.199219 728.453125
799.238281 727.925781
799.273438 727.425781
799.304688 726.953125
799.332031 726.507812
799.355469 726.089844
799.375000 725.699219
799.390625 725.300781
799.402344 724.894531
799.417969 724.066406
799.421875 723.644531
799.421875 722.785156
799.421875 722.347656
799.421875 721.902344
799.421875 721.449219
799.421875 720.988281
799.421875 720.519531
799.421875 720.042969
799.421875 719.558594
799.421875 719.066406
799.421875 718.566406
799.421875 718.058594
799.421875 717.542969
799.457031 716.984375
799.488281 716.382812
799.515625 715.738281
799.539062 715.050781
799.539062 714.320312
799.503906 713.546875
799.437500 712.730469
799.339844 711.871094
799.214844 710.984375
799.062500 710.070312
798.882812 709.128906
798.675781 708.160156
798.441406 707.164062
798.179688 706.164062
797.890625 705.164062
797.574219 704.164062
797.230469 703.164062
796.859375 702.164062
796.460938 701.164062
796.035156 700.164062
795.582031 699.164062
795.101562 698.164062
794.593750 697.164062
794.058594 696.164062
793.496094 695.164062
792.941406 694.164062
792.394531 693.164062
791.855469 692.164062
791.324219 691.164062
790.800781 690.164062
789.769531 688.164062
789.261719 687.164062
788.753906 686.164062
788.246094 685.164062
787.738281 684.164062
787.238281 683.164062
786.183594 681.164062
785.628906 680.164062
784.464844 678.164062
783.855469 677.164062
782.582031 675.164062
781.917969 674.171875
780.535156 672.203125
779.816406 671.226562
778.324219 669.289062
777.550781 668.328125
775.949219 666.421875
775.121094 665.476562
773.410156 663.601562
772.527344 662.671875
770.707031 660.828125
769.769531 659.914062
767.839844 658.101562
766.847656 657.203125
764.847656 655.421875
763.847656 654.539062
761.847656 652.789062
761.847656 652.789062
761.847656 652.789062
761.847656 652.789062
761.847656 652.789062
761.847656 652.789062
761.847656 652.789062
761.847656 652.789062
761.847656 652.789062
761.847656 652.789062
761.847656 652.789062
761.847656 652.789062
761.847656 652.789062
761.847656 652.789062
761.847656 652.789062
761.847656 652.789062
761.847656 652.789062
761.847656 652.789062
