799.355469 726.089844
799.375000 725.699219
799.390625 725.300781
799.402344 724.894531
799.417969 724.066406
799.421875 723.644531
799.421875 722.785156
799.421875 722.347656
799.421875 721.902344
799.421875 721.449219
799.421875 720.988281
799.421875 720.519531
799.421875 720.042969
799.421875 719.558594
799.421875 719.066406
799.421875 718.566406
799.421875 718.058594
799.421875 717.542969
799.457031 716.984375
799.488281 716.382812
799.515625 715.738281
799.539062 715.050781
799.539062 714.320312
799.503906 713.546875
799.437500 712.730469
799.339844 711.871094
799.214844 710.984375
799.062500 710.070312
798.882812 709.128906
798.675781 708.160156
798.441406 707.164062
798.179688 706.164062
797.890625 705.164062
797.574219 704.164062
797.230469 703.164062
796.859375 702.164062
796.460938 701.164062
796.035156 700.164062
795.582031 699.164062
795.101562 698.164062
794.593750 697.164062
794.058594 696.164062
793.496094 695.164062
792.941406 694.164062
792.394531 693.164062
791.855469 692.164062
791.324219 691.164062
790.800781 690.164062
789.769531 688.164062
789.261719 687.164062
788.753906 686.164062
788.246094 685.164062
787.738281 684.164062
787.238281 683.164062
786.183594 681.164062
785.628906 680.164062
784.464844 678.164062
783.855469 677.164062
782.582031 675.164062
781.917969 674.171875
780.535156 672.203125
779.816406 671.226562
778.324219 669.289062
777.550781 668.328125
775.949219 666.421875
775.121094 665.476562
773.410156 663.601562
772.527344 662.671875
770.707031 660.828125
769.769531 659.914062
767.839844 658.101562
766.847656 657.203125
764.847656 655.421875
763.847656 654.539062
761.847656 652.789062
761.847656 652.789062
761.847656 652.789062
761.847656 652.789062
761.847656 652.789062
761.847656 652.789062
761.847656 652.789062
761.847656 652.789062
761.847656 652.789062
761.847656 652.789062
761.847656 652.789062
761.847656 652.789062
761.847656 652.789062
761.847656 652.789062
761.847656 652.789062
761.847656 652.789062
761.847656 652.789062
761.847656 652.789062
761.847656 652.789062
761.847656 652.789062
761.847656 652.789062
761.847656 652.789062
761.847656 652.789062
761.847656 652.789062
761.847656 652.789062
761.847656 652.789062
761.847656 652.789062
761.847656 652.789062
761.847656 652.789062
761.847656 652.789062
761.847656 652.789062
761.847656 652.789062
761.847656 652.789062
761.847656 652.789062
761.847656 652.789062
761.847656 652.789062
761.847656 652.789062
761.847656 652.789062
761.847656 652.789062
761.847656 652.789062
761.847656 652.789062
761.847656 652.789062
761.847656 652.789062
761.847656 652.789062
761.847656 652.789062
760.847656 651.886719
758.847656 650.027344
757.847656 649.097656
756.847656 648.167969
755.847656 647.238281
753.847656 645.410156
752.847656 644.511719
750.847656 642.816406
749.847656 642.019531
747.847656 640.527344
746.847656 639.832031
744.847656 638.542969
743.847656 637.949219
741.847656 636.863281
740.847656 636.371094
738.847656 635.488281
737.847656 635.097656
735.847656 634.417969
734.847656 634.121094
732.847656 633.613281
731.847656 633.402344
729.847656 633.066406
728.847656 632.941406
726.847656 632.777344
725.847656 632.738281
723.847656 632.738281
722.847656 632.738281
720.847656 632.667969
719.847656 632.605469
717.847656 632.425781
716.847656 632.343750
714.847656 632.195312
713.847656 632.128906
711.847656 632.011719
710.847656 632.003906
708.847656 632.003906
707.847656 632.039062
705.847656 632.148438
704.847656 632.222656
702.847656 632.410156
701.847656 632.523438
699.847656 632.789062
698.847656 632.941406
696.847656 633.285156
695.847656 633.476562
693.847656 633.898438
692.847656 634.128906
690.847656 634.628906
689.847656 634.898438
687.847656 635.476562
686.847656 635.792969
684.847656 636.480469
683.847656 636.851562
681.847656 637.648438
680.847656 638.074219
678.863281 638.980469
677.878906 639.460938
675.996094 640.476562
675.097656 641.011719
673.386719 642.136719
672.574219 642.726562
671.035156 643.960938
670.308594 644.605469
668.941406 645.949219
668.265625 646.613281
667.597656 647.269531
666.937500 647.917969
666.285156 648.558594
665.632812 649.199219
664.980469 649.839844
664.328125 650.480469
663.675781 651.121094
663.031250 651.746094
662.394531 652.355469
661.765625 652.949219
661.144531 653.527344
660.531250 654.089844
659.925781 654.636719
659.328125 655.167969
658.738281 655.683594
658.156250 656.183594
657.582031 656.667969
657.015625 657.136719
656.457031 657.589844
655.906250 658.027344
655.355469 658.464844
654.804688 658.902344
654.253906 659.339844
653.703125 659.777344
653.152344 660.214844
652.601562 660.652344
652.050781 661.089844
651.500000 661.527344
650.949219 661.964844
650.398438 662.402344
649.847656 662.839844
649.296875 663.277344
648.746094 663.714844
648.195312 664.152344
648.195312 664.152344
