900.000000 916.035156
899.929688 916.160156
899.867188 916.250000
899.687500 916.484375
899.570312 916.628906
899.281250 916.972656
899.109375 917.171875
898.710938 917.625000
898.484375 917.878906
897.976562 918.441406
897.695312 918.750000
897.078125 919.281250
896.742188 919.503906
896.015625 919.863281
895.625000 920.000000
894.789062 920.187500
894.343750 920.238281
893.398438 920.253906
892.898438 920.253906
891.843750 920.183594
891.289062 920.121094
890.125000 919.941406
889.515625 919.824219
888.242188 919.535156
887.578125 919.363281
886.195312 918.964844
885.476562 918.738281
883.984375 918.230469
883.210938 917.949219
881.609375 917.332031
880.781250 916.996094
879.070312 916.269531
878.187500 915.878906
876.367188 915.042969
875.429688 914.597656
873.500000 913.652344
872.507812 913.152344
870.507812 912.097656
869.507812 911.542969
867.507812 910.378906
866.507812 909.769531
864.507812 908.496094
863.507812 907.832031
861.507812 906.449219
860.507812 905.730469
858.507812 904.238281
857.507812 903.464844
856.507812 902.691406
855.507812 901.917969
853.507812 900.316406
852.550781 899.488281
850.722656 897.777344
849.851562 896.894531
848.195312 895.074219
847.410156 894.136719
845.925781 892.207031
845.226562 891.214844
843.914062 889.214844
843.300781 888.214844
842.160156 886.214844
841.632812 885.214844
840.664062 883.214844
840.222656 882.214844
839.425781 880.214844
839.066406 879.214844
838.425781 877.214844
838.144531 876.214844
837.660156 874.214844
837.457031 873.214844
837.128906 871.214844
837.003906 870.214844
836.832031 868.214844
836.714844 867.214844
836.417969 865.214844
836.238281 864.214844
835.816406 862.214844
835.574219 861.214844
835.027344 859.214844
834.722656 858.214844
834.050781 856.214844
833.683594 855.214844
832.886719 853.285156
832.457031 852.351562
831.535156 850.546875
831.042969 849.675781
829.996094 847.996094
829.441406 847.187500
828.269531 845.632812
827.652344 844.886719
826.355469 843.457031
825.675781 842.773438
824.253906 841.468750
823.511719 840.847656
822.769531 840.226562
822.027344 839.605469
820.464844 838.441406
819.644531 837.898438
817.925781 836.890625
817.027344 836.425781
815.152344 835.574219
814.175781 835.187500
812.175781 834.492188
811.175781 834.183594
809.175781 833.503906
808.175781 833.132812
806.175781 832.328125
805.175781 831.894531
803.175781 830.964844
802.175781 830.468750
800.246094 829.414062
799.312500 828.855469
797.507812 827.675781
796.636719 827.054688
794.957031 825.750000
794.148438 825.066406
792.593750 823.636719
791.816406 822.921875
790.339844 821.414062
789.640625 820.621094
788.320312 818.957031
787.699219 818.085938
786.535156 816.265625
785.992188 815.316406
784.984375 813.339844
784.519531 812.339844
783.667969 810.339844
783.281250 809.339844
782.585938 807.339844
782.207031 806.339844
781.386719 804.339844
780.945312 803.339844
780.000000 801.339844
779.496094 800.339844
778.425781 798.339844
777.859375 797.339844
776.664062 795.339844
776.035156 794.339844
774.714844 792.339844
774.054688 791.339844
772.656250 789.339844
771.917969 788.339844
770.363281 786.339844
769.546875 785.339844
767.835938 783.339844
766.941406 782.339844
765.074219 780.339844
764.101562 779.339844
762.101562 777.339844
761.101562 776.339844
759.101562 774.339844
758.101562 773.339844
756.101562 771.339844
755.101562 770.339844
753.101562 768.339844
752.101562 767.339844
750.101562 765.339844
749.101562 764.339844
747.101562 762.339844
746.101562 761.339844
744.101562 759.339844
743.101562 758.339844
741.101562 756.339844
740.101562 755.339844
738.101562 753.339844
737.101562 752.339844
735.101562 750.339844
734.101562 749.339844
732.101562 747.339844
731.101562 746.339844
729.101562 744.339844
728.144531 743.339844
727.187500 742.339844
726.230469 741.339844
725.273438 740.339844
724.316406 739.339844
723.359375 738.339844
722.402344 737.339844
721.445312 736.339844
720.488281 735.339844
719.531250 734.339844
718.574219 733.339844
717.617188 732.339844
716.703125 731.339844
714.960938 729.339844
714.132812 728.339844
712.562500 726.339844
711.820312 725.339844
710.421875 723.339844
709.765625 722.339844
708.539062 720.339844
707.968750 719.339844
706.914062 717.339844
706.429688 716.339844
705.546875 714.339844
705.148438 713.339844
704.437500 711.339844
704.125000 710.339844
703.585938 708.339844
703.359375 707.339844
702.992188 705.339844
702.851562 704.339844
702.656250 702.339844
702.601562 701.339844
702.578125 699.339844
702.539062 698.339844
702.406250 696.339844
702.312500 695.339844
702.070312 693.339844
701.921875 692.339844
701.570312 690.339844
701.367188 689.339844
700.906250 687.339844
700.648438 686.339844
700.078125 684.339844
699.765625 683.339844
699.085938 681.339844
698.718750 680.339844
697.929688 678.339844
697.507812 677.339844
696.609375 675.339844
696.132812 674.339844
695.125000 672.339844
694.593750 671.339844
693.476562 669.339844
692.890625 668.339844
691.664062 666.339844
691.023438 665.339844
689.687500 663.339844
688.992188 662.339844
687.546875 660.339844
686.796875 659.339844
685.242188 657.339844
684.437500 656.339844
682.773438 654.339844
681.914062 653.339844
680.140625 651.339844
679.226562 650.339844
677.343750 648.339844
676.375000 647.339844
674.375000 645.339844
673.375000 644.339844
671.375000 642.339844
670.375000 641.339844
668.375000 639.410156
667.375000 638.476562
665.375000 636.671875
664.375000 635.800781
662.375000 634.121094
661.375000 633.281250
660.375000 632.441406
659.375000 631.601562
657.375000 630.007812
656.375000 629.253906
654.375000 627.832031
653.375000 627.164062
651.375000 625.914062
650.375000 625.332031
648.375000 624.253906
647.375000 623.757812
645.375000 622.851562
644.375000 622.441406
642.375000 621.636719
641.375000 621.207031
639.375000 620.292969
638.375000 619.808594
636.375000 618.785156
635.375000 618.246094
633.375000 617.113281
632.375000 616.519531
630.375000 615.277344
629.375000 614.628906
627.375000 613.277344
626.375000 612.574219
624.375000 611.113281
623.375000 610.355469
621.375000 608.785156
621.375000 608.785156
619.375000 610.339844
618.375000 611.074219
616.375000 612.457031
615.375000 613.105469
615.375000 613.105469
