148.000000 60.015625
148.000000 60.046875
148.000000 60.093750
148.000000 60.156250
148.000000 60.234375
148.000000 60.328125
148.000000 60.437500
148.000000 60.562500
148.000000 60.703125
148.000000 60.859375
148.000000 61.031250
148.000000 61.218750
148.000000 61.421875
148.000000 61.640625
148.000000 61.875000
148.000000 62.125000
148.000000 62.390625
148.000000 62.671875
148.000000 62.968750
148.000000 63.281250
148.000000 63.609375
148.000000 63.953125
148.000000 64.312500
148.000000 64.687500
148.000000 65.078125
148.000000 65.484375
148.000000 65.906250
148.000000 66.343750
148.000000 66.796875
148.000000 67.265625
148.000000 67.750000
148.000000 68.250000
148.000000 68.765625
148.000000 69.296875
148.000000 69.843750
148.000000 70.406250
148.000000 70.984375
148.000000 71.578125
148.000000 72.187500
148.000000 72.859375
148.000000 73.593750
148.000000 74.390625
148.000000 75.250000
148.000000 76.171875
148.000000 77.156250
148.000000 78.203125
148.000000 79.312500
148.000000 80.484375
148.000000 81.718750
148.000000 83.015625
148.000000 84.375000
148.000000 85.796875
148.000000 87.281250
148.000000 88.777344
148.000000 90.273438
148.000000 91.769531
148.000000 93.265625
148.000000 94.761719
148.000000 96.257812
148.000000 97.753906
148.000000 99.250000
148.000000 100.746094
148.000000 102.242188
148.000000 103.738281
148.000000 105.234375
148.000000 106.730469
148.000000 108.226562
148.000000 109.722656
148.000000 111.218750
148.000000 112.714844
148.000000 114.210938
148.000000 115.707031
148.000000 117.203125
148.000000 118.699219
148.000000 120.195312
148.000000 121.691406
148.000000 123.187500
148.000000 124.683594
148.000000 126.179688
148.000000 127.675781
148.000000 129.171875
148.000000 130.667969
148.000000 132.164062
148.000000 133.660156
148.000000 135.156250
148.000000 136.652344
148.000000 138.148438
148.000000 139.644531
148.000000 141.140625
148.000000 142.636719
148.000000 144.132812
148.000000 145.628906
148.000000 147.125000
148.000000 148.621094
148.000000 150.117188
148.000000 151.613281
148.000000 153.109375
148.000000 154.605469
148.000000 156.101562
148.000000 157.597656
148.000000 159.093750
148.000000 160.589844
148.000000 162.085938
148.000000 163.582031
148.000000 165.078125
148.000000 166.574219
148.000000 168.070312
148.000000 169.566406
148.000000 171.062500
148.000000 172.558594
148.000000 174.054688
148.000000 175.550781
148.000000 177.046875
148.000000 178.542969
148.000000 180.039062
148.000000 181.535156
148.000000 183.031250
148.000000 184.527344
148.000000 186.023438
148.000000 187.519531
148.000000 189.015625
148.000000 190.511719
148.000000 192.007812
148.000000 193.503906
148.000000 195.000000
148.000000 196.496094
148.000000 197.992188
148.000000 199.488281
148.000000 200.984375
148.000000 202.480469
148.000000 203.976562
148.000000 205.472656
148.000000 206.968750
148.000000 208.464844
148.000000 209.960938
148.000000 211.457031
148.000000 212.953125
148.000000 214.449219
148.000000 215.945312
148.000000 217.441406
148.000000 218.937500
148.000000 220.433594
148.000000 221.929688
148.000000 223.425781
148.000000 224.921875
148.000000 226.417969
148.000000 227.914062
148.000000 229.410156
148.000000 230.410156
148.000000 231.402344
148.000000 232.386719
148.000000 233.363281
148.000000 234.332031
148.000000 235.292969
148.000000 236.246094
148.000000 237.191406
148.000000 238.128906
148.000000 239.058594
148.000000 239.980469
148.000000 240.894531
148.000000 241.800781
148.000000 242.699219
148.000000 243.589844
148.000000 244.437500
148.000000 245.242188
148.000000 246.003906
148.000000 246.722656
148.000000 247.398438
148.000000 248.031250
148.000000 248.621094
148.000000 249.167969
148.000000 249.671875
148.000000 250.132812
148.000000 250.550781
148.000000 250.925781
148.000000 251.257812
148.000000 251.546875
148.000000 251.792969
148.000000 251.996094
148.000000 252.156250
148.000000 252.273438
148.000000 252.347656
148.035156 252.378906
148.160156 252.378906
148.250000 252.343750
148.484375 252.218750
148.628906 252.128906
148.972656 251.894531
149.171875 251.750000
149.625000 251.406250
149.878906 251.207031
150.441406 250.753906
150.750000 250.500000
151.421875 249.937500
151.785156 249.628906
152.566406 248.957031
152.984375 248.593750
153.875000 247.812500
154.347656 247.394531
155.347656 246.503906
155.875000 246.031250
156.984375 245.031250
157.566406 244.503906
158.785156 243.394531
159.421875 242.812500
160.750000 241.593750
161.414062 240.984375
162.078125 240.375000
162.742188 239.765625
164.125000 238.492188
164.843750 237.828125
166.335938 236.445312
167.109375 235.726562
168.710938 234.234375
169.550781 233.527344
171.308594 232.191406
172.226562 231.562500
174.140625 230.382812
175.136719 229.832031
177.136719 228.808594
178.136719 228.335938
180.136719 227.468750
181.136719 227.074219
183.136719 226.363281
184.136719 226.046875
186.136719 225.492188
187.136719 225.253906
189.136719 224.855469
190.136719 224.695312
192.136719 224.453125
193.136719 224.375000
195.136719 224.304688
196.136719 224.304688
198.136719 224.375000
199.136719 224.437500
201.136719 224.617188
202.136719 224.734375
204.136719 225.023438
205.136719 225.195312
207.136719 225.593750
208.136719 225.820312
210.136719 226.328125
211.136719 226.609375
213.136719 227.226562
214.136719 227.562500
216.136719 228.289062
217.136719 228.679688
219.136719 229.515625
220.136719 229.960938
222.136719 230.906250
223.136719 231.406250
225.136719 232.460938
226.136719 233.015625
228.136719 234.179688
229.136719 234.789062
231.136719 236.062500
232.136719 236.726562
234.050781 238.109375
234.964844 238.828125
236.707031 240.320312
237.578125 241.066406
238.449219 241.812500
239.320312 242.558594
240.191406 243.304688
241.019531 244.078125
242.589844 245.679688
243.332031 246.507812
244.730469 248.218750
245.386719 249.101562
246.613281 250.921875
247.183594 251.859375
248.238281 253.789062
248.722656 254.781250
249.605469 256.781250
250.003906 257.781250
250.714844 259.781250
251.027344 260.781250
251.566406 262.781250
251.792969 263.781250
252.160156 265.781250
252.300781 266.781250
252.496094 268.781250
252.550781 269.781250
252.574219 271.781250
252.574219 272.781250
252.503906 274.781250
252.441406 275.781250
252.261719 277.781250
252.144531 278.781250
251.855469 280.781250
251.683594 281.781250
251.285156 283.781250
251.058594 284.781250
250.550781 286.781250
250.269531 287.781250
249.652344 289.781250
249.316406 290.781250
248.730469 292.781250
248.410156 293.781250
247.855469 295.781250
247.621094 296.781250
247.238281 298.781250
247.089844 299.781250
246.878906 301.781250
246.816406 302.781250
246.777344 304.781250
246.777344 305.781250
246.847656 307.781250
246.910156 308.781250
247.089844 310.781250
247.207031 311.781250
247.496094 313.781250
247.667969 314.781250
248.066406 316.781250
248.292969 317.781250
248.800781 319.781250
249.082031 320.781250
249.699219 322.781250
250.035156 323.781250
250.761719 325.781250
251.152344 326.781250
251.988281 328.781250
252.433594 329.781250
253.378906 331.781250
253.878906 332.781250
254.933594 334.781250
255.488281 335.781250
256.652344 337.781250
257.261719 338.781250
258.535156 340.781250
259.199219 341.781250
260.582031 343.781250
261.300781 344.781250
262.792969 346.781250
263.566406 347.781250
265.167969 349.695312
265.968750 350.652344
266.769531 351.609375
267.570312 352.566406
269.226562 354.394531
270.082031 355.265625
271.847656 356.921875
272.757812 357.707031
274.632812 359.191406
275.597656 359.890625
277.582031 361.203125
278.582031 361.816406
280.582031 362.957031
281.582031 363.484375
283.582031 364.453125
284.582031 364.894531
286.582031 365.691406
287.582031 366.046875
289.582031 366.671875
290.582031 366.941406
292.582031 367.394531
293.582031 367.578125
295.582031 367.929688
296.582031 368.097656
298.582031 368.417969
299.582031 368.570312
301.582031 368.859375
302.582031 368.996094
304.582031 369.253906
305.582031 369.375000
307.582031 369.601562
308.582031 369.707031
310.582031 369.902344
311.582031 369.992188
313.582031 370.156250
314.582031 370.230469
316.582031 370.363281
317.582031 370.421875
319.582031 370.523438
320.582031 370.566406
322.582031 370.636719
323.582031 370.664062
325.582031 370.703125
326.582031 370.714844
328.582031 370.722656
329.582031 370.722656
331.582031 370.722656
332.582031 370.722656
334.582031 370.722656
335.582031 370.722656
337.582031 370.722656
338.582031 370.722656
340.582031 370.722656
341.582031 370.722656
343.582031 370.722656
344.582031 370.722656
346.582031 370.722656
347.582031 370.722656
349.582031 370.722656
350.582031 370.722656
352.582031 370.722656
353.582031 370.722656
355.582031 370.722656
356.582031 370.722656
358.582031 370.722656
359.582031 370.722656
361.582031 370.722656
362.582031 370.722656
364.582031 370.652344
365.582031 370.589844
367.582031 370.410156
368.582031 370.292969
370.582031 370.003906
371.582031 369.832031
373.582031 369.433594
374.582031 369.207031
376.582031 368.699219
377.582031 368.417969
379.582031 367.800781
380.582031 367.464844
382.582031 366.738281
383.582031 366.347656
385.582031 365.511719
386.582031 365.066406
388.582031 364.121094
389.582031 363.621094
391.582031 362.566406
392.582031 362.011719
394.582031 360.847656
395.582031 360.238281
397.582031 358.964844
398.582031 358.328125
399.582031 357.691406
400.582031 357.054688
402.582031 355.718750
403.582031 355.089844
405.582031 353.910156
406.582031 353.359375
408.582031 352.335938
409.582031 351.863281
411.582031 350.996094
412.582031 350.601562
414.582031 349.890625
415.582031 349.574219
417.582031 349.019531
418.582031 348.781250
420.582031 348.382812
421.582031 348.222656
423.582031 347.980469
424.582031 347.898438
426.582031 347.820312
427.582031 347.820312
429.582031 347.890625
430.582031 347.953125
432.582031 348.132812
433.582031 348.250000
435.582031 348.539062
436.582031 348.710938
438.582031 349.109375
439.582031 349.335938
441.582031 349.843750
442.582031 350.125000
444.582031 350.742188
445.582031 351.078125
447.582031 351.804688
448.582031 352.195312
450.582031 353.031250
451.582031 353.476562
453.582031 354.421875
454.582031 354.921875
456.582031 355.976562
457.582031 356.531250
459.582031 357.695312
460.582031 358.304688
462.582031 359.578125
463.582031 360.242188
465.496094 361.625000
466.410156 362.343750
468.152344 363.835938
468.980469 364.609375
470.550781 366.210938
471.292969 367.039062
472.691406 368.750000
473.347656 369.632812
474.574219 371.453125
475.144531 372.390625
476.199219 374.320312
476.683594 375.312500
477.566406 377.312500
477.964844 378.312500
478.675781 380.312500
479.023438 381.312500
479.703125 383.312500
480.035156 384.312500
480.683594 386.312500
481.000000 387.312500
481.617188 389.312500
481.917969 390.312500
482.503906 392.312500
482.789062 393.312500
483.343750 395.312500
483.613281 396.312500
484.136719 398.312500
484.390625 399.312500
484.882812 401.312500
485.121094 402.312500
485.582031 404.312500
485.804688 405.312500
486.234375 407.312500
486.441406 408.312500
486.839844 410.312500
487.031250 411.304688
487.398438 413.273438
487.574219 414.250000
487.910156 416.187500
488.070312 417.148438
488.375000 419.054688
488.519531 420.000000
488.792969 421.875000
488.921875 422.804688
489.093750 424.718750
489.136719 425.703125
489.136719 427.703125
489.136719 428.703125
489.066406 430.703125
489.003906 431.703125
488.824219 433.703125
488.707031 434.703125
488.417969 436.703125
488.246094 437.703125
487.847656 439.703125
487.621094 440.703125
488.000000 447.000000
488.000000 447.000000
