76.035156 132.000000
76.035156 132.000000
76.160156 132.000000
76.250000 132.000000
76.484375 132.000000
76.628906 132.000000
76.972656 132.000000
77.171875 132.000000
77.625000 132.000000
77.878906 132.000000
78.441406 132.000000
78.750000 132.000000
79.421875 132.000000
79.785156 132.000000
80.566406 132.000000
80.984375 132.000000
81.875000 132.000000
82.347656 132.000000
83.347656 132.000000
83.875000 132.000000
84.984375 132.000000
85.566406 132.000000
86.785156 132.000000
87.421875 132.000000
88.750000 132.000000
89.453125 132.000000
90.937500 132.000000
91.718750 132.000000
93.359375 132.000000
94.218750 132.000000
96.015625 132.000000
96.953125 132.000000
98.906250 132.000000
99.906250 132.000000
101.906250 132.000000
102.906250 132.000000
104.906250 132.000000
105.906250 132.000000
107.906250 132.000000
108.906250 132.000000
110.906250 132.000000
111.906250 132.000000
113.906250 132.000000
114.906250 132.000000
116.906250 132.000000
117.906250 132.000000
119.906250 132.000000
120.906250 131.964844
122.906250 131.832031
123.906250 131.734375
125.906250 131.476562
126.906250 131.316406
128.906250 130.933594
129.906250 130.710938
131.906250 130.203125
132.906250 129.917969
134.906250 129.285156
135.906250 128.937500
137.906250 128.179688
138.906250 127.769531
140.906250 126.957031
141.906250 126.554688
143.906250 125.757812
144.906250 125.363281
146.906250 124.582031
147.906250 124.195312
149.906250 123.429688
150.906250 123.050781
152.906250 122.300781
153.906250 121.929688
155.906250 121.195312
156.906250 120.832031
158.906250 120.113281
159.906250 119.757812
161.906250 119.054688
162.906250 118.707031
164.906250 118.019531
165.906250 117.679688
167.906250 117.007812
168.906250 116.675781
170.906250 116.019531
171.906250 115.695312
173.906250 115.054688
174.906250 114.773438
176.906250 114.289062
177.906250 114.085938
179.906250 113.757812
180.906250 113.632812
182.906250 113.460938
183.906250 113.414062
185.906250 113.398438
186.906250 113.398438
188.906250 113.468750
189.871094 113.535156
191.738281 113.730469
192.640625 113.859375
194.382812 114.179688
195.222656 114.371094
196.839844 114.816406
197.617188 115.070312
199.109375 115.640625
199.824219 115.957031
201.191406 116.652344
201.843750 117.031250
203.085938 117.851562
203.675781 118.292969
204.792969 119.238281
205.320312 119.742188
206.312500 120.812500
206.777344 121.378906
207.644531 122.574219
208.046875 123.203125
208.789062 124.523438
209.128906 125.214844
209.746094 126.660156
210.023438 127.414062
210.515625 128.984375
210.730469 129.800781
211.097656 131.496094
211.250000 132.375000
211.492188 134.195312
211.582031 135.136719
211.699219 137.082031
211.726562 138.082031
211.726562 140.082031
211.726562 141.082031
211.726562 143.082031
211.726562 144.082031
211.726562 146.082031
211.726562 147.082031
211.726562 149.082031
211.726562 150.082031
211.726562 152.082031
212.691406 152.019531
214.558594 151.972656
215.460938 151.972656
217.203125 152.042969
218.031250 152.105469
219.601562 152.285156
220.378906 152.367188
221.917969 152.515625
222.644531 152.546875
224.011719 152.546875
224.652344 152.511719
225.847656 152.386719
226.402344 152.296875
227.425781 152.062500
227.894531 151.917969
228.746094 151.574219
229.128906 151.375000
229.808594 150.921875
230.105469 150.667969
230.613281 150.105469
230.824219 149.796875
231.160156 149.125000
231.285156 148.761719
231.449219 147.980469
231.488281 147.562500
231.488281 146.671875
231.453125 146.199219
231.328125 145.199219
231.238281 144.671875
231.074219 143.632812
231.000000 143.121094
230.937500 142.183594
230.937500 141.757812
231.007812 140.992188
231.070312 140.652344
231.250000 140.058594
231.367188 139.804688
231.656250 139.382812
231.828125 139.214844
232.226562 138.964844
232.453125 138.882812
232.960938 138.804688
233.242188 138.804688
233.859375 138.875000
234.195312 138.937500
234.921875 139.117188
235.312500 139.234375
236.148438 139.523438
236.593750 139.695312
237.539062 140.093750
238.039062 140.320312
239.093750 140.828125
239.093750 141.828125
239.164062 143.828125
239.226562 144.828125
239.406250 146.828125
239.523438 147.828125
239.812500 149.828125
239.984375 150.828125
240.382812 152.828125
240.613281 153.828125
241.136719 155.828125
241.429688 156.828125
242.078125 158.828125
242.433594 159.828125
243.207031 161.828125
243.554688 162.828125
244.171875 164.828125
244.441406 165.828125
244.902344 167.828125
245.093750 168.828125
245.398438 170.828125
245.511719 171.828125
245.660156 173.828125
245.695312 174.828125
245.695312 176.828125
245.660156 177.828125
245.660156 179.828125
245.660156 180.828125
245.660156 182.828125
245.660156 183.828125
245.660156 185.828125
245.660156 186.828125
245.660156 188.828125
245.660156 189.828125
245.660156 191.828125
245.660156 192.828125
245.660156 194.828125
245.660156 195.828125
245.660156 197.828125
245.660156 198.828125
245.660156 200.828125
245.660156 201.828125
245.660156 203.828125
245.660156 204.828125
245.660156 206.828125
245.660156 207.828125
245.660156 209.828125
245.660156 210.828125
245.660156 212.828125
245.660156 213.828125
245.660156 215.828125
245.660156 216.828125
245.660156 218.828125
245.660156 219.828125
245.660156 221.828125
245.660156 222.828125
245.660156 224.828125
245.660156 225.828125
245.660156 227.828125
245.660156 228.828125
245.660156 230.828125
245.660156 231.828125
245.660156 233.828125
245.660156 234.828125
245.660156 236.828125
245.660156 237.828125
245.660156 239.828125
245.660156 240.828125
245.660156 242.828125
245.660156 243.828125
245.660156 245.828125
245.660156 246.828125
245.660156 248.828125
245.660156 249.828125
245.660156 251.828125
245.660156 252.828125
245.660156 254.828125
245.660156 255.828125
245.660156 257.828125
245.660156 258.828125
245.660156 260.828125
245.660156 261.828125
245.660156 263.828125
245.660156 264.828125
245.660156 266.828125
245.660156 267.828125
245.660156 269.828125
245.660156 270.828125
245.660156 272.828125
245.660156 273.828125
245.660156 275.828125
245.660156 276.828125
245.660156 278.828125
245.660156 279.828125
245.660156 281.828125
245.660156 282.828125
245.660156 284.828125
245.660156 285.828125
245.660156 287.828125
245.660156 288.828125
245.660156 290.828125
245.660156 291.828125
245.660156 293.828125
245.660156 294.828125
245.660156 296.828125
245.660156 297.828125
245.660156 299.828125
245.660156 300.828125
245.660156 302.828125
245.660156 303.828125
245.660156 305.828125
245.660156 306.828125
245.660156 308.828125
245.660156 309.792969
245.730469 311.722656
245.796875 312.687500
245.992188 314.617188
246.121094 315.582031
246.441406 317.511719
246.632812 318.445312
247.078125 320.250000
247.332031 321.121094
247.902344 322.800781
248.218750 323.609375
248.914062 325.164062
249.292969 325.910156
250.113281 327.339844
250.554688 328.023438
251.500000 329.328125
252.003906 329.949219
253.074219 331.128906
253.640625 331.687500
254.835938 332.742188
255.464844 333.238281
256.785156 334.167969
257.476562 334.601562
258.921875 335.406250
259.675781 335.777344
261.246094 336.457031
262.062500 336.765625
263.757812 337.320312
264.636719 337.566406
265.515625 337.812500
266.394531 338.058594
267.273438 338.304688
268.152344 338.550781
269.031250 338.796875
269.910156 339.042969
270.789062 339.289062
271.695312 339.527344
273.562500 339.988281
274.523438 340.210938
276.500000 340.640625
277.500000 340.847656
279.500000 341.246094
280.500000 341.437500
282.500000 341.804688
283.500000 341.980469
285.500000 342.316406
286.500000 342.476562
288.500000 342.781250
289.500000 342.925781
291.500000 343.199219
292.500000 343.328125
294.500000 343.570312
295.500000 343.683594
297.500000 343.894531
298.500000 343.992188
300.500000 344.171875
301.500000 344.253906
303.500000 344.402344
304.500000 344.468750
306.500000 344.585938
307.500000 344.636719
309.500000 344.722656
310.500000 344.757812
312.500000 344.812500
313.500000 344.832031
315.500000 344.855469
316.500000 344.859375
318.500000 344.859375
319.500000 344.894531
321.500000 345.019531
322.500000 345.109375
324.500000 345.343750
325.500000 345.488281
327.500000 345.832031
328.500000 346.031250
330.500000 346.484375
331.500000 346.738281
333.500000 347.300781
334.500000 347.609375
336.500000 348.281250
337.500000 348.644531
339.500000 349.425781
340.500000 349.843750
342.500000 350.734375
343.500000 351.207031
345.500000 352.207031
346.500000 352.734375
348.500000 353.843750
349.500000 354.425781
351.500000 355.644531
352.500000 356.281250
354.500000 357.609375
355.500000 358.300781
357.500000 359.738281
358.500000 360.484375
360.500000 362.031250
361.500000 362.832031
363.500000 364.488281
364.500000 365.343750
366.500000 367.109375
367.500000 368.019531
368.500000 368.957031
369.500000 369.921875
370.500000 370.914062
371.457031 371.914062
372.371094 372.914062
373.242188 373.914062
374.070312 374.914062
374.855469 375.914062
375.597656 376.914062
376.296875 377.914062
376.953125 378.914062
377.566406 379.914062
378.136719 380.914062
378.664062 381.914062
379.148438 382.914062
379.589844 383.914062
379.988281 384.914062
380.343750 385.914062
380.656250 386.914062
380.925781 387.914062
381.152344 388.914062
381.335938 389.914062
381.476562 390.914062
381.574219 391.914062
381.628906 392.914062
381.640625 393.914062
381.640625 394.914062
381.605469 395.914062
381.542969 396.878906
381.453125 397.835938
381.335938 398.785156
381.191406 399.726562
381.019531 400.660156
380.820312 401.621094
380.593750 402.609375
380.339844 403.609375
380.058594 404.609375
379.750000 405.609375
379.414062 406.609375
379.050781 407.609375
378.660156 408.609375
378.242188 409.609375
377.796875 410.609375
377.324219 411.609375
376.824219 412.609375
376.367188 413.609375
375.953125 414.609375
375.582031 415.609375
375.253906 416.609375
374.968750 417.609375
374.726562 418.609375
374.527344 419.609375
374.371094 420.609375
374.257812 421.609375
374.152344 422.601562
374.054688 423.585938
373.964844 424.562500
373.882812 425.531250
373.808594 426.492188
373.742188 427.445312
373.683594 428.390625
373.667969 429.292969
373.667969 430.152344
373.703125 430.968750
373.765625 431.742188
373.855469 432.507812
374.089844 434.023438
374.234375 434.773438
374.578125 436.257812
374.777344 436.992188
375.230469 438.445312
375.484375 439.164062
376.046875 440.585938
376.355469 441.289062
377.027344 442.679688
377.390625 443.367188
378.171875 444.726562
378.589844 445.398438
379.480469 446.726562
379.953125 447.382812
380.953125 448.679688
381.480469 449.320312
382.589844 450.585938
383.171875 451.210938
384.390625 452.445312
385.027344 453.054688
386.355469 454.257812
387.046875 454.851562
388.484375 456.023438
389.230469 456.601562
390.777344 457.742188
391.578125 458.304688
393.234375 459.414062
394.089844 459.960938
395.855469 461.039062
396.765625 461.570312
398.640625 462.617188
399.605469 463.132812
401.589844 464.148438
402.589844 464.648438
404.589844 465.632812
405.589844 466.117188
407.589844 467.070312
408.589844 467.539062
410.589844 468.460938
411.589844 468.914062
413.589844 469.804688
414.589844 470.242188
416.589844 471.101562
417.589844 471.523438
419.589844 472.351562
420.589844 472.757812
422.589844 473.484375
423.589844 473.804688
425.589844 474.359375
426.589844 474.593750
428.589844 474.976562
429.589844 475.125000
431.589844 475.335938
432.589844 475.398438
434.589844 475.437500
435.589844 475.437500
437.589844 475.367188
438.589844 475.304688
440.589844 475.125000
441.589844 475.007812
443.589844 474.718750
444.589844 474.546875
446.589844 474.148438
447.589844 473.921875
449.589844 473.414062
450.589844 473.132812
452.589844 472.515625
453.589844 472.179688
455.589844 471.453125
456.589844 471.062500
458.589844 470.226562
459.589844 469.781250
461.589844 468.835938
462.589844 468.335938
464.589844 467.281250
465.589844 466.726562
467.589844 465.562500
468.589844 464.953125
470.589844 463.679688
471.589844 463.015625
473.589844 461.632812
474.589844 460.914062
476.589844 459.421875
477.589844 458.648438
479.589844 457.046875
480.589844 456.218750
482.589844 454.507812
483.589844 453.625000
485.574219 451.875000
486.574219 451.042969
488.574219 449.464844
489.574219 448.718750
491.574219 447.312500
492.574219 446.652344
494.574219 445.417969
495.574219 444.843750
497.574219 443.781250
498.574219 443.292969
500.574219 442.402344
501.574219 442.000000
503.574219 441.281250
504.574219 440.964844
506.574219 440.417969
507.574219 440.187500
509.574219 439.812500
510.574219 439.667969
512.574219 439.464844
513.574219 439.406250
515.574219 439.375000
516.574219 439.375000
518.574219 439.445312
519.574219 439.507812
521.574219 439.687500
522.574219 439.804688
524.574219 440.093750
525.574219 440.265625
527.574219 440.664062
528.574219 440.890625
530.574219 441.398438
531.574219 441.679688
533.574219 442.296875
534.574219 442.632812
536.574219 443.359375
537.574219 443.750000
539.574219 444.585938
540.574219 445.031250
542.574219 445.976562
543.574219 446.476562
545.574219 447.531250
546.574219 448.085938
548.574219 449.250000
549.574219 449.859375
551.574219 451.132812
552.574219 451.796875
554.574219 453.179688
555.574219 453.898438
557.574219 455.390625
558.574219 456.164062
560.574219 457.765625
561.574219 458.593750
563.574219 460.304688
564.574219 461.187500
566.574219 463.007812
567.574219 463.945312
569.574219 465.875000
570.574219 466.875000
572.574219 468.875000
573.574219 469.875000
575.574219 471.875000
576.574219 472.875000
580.000000 500.000000
580.000000 500.000000
580.000000 500.000000
580.000000 500.000000
580.000000 500.000000
580.000000 500.000000
580.000000 500.000000
580.000000 500.000000
580.000000 500.000000
580.000000 500.000000
580.000000 500.000000
580.000000 500.000000
580.000000 500.000000
580.000000 500.000000
580.000000 500.000000
580.000000 500.000000
580.000000 500.000000
580.000000 500.000000
580.000000 500.000000
580.000000 500.000000
580.000000 500.000000
580.000000 500.000000
580.000000 500.000000
580.000000 500.000000
580.000000 500.000000
580.000000 500.000000
580.000000 500.000000
580.000000 500.000000
580.000000 500.000000
580.000000 500.000000
580.000000 500.000000
580.000000 500.000000
580.000000 500.000000
580.000000 500.000000
580.000000 500.000000
580.000000 500.000000
580.000000 500.000000
580.000000 500.000000
580.000000 500.000000
580.000000 500.000000
580.000000 500.000000
580.000000 500.000000
580.000000 500.000000
580.000000 500.000000
580.000000 500.000000
580.000000 500.000000
580.000000 500.000000
580.000000 500.000000
580.000000 500.000000
580.000000 500.000000
580.000000 500.000000
580.000000 500.000000
580.000000 500.000000
580.000000 500.000000
580.000000 500.000000
580.000000 500.000000
580.000000 500.000000
580.000000 500.000000
580.000000 500.000000
580.000000 500.000000
580.000000 500.000000
580.000000 500.000000
580.000000 500.000000
580.000000 500.000000
580.000000 500.000000
580.035156 501.000000
580.160156 503.000000
580.250000 504.000000
580.484375 506.000000
580.628906 507.000000
580.972656 509.000000
581.171875 510.000000
581.625000 512.000000
581.878906 513.000000
582.441406 515.000000
582.750000 516.000000
583.421875 518.000000
583.785156 519.000000
584.566406 521.000000
584.984375 522.000000
585.875000 524.000000
586.347656 525.000000
587.347656 527.000000
587.875000 528.000000
588.851562 530.000000
589.300781 531.000000
590.121094 533.000000
590.492188 534.000000
591.156250 536.000000
591.449219 537.000000
591.957031 539.000000
592.171875 540.000000
592.523438 542.000000
592.660156 543.000000
592.855469 545.000000
592.910156 546.000000
592.933594 548.000000
592.933594 549.000000
592.863281 551.000000
592.800781 552.000000
592.613281 554.000000
592.488281 555.000000
592.175781 557.000000
591.988281 558.000000
591.800781 559.000000
591.613281 560.000000
591.175781 562.000000
590.925781 563.000000
590.363281 565.000000
590.050781 566.000000
589.363281 568.000000
589.058594 569.000000
588.527344 571.000000
588.300781 572.000000
587.925781 574.000000
587.777344 575.000000
587.558594 577.000000
587.488281 578.000000
587.425781 580.000000
587.425781 581.000000
587.496094 583.000000
587.562500 584.000000
587.750000 586.000000
587.871094 587.000000
588.167969 589.000000
588.343750 590.000000
588.750000 592.000000
588.984375 593.000000
589.515625 595.000000
589.812500 596.000000
590.468750 598.000000
590.828125 598.933594
591.609375 600.667969
592.031250 601.468750
592.937500 602.937500
593.421875 603.605469
594.453125 604.808594
595.000000 605.343750
596.156250 606.281250
596.765625 606.683594
598.046875 607.355469
598.718750 607.625000
600.125000 608.031250
600.859375 608.203125
602.390625 608.484375
603.187500 608.593750
604.843750 608.750000
605.703125 608.796875
607.484375 608.828125
608.406250 608.828125
610.312500 608.828125
611.296875 608.828125
613.296875 608.828125
614.296875 608.828125
616.296875 608.828125
617.296875 608.828125
618.296875 608.828125
619.296875 608.828125
620.296875 608.828125
621.296875 608.828125
622.296875 608.828125
623.296875 608.828125
624.296875 608.828125
625.296875 608.828125
626.296875 608.828125
627.296875 608.828125
629.296875 608.757812
630.296875 608.695312
632.296875 608.515625
633.296875 608.398438
635.296875 608.109375
636.296875 607.937500
638.296875 607.539062
639.296875 607.312500
641.296875 606.804688
642.296875 606.593750
644.296875 606.257812
645.296875 606.132812
647.296875 605.968750
648.296875 605.929688
650.296875 605.929688
651.296875 605.964844
653.296875 606.089844
654.296875 606.179688
656.296875 606.414062
657.296875 606.558594
659.296875 606.902344
660.296875 607.101562
662.296875 607.554688
663.296875 607.808594
665.296875 608.371094
666.296875 608.679688
668.296875 609.351562
669.296875 609.714844
671.296875 610.496094
672.296875 610.914062
674.296875 611.804688
675.296875 612.277344
677.296875 613.277344
678.296875 613.804688
680.296875 614.914062
681.296875 615.496094
683.296875 616.714844
684.296875 617.351562
686.210938 618.679688
687.125000 619.371094
688.867188 620.808594
689.695312 621.554688
691.265625 623.101562
692.007812 623.902344
693.406250 625.558594
694.105469 626.386719
694.804688 627.214844
695.503906 628.042969
696.203125 628.871094
696.859375 629.726562
698.085938 631.492188
698.656250 632.402344
699.710938 634.277344
700.195312 635.242188
701.078125 637.226562
701.476562 638.226562
702.187500 640.226562
702.500000 641.226562
703.039062 643.226562
703.265625 644.226562
703.632812 646.226562
703.773438 647.226562
703.968750 649.226562
704.023438 650.226562
704.046875 652.226562
704.046875 653.226562
703.976562 655.226562
703.914062 656.226562
703.734375 658.226562
703.617188 659.226562
703.328125 661.226562
703.156250 662.226562
702.757812 664.226562
702.531250 665.226562
702.023438 667.226562
701.742188 668.226562
701.265625 670.226562
701.070312 671.226562
700.765625 673.226562
700.656250 674.226562
700.523438 676.226562
700.500000 677.226562
700.500000 679.226562
700.535156 680.226562
700.660156 682.226562
700.750000 683.226562
700.984375 685.226562
701.128906 686.226562
701.472656 688.226562
701.671875 689.226562
702.125000 691.226562
702.378906 692.226562
702.941406 694.226562
703.250000 695.226562
703.921875 697.226562
704.285156 698.226562
705.066406 700.226562
705.484375 701.226562
706.375000 703.226562
706.847656 704.226562
707.847656 706.226562
708.375000 707.226562
709.484375 709.226562
710.066406 710.226562
711.285156 712.226562
711.921875 713.226562
713.250000 715.226562
713.941406 716.226562
715.378906 718.226562
716.125000 719.226562
717.671875 721.226562
718.472656 722.226562
720.128906 724.226562
720.957031 725.226562
721.785156 726.226562
722.613281 727.226562
723.441406 728.226562
724.296875 729.183594
726.062500 731.011719
726.972656 731.882812
728.847656 733.539062
729.812500 734.324219
731.796875 735.808594
732.796875 736.507812
734.796875 737.820312
735.796875 738.433594
737.796875 739.574219
738.796875 740.101562
740.796875 741.070312
741.796875 741.511719
743.796875 742.308594
744.796875 742.664062
746.796875 743.289062
747.796875 743.558594
749.796875 744.011719
750.796875 744.195312
752.796875 744.476562
753.796875 744.574219
755.796875 744.683594
756.796875 744.730469
758.796875 744.808594
759.796875 744.839844
761.796875 744.886719
762.796875 744.902344
764.796875 744.917969
765.796875 744.917969
767.796875 744.917969
768.796875 744.917969
770.796875 744.917969
771.796875 744.917969
773.796875 744.917969
774.796875 744.917969
776.796875 744.917969
777.796875 744.917969
779.796875 744.917969
780.796875 744.917969
782.796875 744.917969
783.796875 744.917969
785.796875 744.917969
836.000000 756.000000
836.000000 756.000000
836.000000 756.000000
836.000000 756.000000
836.000000 756.000000
836.000000 756.000000
836.000000 756.000000
836.000000 756.000000
836.000000 756.000000
836.000000 756.000000
836.000000 756.000000
836.000000 756.000000
836.000000 756.000000
836.000000 756.000000
836.000000 756.000000
836.000000 756.000000
836.000000 756.000000
836.000000 756.000000
836.000000 756.000000
836.000000 756.000000
836.000000 756.000000
836.000000 756.000000
836.000000 756.000000
836.000000 756.000000
836.000000 756.000000
836.000000 756.000000
836.000000 756.000000
836.000000 756.000000
836.000000 756.000000
836.000000 756.000000
836.000000 756.000000
836.000000 756.000000
836.000000 756.000000
836.000000 756.000000
836.000000 756.000000
836.000000 756.000000
836.000000 756.000000
836.000000 756.000000
836.000000 756.000000
836.000000 756.000000
836.000000 756.000000
836.000000 756.000000
836.000000 756.000000
836.000000 756.000000
836.000000 756.000000
836.000000 756.000000
836.000000 756.000000
836.000000 756.000000
836.000000 756.000000
836.000000 756.000000
836.000000 756.000000
836.000000 756.000000
836.000000 756.000000
836.000000 756.000000
836.000000 756.000000
836.000000 756.000000
836.000000 756.000000
836.000000 756.000000
836.000000 756.000000
836.000000 756.000000
836.000000 756.000000
836.000000 756.000000
836.000000 756.000000
836.000000 756.000000
836.000000 756.000000
837.921875 756.070312
838.839844 756.132812
840.589844 756.312500
841.421875 756.429688
843.000000 756.718750
843.746094 756.890625
845.152344 757.289062
845.882812 757.515625
847.398438 758.023438
848.183594 758.304688
849.808594 758.921875
850.648438 759.257812
852.382812 759.984375
853.277344 760.375000
855.121094 761.210938
856.070312 761.656250
858.023438 762.601562
859.023438 763.101562
861.023438 764.156250
862.023438 764.710938
864.023438 765.875000
865.023438 766.484375
867.023438 767.757812
868.023438 768.421875
870.023438 769.804688
871.023438 770.523438
873.023438 772.015625
874.023438 772.789062
876.023438 774.390625
877.023438 775.218750
879.023438 776.929688
880.023438 777.812500
882.023438 779.632812
883.023438 780.570312
884.953125 782.500000
885.875000 783.492188
887.632812 785.492188
888.468750 786.492188
890.054688 788.492188
890.804688 789.492188
892.218750 791.492188
892.882812 792.492188
894.125000 794.492188
894.703125 795.492188
895.773438 797.492188
896.265625 798.492188
897.164062 800.492188
897.613281 801.507812
898.062500 802.539062
898.511719 803.585938
898.960938 804.648438
899.410156 805.726562
899.859375 806.820312
900.308594 807.929688
900.757812 809.054688
901.207031 810.183594
901.656250 811.316406
902.105469 812.453125
902.554688 813.593750
903.003906 814.738281
903.453125 815.886719
903.902344 817.039062
904.351562 818.195312
904.800781 819.355469
905.250000 820.519531
905.699219 821.687500
906.148438 822.859375
906.597656 824.035156
907.046875 825.210938
907.496094 826.386719
907.945312 827.562500
908.394531 828.738281
908.843750 829.914062
909.292969 831.089844
909.742188 832.265625
910.191406 833.441406
910.640625 834.617188
911.089844 835.792969
911.539062 836.968750
911.988281 838.144531
912.437500 839.320312
912.886719 840.496094
913.335938 841.671875
913.785156 842.847656
914.234375 844.023438
914.683594 845.199219
915.132812 846.375000
915.582031 847.550781
916.031250 848.726562
916.480469 849.902344
916.929688 851.078125
917.378906 852.253906
917.828125 853.429688
918.277344 854.605469
918.726562 855.781250
919.175781 856.957031
919.625000 858.132812
920.074219 859.308594
920.523438 860.484375
920.972656 861.660156
921.421875 862.835938
921.871094 864.011719
922.320312 865.187500
922.769531 866.363281
923.218750 867.539062
923.667969 868.714844
924.109375 869.898438
924.542969 871.089844
924.968750 872.289062
925.386719 873.496094
925.792969 874.714844
926.191406 875.941406
926.582031 877.175781
926.960938 878.421875
927.312500 879.695312
927.636719 880.996094
927.933594 882.324219
928.203125 883.679688
928.464844 885.042969
928.718750 886.414062
928.960938 887.796875
929.195312 889.187500
929.417969 890.589844
929.628906 892.003906
929.828125 893.429688
930.015625 894.867188
930.191406 896.316406
930.355469 897.777344
930.507812 899.250000
930.652344 900.730469
930.789062 902.218750
930.917969 903.714844
931.039062 905.210938
931.148438 906.707031
931.246094 908.203125
931.332031 909.699219
931.410156 911.195312
931.480469 912.691406
931.539062 914.187500
931.589844 915.683594
931.628906 917.179688
931.667969 918.664062
931.707031 920.140625
931.746094 921.617188
931.785156 923.093750
931.824219 924.570312
931.863281 926.046875
931.902344 927.523438
931.941406 929.000000
932.007812 930.000000
932.195312 932.000000
932.316406 933.000000
932.613281 935.000000
932.789062 936.000000
933.195312 938.000000
933.425781 939.000000
933.941406 941.000000
934.226562 942.000000
934.851562 944.000000
935.191406 945.000000
935.925781 947.000000
936.320312 948.000000
937.164062 950.000000
937.613281 951.000000
938.566406 953.000000
939.070312 954.000000
940.132812 956.000000
940.691406 957.000000
941.863281 959.000000
942.476562 960.000000
943.757812 962.000000
944.425781 963.000000
946.910156 964.937500
946.910156 964.937500
