434.371094 348.761719
436.371094 349.050781
437.371094 349.222656
439.371094 349.621094
440.371094 349.847656
442.371094 350.355469
443.371094 350.636719
445.371094 351.253906
446.371094 351.589844
448.371094 352.316406
449.371094 352.707031
451.371094 353.542969
452.371094 353.988281
454.371094 354.933594
455.371094 355.433594
457.371094 356.488281
458.371094 357.042969
460.300781 358.207031
461.257812 358.816406
463.156250 360.089844
464.097656 360.753906
465.964844 362.136719
466.890625 362.855469
468.726562 364.347656
469.601562 365.121094
471.265625 366.722656
472.054688 367.550781
473.546875 369.261719
474.250000 370.144531
475.570312 371.964844
476.187500 372.902344
477.335938 374.832031
477.867188 375.824219
478.843750 377.824219
479.289062 378.824219
480.093750 380.824219
480.453125 381.824219
481.085938 383.824219
481.394531 384.816406
481.996094 386.785156
482.289062 387.761719
482.859375 389.699219
483.136719 390.660156
483.675781 392.566406
483.937500 393.511719
484.445312 395.457031
484.691406 396.457031
485.167969 398.457031
485.398438 399.457031
485.843750 401.457031
486.058594 402.457031
486.472656 404.457031
486.636719 405.457031
486.878906 407.457031
486.957031 408.457031
487.027344 410.457031
487.027344 411.457031
486.957031 413.457031
486.894531 414.457031
486.855469 416.386719
486.855469 417.343750
486.925781 419.242188
486.988281 420.183594
487.167969 422.050781
487.285156 422.976562
487.574219 424.812500
487.710938 425.757812
487.968750 427.703125
488.089844 428.703125
488.316406 430.703125
488.421875 431.703125
488.617188 433.703125
488.707031 434.703125
488.941406 436.632812
489.085938 437.589844
489.429688 439.488281
489.628906 440.429688
488.000000 447.000000
488.000000 447.000000
