357.000000 447.000000
354.015625 447.000000
352.531250 447.000000
349.578125 447.000000
348.109375 447.000000
345.187500 447.000000
343.734375 447.000000
340.843750 447.000000
339.406250 447.000000
336.546875 447.000000
335.125000 447.000000
332.296875 447.000000
330.890625 447.000000
328.093750 447.000000
328.093750 447.000000
328.093750 447.000000
328.464844 447.000000
329.261719 447.070312
329.687500 447.132812
330.593750 447.312500
331.074219 447.429688
332.089844 447.718750
332.625000 447.890625
333.750000 448.289062
334.339844 448.515625
335.574219 449.023438
336.218750 449.304688
337.562500 449.921875
338.261719 450.257812
339.714844 450.984375
340.468750 451.375000
342.031250 452.210938
342.839844 452.656250
344.511719 453.601562
345.375000 454.101562
347.015625 455.156250
347.792969 455.710938
349.261719 456.875000
349.953125 457.484375
351.250000 458.757812
351.855469 459.421875
352.980469 460.804688
353.500000 461.523438
354.453125 463.015625
354.886719 463.789062
355.667969 465.390625
356.050781 466.148438
356.425781 466.863281
356.792969 467.535156
357.152344 468.164062
357.503906 468.750000
357.847656 469.292969
358.183594 469.792969
358.511719 470.250000
358.832031 470.699219
359.144531 471.140625
359.449219 471.574219
359.746094 472.000000
360.070312 472.453125
360.773438 473.414062
361.152344 473.921875
361.964844 474.921875
362.398438 475.414062
363.320312 476.382812
363.808594 476.859375
364.839844 477.796875
365.382812 478.257812
366.523438 479.164062
367.121094 479.609375
368.371094 480.484375
369.023438 480.914062
370.382812 481.757812
371.089844 482.171875
372.558594 482.984375
373.320312 483.382812
374.898438 484.164062
375.714844 484.546875
377.402344 485.226562
378.273438 485.523438
380.070312 486.031250
380.968750 486.285156
381.867188 486.539062
382.765625 486.792969
383.664062 487.046875
384.562500 487.300781
385.460938 487.554688
386.359375 487.808594
387.257812 488.062500
388.183594 488.308594
390.089844 488.785156
391.070312 489.015625
393.070312 489.460938
394.070312 489.679688
396.070312 490.109375
397.070312 490.320312
398.070312 490.527344
399.070312 490.730469
400.070312 490.929688
401.070312 491.125000
403.070312 491.507812
404.070312 491.695312
405.070312 491.878906
406.070312 492.058594
407.035156 492.199219
408.000000 492.300781
408.964844 492.363281
409.929688 492.386719
410.894531 492.386719
411.859375 492.351562
413.789062 492.218750
414.753906 492.121094
416.714844 491.933594
417.714844 491.878906
419.714844 491.847656
420.714844 491.847656
422.714844 491.917969
423.714844 491.984375
425.714844 492.179688
426.714844 492.304688
428.714844 492.609375
429.714844 492.789062
431.714844 493.203125
432.714844 493.437500
434.714844 493.960938
435.714844 494.250000
437.714844 494.882812
438.714844 495.226562
440.714844 495.968750
441.714844 496.367188
443.714844 497.218750
444.714844 497.671875
446.714844 498.632812
447.714844 499.140625
449.714844 500.210938
450.714844 500.773438
452.714844 501.953125
453.714844 502.542969
454.714844 503.132812
455.714844 503.722656
456.714844 504.312500
457.714844 504.902344
458.714844 505.492188
459.714844 506.082031
461.714844 507.316406
462.714844 507.960938
464.714844 509.304688
465.714844 510.003906
467.628906 511.457031
468.542969 512.210938
469.457031 512.964844
470.371094 513.718750
471.285156 514.472656
472.199219 515.226562
473.941406 516.789062
474.769531 517.597656
476.339844 519.269531
477.082031 520.132812
478.621094 521.914062
479.417969 522.832031
481.066406 524.722656
481.917969 525.695312
483.675781 527.695312
484.582031 528.695312
486.449219 530.695312
487.410156 531.695312
489.386719 533.695312
490.386719 534.695312
492.386719 536.695312
493.386719 537.695312
495.300781 539.609375
496.214844 540.523438
497.128906 541.437500
498.042969 542.351562
498.957031 543.265625
499.871094 544.179688
500.742188 545.050781
501.570312 545.878906
502.355469 546.664062
503.097656 547.406250
503.796875 548.105469
504.453125 548.761719
505.066406 549.375000
505.636719 549.945312
506.164062 550.472656
506.718750 550.957031
507.300781 551.398438
507.910156 551.796875
509.183594 552.507812
509.847656 552.820312
511.230469 553.359375
511.949219 553.585938
513.441406 553.953125
514.214844 554.093750
515.816406 554.289062
516.644531 554.343750
518.355469 554.367188
519.238281 554.367188
521.058594 554.296875
521.996094 554.234375
523.925781 554.054688
524.917969 553.937500
526.917969 553.648438
527.917969 553.476562
529.917969 553.078125
530.917969 552.886719
532.917969 552.519531
533.917969 552.335938
534.917969 552.152344
535.917969 551.968750
536.917969 551.785156
537.917969 551.601562
538.917969 551.417969
539.917969 551.234375
541.917969 550.882812
542.917969 550.714844
544.917969 550.394531
545.917969 550.242188
547.917969 549.953125
548.917969 549.816406
550.917969 549.558594
551.917969 549.437500
553.917969 549.210938
554.917969 549.105469
556.917969 548.910156
557.917969 548.820312
559.917969 548.656250
560.917969 548.582031
562.917969 548.433594
563.917969 548.359375
565.917969 548.210938
566.917969 548.136719
568.917969 547.988281
569.917969 547.914062
571.917969 547.765625
572.917969 547.691406
574.917969 547.542969
575.917969 547.468750
577.917969 547.320312
578.917969 547.246094
580.917969 547.097656
581.917969 547.023438
583.917969 546.875000
584.917969 546.800781
586.917969 546.652344
587.917969 546.578125
589.902344 546.445312
590.886719 546.386719
592.839844 546.285156
593.808594 546.242188
595.730469 546.171875
596.683594 546.144531
598.574219 546.105469
599.546875 546.105469
601.546875 546.105469
602.546875 546.105469
604.546875 546.105469
605.546875 546.105469
607.546875 546.105469
608.546875 546.105469
610.546875 546.105469
611.546875 546.105469
613.546875 546.175781
614.546875 546.238281
616.546875 546.417969
617.546875 546.535156
619.546875 546.824219
620.546875 546.996094
622.546875 547.394531
623.546875 547.621094
625.546875 548.128906
626.546875 548.410156
628.546875 549.027344
629.546875 549.363281
631.546875 550.089844
632.546875 550.480469
634.546875 551.316406
635.546875 551.761719
637.546875 552.707031
638.546875 553.207031
640.546875 554.261719
641.546875 554.816406
643.546875 555.980469
644.546875 556.589844
646.546875 557.863281
647.546875 558.527344
649.546875 559.910156
650.546875 560.628906
652.546875 562.121094
653.546875 562.894531
655.546875 564.496094
656.546875 565.324219
658.546875 567.035156
659.546875 567.917969
661.460938 569.738281
662.417969 570.648438
663.375000 571.558594
664.332031 572.468750
666.160156 574.343750
667.031250 575.308594
668.687500 577.292969
669.472656 578.292969
670.957031 580.292969
671.656250 581.292969
672.968750 583.292969
673.582031 584.292969
674.730469 586.292969
675.265625 587.292969
676.273438 589.292969
676.746094 590.292969
677.628906 592.292969
678.039062 593.292969
678.789062 595.292969
679.128906 596.292969
679.738281 598.292969
680.007812 599.292969
680.476562 601.292969
680.675781 602.292969
681.003906 604.292969
681.132812 605.292969
681.320312 607.292969
681.378906 608.292969
681.425781 610.292969
681.425781 611.292969
681.355469 613.292969
681.285156 614.292969
681.074219 616.292969
680.968750 617.292969
680.757812 619.292969
680.652344 620.292969
680.441406 622.292969
680.335938 623.292969
680.125000 625.292969
680.019531 626.292969
679.808594 628.292969
679.703125 629.292969
679.492188 631.292969
679.386719 632.292969
679.175781 634.292969
679.070312 635.292969
678.859375 637.292969
678.753906 638.292969
678.542969 640.292969
678.437500 641.292969
678.226562 643.292969
678.121094 644.292969
677.910156 646.292969
677.804688 647.292969
677.593750 649.292969
677.488281 650.292969
677.277344 652.292969
677.171875 653.292969
676.960938 655.292969
676.855469 656.292969
676.644531 658.292969
676.539062 659.292969
676.328125 661.292969
676.222656 662.292969
676.011719 664.292969
675.906250 665.292969
675.710938 667.277344
675.621094 668.261719
675.457031 670.214844
675.382812 671.183594
675.250000 673.105469
675.191406 674.058594
675.089844 675.949219
675.046875 676.886719
674.976562 678.746094
674.949219 679.667969
674.910156 681.496094
674.910156 682.437500
674.980469 684.375000
675.042969 685.371094
675.222656 687.371094
675.339844 688.371094
675.636719 690.371094
675.816406 691.371094
676.238281 693.371094
676.480469 694.371094
677.027344 696.371094
677.332031 697.371094
678.003906 699.371094
678.371094 700.371094
679.167969 702.371094
679.597656 703.371094
680.519531 705.371094
681.011719 706.371094
682.058594 708.371094
682.613281 709.371094
683.785156 711.371094
684.402344 712.371094
685.699219 714.371094
686.378906 715.371094
687.800781 717.371094
688.542969 718.371094
689.285156 719.371094
690.027344 720.371094
690.769531 721.371094
691.511719 722.371094
692.253906 723.371094
692.996094 724.371094
693.738281 725.371094
694.480469 726.371094
695.222656 727.371094
695.964844 728.371094
696.734375 729.328125
697.531250 730.242188
698.355469 731.113281
699.207031 731.941406
700.964844 733.511719
701.871094 734.253906
703.738281 735.652344
704.699219 736.308594
706.675781 737.535156
707.675781 738.105469
709.675781 739.160156
710.675781 739.644531
712.675781 740.527344
713.675781 740.925781
715.675781 741.636719
716.675781 741.949219
718.675781 742.488281
719.675781 742.714844
721.675781 743.082031
722.675781 743.222656
724.675781 743.417969
725.675781 743.472656
727.675781 743.496094
728.675781 743.496094
730.675781 743.425781
731.675781 743.363281
733.675781 743.183594
734.675781 743.066406
736.675781 742.777344
737.675781 742.605469
739.675781 742.207031
740.675781 741.980469
742.675781 741.472656
743.675781 741.191406
745.675781 740.574219
746.675781 740.238281
748.675781 739.511719
749.675781 739.121094
751.675781 738.285156
752.675781 737.839844
754.675781 736.894531
755.675781 736.394531
757.675781 735.480469
758.675781 735.066406
760.675781 734.324219
761.675781 733.996094
763.675781 733.425781
764.675781 733.183594
766.675781 732.785156
767.675781 732.628906
769.675781 732.402344
770.675781 732.332031
772.675781 732.277344
773.675781 732.277344
775.675781 732.347656
776.675781 732.410156
778.675781 732.589844
779.675781 732.707031
781.675781 732.996094
782.675781 733.167969
784.675781 733.566406
785.632812 733.792969
787.460938 734.300781
788.332031 734.582031
789.988281 735.199219
790.773438 735.535156
792.257812 736.261719
792.957031 736.652344
794.269531 737.488281
794.882812 737.933594
796.023438 738.878906
796.550781 739.378906
797.519531 740.433594
797.960938 740.988281
798.757812 742.152344
799.113281 742.761719
799.738281 744.035156
800.050781 744.671875
800.589844 746.000000
800.816406 746.691406
801.183594 748.128906
801.324219 748.875000
801.519531 750.421875
801.574219 751.222656
801.597656 752.738281
801.597656 753.453125
801.527344 754.796875
801.464844 755.425781
801.285156 756.597656
801.167969 757.140625
800.878906 758.140625
800.707031 758.597656
800.308594 759.425781
800.082031 759.796875
799.574219 760.453125
799.292969 760.738281
798.675781 761.222656
798.339844 761.421875
797.613281 761.734375
797.222656 761.847656
796.386719 761.988281
795.941406 762.015625
794.996094 762.015625
794.496094 761.980469
793.441406 761.855469
792.886719 761.765625
791.722656 761.531250
791.113281 761.421875
789.839844 761.218750
789.175781 761.125000
787.792969 760.953125
787.074219 760.875000
785.582031 760.734375
784.808594 760.671875
783.207031 760.562500
782.378906 760.515625
780.667969 760.437500
779.785156 760.437500
777.964844 760.437500
777.027344 760.437500
775.097656 760.437500
774.105469 760.437500
772.105469 760.507812
771.105469 760.570312
769.105469 760.750000
768.105469 760.867188
766.105469 761.156250
765.105469 761.328125
763.105469 761.726562
762.105469 761.953125
760.105469 762.460938
759.105469 762.742188
757.105469 763.359375
756.105469 763.695312
754.105469 764.421875
753.105469 764.812500
751.105469 765.648438
750.105469 766.093750
748.105469 767.039062
747.105469 767.539062
745.105469 768.593750
744.105469 769.148438
742.191406 770.312500
741.277344 770.921875
739.535156 772.195312
738.707031 772.859375
737.136719 774.242188
736.394531 774.960938
734.996094 776.453125
734.339844 777.226562
733.113281 778.828125
732.542969 779.656250
731.488281 781.367188
731.003906 782.250000
730.121094 784.070312
729.722656 785.007812
729.011719 786.937500
728.699219 787.929688
728.160156 789.929688
727.933594 790.929688
727.566406 792.929688
727.425781 793.929688
727.230469 795.929688
727.175781 796.929688
727.152344 798.929688
727.152344 799.929688
727.222656 801.929688
727.285156 802.929688
727.464844 804.929688
727.582031 805.929688
727.871094 807.929688
728.042969 808.929688
728.441406 810.929688
728.667969 811.929688
729.175781 813.929688
729.457031 814.929688
730.074219 816.929688
730.410156 817.929688
731.136719 819.929688
731.527344 820.929688
732.363281 822.929688
732.808594 823.929688
733.753906 825.929688
734.253906 826.929688
735.308594 828.929688
735.863281 829.886719
737.027344 831.714844
737.609375 832.628906
738.828125 834.371094
739.464844 835.199219
740.792969 836.769531
741.484375 837.511719
742.921875 838.910156
743.667969 839.566406
745.214844 840.792969
746.015625 841.363281
747.671875 842.417969
748.527344 842.902344
750.292969 843.785156
751.203125 844.183594
753.078125 844.894531
754.042969 845.207031
756.027344 845.746094
757.027344 845.972656
759.027344 846.339844
760.027344 846.480469
760.027344 846.480469
