580.000000 500.000000
580.035156 501.000000
580.160156 503.000000
580.250000 504.000000
580.484375 506.000000
580.628906 507.000000
580.972656 509.000000
581.171875 510.000000
581.625000 512.000000
581.878906 513.000000
582.441406 515.000000
582.750000 516.000000
583.421875 518.000000
583.785156 519.000000
584.566406 521.000000
584.984375 522.000000
585.875000 524.000000
586.347656 525.000000
587.347656 527.000000
587.875000 528.000000
588.851562 530.000000
589.300781 531.000000
590.121094 533.000000
590.492188 534.000000
591.156250 536.000000
591.449219 537.000000
591.957031 539.000000
592.171875 540.000000
592.523438 542.000000
592.660156 543.000000
592.855469 545.000000
592.910156 546.000000
592.933594 548.000000
592.933594 549.000000
592.863281 551.000000
592.800781 552.000000
592.613281 554.000000
592.488281 555.000000
592.175781 557.000000
591.988281 558.000000
591.800781 559.000000
591.613281 560.000000
591.175781 562.000000
590.925781 563.000000
590.363281 565.000000
590.050781 566.000000
589.363281 568.000000
589.058594 569.000000
588.527344 571.000000
588.300781 572.000000
587.925781 574.000000
587.777344 575.000000
587.558594 577.000000
587.488281 578.000000
587.425781 580.000000
587.425781 581.000000
587.496094 583.000000
587.562500 584.000000
587.750000 586.000000
587.871094 587.000000
588.167969 589.000000
588.343750 590.000000
588.750000 592.000000
588.984375 593.000000
589.515625 595.000000
589.812500 596.000000
590.468750 598.000000
590.828125 598.933594
591.609375 600.667969
592.031250 601.468750
592.937500 602.937500
593.421875 603.605469
594.453125 604.808594
595.000000 605.343750
596.156250 606.281250
596.765625 606.683594
598.046875 607.355469
598.718750 607.625000
600.125000 608.031250
600.859375 608.203125
602.390625 608.484375
603.187500 608.593750
604.843750 608.750000
605.703125 608.796875
607.484375 608.828125
608.406250 608.828125
610.312500 608.828125
611.296875 608.828125
613.296875 608.828125
614.296875 608.828125
616.296875 608.828125
617.296875 608.828125
618.296875 608.828125
619.296875 608.828125
620.296875 608.828125
621.296875 608.828125
622.296875 608.828125
623.296875 608.828125
624.296875 608.828125
625.296875 608.828125
626.296875 608.828125
627.296875 608.828125
629.296875 608.757812
630.296875 608.695312
632.296875 608.515625
633.296875 608.398438
635.296875 608.109375
636.296875 607.937500
638.296875 607.539062
639.296875 607.312500
641.296875 606.804688
642.296875 606.593750
644.296875 606.257812
645.296875 606.132812
647.296875 605.968750
648.296875 605.929688
650.296875 605.929688
651.296875 605.964844
653.296875 606.089844
654.296875 606.179688
656.296875 606.414062
657.296875 606.558594
659.296875 606.902344
660.296875 607.101562
662.296875 607.554688
663.296875 607.808594
665.296875 608.371094
666.296875 608.679688
668.296875 609.351562
669.296875 609.714844
671.296875 610.496094
672.296875 610.914062
674.296875 611.804688
675.296875 612.277344
677.296875 613.277344
678.296875 613.804688
680.296875 614.914062
681.296875 615.496094
683.296875 616.714844
684.296875 617.351562
686.210938 618.679688
687.125000 619.371094
688.867188 620.808594
689.695312 621.554688
691.265625 623.101562
692.007812 623.902344
693.406250 625.558594
694.105469 626.386719
694.804688 627.214844
695.503906 628.042969
696.203125 628.871094
696.859375 629.726562
698.085938 631.492188
698.656250 632.402344
699.710938 634.277344
700.195312 635.242188
701.078125 637.226562
701.476562 638.226562
702.187500 640.226562
702.500000 641.226562
703.039062 643.226562
703.265625 644.226562
703.632812 646.226562
703.773438 647.226562
703.968750 649.226562
704.023438 650.226562
704.046875 652.226562
704.046875 653.226562
703.976562 655.226562
703.914062 656.226562
703.734375 658.226562
703.617188 659.226562
703.328125 661.226562
703.156250 662.226562
702.757812 664.226562
702.531250 665.226562
702.023438 667.226562
701.742188 668.226562
701.265625 670.226562
701.070312 671.226562
700.765625 673.226562
700.656250 674.226562
700.523438 676.226562
700.500000 677.226562
700.500000 679.226562
700.535156 680.226562
700.660156 682.226562
700.750000 683.226562
700.984375 685.226562
701.128906 686.226562
701.472656 688.226562
701.671875 689.226562
702.125000 691.226562
702.378906 692.226562
702.941406 694.226562
703.250000 695.226562
703.921875 697.226562
704.285156 698.226562
705.066406 700.226562
705.484375 701.226562
706.375000 703.226562
706.847656 704.226562
707.847656 706.226562
708.375000 707.226562
709.484375 709.226562
710.066406 710.226562
711.285156 712.226562
711.921875 713.226562
713.250000 715.226562
713.941406 716.226562
715.378906 718.226562
716.125000 719.226562
717.671875 721.226562
718.472656 722.226562
720.128906 724.226562
720.957031 725.226562
721.785156 726.226562
722.613281 727.226562
723.441406 728.226562
724.296875 729.183594
726.062500 731.011719
726.972656 731.882812
728.847656 733.539062
729.812500 734.324219
731.796875 735.808594
732.796875 736.507812
734.796875 737.820312
735.796875 738.433594
737.796875 739.574219
738.796875 740.101562
740.796875 741.070312
741.796875 741.511719
743.796875 742.308594
744.796875 742.664062
746.796875 743.289062
747.796875 743.558594
749.796875 744.011719
750.796875 744.195312
752.796875 744.476562
753.796875 744.574219
755.796875 744.683594
756.796875 744.730469
758.796875 744.808594
759.796875 744.839844
761.796875 744.886719
762.796875 744.902344
764.796875 744.917969
765.796875 744.917969
767.796875 744.917969
768.796875 744.917969
770.796875 744.917969
771.796875 744.917969
773.796875 744.917969
774.796875 744.917969
776.796875 744.917969
777.796875 744.917969
779.796875 744.917969
780.796875 744.917969
782.796875 744.917969
783.796875 744.917969
785.796875 744.917969
836.000000 756.000000
836.000000 756.000000
836.000000 756.000000
836.000000 756.000000
836.000000 756.000000
836.000000 756.000000
836.000000 756.000000
836.000000 756.000000
836.000000 756.000000
836.000000 756.000000
836.000000 756.000000
836.000000 756.000000
836.000000 756.000000
836.000000 756.000000
836.000000 756.000000
836.000000 756.000000
836.000000 756.000000
836.000000 756.000000
836.000000 756.000000
836.000000 756.000000
836.000000 756.000000
836.000000 756.000000
836.000000 756.000000
836.000000 756.000000
836.000000 756.000000
836.000000 756.000000
836.000000 756.000000
836.000000 756.000000
836.000000 756.000000
836.000000 756.000000
836.000000 756.000000
836.000000 756.000000
836.000000 756.000000
836.000000 756.000000
836.000000 756.000000
836.000000 756.000000
836.000000 756.000000
836.000000 756.000000
836.000000 756.000000
836.000000 756.000000
836.000000 756.000000
836.000000 756.000000
836.000000 756.000000
836.000000 756.000000
836.000000 756.000000
836.000000 756.000000
836.000000 756.000000
836.000000 756.000000
836.000000 756.000000
836.000000 756.000000
836.000000 756.000000
836.000000 756.000000
836.000000 756.000000
836.000000 756.000000
836.000000 756.000000
836.000000 756.000000
836.000000 756.000000
836.000000 756.000000
836.000000 756.000000
836.000000 756.000000
836.000000 756.000000
836.000000 756.000000
836.000000 756.000000
836.000000 756.000000
836.000000 756.000000
837.921875 756.070312
838.839844 756.132812
840.589844 756.312500
841.421875 756.429688
843.000000 756.718750
843.746094 756.890625
845.152344 757.289062
845.882812 757.515625
847.398438 758.023438
848.183594 758.304688
849.808594 758.921875
850.648438 759.257812
852.382812 759.984375
853.277344 760.375000
855.121094 761.210938
856.070312 761.656250
858.023438 762.601562
859.023438 763.101562
861.023438 764.156250
862.023438 764.710938
864.023438 765.875000
865.023438 766.484375
867.023438 767.757812
868.023438 768.421875
870.023438 769.804688
871.023438 770.523438
873.023438 772.015625
874.023438 772.789062
876.023438 774.390625
877.023438 775.218750
879.023438 776.929688
880.023438 777.812500
882.023438 779.632812
883.023438 780.570312
884.953125 782.500000
885.875000 783.492188
887.632812 785.492188
888.468750 786.492188
890.054688 788.492188
890.804688 789.492188
892.218750 791.492188
892.882812 792.492188
894.125000 794.492188
894.703125 795.492188
895.773438 797.492188
896.265625 798.492188
897.164062 800.492188
897.613281 801.507812
898.062500 802.539062
898.511719 803.585938
898.960938 804.648438
899.410156 805.726562
899.859375 806.820312
900.308594 807.929688
900.757812 809.054688
901.207031 810.183594
901.656250 811.316406
902.105469 812.453125
902.554688 813.593750
903.003906 814.738281
903.453125 815.886719
903.902344 817.039062
904.351562 818.195312
904.800781 819.355469
905.250000 820.519531
905.699219 821.687500
906.148438 822.859375
906.597656 824.035156
907.046875 825.210938
907.496094 826.386719
907.945312 827.562500
908.394531 828.738281
908.843750 829.914062
909.292969 831.089844
909.742188 832.265625
910.191406 833.441406
910.640625 834.617188
911.089844 835.792969
911.539062 836.968750
911.988281 838.144531
912.437500 839.320312
912.886719 840.496094
913.335938 841.671875
913.785156 842.847656
914.234375 844.023438
914.683594 845.199219
915.132812 846.375000
915.582031 847.550781
916.031250 848.726562
916.480469 849.902344
916.929688 851.078125
917.378906 852.253906
917.828125 853.429688
918.277344 854.605469
918.726562 855.781250
919.175781 856.957031
919.625000 858.132812
920.074219 859.308594
920.523438 860.484375
920.972656 861.660156
921.421875 862.835938
921.871094 864.011719
922.320312 865.187500
922.769531 866.363281
923.218750 867.539062
923.667969 868.714844
924.109375 869.898438
924.542969 871.089844
924.968750 872.289062
925.386719 873.496094
925.792969 874.714844
926.191406 875.941406
926.582031 877.175781
926.960938 878.421875
927.312500 879.695312
927.636719 880.996094
927.933594 882.324219
928.203125 883.679688
928.464844 885.042969
928.718750 886.414062
928.960938 887.796875
929.195312 889.187500
929.417969 890.589844
929.628906 892.003906
929.828125 893.429688
930.015625 894.867188
930.191406 896.316406
930.355469 897.777344
930.507812 899.250000
930.652344 900.730469
930.789062 902.218750
930.917969 903.714844
931.039062 905.210938
931.148438 906.707031
931.246094 908.203125
931.332031 909.699219
931.410156 911.195312
931.480469 912.691406
931.539062 914.187500
931.589844 915.683594
931.628906 917.179688
931.667969 918.664062
931.707031 920.140625
931.746094 921.617188
931.785156 923.093750
931.824219 924.570312
931.863281 926.046875
931.902344 927.523438
931.941406 929.000000
932.007812 930.000000
932.195312 932.000000
932.316406 933.000000
932.613281 935.000000
932.789062 936.000000
933.195312 938.000000
933.425781 939.000000
933.941406 941.000000
934.226562 942.000000
934.851562 944.000000
935.191406 945.000000
935.925781 947.000000
936.320312 948.000000
937.164062 950.000000
937.613281 951.000000
938.566406 953.000000
939.070312 954.000000
940.132812 956.000000
940.691406 957.000000
941.863281 959.000000
942.476562 960.000000
943.757812 962.000000
944.425781 963.000000
946.910156 964.937500
946.910156 964.937500
