84.035156 52.035156
84.074219 52.144531
84.078125 52.218750
84.078125 52.406250
84.078125 52.519531
84.078125 52.785156
84.078125 52.937500
84.078125 53.281250
84.078125 53.472656
84.078125 53.894531
84.078125 54.125000
84.078125 54.625000
84.078125 54.894531
84.078125 55.472656
84.078125 55.781250
84.078125 56.437500
84.078125 56.785156
84.078125 57.519531
84.078125 57.906250
84.078125 58.718750
84.078125 59.144531
84.078125 60.035156
84.078125 60.500000
84.078125 61.468750
84.078125 61.972656
84.078125 63.019531
84.113281 63.562500
84.222656 64.687500
84.296875 65.269531
84.484375 66.472656
84.597656 67.093750
84.863281 68.375000
85.015625 69.035156
85.359375 70.394531
85.550781 71.093750
85.972656 72.531250
86.203125 73.269531
86.703125 74.785156
86.972656 75.562500
87.550781 77.156250
87.859375 77.972656
88.515625 79.644531
88.863281 80.500000
89.597656 82.250000
89.984375 83.144531
90.796875 84.972656
91.222656 85.906250
92.113281 87.812500
92.578125 88.785156
93.546875 90.769531
94.050781 91.769531
95.097656 93.769531
95.640625 94.769531
96.765625 96.769531
97.347656 97.769531
98.550781 99.769531
99.171875 100.769531
100.453125 102.769531
101.113281 103.769531
102.472656 105.769531
103.171875 106.769531
104.609375 108.769531
105.347656 109.769531
106.863281 111.769531
107.640625 112.769531
109.234375 114.769531
110.050781 115.769531
111.722656 117.769531
112.578125 118.769531
114.328125 120.769531
115.234375 121.769531
117.109375 123.769531
118.078125 124.769531
120.078125 126.769531
121.078125 127.769531
123.078125 129.769531
124.078125 130.742188
126.078125 132.632812
127.078125 133.550781
129.078125 135.191406
130.078125 136.011719
132.078125 137.566406
133.078125 138.300781
135.078125 139.683594
136.078125 140.332031
138.078125 141.542969
139.078125 142.105469
141.078125 143.144531
142.078125 143.621094
144.078125 144.488281
145.078125 144.878906
147.078125 145.574219
148.078125 145.878906
150.078125 146.402344
151.078125 146.621094
153.078125 146.972656
154.078125 147.105469
156.078125 147.285156
157.078125 147.332031
159.078125 147.339844
160.078125 147.339844
162.078125 147.269531
163.078125 147.207031
165.078125 147.097656
166.078125 147.050781
168.078125 146.972656
169.078125 146.933594
171.078125 146.855469
172.078125 146.816406
174.078125 146.738281
175.078125 146.699219
177.078125 146.621094
178.078125 146.582031
180.078125 146.503906
181.078125 146.464844
183.078125 146.386719
184.078125 146.347656
186.078125 146.269531
187.078125 146.230469
189.078125 146.152344
190.078125 146.113281
192.062500 146.050781
193.054688 146.019531
195.039062 145.957031
196.031250 145.925781
198.015625 145.863281
199.007812 145.832031
200.992188 145.769531
201.984375 145.738281
203.968750 145.675781
204.960938 145.644531
206.945312 145.582031
207.937500 145.550781
209.921875 145.488281
210.914062 145.457031
212.898438 145.394531
213.890625 145.363281
214.882812 145.332031
215.875000 145.300781
215.875000 145.300781
214.882812 145.269531
214.882812 145.269531
