725.847656 632.738281
723.847656 632.738281
722.847656 632.738281
720.847656 632.667969
719.847656 632.605469
717.847656 632.425781
716.847656 632.343750
714.847656 632.195312
713.847656 632.128906
711.847656 632.011719
710.847656 632.003906
708.847656 632.003906
707.847656 632.039062
705.847656 632.148438
704.847656 632.222656
702.847656 632.410156
701.847656 632.523438
699.847656 632.789062
698.847656 632.941406
696.847656 633.285156
695.847656 633.476562
693.847656 633.898438
692.847656 634.128906
690.847656 634.628906
689.847656 634.898438
687.847656 635.476562
686.847656 635.792969
684.847656 636.480469
683.847656 636.851562
681.847656 637.648438
680.847656 638.074219
678.863281 638.980469
677.878906 639.460938
675.996094 640.476562
675.097656 641.011719
673.386719 642.136719
672.574219 642.726562
671.035156 643.960938
670.308594 644.605469
668.941406 645.949219
668.265625 646.613281
667.597656 647.269531
666.937500 647.917969
666.285156 648.558594
665.632812 649.199219
664.980469 649.839844
664.328125 650.480469
663.675781 651.121094
663.031250 651.746094
662.394531 652.355469
661.765625 652.949219
661.144531 653.527344
660.531250 654.089844
659.925781 654.636719
659.328125 655.167969
658.738281 655.683594
658.156250 656.183594
657.582031 656.667969
657.015625 657.136719
656.457031 657.589844
655.906250 658.027344
655.355469 658.464844
654.804688 658.902344
654.253906 659.339844
653.703125 659.777344
653.152344 660.214844
652.601562 660.652344
652.050781 661.089844
651.500000 661.527344
650.949219 661.964844
650.398438 662.402344
649.847656 662.839844
649.296875 663.277344
648.746094 663.714844
648.195312 664.152344
648.195312 664.152344
