799.355469 726.089844
799.375000 725.699219
799.390625 725.300781
799.402344 724.894531
799.417969 724.066406
799.421875 723.644531
799.421875 722.785156
799.421875 722.347656
799.421875 721.902344
799.421875 721.449219
799.421875 720.988281
799.421875 720.519531
799.421875 720.042969
799.421875 719.558594
799.421875 719.066406
799.421875 718.566406
799.421875 718.058594
799.421875 717.542969
799.457031 716.984375
799.488281 716.382812
799.515625 715.738281
799.539062 715.050781
799.539062 714.320312
799.503906 713.546875
799.437500 712.730469
799.339844 711.871094
799.214844 710.984375
799.062500 710.070312
798.882812 709.128906
798.675781 708.160156
798.441406 707.164062
798.179688 706.164062
797.890625 705.164062
797.574219 704.164062
797.230469 703.164062
796.859375 702.164062
796.460938 701.164062
796.035156 700.164062
795.582031 699.164062
795.101562 698.164062
794.593750 697.164062
794.058594 696.164062
793.496094 695.164062
792.941406 694.164062
792.394531 693.164062
791.855469 692.164062
791.324219 691.164062
790.800781 690.164062
789.769531 688.164062
789.261719 687.164062
788.753906 686.164062
788.246094 685.164062
787.738281 684.164062
787.238281 683.164062
786.183594 681.164062
785.628906 680.164062
784.464844 678.164062
783.855469 677.164062
782.582031 675.164062
781.917969 674.171875
780.535156 672.203125
779.816406 671.226562
778.324219 669.289062
777.550781 668.328125
775.949219 666.421875
775.121094 665.476562
773.410156 663.601562
772.527344 662.671875
770.707031 660.828125
769.769531 659.914062
767.839844 658.101562
766.847656 657.203125
764.847656 655.421875
763.847656 654.539062
761.847656 652.789062
