604.000000 668.000000
603.000000 668.035156
601.000000 668.160156
600.000000 668.250000
598.000000 668.484375
597.000000 668.628906
595.000000 668.972656
594.000000 669.171875
592.000000 669.484375
591.000000 669.597656
589.000000 669.738281
588.000000 669.765625
586.000000 669.765625
585.000000 669.730469
583.000000 669.605469
582.000000 669.515625
580.000000 669.281250
579.000000 669.136719
577.000000 668.792969
576.000000 668.593750
574.000000 668.140625
573.000000 667.886719
571.000000 667.324219
570.000000 667.015625
568.000000 666.343750
567.000000 665.980469
565.000000 665.199219
564.000000 664.781250
562.000000 663.890625
561.000000 663.417969
559.000000 662.417969
558.000000 661.890625
556.000000 660.781250
555.000000 660.199219
553.000000 658.980469
552.000000 658.343750
550.000000 657.015625
549.000000 656.324219
547.000000 654.886719
546.000000 654.167969
545.000000 653.449219
544.000000 652.730469
543.000000 652.011719
542.000000 651.261719
540.000000 649.699219
539.000000 648.886719
537.000000 647.199219
536.000000 646.324219
534.000000 644.511719
533.031250 643.574219
531.226562 641.636719
530.390625 640.636719
528.851562 638.636719
528.148438 637.636719
526.875000 635.636719
526.269531 634.636719
525.121094 632.636719
524.578125 631.636719
523.554688 629.636719
523.074219 628.636719
522.175781 626.636719
521.757812 625.636719
520.984375 623.636719
520.597656 622.636719
520.210938 621.636719
519.824219 620.636719
519.136719 618.636719
518.765625 617.636719
517.968750 615.636719
517.542969 614.636719
516.636719 612.636719
516.156250 611.636719
515.140625 609.636719
514.605469 608.636719
513.480469 606.636719
512.890625 605.636719
511.656250 603.636719
511.011719 602.636719
509.667969 600.636719
508.968750 599.636719
507.515625 597.636719
506.761719 596.636719
505.199219 594.636719
504.390625 593.636719
502.718750 591.636719
501.843750 590.636719
500.015625 588.636719
499.062500 587.636719
497.078125 585.636719
496.078125 584.636719
494.078125 582.636719
493.078125 581.636719
491.078125 579.636719
490.121094 578.636719
488.292969 576.636719
487.421875 575.636719
485.812500 573.636719
485.074219 572.636719
483.730469 570.636719
483.125000 569.636719
482.046875 567.636719
481.574219 566.636719
480.761719 564.636719
480.421875 563.636719
479.875000 561.636719
479.667969 560.636719
479.386719 558.636719
479.312500 557.636719
479.296875 555.636719
479.332031 554.636719
479.488281 552.636719
479.609375 551.636719
479.937500 549.636719
480.144531 548.636719
480.644531 546.636719
480.937500 545.636719
481.609375 543.636719
481.988281 542.636719
482.832031 540.636719
483.296875 539.636719
484.312500 537.636719
484.863281 536.636719
486.050781 534.636719
486.687500 533.636719
488.046875 531.636719
488.726562 530.636719
489.406250 529.636719
490.085938 528.636719
490.765625 527.636719
491.472656 526.636719
492.941406 524.636719
493.703125 523.636719
495.210938 521.636719
495.921875 520.636719
497.257812 518.636719
497.882812 517.636719
499.046875 515.636719
499.585938 514.636719
500.578125 512.636719
501.031250 511.636719
501.851562 509.636719
502.218750 508.636719
502.867188 506.636719
503.148438 505.636719
503.625000 503.636719
503.863281 502.636719
504.101562 501.636719
504.296875 500.679688
504.601562 498.851562
504.710938 497.980469
504.843750 496.324219
504.867188 495.539062
504.867188 494.054688
504.832031 493.355469
504.707031 492.042969
504.617188 491.429688
504.382812 490.289062
504.238281 489.761719
503.894531 488.792969
503.722656 488.308594
503.550781 487.824219
503.351562 487.382812
502.898438 486.585938
502.644531 486.230469
502.082031 485.605469
501.773438 485.335938
501.101562 484.742188
500.738281 484.417969
499.957031 483.714844
499.539062 483.335938
498.648438 482.523438
498.175781 482.089844
497.175781 481.167969
496.648438 480.679688
495.539062 479.648438
494.957031 479.105469
493.738281 477.964844
493.101562 477.367188
491.773438 476.117188
491.082031 475.464844
489.644531 474.105469
488.898438 473.398438
487.421875 471.929688
486.691406 471.167969
485.246094 469.589844
484.531250 468.773438
483.117188 467.085938
482.417969 466.214844
481.035156 464.417969
480.351562 463.492188
479.667969 462.566406
478.988281 461.589844
477.636719 459.589844
476.964844 458.589844
475.628906 456.589844
474.964844 455.589844
473.644531 453.589844
472.988281 452.589844
471.683594 450.589844
471.035156 449.589844
469.746094 447.589844
469.105469 446.589844
467.832031 444.589844
467.199219 443.589844
465.871094 441.589844
465.175781 440.589844
465.175781 440.589844
465.867188 439.589844
467.171875 437.589844
467.785156 436.589844
468.933594 434.589844
469.468750 433.589844
470.460938 431.589844
470.914062 430.589844
471.734375 428.589844
472.101562 427.589844
472.750000 425.589844
473.031250 424.589844
473.507812 422.589844
473.703125 421.589844
474.007812 419.589844
474.152344 418.589844
474.425781 416.589844
474.554688 415.589844
474.796875 413.589844
474.910156 412.589844
475.121094 410.589844
475.218750 409.589844
475.398438 407.589844
475.480469 406.589844
475.628906 404.589844
475.695312 403.589844
475.812500 401.589844
475.863281 400.589844
475.949219 398.589844
475.984375 397.589844
476.039062 395.589844
476.058594 394.589844
476.082031 392.589844
476.085938 391.589844
476.085938 389.589844
476.085938 388.589844
476.085938 386.589844
476.085938 385.589844
476.085938 383.589844
476.085938 382.589844
476.015625 380.589844
475.953125 379.589844
475.773438 377.589844
475.656250 376.589844
475.367188 374.589844
475.195312 373.589844
474.796875 371.589844
474.570312 370.589844
474.062500 368.589844
473.781250 367.589844
473.164062 365.589844
472.828125 364.589844
472.101562 362.589844
471.710938 361.589844
470.875000 359.589844
470.429688 358.589844
469.484375 356.589844
468.984375 355.589844
467.929688 353.589844
467.375000 352.589844
466.210938 350.589844
465.601562 349.589844
464.328125 347.589844
463.664062 346.589844
462.281250 344.589844
461.562500 343.589844
460.070312 341.675781
459.296875 340.761719
457.695312 339.019531
456.867188 338.191406
455.156250 336.621094
454.273438 335.878906
452.453125 334.480469
451.515625 333.824219
449.585938 332.597656
448.593750 332.027344
446.593750 330.972656
445.593750 330.488281
443.593750 329.605469
442.593750 329.207031
440.593750 328.496094
439.636719 328.183594
438.679688 327.871094
437.765625 327.601562
436.023438 327.148438
435.195312 326.964844
433.625000 326.683594
432.882812 326.585938
431.484375 326.476562
430.828125 326.464844
429.601562 326.464844
429.031250 326.500000
427.976562 326.625000
427.492188 326.714844
426.609375 326.949219
426.210938 327.093750
425.500000 327.437500
425.117188 327.636719
424.296875 328.089844
423.886719 328.316406
423.011719 328.824219
422.546875 329.105469
421.562500 329.722656
421.042969 330.058594
419.949219 330.785156
419.375000 331.175781
418.171875 332.011719
417.542969 332.457031
416.230469 333.402344
415.546875 333.902344
414.125000 334.957031
413.386719 335.511719
411.855469 336.675781
411.062500 337.285156
409.421875 338.558594
408.574219 339.222656
406.824219 340.605469
405.921875 341.324219
404.062500 342.816406
403.105469 343.589844
401.136719 345.191406
400.136719 346.019531
398.136719 347.730469
397.136719 348.585938
396.136719 349.441406
395.136719 350.296875
394.136719 351.152344
393.136719 352.007812
391.136719 353.804688
390.136719 354.746094
388.136719 356.714844
387.136719 357.714844
385.136719 359.714844
384.136719 360.714844
382.136719 362.714844
381.136719 363.714844
379.136719 365.714844
378.136719 366.714844
376.136719 368.714844
375.136719 369.714844
373.136719 371.714844
372.136719 372.714844
370.136719 374.714844
369.136719 375.714844
367.136719 377.714844
366.136719 378.714844
364.136719 380.714844
363.136719 381.714844
361.136719 383.714844
360.136719 384.714844
358.136719 386.714844
357.136719 387.714844
355.136719 389.628906
354.136719 390.542969
352.136719 392.285156
351.136719 393.113281
349.136719 394.683594
348.136719 395.425781
346.136719 396.824219
345.136719 397.480469
343.136719 398.707031
342.136719 399.277344
340.136719 400.332031
339.136719 400.816406
337.136719 401.699219
336.136719 402.097656
334.136719 402.808594
333.136719 403.121094
331.136719 403.660156
330.136719 403.886719
328.136719 404.253906
327.136719 404.394531
325.136719 404.589844
324.136719 404.644531
322.136719 404.667969
321.136719 404.667969
319.136719 404.597656
318.136719 404.535156
316.136719 404.355469
315.136719 404.238281
313.136719 403.949219
312.136719 403.777344
310.136719 403.378906
309.136719 403.152344
307.136719 402.644531
306.136719 402.363281
304.136719 401.746094
303.136719 401.410156
301.136719 400.683594
300.136719 400.292969
298.136719 399.457031
297.136719 399.011719
295.136719 398.066406
294.136719 397.566406
292.136719 396.511719
291.136719 395.957031
289.136719 394.792969
288.136719 394.183594
286.222656 392.910156
285.308594 392.246094
283.566406 390.863281
282.738281 390.144531
281.167969 388.652344
280.425781 387.878906
279.027344 386.277344
278.371094 385.449219
277.144531 383.738281
276.574219 382.855469
275.519531 381.035156
275.035156 380.097656
274.152344 378.167969
273.753906 377.175781
273.042969 375.175781
272.730469 374.175781
272.191406 372.175781
271.964844 371.175781
271.597656 369.175781
271.457031 368.175781
271.261719 366.175781
271.207031 365.175781
271.183594 363.175781
271.183594 362.175781
271.253906 360.175781
271.316406 359.175781
271.480469 357.175781
271.582031 356.175781
271.824219 354.175781
271.964844 353.175781
272.285156 351.253906
272.464844 350.332031
272.863281 348.566406
273.082031 347.722656
273.558594 346.113281
273.816406 345.347656
274.371094 343.894531
274.675781 343.210938
275.339844 341.929688
275.699219 341.332031
276.472656 340.222656
276.886719 339.710938
277.769531 338.773438
278.238281 338.347656
279.230469 337.582031
279.753906 337.242188
280.855469 336.648438
281.433594 336.394531
282.644531 335.972656
283.277344 335.804688
284.597656 335.554688
285.285156 335.472656
286.714844 335.324219
287.457031 335.257812
288.996094 335.140625
289.792969 335.089844
291.441406 335.003906
292.292969 334.968750
294.050781 334.968750
294.957031 334.968750
296.824219 334.898438
297.785156 334.835938
299.761719 334.656250
300.761719 334.539062
302.761719 334.250000
303.761719 334.078125
305.761719 333.679688
306.761719 333.453125
308.761719 332.945312
309.718750 332.664062
311.546875 332.046875
312.417969 331.710938
314.074219 330.984375
314.859375 330.593750
316.343750 329.757812
317.042969 329.312500
318.355469 328.367188
318.968750 327.867188
320.109375 326.812500
320.636719 326.257812
321.605469 325.093750
322.046875 324.484375
322.843750 323.210938
323.199219 322.546875
323.824219 321.164062
324.093750 320.445312
324.546875 318.953125
324.730469 318.179688
325.011719 316.578125
325.109375 315.750000
325.218750 314.039062
325.230469 313.156250
325.230469 311.335938
325.195312 310.398438
325.070312 308.468750
324.980469 307.476562
324.746094 305.476562
324.601562 304.476562
324.257812 302.476562
324.058594 301.476562
323.605469 299.476562
323.351562 298.476562
322.789062 296.476562
322.480469 295.476562
321.808594 293.476562
321.445312 292.476562
320.664062 290.476562
320.246094 289.476562
319.355469 287.476562
318.882812 286.476562
317.882812 284.476562
317.355469 283.476562
316.246094 281.476562
315.664062 280.476562
314.445312 278.476562
313.808594 277.476562
312.550781 275.476562
311.929688 274.476562
310.703125 272.476562
310.097656 271.476562
308.902344 269.476562
308.312500 268.476562
307.148438 266.476562
306.574219 265.476562
305.441406 263.476562
304.882812 262.476562
303.781250 260.476562
303.238281 259.476562
302.167969 257.476562
301.640625 256.476562
300.601562 254.476562
300.089844 253.476562
299.082031 251.476562
298.585938 250.476562
297.609375 248.476562
297.128906 247.476562
296.183594 245.476562
295.718750 244.476562
294.804688 242.476562
294.355469 241.476562
293.472656 239.476562
293.039062 238.476562
292.187500 236.476562
291.769531 235.476562
290.949219 233.476562
290.546875 232.476562
289.757812 230.476562
289.371094 229.476562
288.613281 227.476562
288.242188 226.476562
287.515625 224.476562
287.125000 223.476562
286.281250 221.476562
285.828125 220.476562
284.859375 218.476562
284.343750 217.476562
283.250000 215.476562
282.671875 214.476562
281.453125 212.476562
280.812500 211.476562
279.468750 209.476562
278.765625 208.476562
277.296875 206.476562
276.531250 205.511719
274.937500 203.621094
274.109375 202.695312
272.390625 200.882812
272.390625 200.882812
270.539062 202.585938
269.585938 203.394531
267.625000 204.925781
266.625000 205.648438
264.625000 207.007812
263.625000 207.644531
261.625000 208.832031
260.625000 209.382812
258.625000 210.398438
257.625000 210.863281
255.625000 211.707031
254.625000 212.085938
252.625000 212.757812
251.625000 213.050781
249.625000 213.550781
248.625000 213.757812
246.625000 214.085938
245.625000 214.207031
243.625000 214.363281
242.625000 214.398438
240.625000 214.453125
239.625000 214.472656
237.625000 214.496094
236.625000 214.500000
234.625000 214.500000
233.625000 214.500000
231.625000 214.500000
230.625000 214.500000
228.625000 214.500000
227.625000 214.500000
225.625000 214.500000
224.625000 214.500000
222.625000 214.500000
221.625000 214.500000
219.625000 214.500000
218.625000 214.500000
216.625000 214.500000
215.625000 214.500000
213.625000 214.500000
212.625000 214.500000
210.625000 214.500000
209.625000 214.500000
207.625000 214.500000
206.625000 214.500000
204.625000 214.500000
203.625000 214.500000
201.625000 214.500000
200.625000 214.500000
198.625000 214.500000
197.625000 214.500000
195.625000 214.500000
194.625000 214.500000
192.625000 214.500000
191.625000 214.500000
189.625000 214.500000
188.625000 214.500000
186.625000 214.500000
185.625000 214.500000
183.625000 214.500000
182.625000 214.500000
180.625000 214.500000
179.625000 214.500000
177.625000 214.500000
176.625000 214.500000
174.625000 214.500000
173.625000 214.500000
171.625000 214.500000
170.625000 214.500000
168.625000 214.500000
167.625000 214.500000
165.625000 214.500000
164.625000 214.500000
162.625000 214.500000
161.625000 214.500000
159.625000 214.500000
158.625000 214.500000
156.625000 214.500000
155.625000 214.500000
153.625000 214.500000
152.625000 214.500000
150.625000 214.500000
149.625000 214.500000
147.625000 214.500000
146.625000 214.500000
144.625000 214.500000
143.625000 214.500000
141.625000 214.500000
140.625000 214.500000
138.625000 214.500000
137.625000 214.500000
135.625000 214.500000
134.625000 214.464844
132.625000 214.339844
131.625000 214.250000
129.625000 214.015625
128.625000 213.871094
126.625000 213.527344
125.625000 213.328125
123.625000 212.875000
122.625000 212.621094
120.625000 212.058594
119.625000 211.750000
117.625000 211.078125
116.625000 210.714844
114.625000 209.933594
113.625000 209.515625
111.625000 208.625000
110.625000 208.152344
108.625000 207.152344
107.625000 206.625000
105.625000 205.515625
104.625000 204.933594
102.625000 203.714844
101.625000 203.078125
99.625000 201.750000
98.625000 201.058594
96.625000 199.621094
95.632812 198.875000
93.664062 197.328125
92.687500 196.527344
90.750000 194.871094
89.789062 194.015625
87.882812 192.250000
86.937500 191.339844
85.062500 189.464844
84.132812 188.500000
82.359375 186.515625
81.515625 185.515625
79.914062 183.515625
79.156250 182.515625
77.726562 180.515625
77.054688 179.515625
75.796875 177.515625
75.210938 176.515625
74.125000 174.515625
73.582031 173.515625
73.039062 172.515625
72.496094 171.515625
71.953125 170.515625
71.453125 169.515625
70.539062 167.515625
70.125000 166.515625
69.382812 164.515625
69.054688 163.515625
68.484375 161.515625
68.242188 160.515625
67.843750 158.515625
67.687500 157.515625
67.460938 155.515625
67.390625 154.515625
67.335938 152.515625
67.335938 151.515625
67.406250 149.515625
67.468750 148.515625
67.648438 146.515625
67.765625 145.515625
68.054688 143.515625
68.226562 142.515625
68.625000 140.515625
68.851562 139.515625
69.359375 137.515625
69.640625 136.515625
70.257812 134.515625
70.593750 133.515625
71.320312 131.515625
71.710938 130.515625
72.546875 128.515625
72.964844 127.515625
73.855469 125.515625
74.328125 124.515625
75.328125 122.515625
75.855469 121.515625
76.964844 119.515625
77.546875 118.515625
78.765625 116.515625
79.402344 115.515625
80.730469 113.515625
80.730469 113.515625
