0.000000 192.000000
0.000000 192.000000
0.000000 188.750000
0.500000 185.625000
0.000000 182.625000
0.500000 179.750000
0.000000 177.000000
111.500000 174.375000
111.000000 171.875000
111.500000 169.500000
111.000000 167.250000
61.500000 165.125000
63.000000 163.125000
64.500000 161.250000
66.000000 159.500000
67.500000 157.875000
69.000000 156.375000
70.500000 155.000000
72.000000 153.750000
73.500000 152.625000
75.000000 151.625000
76.500000 150.750000
78.000000 150.000000
79.500000 149.375000
81.000000 148.875000
82.500000 148.500000
84.000000 148.250000
85.500000 148.125000
87.000000 148.125000
88.500000 148.250000
90.000000 148.500000
91.500000 148.875000
93.000000 149.375000
94.500000 150.000000
96.000000 150.750000
97.500000 151.625000
99.000000 152.625000
100.500000 153.750000
102.000000 155.000000
103.500000 156.375000
105.000000 157.875000
106.500000 159.500000
108.000000 161.250000
109.500000 163.125000
111.000000 165.125000
112.500000 167.250000
114.000000 169.500000
115.500000 171.875000
117.000000 174.375000
118.500000 177.000000
120.000000 179.750000
121.500000 182.625000
123.000000 185.625000
124.500000 188.750000
126.000000 192.000000
126.000000 188.750000
125.500000 185.625000
124.000000 182.625000
123.500000 179.750000
122.000000 177.000000
121.500000 174.375000
120.000000 171.875000
119.500000 169.500000
118.000000 167.250000
117.500000 165.125000
116.000000 163.125000
115.500000 161.250000
114.000000 159.500000
113.500000 157.875000
112.000000 156.375000
111.500000 155.000000
110.000000 153.750000
109.500000 152.625000
108.000000 151.625000
107.500000 150.750000
106.000000 150.000000
105.500000 149.375000
104.000000 148.875000
103.500000 148.500000
102.000000 148.250000
101.500000 148.125000
100.000000 148.125000
99.500000 148.250000
98.000000 148.500000
97.500000 148.875000
96.000000 149.375000
95.500000 150.000000
94.000000 150.750000
93.500000 151.625000
92.000000 152.625000
91.500000 153.750000
90.000000 155.000000
89.500000 156.375000
88.000000 157.875000
87.500000 159.500000
86.000000 161.250000
85.500000 163.125000
84.000000 165.125000
83.500000 167.250000
82.000000 169.500000
81.500000 171.875000
80.000000 174.375000
79.500000 177.000000
78.000000 179.750000
77.500000 182.625000
76.000000 185.625000
75.500000 188.750000
75.000000 192.000000
75.000000 188.750000
74.500000 185.625000
73.000000 182.625000
72.500000 179.750000
71.000000 177.000000
70.500000 174.375000
69.000000 171.875000
68.500000 169.500000
67.000000 167.250000
66.500000 165.125000
65.000000 163.125000
64.500000 161.250000
64.500000 159.500000
64.000000 157.875000
63.500000 156.375000
62.000000 155.000000
61.500000 153.750000
61.000000 152.625000
61.000000 151.625000
60.500000 150.750000
59.000000 150.000000
58.500000 149.375000
57.000000 148.875000
56.500000 148.500000
56.500000 148.250000
58.000000 148.125000
59.500000 148.125000
61.000000 148.250000
62.500000 148.500000
64.000000 148.875000
64.000000 149.375000
65.500000 150.000000
67.000000 150.750000
68.500000 151.625000
70.000000 152.625000
71.500000 153.750000
71.500000 155.000000
73.000000 156.375000
74.500000 157.875000
76.000000 159.500000
77.500000 161.250000
79.000000 163.125000
79.000000 165.125000
79.000000 167.250000
79.000000 169.500000
79.000000 171.875000
80.500000 174.375000
82.000000 177.000000
83.500000 179.750000
85.000000 182.625000
0.500000 185.625000
86.500000 188.750000
86.500000 192.000000
85.000000 188.750000
84.500000 185.625000
84.000000 182.625000
82.500000 179.750000
82.000000 177.000000
81.500000 174.375000
81.500000 171.875000
81.000000 169.500000
80.500000 167.250000
79.000000 165.125000
78.500000 163.125000
77.000000 161.250000
76.500000 159.500000
75.000000 157.875000
74.500000 156.375000
74.500000 155.000000
74.000000 153.750000
75.500000 152.625000
77.000000 151.625000
78.500000 150.750000
80.000000 150.000000
81.500000 149.375000
83.000000 148.875000
84.500000 148.500000
84.500000 148.250000
86.000000 148.125000
87.500000 148.125000
89.000000 148.250000
90.500000 148.500000
92.000000 148.875000
93.500000 149.375000
95.000000 150.000000
96.500000 150.750000
96.500000 151.625000
98.000000 152.625000
99.500000 153.750000
101.000000 155.000000
102.500000 156.375000
104.000000 157.875000
105.500000 159.500000
107.000000 161.250000
108.500000 163.125000
108.500000 165.125000
110.000000 167.250000
111.500000 169.500000
113.000000 171.875000
114.500000 174.375000
116.000000 177.000000
117.500000 179.750000
119.000000 182.625000
120.500000 185.625000
120.500000 188.750000
122.000000 192.000000
122.000000 192.000000
122.000000 192.000000
122.000000 192.000000
122.000000 192.000000
122.000000 192.000000
122.000000 192.000000
122.000000 192.000000
122.000000 192.000000
122.000000 192.000000
122.000000 192.000000
122.000000 192.000000
123.500000 188.750000
125.000000 185.625000
126.500000 182.625000
128.000000 179.750000
129.500000 177.000000
129.500000 174.375000
131.000000 171.875000
132.500000 169.500000
134.000000 167.250000
135.500000 165.125000
137.000000 163.125000
138.500000 161.250000
140.000000 159.500000
141.500000 157.875000
141.500000 156.375000
143.000000 155.000000
144.500000 153.750000
146.000000 152.625000
147.500000 151.625000
149.000000 150.750000
150.500000 150.000000
152.000000 149.375000
153.500000 148.875000
153.500000 148.500000
155.000000 148.250000
156.500000 148.125000
158.000000 148.125000
159.500000 148.250000
161.000000 148.500000
162.500000 148.875000
164.000000 149.375000
165.500000 150.000000
165.500000 150.750000
167.000000 151.625000
168.500000 152.625000
170.000000 153.750000
171.500000 155.000000
173.000000 156.375000
174.500000 157.875000
176.000000 159.500000
177.500000 161.250000
177.500000 163.125000
177.500000 165.125000
177.500000 167.250000
177.500000 169.500000
177.500000 171.875000
177.500000 174.375000
179.000000 177.000000
180.500000 179.750000
182.000000 182.625000
180.500000 185.625000
180.500000 188.750000
180.000000 192.000000
180.000000 192.000000
178.500000 188.750000
178.000000 185.625000
176.500000 182.625000
176.000000 179.750000
175.500000 177.000000
175.500000 174.375000
175.000000 171.875000
174.500000 169.500000
173.000000 167.250000
172.500000 165.125000
171.000000 163.125000
170.500000 161.250000
169.000000 159.500000
168.500000 157.875000
168.500000 156.375000
168.500000 155.000000
167.000000 153.750000
166.500000 152.625000
165.000000 151.625000
164.500000 150.750000
163.000000 150.000000
162.500000 149.375000
162.000000 148.875000
162.000000 148.500000
162.000000 148.250000
161.500000 148.125000
160.000000 148.125000
159.500000 148.250000
158.000000 148.500000
157.500000 148.875000
156.000000 149.375000
155.500000 150.000000
155.500000 150.750000
155.500000 151.625000
154.000000 152.625000
153.500000 153.750000
152.000000 155.000000
151.500000 156.375000
150.000000 157.875000
149.500000 159.500000
151.000000 161.250000
151.000000 163.125000
152.500000 165.125000
154.000000 167.250000
155.500000 169.500000
157.000000 171.875000
158.500000 174.375000
160.000000 177.000000
161.500000 179.750000
163.000000 182.625000
163.000000 185.625000
164.500000 188.750000
164.500000 192.000000
164.500000 192.000000
164.500000 192.000000
164.500000 192.000000
164.500000 192.000000
164.500000 192.000000
164.500000 192.000000
164.500000 192.000000
164.500000 192.000000
164.500000 192.000000
164.500000 192.000000
166.000000 188.750000
167.500000 185.625000
169.000000 182.625000
170.500000 179.750000
172.000000 177.000000
172.000000 174.375000
172.000000 171.875000
173.500000 169.500000
175.000000 167.250000
176.500000 165.125000
178.000000 163.125000
176.500000 161.250000
176.000000 159.500000
175.500000 157.875000
175.500000 156.375000
175.500000 155.000000
174.000000 153.750000
173.500000 152.625000
172.000000 151.625000
171.500000 150.750000
170.000000 150.000000
169.500000 149.375000
169.000000 148.875000
169.000000 148.500000
169.000000 148.250000
168.500000 148.125000
167.000000 148.125000
166.500000 148.250000
165.000000 148.500000
164.500000 148.875000
163.000000 149.375000
162.500000 150.000000
162.500000 150.750000
162.500000 151.625000
161.000000 152.625000
160.500000 153.750000
159.000000 155.000000
158.500000 156.375000
157.000000 157.875000
156.500000 159.500000
156.000000 161.250000
156.000000 163.125000
155.500000 165.125000
155.500000 167.250000
155.500000 169.500000
155.500000 171.875000
157.000000 174.375000
158.500000 177.000000
160.000000 179.750000
160.000000 182.625000
160.000000 185.625000
159.500000 188.750000
158.000000 192.000000
158.000000 192.000000
158.000000 192.000000
158.000000 192.000000
158.000000 192.000000
158.000000 192.000000
158.000000 192.000000
158.000000 192.000000
158.000000 192.000000
158.000000 192.000000
158.000000 192.000000
156.500000 188.750000
156.000000 185.625000
155.500000 182.625000
154.000000 179.750000
153.500000 177.000000
153.500000 174.375000
153.500000 171.875000
152.000000 169.500000
151.500000 167.250000
150.000000 165.125000
149.500000 163.125000
148.000000 161.250000
147.500000 159.500000
147.000000 157.875000
147.000000 156.375000
147.000000 155.000000
145.500000 153.750000
145.000000 152.625000
143.500000 151.625000
143.000000 150.750000
143.000000 150.000000
143.000000 149.375000
143.000000 148.875000
143.000000 148.500000
143.000000 148.250000
143.000000 148.125000
143.000000 148.125000
143.000000 148.250000
143.000000 148.500000
143.000000 148.875000
143.000000 149.375000
143.000000 150.000000
143.000000 150.000000
