177.000000 192.000000
56.000000 192.000000
57.500000 188.750000
59.000000 185.625000
60.500000 182.625000
62.000000 179.750000
63.500000 177.000000
65.000000 174.375000
66.500000 171.875000
68.000000 169.500000
69.500000 167.250000
71.000000 165.125000
72.500000 163.125000
74.000000 161.250000
75.500000 159.500000
77.000000 157.875000
78.500000 156.375000
80.000000 155.000000
81.500000 153.750000
83.000000 152.625000
84.500000 151.625000
86.000000 150.750000
86.000000 150.000000
87.500000 149.375000
89.000000 148.875000
90.500000 148.500000
92.000000 148.250000
93.500000 148.125000
95.000000 148.125000
96.500000 148.250000
98.000000 148.500000
99.500000 148.875000
101.000000 149.375000
101.000000 150.000000
101.000000 150.750000
101.000000 151.625000
101.000000 152.625000
101.000000 153.750000
101.000000 155.000000
101.000000 156.375000
101.000000 157.875000
101.000000 159.500000
101.000000 161.250000
100.500000 160.125000
100.500000 156.875000
100.500000 153.750000
102.000000 150.750000
103.500000 147.875000
105.000000 145.125000
105.000000 142.500000
106.500000 140.000000
108.000000 137.625000
109.500000 135.375000
111.000000 133.250000
112.500000 131.250000
114.000000 129.375000
115.500000 127.625000
117.000000 126.000000
115.500000 124.500000
115.000000 123.125000
113.500000 121.875000
113.000000 120.750000
113.000000 119.750000
112.500000 118.875000
111.000000 118.125000
110.500000 117.500000
110.000000 117.000000
110.000000 116.625000
109.500000 116.375000
108.000000 116.250000
107.500000 116.250000
106.000000 116.375000
105.500000 116.625000
104.000000 117.000000
103.500000 117.500000
102.000000 118.125000
101.500000 118.875000
100.000000 119.750000
99.500000 120.750000
99.000000 121.875000
99.000000 123.125000
98.500000 124.500000
97.000000 126.000000
96.500000 127.625000
96.000000 129.375000
96.000000 131.250000
95.500000 133.250000
94.000000 135.375000
93.500000 137.625000
92.000000 140.000000
93.500000 142.500000
95.000000 145.125000
96.500000 147.875000
98.000000 150.750000
99.500000 153.750000
101.000000 156.875000
101.000000 160.125000
100.500000 160.500000
100.500000 157.250000
102.000000 154.125000
103.500000 151.125000
105.000000 148.250000
106.500000 145.500000
106.500000 142.875000
108.000000 140.375000
109.500000 138.000000
111.000000 135.750000
112.500000 133.625000
114.000000 131.625000
115.500000 129.750000
117.000000 128.000000
116.500000 126.375000
115.000000 124.875000
114.500000 123.500000
113.000000 122.250000
112.500000 121.125000
112.500000 120.125000
112.000000 119.250000
111.500000 118.500000
110.000000 117.875000
109.500000 117.375000
109.500000 117.000000
109.000000 116.750000
108.500000 116.625000
107.000000 116.625000
106.500000 116.750000
105.000000 117.000000
104.500000 117.375000
103.000000 117.875000
102.500000 118.500000
101.000000 119.250000
100.500000 120.125000
99.000000 121.125000
98.500000 122.250000
98.500000 123.500000
98.000000 124.875000
97.500000 126.375000
96.000000 128.000000
95.500000 129.750000
95.500000 131.625000
95.000000 133.625000
94.500000 135.750000
93.000000 138.000000
92.500000 140.375000
91.000000 142.875000
92.500000 145.500000
94.000000 148.250000
95.500000 151.125000
97.000000 154.125000
98.500000 157.250000
100.000000 160.500000
101.500000 157.250000
103.000000 154.125000
104.500000 151.125000
106.000000 148.250000
107.500000 145.500000
109.000000 142.875000
109.000000 140.375000
110.500000 138.000000
112.000000 135.750000
113.500000 133.625000
115.000000 131.625000
116.500000 129.750000
118.000000 128.000000
119.500000 126.375000
121.000000 124.875000
121.000000 124.875000
