54.500000 576.500000
48.500000 576.500000
50.000000 576.500000
51.500000 576.500000
53.000000 576.500000
54.500000 576.500000
56.000000 576.500000
57.500000 576.500000
59.000000 576.500000
60.500000 576.500000
62.000000 576.500000
63.500000 576.500000
65.000000 576.500000
66.500000 576.500000
68.000000 576.500000
69.500000 576.500000
71.000000 576.500000
72.500000 576.625000
74.000000 576.875000
75.500000 577.250000
77.000000 577.750000
78.500000 578.375000
80.000000 579.125000
81.500000 580.000000
83.000000 581.000000
84.500000 582.125000
86.000000 583.375000
87.500000 584.750000
89.000000 586.250000
90.500000 587.875000
92.000000 589.625000
93.500000 591.500000
95.000000 593.500000
96.500000 595.625000
98.000000 597.875000
99.500000 600.250000
101.000000 602.750000
102.500000 605.375000
104.000000 608.125000
105.500000 611.000000
107.000000 614.000000
108.500000 617.125000
110.000000 620.375000
111.500000 623.750000
113.000000 627.250000
114.500000 630.875000
116.000000 634.625000
117.500000 638.500000
119.000000 642.500000
120.500000 646.625000
122.000000 650.875000
123.500000 655.250000
125.000000 659.750000
126.500000 664.375000
128.000000 669.125000
129.500000 672.000000
131.000000 672.000000
132.500000 672.000000
134.000000 672.000000
135.500000 672.000000
137.000000 672.000000
138.500000 672.000000
140.000000 672.000000
141.500000 672.000000
143.000000 672.000000
144.500000 672.000000
146.000000 672.000000
147.500000 672.000000
149.000000 672.000000
150.500000 672.000000
152.000000 672.000000
153.500000 672.000000
155.000000 672.000000
156.500000 672.000000
158.000000 672.000000
159.500000 672.000000
161.000000 672.000000
162.500000 672.000000
164.000000 672.000000
165.500000 672.000000
167.000000 672.000000
168.500000 672.000000
170.000000 672.000000
171.500000 672.000000
173.000000 672.000000
174.500000 672.000000
176.000000 672.000000
177.500000 672.000000
179.000000 668.750000
180.500000 665.625000
182.000000 662.625000
183.500000 659.750000
185.000000 657.000000
186.500000 654.375000
188.000000 651.875000
189.500000 649.500000
191.000000 647.250000
192.500000 645.125000
194.000000 643.125000
195.500000 641.250000
197.000000 639.500000
198.500000 637.875000
200.000000 636.375000
201.500000 635.000000
203.000000 633.750000
204.500000 632.625000
206.000000 631.625000
207.500000 630.750000
209.000000 630.000000
210.500000 629.375000
212.000000 628.875000
213.500000 628.500000
215.000000 628.250000
208.500000 628.125000
207.000000 626.125000
207.500000 624.250000
209.000000 622.500000
207.500000 620.500000
208.000000 618.625000
206.500000 616.625000
207.000000 614.750000
208.500000 613.000000
207.000000 611.000000
207.500000 609.125000
209.000000 607.375000
207.500000 605.375000
208.000000 603.500000
206.500000 601.500000
207.000000 599.625000
208.500000 597.875000
207.000000 595.875000
207.500000 594.000000
209.000000 592.250000
207.500000 590.250000
208.000000 588.375000
206.500000 586.250000
207.000000 584.375000
208.500000 582.500000
207.000000 580.250000
207.500000 578.375000
209.000000 576.500000
207.500000 574.250000
208.000000 573.375000
206.500000 571.250000
207.000000 569.375000
208.500000 567.500000
207.000000 565.250000
207.500000 563.375000
209.000000 561.500000
207.500000 559.250000
208.000000 557.375000
206.500000 555.250000
207.000000 554.375000
208.500000 552.500000
207.000000 550.250000
207.500000 548.375000
209.000000 546.500000
207.500000 544.250000
208.000000 542.375000
206.500000 540.250000
207.000000 538.375000
208.500000 537.500000
207.000000 535.250000
207.500000 533.375000
209.000000 531.500000
207.500000 529.250000
208.000000 527.375000
206.500000 525.250000
207.000000 523.375000
208.500000 522.500000
207.000000 520.250000
207.500000 518.375000
209.000000 516.500000
207.500000 514.250000
208.000000 512.375000
206.500000 510.250000
207.000000 508.375000
208.500000 506.500000
207.000000 504.250000
207.500000 503.375000
209.000000 501.500000
207.500000 499.250000
207.500000 497.375000
208.000000 495.500000
206.500000 493.250000
206.500000 491.375000
207.000000 490.500000
208.500000 488.625000
207.000000 486.250000
205.500000 484.375000
204.000000 482.500000
202.500000 481.625000
201.000000 479.750000
199.500000 478.875000
198.000000 478.000000
196.500000 476.125000
195.000000 474.250000
193.500000 474.375000
192.000000 473.500000
192.000000 471.250000
190.500000 469.375000
189.000000 467.500000
187.500000 466.625000
186.000000 464.750000
184.500000 463.875000
183.000000 462.000000
181.500000 461.125000
180.000000 459.250000
178.500000 458.375000
177.000000 458.500000
175.500000 457.625000
174.000000 457.750000
172.500000 456.875000
171.000000 457.000000
169.500000 457.125000
168.000000 456.250000
166.500000 456.375000
165.000000 456.625000
163.500000 457.000000
162.000000 457.500000
160.500000 458.125000
159.000000 458.875000
157.500000 459.750000
156.000000 460.750000
154.500000 461.875000
153.000000 463.125000
151.500000 464.500000
150.000000 464.500000
148.500000 464.500000
147.000000 464.500000
145.500000 464.500000
144.000000 464.500000
142.500000 464.500000
141.000000 464.500000
139.500000 464.500000
138.000000 464.500000
136.500000 461.250000
135.000000 458.125000
133.500000 455.125000
132.000000 452.250000
130.500000 449.375000
129.000000 447.500000
127.500000 444.625000
126.000000 442.750000
124.500000 439.875000
123.000000 438.000000
121.500000 435.125000
120.000000 433.250000
118.500000 432.375000
117.000000 430.500000
115.500000 429.625000
114.000000 427.750000
112.500000 426.875000
111.000000 426.000000
109.500000 424.125000
108.000000 423.250000
106.500000 422.375000
105.000000 422.500000
103.500000 421.625000
102.000000 421.750000
100.500000 420.875000
99.000000 421.000000
97.500000 420.125000
104.000000 420.250000
105.500000 418.250000
105.000000 416.375000
103.500000 415.500000
105.000000 413.250000
104.500000 411.375000
106.000000 409.250000
105.500000 407.375000
104.000000 405.500000
105.500000 403.250000
105.000000 401.375000
103.500000 400.500000
105.000000 398.250000
104.500000 396.375000
106.000000 394.250000
105.500000 392.375000
104.000000 390.500000
105.500000 388.250000
105.000000 386.375000
103.500000 384.500000
105.000000 382.250000
105.000000 381.375000
95.500000 379.500000
95.500000 377.250000
95.500000 375.250000
94.000000 373.375000
92.500000 371.500000
91.000000 370.625000
89.500000 368.750000
88.000000 367.875000
86.500000 366.000000
85.000000 365.125000
83.500000 363.250000
82.000000 362.375000
80.500000 362.500000
79.000000 361.625000
77.500000 361.750000
76.000000 360.875000
74.500000 361.000000
73.000000 361.125000
71.500000 360.250000
70.000000 360.375000
68.500000 360.625000
67.000000 361.000000
65.500000 361.500000
64.000000 362.125000
62.500000 362.875000
61.000000 363.750000
59.500000 364.750000
58.000000 365.875000
56.500000 367.125000
55.000000 368.500000
53.500000 365.250000
52.000000 362.125000
50.500000 359.125000
49.000000 356.250000
47.500000 353.375000
46.000000 351.500000
44.500000 348.625000
43.000000 346.750000
41.500000 343.875000
40.000000 342.000000
38.500000 339.125000
37.000000 337.250000
35.500000 336.375000
34.000000 334.500000
40.500000 333.625000
42.000000 331.125000
41.500000 329.250000
40.000000 327.375000
41.500000 325.125000
41.000000 323.250000
39.500000 321.375000
41.000000 319.125000
41.000000 317.250000
40.500000 316.375000
42.000000 314.125000
41.500000 312.250000
40.000000 310.375000
41.500000 308.125000
41.000000 306.250000
40.500000 304.375000
42.000000 302.125000
43.500000 301.250000
45.000000 299.375000
46.500000 297.500000
48.000000 296.625000
49.500000 294.750000
51.000000 293.875000
52.500000 293.000000
54.000000 291.125000
55.500000 290.250000
57.000000 289.375000
58.500000 289.500000
60.000000 288.625000
61.500000 288.750000
63.000000 288.875000
64.500000 273.000000
66.000000 272.125000
67.500000 272.125000
69.000000 272.125000
70.500000 272.125000
72.000000 272.125000
73.500000 272.125000
75.000000 272.125000
76.500000 272.125000
78.000000 272.125000
79.500000 272.125000
81.000000 272.125000
82.500000 272.125000
84.000000 272.125000
85.500000 269.875000
87.000000 267.000000
88.500000 263.125000
90.000000 260.250000
91.500000 257.375000
93.000000 255.500000
94.500000 252.625000
96.000000 250.750000
97.500000 248.875000
99.000000 247.000000
100.500000 244.125000
102.000000 242.250000
103.500000 240.375000
105.000000 238.500000
106.500000 237.625000
108.000000 235.750000
109.500000 234.875000
111.000000 234.000000
112.500000 232.125000
114.000000 231.250000
115.500000 230.375000
117.000000 230.500000
118.500000 229.625000
120.000000 229.750000
121.500000 229.875000
123.000000 230.000000
124.500000 229.125000
126.000000 229.250000
127.500000 229.500000
129.000000 229.875000
130.500000 230.375000
132.000000 231.000000
133.500000 231.750000
135.000000 232.625000
136.500000 233.625000
138.000000 234.750000
139.500000 236.000000
141.000000 237.375000
142.500000 238.875000
144.000000 240.500000
145.500000 242.250000
147.000000 244.125000
148.500000 246.125000
150.000000 248.250000
151.500000 250.500000
153.000000 252.875000
154.500000 255.375000
156.000000 258.000000
157.500000 260.750000
159.000000 263.625000
160.500000 266.625000
162.000000 269.750000
163.500000 272.000000
165.000000 268.750000
166.500000 265.625000
168.000000 262.625000
169.500000 259.750000
171.000000 257.000000
172.500000 254.375000
174.000000 251.875000
175.500000 249.500000
177.000000 247.250000
178.500000 245.125000
180.000000 243.125000
181.500000 241.250000
183.000000 239.375000
184.500000 237.500000
186.000000 236.625000
187.500000 234.750000
189.000000 233.875000
190.500000 233.000000
192.000000 231.125000
193.500000 230.250000
195.000000 229.375000
196.500000 229.500000
198.000000 228.625000
199.500000 228.750000
201.000000 228.875000
202.500000 229.000000
204.000000 228.125000
205.500000 228.250000
207.000000 228.500000
208.500000 228.875000
210.000000 229.375000
211.500000 230.000000
213.000000 230.750000
214.500000 231.625000
208.000000 232.625000
206.500000 230.625000
207.000000 228.750000
208.500000 227.000000
207.000000 224.750000
207.500000 222.875000
209.000000 221.000000
207.500000 218.750000
207.500000 216.875000
208.000000 216.000000
206.500000 213.750000
205.000000 211.875000
203.500000 210.000000
202.000000 208.125000
200.500000 207.250000
199.000000 205.375000
197.500000 204.500000
196.000000 203.625000
194.500000 201.750000
193.000000 200.875000
191.500000 200.000000
190.000000 200.125000
188.500000 199.250000
187.000000 199.375000
185.500000 199.500000
184.000000 193.625000
182.500000 192.750000
181.000000 192.750000
179.500000 192.750000
178.000000 192.750000
176.500000 192.750000
175.000000 192.750000
173.500000 192.750000
172.000000 192.750000
170.500000 192.750000
169.000000 192.750000
167.500000 192.750000
166.000000 192.750000
164.500000 192.750000
163.000000 192.750000
161.500000 192.750000
160.000000 192.750000
158.500000 192.750000
157.000000 192.750000
155.500000 192.750000
154.000000 192.750000
152.500000 189.500000
151.000000 186.625000
149.500000 182.750000
148.000000 179.875000
146.500000 178.000000
145.000000 175.125000
143.500000 172.250000
142.000000 170.375000
140.500000 168.500000
139.000000 166.625000
137.500000 163.750000
136.000000 161.875000
134.500000 160.000000
133.000000 158.125000
131.500000 157.250000
130.000000 156.375000
128.500000 154.500000
127.000000 153.625000
125.500000 151.750000
124.000000 150.875000
122.500000 151.000000
121.000000 150.125000
119.500000 149.250000
118.000000 149.375000
116.500000 149.500000
115.000000 149.625000
113.500000 148.750000
112.000000 148.875000
110.500000 149.125000
109.000000 149.500000
107.500000 150.000000
106.000000 150.625000
104.500000 151.375000
103.000000 152.250000
101.500000 153.250000
100.000000 154.375000
98.500000 155.625000
97.000000 157.000000
95.500000 158.500000
94.000000 160.125000
92.500000 161.875000
91.000000 163.750000
89.500000 165.750000
88.000000 167.875000
86.500000 170.125000
85.000000 172.500000
83.500000 175.000000
82.000000 177.625000
80.500000 180.375000
79.000000 183.250000
77.500000 186.250000
76.000000 189.375000
74.500000 192.625000
73.000000 189.375000
71.500000 186.250000
70.000000 183.250000
68.500000 180.375000
67.000000 177.625000
65.500000 175.000000
64.000000 172.500000
62.500000 170.125000
61.000000 167.875000
59.500000 165.750000
58.000000 163.750000
56.500000 161.875000
55.000000 160.125000
53.500000 158.500000
52.000000 157.000000
50.500000 155.625000
49.000000 154.375000
47.500000 153.500000
46.000000 151.625000
44.500000 150.750000
43.000000 150.875000
41.500000 150.000000
40.000000 150.125000
38.500000 149.250000
37.000000 149.375000
35.500000 149.500000
34.000000 148.625000
40.500000 148.750000
42.000000 146.750000
41.500000 144.875000
40.000000 143.000000
41.500000 140.750000
41.000000 138.875000
39.500000 138.000000
41.000000 135.750000
40.500000 133.875000
42.000000 131.750000
41.500000 129.875000
40.000000 128.000000
41.500000 125.750000
43.000000 123.875000
44.500000 122.000000
46.000000 121.125000
47.500000 119.250000
49.000000 118.375000
50.500000 117.500000
52.000000 116.625000
53.500000 114.750000
55.000000 113.875000
56.500000 113.000000
58.000000 112.500000
59.500000 111.625000
61.000000 111.250000
62.500000 111.000000
64.000000 96.875000
65.500000 96.875000
67.000000 96.875000
68.500000 96.875000
70.000000 96.875000
71.500000 96.875000
73.000000 96.875000
74.500000 96.875000
76.000000 96.875000
77.500000 96.875000
79.000000 96.875000
80.500000 96.875000
82.000000 96.875000
83.500000 96.875000
85.000000 96.875000
86.500000 96.875000
88.000000 96.875000
89.500000 96.875000
91.000000 96.875000
92.500000 96.875000
94.000000 96.875000
95.500000 96.875000
97.000000 96.875000
98.500000 96.875000
100.000000 96.875000
101.500000 96.875000
103.000000 96.875000
104.500000 96.875000
106.000000 96.875000
107.500000 96.875000
109.000000 96.875000
110.500000 96.875000
112.000000 96.875000
113.500000 96.875000
115.000000 96.875000
116.500000 96.875000
118.000000 96.875000
119.500000 93.625000
121.000000 90.500000
122.500000 87.500000
124.000000 84.625000
125.500000 81.875000
127.000000 79.250000
128.500000 76.750000
130.000000 74.375000
131.500000 72.125000
133.000000 70.000000
134.500000 68.000000
136.000000 66.125000
137.500000 64.375000
139.000000 62.750000
140.500000 61.250000
142.000000 59.875000
143.500000 58.625000
145.000000 57.500000
146.500000 56.500000
148.000000 55.625000
149.500000 54.875000
151.000000 54.250000
152.500000 53.750000
154.000000 53.375000
155.500000 53.125000
157.000000 53.000000
158.500000 53.000000
160.000000 53.125000
161.500000 53.375000
163.000000 53.750000
164.500000 54.250000
166.000000 54.875000
167.500000 55.625000
169.000000 56.500000
170.500000 57.500000
172.000000 58.625000
173.500000 59.875000
175.000000 61.250000
176.500000 62.750000
178.000000 64.375000
179.500000 66.125000
181.000000 68.000000
182.500000 70.000000
184.000000 72.125000
185.500000 74.375000
187.000000 76.750000
188.500000 79.250000
190.000000 81.875000
191.500000 84.625000
193.000000 87.500000
194.500000 90.500000
196.000000 93.625000
197.500000 96.875000
199.000000 93.625000
200.500000 90.500000
202.000000 87.500000
203.500000 84.625000
205.000000 81.875000
206.500000 79.250000
208.000000 76.750000
209.500000 74.375000
211.000000 72.125000
212.500000 70.000000
214.000000 68.000000
215.500000 66.125000
217.000000 64.375000
218.500000 62.750000
220.000000 61.250000
221.500000 59.875000
223.000000 58.625000
224.500000 57.500000
226.000000 56.500000
227.500000 55.625000
229.000000 54.875000
230.500000 54.250000
232.000000 53.750000
