175.000000 64.000000
48.000000 64.000000
49.500000 64.000000
51.000000 64.125000
52.500000 64.375000
54.000000 64.750000
55.500000 65.250000
57.000000 65.875000
58.500000 66.625000
60.000000 67.500000
61.500000 68.500000
63.000000 69.625000
64.500000 70.875000
66.000000 72.250000
67.500000 73.750000
69.000000 75.375000
70.500000 77.125000
72.000000 79.000000
73.500000 81.000000
75.000000 83.125000
76.500000 85.375000
78.000000 87.750000
79.500000 90.250000
81.000000 92.875000
82.500000 95.625000
84.000000 98.500000
85.500000 101.500000
87.000000 104.625000
88.500000 107.875000
90.000000 111.250000
91.500000 114.750000
93.000000 118.375000
94.500000 122.125000
96.000000 126.000000
97.500000 130.000000
99.000000 134.125000
100.500000 138.375000
102.000000 142.750000
103.500000 147.250000
105.000000 151.875000
106.500000 156.625000
108.000000 161.500000
109.500000 166.500000
111.000000 171.625000
112.500000 176.875000
114.000000 182.250000
115.500000 187.750000
117.000000 192.375000
118.500000 192.375000
120.000000 192.375000
121.500000 192.375000
123.000000 192.375000
124.500000 192.375000
126.000000 192.375000
127.500000 192.375000
129.000000 192.375000
130.500000 192.375000
132.000000 192.375000
133.500000 192.375000
135.000000 192.375000
136.500000 192.375000
138.000000 192.375000
139.500000 192.375000
141.000000 192.375000
142.500000 192.375000
144.000000 192.375000
145.500000 192.375000
147.000000 192.375000
148.500000 192.375000
150.000000 192.375000
151.500000 192.375000
153.000000 192.375000
154.500000 192.375000
156.000000 192.375000
157.500000 192.375000
159.000000 192.375000
160.500000 192.375000
162.000000 192.375000
163.500000 192.375000
165.000000 192.375000
166.500000 192.375000
168.000000 192.375000
169.500000 192.375000
171.000000 192.375000
172.500000 192.375000
174.000000 192.375000
175.500000 192.375000
177.000000 192.375000
178.500000 192.375000
180.000000 192.375000
181.500000 192.375000
183.000000 192.375000
184.500000 192.375000
186.000000 192.375000
187.500000 192.375000
189.000000 192.375000
190.500000 192.375000
192.000000 192.375000
193.500000 192.375000
195.000000 192.375000
196.500000 192.375000
198.000000 192.375000
199.500000 192.375000
201.000000 192.375000
202.500000 192.375000
204.000000 192.375000
205.500000 192.375000
207.000000 192.375000
208.500000 192.375000
210.000000 192.375000
211.500000 189.125000
211.500000 186.000000
213.000000 183.000000
214.500000 180.125000
216.000000 177.375000
217.500000 174.750000
219.000000 172.250000
220.500000 169.875000
222.000000 167.625000
223.500000 165.500000
225.000000 163.500000
226.500000 161.625000
228.000000 159.875000
229.500000 158.250000
231.000000 156.750000
232.500000 155.375000
234.000000 154.125000
235.500000 153.000000
237.000000 152.000000
238.500000 151.125000
240.000000 150.375000
241.500000 149.750000
243.000000 149.250000
244.500000 148.875000
246.000000 148.625000
247.500000 148.500000
249.000000 148.500000
250.500000 148.625000
252.000000 148.875000
253.500000 149.250000
255.000000 149.750000
256.500000 150.375000
258.000000 151.125000
258.000000 147.875000
259.500000 144.750000
261.000000 141.750000
262.500000 138.875000
264.000000 136.125000
265.500000 133.500000
267.000000 131.000000
268.500000 128.625000
270.000000 126.375000
271.500000 124.250000
273.000000 122.250000
274.500000 120.375000
276.000000 118.625000
277.500000 117.000000
279.000000 115.500000
280.500000 114.125000
282.000000 112.875000
283.500000 111.750000
285.000000 110.750000
286.500000 109.875000
288.000000 109.125000
289.500000 108.500000
291.000000 108.000000
292.500000 107.625000
294.000000 107.375000
295.500000 107.250000
297.000000 107.250000
298.500000 107.375000
300.000000 107.625000
301.500000 108.000000
303.000000 108.500000
304.500000 109.125000
306.000000 109.875000
307.500000 110.750000
309.000000 111.750000
310.500000 112.875000
312.000000 112.875000
313.500000 112.875000
315.000000 112.875000
316.500000 112.875000
318.000000 112.875000
319.500000 112.875000
321.000000 112.875000
322.500000 112.875000
324.000000 112.875000
325.500000 112.875000
327.000000 112.875000
328.500000 112.875000
330.000000 112.875000
331.500000 112.875000
333.000000 112.875000
334.500000 112.875000
336.000000 112.875000
337.500000 112.875000
339.000000 109.625000
340.500000 106.500000
342.000000 103.500000
343.500000 100.625000
345.000000 97.875000
346.500000 95.250000
348.000000 92.750000
349.500000 90.375000
351.000000 88.125000
352.500000 86.000000
354.000000 84.000000
355.500000 82.125000
357.000000 80.375000
358.500000 78.750000
360.000000 77.250000
361.500000 75.875000
363.000000 74.625000
364.500000 73.500000
366.000000 72.500000
367.500000 71.625000
369.000000 70.875000
370.500000 70.250000
372.000000 69.750000
373.500000 69.375000
375.000000 69.125000
376.500000 69.000000
378.000000 69.000000
379.500000 69.125000
381.000000 69.375000
382.500000 69.750000
384.000000 70.250000
385.500000 70.875000
387.000000 71.625000
388.500000 72.500000
390.000000 73.500000
391.500000 74.625000
393.000000 75.875000
394.500000 77.250000
396.000000 78.750000
397.500000 80.375000
399.000000 82.125000
400.500000 84.000000
402.000000 86.000000
403.500000 88.125000
405.000000 90.375000
406.500000 92.750000
408.000000 95.250000
409.500000 97.875000
411.000000 100.625000
412.500000 96.500000
414.000000 93.250000
415.500000 90.125000
417.000000 87.125000
418.500000 84.250000
420.000000 81.500000
421.500000 78.875000
423.000000 76.375000
424.500000 74.000000
426.000000 71.750000
427.500000 69.625000
429.000000 67.625000
430.500000 65.750000
432.000000 64.000000
433.500000 62.375000
435.000000 60.875000
436.500000 59.500000
438.000000 58.250000
439.500000 57.125000
441.000000 56.125000
442.500000 55.250000
444.000000 54.500000
445.500000 53.875000
447.000000 53.375000
448.500000 53.000000
450.000000 52.750000
451.500000 52.625000
453.000000 52.625000
454.500000 52.750000
456.000000 53.000000
457.500000 53.375000
459.000000 53.875000
460.500000 54.500000
462.000000 55.250000
463.500000 56.125000
465.000000 57.125000
466.500000 58.250000
468.000000 59.500000
469.500000 60.875000
471.000000 62.375000
472.500000 64.000000
474.000000 65.750000
475.500000 67.625000
477.000000 69.625000
478.500000 71.750000
480.000000 74.000000
481.500000 76.375000
483.000000 78.875000
484.500000 81.500000
486.000000 84.250000
487.500000 87.125000
489.000000 90.125000
490.500000 93.250000
492.000000 96.500000
493.500000 99.875000
495.000000 103.375000
496.500000 107.000000
498.000000 110.750000
499.500000 114.625000
501.000000 118.625000
502.500000 122.750000
504.000000 127.000000
505.500000 131.375000
507.000000 135.875000
508.500000 140.500000
510.000000 145.250000
511.500000 150.125000
513.000000 155.125000
514.500000 160.250000
516.000000 165.500000
517.500000 170.875000
519.000000 176.375000
520.500000 182.000000
522.000000 187.750000
523.500000 192.625000
525.000000 189.375000
526.500000 186.250000
528.000000 183.250000
529.500000 180.375000
531.000000 177.625000
532.500000 175.000000
534.000000 172.500000
535.500000 170.125000
537.000000 167.875000
538.500000 165.750000
540.000000 163.750000
541.500000 161.875000
543.000000 160.125000
544.500000 158.500000
546.000000 157.000000
547.500000 155.625000
549.000000 154.375000
550.500000 153.250000
552.000000 152.250000
553.500000 151.375000
555.000000 150.625000
556.500000 150.000000
558.000000 149.500000
559.500000 149.125000
561.000000 148.875000
562.500000 148.750000
564.000000 148.750000
565.500000 148.875000
567.000000 149.125000
568.500000 149.500000
570.000000 150.000000
571.500000 150.625000
573.000000 151.375000
574.500000 152.250000
576.000000 153.250000
577.500000 154.375000
579.000000 155.625000
580.500000 157.000000
582.000000 158.500000
583.500000 160.125000
585.000000 161.875000
586.500000 163.750000
588.000000 165.750000
589.500000 167.875000
591.000000 170.125000
592.500000 172.500000
594.000000 175.000000
595.500000 176.625000
597.000000 176.625000
598.500000 176.625000
600.000000 176.625000
601.500000 176.625000
603.000000 176.625000
604.500000 176.625000
606.000000 176.625000
607.500000 176.625000
609.000000 176.625000
610.500000 176.625000
612.000000 176.625000
613.500000 176.625000
615.000000 176.625000
616.500000 176.625000
618.000000 176.625000
619.500000 176.625000
621.000000 176.625000
622.500000 176.625000
624.000000 176.625000
625.500000 176.625000
627.000000 176.625000
628.500000 176.625000
630.000000 176.625000
631.500000 173.375000
633.000000 170.250000
634.500000 167.250000
636.000000 164.375000
637.500000 161.625000
639.000000 159.000000
640.500000 156.500000
642.000000 154.125000
643.500000 151.875000
645.000000 149.750000
646.500000 147.750000
648.000000 145.875000
649.500000 144.125000
651.000000 142.500000
652.500000 141.000000
654.000000 139.625000
655.500000 138.375000
657.000000 137.250000
658.500000 136.250000
660.000000 135.375000
661.500000 134.625000
663.000000 134.000000
664.500000 133.500000
666.000000 133.125000
667.500000 132.875000
669.000000 132.750000
670.500000 132.750000
672.000000 132.875000
673.500000 133.125000
675.000000 133.500000
676.500000 134.000000
678.000000 134.625000
679.500000 135.375000
681.000000 136.250000
682.500000 137.250000
684.000000 138.375000
685.500000 139.625000
687.000000 141.000000
688.500000 142.500000
690.000000 144.125000
691.500000 145.875000
693.000000 147.750000
694.500000 149.750000
696.000000 151.875000
697.500000 154.125000
699.000000 156.500000
700.500000 159.000000
702.000000 161.625000
703.500000 164.375000
705.000000 167.250000
706.500000 170.250000
708.000000 173.375000
709.500000 176.625000
711.000000 176.625000
712.500000 176.625000
714.000000 176.625000
715.500000 176.625000
717.000000 176.625000
718.500000 176.625000
720.000000 176.625000
721.500000 176.625000
723.000000 176.625000
724.500000 176.625000
726.000000 176.625000
727.500000 176.625000
729.000000 176.625000
730.500000 176.625000
732.000000 176.625000
733.500000 176.625000
735.000000 176.625000
736.500000 176.625000
738.000000 176.625000
739.500000 176.625000
741.000000 176.625000
742.500000 176.625000
744.000000 176.750000
745.500000 177.000000
747.000000 177.375000
748.500000 177.875000
750.000000 178.500000
751.500000 179.250000
753.000000 180.125000
754.500000 181.125000
756.000000 182.250000
757.500000 183.500000
759.000000 184.875000
760.500000 186.375000
762.000000 188.000000
763.500000 189.750000
765.000000 191.625000
766.500000 192.625000
768.000000 192.625000
769.500000 192.625000
771.000000 192.625000
772.500000 192.625000
774.000000 192.625000
775.500000 192.625000
777.000000 192.625000
778.500000 192.625000
780.000000 192.625000
781.500000 192.625000
783.000000 192.625000
784.500000 192.625000
786.000000 192.625000
787.500000 192.625000
789.000000 192.625000
790.500000 192.625000
792.000000 192.625000
793.500000 192.625000
795.000000 192.625000
796.500000 192.625000
798.000000 192.625000
799.500000 192.625000
801.000000 192.625000
802.500000 192.625000
804.000000 192.625000
805.500000 192.625000
807.000000 192.625000
808.500000 192.625000
810.000000 192.625000
811.500000 192.625000
813.000000 192.625000
814.500000 192.625000
816.000000 192.625000
817.500000 192.625000
819.000000 192.625000
820.500000 192.625000
822.000000 192.625000
823.500000 192.625000
825.000000 192.625000
826.500000 192.625000
828.000000 192.625000
829.500000 192.625000
831.000000 192.625000
832.500000 192.625000
834.000000 192.625000
835.500000 192.625000
837.000000 192.625000
838.500000 192.625000
840.000000 192.625000
841.500000 192.625000
843.000000 192.625000
844.500000 192.625000
846.000000 192.625000
847.500000 192.625000
849.000000 192.625000
850.500000 192.625000
852.000000 192.625000
853.500000 192.625000
855.000000 192.625000
856.500000 192.625000
858.000000 192.625000
859.500000 192.625000
861.000000 192.625000
862.500000 192.625000
864.000000 192.625000
865.500000 192.625000
867.000000 192.625000
868.500000 192.625000
870.000000 192.625000
871.500000 192.625000
873.000000 192.625000
874.500000 192.625000
876.000000 192.625000
877.500000 192.625000
879.000000 192.625000
880.500000 192.625000
882.000000 192.625000
883.500000 192.625000
885.000000 192.625000
886.500000 192.625000
888.000000 192.625000
889.500000 192.625000
891.000000 192.625000
892.500000 192.625000
894.000000 192.625000
895.500000 192.625000
897.000000 192.625000
898.500000 192.625000
900.000000 192.625000
901.500000 192.625000
903.000000 192.625000
904.500000 192.625000
906.000000 192.625000
907.500000 192.625000
909.000000 192.625000
910.500000 192.625000
912.000000 192.625000
913.500000 192.625000
915.000000 192.625000
916.500000 192.625000
918.000000 192.625000
919.500000 192.625000
921.000000 192.625000
922.500000 189.375000
924.000000 186.250000
925.500000 183.250000
927.000000 180.375000
928.500000 177.625000
930.000000 175.000000
931.500000 172.500000
933.000000 170.125000
934.500000 167.875000
936.000000 165.750000
937.500000 163.750000
939.000000 161.875000
940.500000 160.125000
942.000000 158.500000
943.500000 157.000000
945.000000 155.625000
946.500000 154.375000
948.000000 153.250000
949.500000 152.250000
951.000000 151.375000
952.500000 150.625000
954.000000 150.000000
955.500000 149.500000
957.000000 149.125000
958.500000 148.875000
960.000000 144.750000
961.500000 144.750000
963.000000 144.750000
964.500000 144.750000
966.000000 144.750000
967.500000 144.750000
969.000000 144.750000
970.500000 144.750000
972.000000 144.750000
973.500000 144.750000
975.000000 144.750000
976.500000 144.750000
978.000000 144.750000
979.500000 144.750000
981.000000 144.750000
982.500000 144.750000
984.000000 144.750000
985.500000 144.750000
987.000000 144.750000
988.500000 144.750000
990.000000 141.500000
991.500000 138.375000
993.000000 135.375000
994.500000 132.500000
996.000000 129.750000
997.500000 127.125000
999.000000 124.625000
1000.500000 122.250000
1002.000000 120.000000
1003.500000 117.875000
1005.000000 115.875000
1006.500000 114.000000
1008.000000 112.250000
1009.500000 110.625000
1011.000000 109.125000
1012.500000 107.750000
1014.000000 106.500000
1015.500000 105.375000
1017.000000 104.375000
1018.500000 103.500000
1020.000000 102.750000
1021.500000 102.125000
1023.000000 101.625000
1024.500000 101.250000
1026.000000 101.000000
1027.500000 100.875000
1029.000000 100.875000
1030.500000 101.000000
1032.000000 101.250000
1033.500000 101.625000
1035.000000 102.125000
1036.500000 102.750000
1038.000000 103.500000
1039.500000 104.375000
1041.000000 105.375000
1042.500000 106.500000
1044.000000 107.750000
1045.500000 109.125000
1047.000000 110.625000
1048.500000 112.250000
1050.000000 112.250000
1051.500000 112.250000
1053.000000 112.250000
1054.500000 112.250000
1056.000000 112.250000
1057.500000 112.250000
1059.000000 112.250000
1060.500000 112.250000
1062.000000 112.250000
1063.500000 112.250000
1065.000000 112.250000
1066.500000 112.250000
1068.000000 112.250000
1069.500000 112.250000
1071.000000 112.250000
1072.500000 112.250000
1074.000000 112.250000
1075.500000 112.250000
1077.000000 112.250000
1078.500000 112.250000
1080.000000 112.250000
1081.500000 112.250000
1083.000000 112.250000
1084.500000 112.250000
1086.000000 112.250000
1087.500000 112.250000
1089.000000 112.250000
1090.500000 112.250000
1092.000000 112.250000
1093.500000 112.250000
1093.500000 112.250000
1095.000000 112.375000
1096.500000 112.625000
1098.000000 113.000000
1099.500000 113.500000
1101.000000 114.125000
1102.500000 114.875000
1104.000000 115.750000
1105.500000 116.750000
1107.000000 117.875000
1108.500000 119.125000
1110.000000 120.500000
1111.500000 122.000000
1113.000000 123.625000
1114.500000 125.375000
1116.000000 127.250000
1117.500000 129.250000
1119.000000 131.375000
1120.500000 133.625000
1122.000000 136.000000
1123.500000 138.500000
1125.000000 141.125000
1126.500000 143.875000
1128.000000 146.750000
1129.500000 149.750000
1131.000000 152.875000
1132.500000 156.125000
1134.000000 159.500000
1135.500000 163.000000
1137.000000 166.625000
1138.500000 170.375000
1140.000000 174.250000
1141.500000 178.250000
1143.000000 182.375000
1144.500000 186.625000
1146.000000 191.000000
1147.500000 192.500000
1149.000000 192.500000
1150.500000 192.500000
1152.000000 192.500000
1153.500000 192.500000
1155.000000 192.500000
1156.500000 192.500000
1158.000000 192.500000
1159.500000 192.500000
1161.000000 192.500000
1162.500000 192.500000
1164.000000 192.500000
1165.500000 192.500000
1167.000000 192.500000
1168.500000 192.500000
1170.000000 192.500000
1171.500000 192.500000
1173.000000 189.250000
1174.500000 186.125000
1176.000000 183.125000
1177.500000 180.250000
1179.000000 177.500000
1180.500000 174.875000
1182.000000 172.375000
1183.500000 170.000000
1185.000000 167.750000
1186.500000 165.625000
1188.000000 163.625000
1189.500000 161.750000
1191.000000 160.000000
1192.500000 158.375000
1194.000000 156.875000
1195.500000 155.500000
1197.000000 154.250000
1198.500000 153.125000
1200.000000 152.125000
1201.500000 151.250000
1203.000000 150.500000
1204.500000 149.875000
1206.000000 149.375000
1207.500000 149.000000
1201.000000 148.750000
1199.500000 146.750000
1200.000000 144.875000
1201.500000 143.125000
1200.000000 141.125000
1200.500000 139.250000
1199.000000 137.250000
1199.500000 135.375000
1201.000000 133.625000
1199.500000 131.625000
1200.000000 129.750000
1201.500000 128.000000
1200.000000 126.000000
1200.500000 124.125000
1199.000000 122.125000
1199.500000 120.250000
1201.000000 118.500000
1199.500000 116.500000
1199.500000 114.625000
1199.500000 112.875000
1209.000000 111.250000
1209.000000 109.250000
1209.000000 107.250000
1209.000000 105.250000
1209.000000 103.250000
1210.500000 101.375000
1212.000000 99.625000
1213.500000 98.000000
1215.000000 96.500000
1216.500000 95.125000
1218.000000 93.875000
1219.500000 92.750000
1221.000000 91.750000
1222.500000 90.875000
1224.000000 90.125000
1225.500000 89.500000
1227.000000 89.000000
1228.500000 88.625000
1230.000000 88.375000
1231.500000 88.250000
1233.000000 88.250000
1234.500000 88.375000
1236.000000 88.625000
1237.500000 89.000000
1239.000000 89.500000
1240.500000 90.125000
1242.000000 90.875000
1243.500000 91.750000
1245.000000 92.750000
1246.500000 93.875000
1248.000000 95.125000
1249.500000 96.500000
1251.000000 96.500000
1252.500000 96.500000
1254.000000 96.500000
1255.500000 96.500000
1257.000000 96.500000