978.000000 144.750000
979.500000 144.750000
981.000000 144.750000
982.500000 144.750000
984.000000 144.750000
985.500000 144.750000
987.000000 144.750000
988.500000 144.750000
990.000000 141.500000
991.500000 138.375000
993.000000 135.375000
994.500000 132.500000
996.000000 129.750000
997.500000 127.125000
999.000000 124.625000
1000.500000 122.250000
1002.000000 120.000000
1003.500000 117.875000
1005.000000 115.875000
1006.500000 114.000000
1008.000000 112.250000
1009.500000 110.625000
1011.000000 109.125000
1012.500000 107.750000
1014.000000 106.500000
1015.500000 105.375000
1017.000000 104.375000
1018.500000 103.500000
1020.000000 102.750000
1021.500000 102.125000
1023.000000 101.625000
1024.500000 101.250000
1026.000000 101.000000
1027.500000 100.875000
1029.000000 100.875000
1030.500000 101.000000
1032.000000 101.250000
1033.500000 101.625000
1035.000000 102.125000
1036.500000 102.750000
1038.000000 103.500000
1039.500000 104.375000
1041.000000 105.375000
1042.500000 106.500000
1044.000000 107.750000
1045.500000 109.125000
1047.000000 110.625000
1048.500000 112.250000
1050.000000 112.250000
1051.500000 112.250000
1053.000000 112.250000
1054.500000 112.250000
1056.000000 112.250000
1057.500000 112.250000
1059.000000 112.250000
1060.500000 112.250000
1062.000000 112.250000
1063.500000 112.250000
1065.000000 112.250000
1066.500000 112.250000
1068.000000 112.250000
1069.500000 112.250000
1071.000000 112.250000
1072.500000 112.250000
1074.000000 112.250000
1075.500000 112.250000
1077.000000 112.250000
1078.500000 112.250000
1080.000000 112.250000
1081.500000 112.250000
1083.000000 112.250000
1084.500000 112.250000
1086.000000 112.250000
1087.500000 112.250000
1089.000000 112.250000
1090.500000 112.250000
1092.000000 112.250000
1093.500000 112.250000
1093.500000 112.250000
1095.000000 112.375000
1096.500000 112.625000
1098.000000 113.000000
1099.500000 113.500000
1101.000000 114.125000
1102.500000 114.875000
1104.000000 115.750000
1105.500000 116.750000
1107.000000 117.875000
1108.500000 119.125000
1110.000000 120.500000
1111.500000 122.000000
1113.000000 123.625000
1114.500000 125.375000
1116.000000 127.250000
1117.500000 129.250000
1119.000000 131.375000
1120.500000 133.625000
1122.000000 136.000000
1123.500000 138.500000
1125.000000 141.125000
1126.500000 143.875000
1128.000000 146.750000
1129.500000 149.750000
1131.000000 152.875000
1132.500000 156.125000
1134.000000 159.500000
1135.500000 163.000000
1137.000000 166.625000
1138.500000 170.375000
1140.000000 174.250000
1141.500000 178.250000
1143.000000 182.375000
1144.500000 186.625000
1146.000000 191.000000
1147.500000 192.500000
1149.000000 192.500000
1150.500000 192.500000
1152.000000 192.500000
1153.500000 192.500000
1155.000000 192.500000
1156.500000 192.500000
1158.000000 192.500000
1159.500000 192.500000
1161.000000 192.500000
1162.500000 192.500000
1164.000000 192.500000
1165.500000 192.500000
1167.000000 192.500000
1168.500000 192.500000
1170.000000 192.500000
1171.500000 192.500000
1173.000000 189.250000
1174.500000 186.125000
1176.000000 183.125000
1177.500000 180.250000
1179.000000 177.500000
1180.500000 174.875000
1182.000000 172.375000
1183.500000 170.000000
1185.000000 167.750000
1186.500000 165.625000
1188.000000 163.625000
1189.500000 161.750000
1191.000000 160.000000
1192.500000 158.375000
1194.000000 156.875000
1195.500000 155.500000
1197.000000 154.250000
1198.500000 153.125000
1200.000000 152.125000
1201.500000 151.250000
1203.000000 150.500000
1204.500000 149.875000
1206.000000 149.375000
1207.500000 149.000000
1201.000000 148.750000
1199.500000 146.750000
1200.000000 144.875000
1201.500000 143.125000
1200.000000 141.125000
1200.500000 139.250000
1199.000000 137.250000
1199.500000 135.375000
1201.000000 133.625000
1199.500000 131.625000
1200.000000 129.750000
1201.500000 128.000000
1200.000000 126.000000
1200.500000 124.125000
1199.000000 122.125000
1199.500000 120.250000
1201.000000 118.500000
1199.500000 116.500000
1199.500000 114.625000
1199.500000 112.875000
1209.000000 111.250000
1209.000000 109.250000
1209.000000 107.250000
1209.000000 105.250000
1209.000000 103.250000
1210.500000 101.375000
1212.000000 99.625000
1213.500000 98.000000
1215.000000 96.500000
1216.500000 95.125000
1218.000000 93.875000
1219.500000 92.750000
1221.000000 91.750000
1222.500000 90.875000
1224.000000 90.125000
1225.500000 89.500000
1227.000000 89.000000
1228.500000 88.625000
1230.000000 88.375000
1231.500000 88.250000
1233.000000 88.250000
1234.500000 88.375000
1236.000000 88.625000
1237.500000 89.000000
1239.000000 89.500000
1240.500000 90.125000
1242.000000 90.875000
1243.500000 91.750000
1245.000000 92.750000
1246.500000 93.875000
1248.000000 95.125000
1249.500000 96.500000
1251.000000 96.500000
1252.500000 96.500000
1254.000000 96.500000
1255.500000 96.500000
1257.000000 96.500000
