79.500000 272.125000
81.000000 272.125000
82.500000 272.125000
84.000000 272.125000
85.500000 269.875000
87.000000 267.000000
88.500000 263.125000
90.000000 260.250000
91.500000 257.375000
93.000000 255.500000
94.500000 252.625000
96.000000 250.750000
97.500000 248.875000
99.000000 247.000000
100.500000 244.125000
102.000000 242.250000
103.500000 240.375000
105.000000 238.500000
106.500000 237.625000
108.000000 235.750000
109.500000 234.875000
111.000000 234.000000
112.500000 232.125000
114.000000 231.250000
115.500000 230.375000
117.000000 230.500000
118.500000 229.625000
120.000000 229.750000
121.500000 229.875000
123.000000 230.000000
124.500000 229.125000
126.000000 229.250000
127.500000 229.500000
129.000000 229.875000
130.500000 230.375000
132.000000 231.000000
133.500000 231.750000
135.000000 232.625000
136.500000 233.625000
138.000000 234.750000
139.500000 236.000000
141.000000 237.375000
142.500000 238.875000
144.000000 240.500000
145.500000 242.250000
147.000000 244.125000
148.500000 246.125000
150.000000 248.250000
151.500000 250.500000
153.000000 252.875000
154.500000 255.375000
156.000000 258.000000
157.500000 260.750000
159.000000 263.625000
160.500000 266.625000
162.000000 269.750000
163.500000 272.000000
165.000000 268.750000
166.500000 265.625000
168.000000 262.625000
169.500000 259.750000
171.000000 257.000000
172.500000 254.375000
174.000000 251.875000
175.500000 249.500000
177.000000 247.250000
178.500000 245.125000
180.000000 243.125000
181.500000 241.250000
183.000000 239.375000
184.500000 237.500000
186.000000 236.625000
187.500000 234.750000
189.000000 233.875000
190.500000 233.000000
192.000000 231.125000
193.500000 230.250000
195.000000 229.375000
196.500000 229.500000
198.000000 228.625000
199.500000 228.750000
201.000000 228.875000
202.500000 229.000000
204.000000 228.125000
205.500000 228.250000
207.000000 228.500000
208.500000 228.875000
210.000000 229.375000
211.500000 230.000000
213.000000 230.750000
214.500000 231.625000
208.000000 232.625000
206.500000 230.625000
207.000000 228.750000
208.500000 227.000000
207.000000 224.750000
207.500000 222.875000
209.000000 221.000000
207.500000 218.750000
207.500000 216.875000
208.000000 216.000000
206.500000 213.750000
205.000000 211.875000
203.500000 210.000000
202.000000 208.125000
200.500000 207.250000
199.000000 205.375000
197.500000 204.500000
196.000000 203.625000
194.500000 201.750000
193.000000 200.875000
191.500000 200.000000
190.000000 200.125000
188.500000 199.250000
187.000000 199.375000
185.500000 199.500000
184.000000 193.625000
182.500000 192.750000
181.000000 192.750000
179.500000 192.750000
178.000000 192.750000
176.500000 192.750000
175.000000 192.750000
173.500000 192.750000
172.000000 192.750000
170.500000 192.750000
169.000000 192.750000
167.500000 192.750000
166.000000 192.750000
164.500000 192.750000
163.000000 192.750000
161.500000 192.750000
160.000000 192.750000
158.500000 192.750000
157.000000 192.750000
155.500000 192.750000
154.000000 192.750000
152.500000 189.500000
151.000000 186.625000
149.500000 182.750000
148.000000 179.875000
146.500000 178.000000
145.000000 175.125000
143.500000 172.250000
142.000000 170.375000
140.500000 168.500000
139.000000 166.625000
137.500000 163.750000
136.000000 161.875000
134.500000 160.000000
133.000000 158.125000
131.500000 157.250000
130.000000 156.375000
128.500000 154.500000
127.000000 153.625000
125.500000 151.750000
124.000000 150.875000
122.500000 151.000000
121.000000 150.125000
119.500000 149.250000
118.000000 149.375000
116.500000 149.500000
115.000000 149.625000
113.500000 148.750000
112.000000 148.875000
110.500000 149.125000
109.000000 149.500000
107.500000 150.000000
106.000000 150.625000
104.500000 151.375000
103.000000 152.250000
101.500000 153.250000
100.000000 154.375000
98.500000 155.625000
97.000000 157.000000
95.500000 158.500000
94.000000 160.125000
92.500000 161.875000
91.000000 163.750000
89.500000 165.750000
88.000000 167.875000
86.500000 170.125000
85.000000 172.500000
83.500000 175.000000
82.000000 177.625000
80.500000 180.375000
79.000000 183.250000
77.500000 186.250000
76.000000 189.375000
74.500000 192.625000
73.000000 189.375000
71.500000 186.250000
70.000000 183.250000
68.500000 180.375000
67.000000 177.625000
65.500000 175.000000
64.000000 172.500000
62.500000 170.125000
61.000000 167.875000
59.500000 165.750000
58.000000 163.750000
56.500000 161.875000
55.000000 160.125000
53.500000 158.500000
52.000000 157.000000
50.500000 155.625000
49.000000 154.375000
47.500000 153.500000
46.000000 151.625000
44.500000 150.750000
43.000000 150.875000
41.500000 150.000000
40.000000 150.125000
38.500000 149.250000
37.000000 149.375000
35.500000 149.500000
34.000000 148.625000
40.500000 148.750000
42.000000 146.750000
41.500000 144.875000
40.000000 143.000000
41.500000 140.750000
41.000000 138.875000
39.500000 138.000000
41.000000 135.750000
40.500000 133.875000
42.000000 131.750000
41.500000 129.875000
40.000000 128.000000
41.500000 125.750000
43.000000 123.875000
44.500000 122.000000
46.000000 121.125000
47.500000 119.250000
49.000000 118.375000
50.500000 117.500000
52.000000 116.625000
53.500000 114.750000
55.000000 113.875000
56.500000 113.000000
58.000000 112.500000
59.500000 111.625000
61.000000 111.250000
62.500000 111.000000
64.000000 96.875000
65.500000 96.875000
67.000000 96.875000
68.500000 96.875000
70.000000 96.875000
71.500000 96.875000
73.000000 96.875000
74.500000 96.875000
76.000000 96.875000
77.500000 96.875000
79.000000 96.875000
80.500000 96.875000
82.000000 96.875000
83.500000 96.875000
85.000000 96.875000
86.500000 96.875000
88.000000 96.875000
89.500000 96.875000
91.000000 96.875000
92.500000 96.875000
94.000000 96.875000
95.500000 96.875000
97.000000 96.875000
98.500000 96.875000
100.000000 96.875000
101.500000 96.875000
103.000000 96.875000
104.500000 96.875000
106.000000 96.875000
107.500000 96.875000
109.000000 96.875000
110.500000 96.875000
112.000000 96.875000
113.500000 96.875000
115.000000 96.875000
116.500000 96.875000
118.000000 96.875000
119.500000 93.625000
121.000000 90.500000
122.500000 87.500000
124.000000 84.625000
125.500000 81.875000
127.000000 79.250000
128.500000 76.750000
130.000000 74.375000
131.500000 72.125000
133.000000 70.000000
134.500000 68.000000
136.000000 66.125000
137.500000 64.375000
139.000000 62.750000
140.500000 61.250000
142.000000 59.875000
143.500000 58.625000
145.000000 57.500000
146.500000 56.500000
148.000000 55.625000
149.500000 54.875000
151.000000 54.250000
152.500000 53.750000
154.000000 53.375000
155.500000 53.125000
157.000000 53.000000
158.500000 53.000000
160.000000 53.125000
161.500000 53.375000
163.000000 53.750000
164.500000 54.250000
166.000000 54.875000
167.500000 55.625000
169.000000 56.500000
170.500000 57.500000
172.000000 58.625000
173.500000 59.875000
175.000000 61.250000
176.500000 62.750000
178.000000 64.375000
179.500000 66.125000
181.000000 68.000000
182.500000 70.000000
184.000000 72.125000
185.500000 74.375000
187.000000 76.750000
188.500000 79.250000
190.000000 81.875000
191.500000 84.625000
193.000000 87.500000
194.500000 90.500000
196.000000 93.625000
197.500000 96.875000
199.000000 93.625000
200.500000 90.500000
202.000000 87.500000
203.500000 84.625000
205.000000 81.875000
206.500000 79.250000
208.000000 76.750000
209.500000 74.375000
211.000000 72.125000
212.500000 70.000000
214.000000 68.000000
215.500000 66.125000
217.000000 64.375000
218.500000 62.750000
220.000000 61.250000
221.500000 59.875000
223.000000 58.625000
224.500000 57.500000
226.000000 56.500000
227.500000 55.625000
229.000000 54.875000
230.500000 54.250000
232.000000 53.750000
54.000000 53.750000
54.000000 53.750000
