1156.500000 176.000000
1158.000000 181.250000
1159.500000 186.625000
1159.500000 192.125000
1161.000000 192.125000
1162.500000 192.125000
1164.000000 192.125000
1165.500000 192.125000
1167.000000 192.125000
1168.500000 192.125000
1170.000000 192.125000
1171.500000 192.125000
1173.000000 188.875000
1174.500000 185.750000
1176.000000 182.750000
1177.500000 179.875000
1179.000000 177.125000
1180.500000 174.500000
1182.000000 172.000000
1183.500000 169.625000
1185.000000 167.375000
1186.500000 165.250000
1188.000000 163.250000
1189.500000 161.375000
1191.000000 159.625000
1192.500000 158.000000
1194.000000 156.500000
1195.500000 155.125000
1197.000000 153.875000
1198.500000 152.750000
1200.000000 151.750000
1201.500000 150.875000
1203.000000 150.125000
1204.500000 149.500000
1206.000000 149.000000
1207.500000 148.625000
1201.000000 148.375000
1199.500000 146.375000
1200.000000 144.500000
1201.500000 142.750000
1200.000000 140.750000
1200.500000 138.875000
1199.000000 136.875000
1199.500000 135.000000
1201.000000 133.250000
1199.500000 131.250000
1200.000000 129.375000
1201.500000 127.625000
1200.000000 125.625000
1200.500000 123.750000
1199.000000 121.750000
1199.500000 119.875000
1201.000000 118.125000
1199.500000 116.125000
1199.500000 114.250000
1199.500000 112.500000
1209.000000 110.875000
1209.000000 108.875000
1209.000000 106.875000
1209.000000 104.875000
1209.000000 102.875000
1210.500000 101.000000
1212.000000 99.250000
1213.500000 97.625000
1215.000000 96.125000
1216.500000 94.750000
1218.000000 93.500000
1219.500000 92.375000
1221.000000 91.375000
1222.500000 90.500000
1224.000000 89.750000
1225.500000 89.125000
1227.000000 88.625000
1228.500000 88.250000
1230.000000 88.000000
1231.500000 87.875000
1233.000000 87.875000
1234.500000 88.000000
1236.000000 88.250000
1237.500000 88.625000
1239.000000 89.125000
1240.500000 89.750000
1242.000000 90.500000
1243.500000 91.375000
1245.000000 92.375000
1246.500000 93.500000
1248.000000 94.750000
1249.500000 96.125000
1251.000000 96.125000
1252.500000 96.125000
1254.000000 96.125000
1255.500000 96.125000
1257.000000 96.125000
