60.359375 96.875000
56.359375 96.875000
57.859375 96.875000
59.359375 96.875000
60.859375 96.875000
62.359375 96.875000
63.859375 96.875000
65.359375 96.875000
66.859375 96.875000
68.359375 96.875000
69.859375 96.875000
71.359375 96.875000
72.859375 96.875000
74.359375 96.875000
75.859375 96.875000
77.359375 96.875000
78.859375 96.875000
80.359375 96.875000
81.859375 96.875000
83.359375 96.875000
84.859375 96.875000
86.359375 96.875000
87.859375 96.875000
89.359375 96.875000
90.859375 96.875000
92.359375 96.875000
93.859375 96.875000
95.359375 96.875000
96.859375 96.875000
98.359375 96.875000
99.859375 96.875000
101.359375 96.875000
102.859375 96.875000
104.359375 96.875000
105.859375 96.875000
107.359375 96.875000
108.859375 96.875000
110.359375 96.875000
111.859375 96.875000
113.359375 96.875000
114.859375 96.875000
116.359375 96.875000
117.859375 96.875000
119.359375 96.875000
120.859375 96.875000
122.359375 96.875000
123.859375 96.875000
125.359375 96.875000
126.859375 96.875000
128.359375 96.875000
129.859375 96.875000
131.359375 96.875000
132.859375 96.875000
134.359375 96.875000
135.859375 96.875000
137.359375 97.000000
138.859375 97.250000
140.359375 97.625000
141.859375 98.125000
143.359375 98.750000
144.859375 99.500000
146.359375 100.375000
147.859375 101.375000
149.359375 102.500000
150.859375 103.750000
152.359375 105.125000
153.859375 106.625000
155.359375 108.250000
156.859375 110.000000
158.359375 111.875000
159.859375 113.875000
161.359375 116.000000
162.859375 118.250000
164.359375 120.625000
165.859375 123.125000
167.359375 125.750000
168.859375 128.500000
170.359375 131.375000
171.859375 134.375000
173.359375 137.500000
174.859375 140.750000
176.359375 144.125000
177.859375 147.625000
179.359375 151.250000
180.859375 155.000000
182.359375 158.875000
183.859375 162.875000
185.359375 167.000000
186.859375 171.250000
188.359375 175.625000
189.859375 180.125000
191.359375 184.750000
192.859375 189.500000
194.359375 192.375000
195.859375 192.375000
197.359375 192.375000
198.859375 192.375000
200.359375 192.375000
201.859375 192.375000
203.359375 192.375000
204.859375 192.375000
206.359375 192.375000
207.859375 192.375000
209.359375 192.375000
210.859375 192.375000
212.359375 189.125000
213.859375 186.000000
215.359375 183.000000
216.859375 180.125000
218.359375 177.375000
219.859375 174.750000
221.359375 172.250000
222.859375 169.875000
224.359375 167.625000
225.859375 165.500000
227.359375 163.500000
228.859375 161.625000
230.359375 159.875000
231.859375 158.250000
233.359375 156.750000
234.859375 155.375000
236.359375 154.125000
237.859375 153.000000
239.359375 152.000000
240.859375 151.125000
242.359375 150.375000
243.859375 149.750000
245.359375 149.250000
246.859375 148.875000
248.359375 148.625000
241.859375 148.500000
240.359375 146.500000
238.859375 144.500000
239.359375 142.625000
240.859375 140.875000
239.359375 138.875000
239.859375 137.000000
241.359375 135.250000
239.859375 133.250000
240.359375 131.375000
238.859375 129.375000
239.359375 127.500000
240.859375 125.750000
239.359375 123.750000
239.859375 121.875000
241.359375 120.125000
239.859375 118.125000
239.859375 116.250000
239.859375 114.500000
239.859375 112.875000
239.859375 111.375000
249.359375 110.000000
249.359375 108.000000
249.359375 106.000000
249.359375 104.000000
249.359375 102.000000
250.859375 100.125000
252.359375 98.375000
253.859375 96.750000
255.359375 95.250000
256.859375 93.875000
258.359375 92.625000
259.859375 91.500000
261.359375 90.500000
262.859375 89.625000
264.359375 88.875000
265.859375 88.250000
267.359375 87.750000
268.859375 87.375000
270.359375 87.125000
271.859375 87.000000
273.359375 87.000000
274.859375 87.125000
276.359375 87.375000
277.859375 87.750000
279.359375 88.250000
280.859375 88.875000
282.359375 89.625000
283.859375 90.500000
285.359375 91.500000
286.859375 92.625000
288.359375 93.875000
289.859375 95.250000
291.359375 96.750000
292.859375 96.750000
294.359375 96.750000
295.859375 96.750000
297.359375 96.875000
298.859375 97.125000
300.359375 97.500000
301.859375 98.000000
303.359375 98.625000
304.859375 99.375000
306.359375 100.250000
307.859375 101.250000
309.359375 102.375000
310.859375 103.625000
310.359375 105.000000
311.859375 106.500000
311.859375 108.125000
311.859375 109.875000
311.859375 111.750000
311.859375 113.750000
311.859375 115.875000
311.859375 118.125000
311.859375 120.500000
311.859375 123.000000
311.859375 125.625000
311.859375 128.375000
311.859375 131.250000
311.859375 134.250000
313.359375 137.375000
314.859375 140.625000
316.359375 144.000000
317.859375 147.500000
319.359375 151.125000
320.859375 154.875000
322.359375 158.750000
323.859375 162.750000
325.359375 166.875000
326.859375 171.125000
328.359375 175.500000
329.859375 180.000000
331.359375 184.625000
332.859375 189.375000
334.359375 192.250000
335.859375 189.000000
337.359375 185.875000
338.859375 182.875000
340.359375 180.000000
341.859375 177.250000
343.359375 174.625000
344.859375 172.125000
346.359375 169.750000
347.859375 167.500000
349.359375 165.375000
350.859375 163.375000
352.359375 161.500000
353.859375 159.750000
355.359375 158.125000
356.859375 156.625000
358.359375 155.250000
359.859375 154.000000
361.359375 152.875000
362.859375 151.875000
364.359375 151.000000
365.859375 150.250000
367.359375 149.625000
368.859375 149.125000
370.359375 148.750000
371.859375 148.500000
373.359375 148.375000
374.859375 148.375000
368.359375 148.500000
366.859375 146.500000
367.359375 144.625000
368.859375 142.875000
367.359375 140.875000
367.859375 139.000000
369.359375 137.250000
367.859375 135.250000
368.359375 133.375000
369.859375 131.625000
368.359375 129.625000
368.859375 127.750000
367.359375 125.750000
367.859375 123.875000
369.359375 122.125000
367.859375 120.125000
368.359375 118.250000
369.859375 116.500000
368.359375 114.500000
368.359375 112.625000
377.859375 110.875000
377.859375 108.875000
377.859375 106.875000
377.859375 104.875000
377.859375 102.875000
379.359375 101.000000
380.859375 99.250000
382.359375 97.625000
383.859375 96.125000
385.359375 94.750000
386.859375 93.500000
388.359375 92.375000
389.859375 91.375000
391.359375 90.500000
392.859375 89.750000
394.359375 89.125000
395.859375 88.625000
397.359375 88.250000
398.859375 88.000000
400.359375 87.875000
401.859375 87.875000
403.359375 88.000000
404.859375 88.250000
406.359375 88.625000
407.859375 89.125000
409.359375 89.750000
410.859375 90.500000
412.359375 91.375000
413.859375 92.375000
415.359375 93.500000
416.859375 94.750000
418.359375 96.125000
419.859375 96.125000
421.359375 96.125000
422.859375 96.125000
424.359375 96.250000
425.859375 96.500000
427.359375 96.875000
428.859375 97.375000
430.359375 98.000000
431.859375 98.750000
433.359375 99.625000
434.859375 100.625000
436.359375 101.750000
437.859375 103.000000
439.359375 104.375000
439.359375 105.875000
439.359375 107.500000
439.359375 109.250000
439.359375 111.125000
439.359375 113.125000
439.359375 115.250000
439.359375 117.500000
439.359375 119.875000
439.359375 122.375000
439.359375 125.000000
439.359375 127.750000
439.359375 130.625000
439.359375 133.625000
440.859375 136.750000
442.359375 140.000000
443.859375 143.375000
445.359375 146.875000
446.859375 150.500000
448.359375 154.250000
449.859375 158.125000
451.359375 162.125000
452.859375 166.250000
454.359375 170.500000
455.859375 174.875000
457.359375 179.375000
458.859375 184.000000
460.359375 188.750000
461.859375 192.625000
463.359375 192.625000
464.859375 192.625000
466.359375 192.625000
467.859375 192.625000
469.359375 192.625000
470.859375 192.625000
472.359375 192.625000
473.859375 192.625000
475.359375 192.625000
476.859375 192.625000
478.359375 192.625000
479.859375 192.625000
481.359375 192.625000
482.859375 192.625000
484.359375 192.625000
485.859375 192.625000
487.359375 192.625000
488.859375 192.625000
490.359375 192.625000
491.859375 192.625000
493.359375 192.625000
494.859375 192.625000
496.359375 192.625000
497.859375 192.625000
499.359375 192.625000
500.859375 192.625000
502.359375 192.625000
503.859375 192.625000
505.359375 192.625000
506.859375 192.625000
508.359375 192.625000
509.859375 192.625000
511.359375 192.625000
512.859375 192.625000
514.359375 192.625000
515.859375 192.625000
517.359375 192.625000
518.859375 192.625000
520.359375 192.625000
521.859375 192.625000
523.359375 192.625000
524.859375 192.625000
526.359375 192.625000
527.859375 192.625000
529.359375 192.625000
530.859375 192.625000
532.359375 192.625000
533.859375 192.625000
535.359375 192.625000
536.859375 192.625000
538.359375 192.625000
539.859375 192.625000
541.359375 192.625000
542.859375 192.625000
544.359375 192.625000
545.859375 192.625000
547.359375 192.625000
548.859375 192.625000
550.359375 192.625000
551.859375 192.625000
553.359375 192.625000
554.859375 192.625000
556.359375 192.625000
557.859375 192.625000
559.359375 192.625000
560.859375 192.625000
562.359375 192.625000
563.859375 192.625000
565.359375 192.625000
566.859375 192.625000
568.359375 192.625000
569.859375 192.625000
571.359375 192.625000
572.859375 192.625000
574.359375 192.625000
575.859375 192.625000
577.359375 192.625000
578.859375 192.625000
580.359375 192.625000
581.859375 192.625000
583.359375 192.625000
584.859375 192.625000
586.359375 192.625000
587.859375 192.625000
589.359375 192.625000
590.859375 192.625000
592.359375 192.625000
593.859375 192.625000
595.359375 189.375000
596.859375 186.250000
598.359375 183.250000
599.859375 180.375000
601.359375 177.625000
602.859375 175.000000
604.359375 172.500000
605.859375 170.125000
607.359375 167.875000
608.859375 165.750000
610.359375 163.750000
611.859375 161.875000
613.359375 160.125000
614.859375 158.500000
616.359375 157.000000
617.859375 155.625000
619.359375 154.375000
620.859375 153.250000
622.359375 152.250000
623.859375 151.375000
625.359375 150.625000
626.859375 150.000000
628.359375 149.500000
629.859375 149.125000
631.359375 148.875000
624.859375 148.750000
623.359375 146.750000
623.859375 144.875000
625.359375 143.125000
623.859375 141.125000
624.359375 139.250000
622.859375 137.250000
623.359375 135.375000
624.859375 133.625000
623.359375 131.625000
623.859375 129.750000
625.359375 128.000000
623.859375 126.000000
624.359375 124.125000
622.859375 122.125000
623.359375 120.250000
624.859375 118.500000
623.359375 116.500000
623.859375 114.625000
625.359375 112.875000
623.859375 110.875000
623.859375 109.000000
633.359375 107.250000
633.359375 105.250000
633.359375 103.250000
634.859375 101.375000
634.859375 99.625000
634.859375 98.000000
636.359375 96.500000
637.859375 95.125000
639.359375 93.875000
640.859375 92.750000
642.359375 91.750000
643.859375 90.875000
645.359375 90.125000
646.859375 89.500000
648.359375 89.000000
649.859375 88.625000
651.359375 88.375000
652.859375 88.250000
654.359375 88.250000
655.859375 88.375000
657.359375 88.625000
658.859375 89.000000
660.359375 89.500000
661.859375 90.125000
663.359375 90.875000
664.859375 91.750000
666.359375 92.750000
667.859375 93.875000
669.359375 95.125000
670.859375 96.500000
672.359375 96.500000
673.859375 96.500000
675.359375 96.500000
676.859375 96.500000
678.359375 96.500000
678.359375 96.500000
679.859375 96.625000
681.359375 96.875000
682.859375 97.250000
684.359375 97.750000
685.859375 98.375000
687.359375 99.125000
688.859375 100.000000
690.359375 101.000000
691.859375 102.125000
693.359375 103.375000
694.859375 104.750000
694.359375 106.250000
695.859375 107.875000
695.859375 109.625000
695.859375 111.500000
695.859375 113.500000
695.859375 115.625000
695.859375 117.875000
695.859375 120.250000
695.859375 122.750000
695.859375 125.375000
695.859375 128.125000
695.859375 131.000000
695.859375 134.000000
697.359375 137.125000
698.859375 140.375000
700.359375 143.750000
701.859375 147.250000
703.359375 150.875000
704.859375 154.625000
706.359375 158.500000
707.859375 162.500000
709.359375 166.625000
710.859375 170.875000
712.359375 175.250000
713.859375 179.750000
715.359375 184.375000
716.859375 189.125000
718.359375 192.000000
719.859375 188.750000
721.359375 185.625000
722.859375 182.625000
724.359375 179.750000
725.859375 177.000000
727.359375 174.375000
728.859375 171.875000
730.359375 169.500000
731.859375 167.250000
733.359375 165.125000
734.859375 163.125000
736.359375 161.250000
737.859375 159.500000
739.359375 157.875000
740.859375 156.375000
742.359375 155.000000
743.859375 153.750000
745.359375 152.625000
746.859375 151.625000
748.359375 150.750000
749.859375 150.000000
751.359375 149.375000
752.859375 148.875000
754.359375 148.500000
755.859375 148.250000
757.359375 148.125000
758.859375 148.125000
752.359375 148.250000
750.859375 146.250000
751.359375 144.375000
752.859375 142.625000
751.359375 140.625000
751.859375 138.750000
753.359375 137.000000
751.859375 135.000000
752.359375 133.125000
753.859375 131.375000
752.359375 129.375000
752.859375 127.500000
751.359375 125.500000
751.859375 123.625000
753.359375 121.875000
751.859375 119.875000
752.359375 118.000000
753.859375 116.250000
752.359375 114.250000
752.359375 112.375000
761.859375 110.625000
761.859375 108.625000
761.859375 106.625000
761.859375 104.625000
761.859375 102.625000
763.359375 100.750000
764.859375 99.000000
766.359375 97.375000
767.859375 95.875000
769.359375 94.500000
770.859375 93.250000
772.359375 92.125000
773.859375 91.125000
775.359375 90.250000
776.859375 89.500000
778.359375 88.875000
779.859375 88.375000
781.359375 88.000000
782.859375 87.750000
784.359375 87.625000
785.859375 87.625000
787.359375 87.750000
788.859375 88.000000
790.359375 88.375000
791.859375 88.875000
793.359375 89.500000
794.859375 90.250000
796.359375 91.125000
797.859375 92.125000
799.359375 93.250000
800.859375 94.500000
802.359375 95.875000
803.859375 96.375000
805.359375 96.375000
806.859375 96.375000
808.359375 96.375000
809.859375 96.375000
811.359375 96.375000
812.859375 96.375000
814.359375 96.375000
815.859375 96.375000
817.359375 96.375000
818.859375 96.375000
820.359375 96.375000
821.859375 96.375000
823.359375 96.375000
824.859375 96.375000
826.359375 96.375000
827.859375 96.375000
829.359375 96.375000
830.859375 96.375000
832.359375 96.375000
833.859375 96.375000
835.359375 96.375000
836.859375 96.375000
838.359375 96.375000
839.859375 96.375000
841.359375 96.375000
842.859375 96.375000
844.359375 96.375000
845.859375 96.375000
847.359375 96.375000
848.859375 96.375000
850.359375 96.375000
851.859375 96.375000
853.359375 96.375000
854.859375 96.375000
856.359375 96.375000
857.859375 96.375000
859.359375 96.375000
860.859375 96.375000
862.359375 96.375000
863.859375 96.375000
865.359375 96.375000
866.859375 96.375000
868.359375 96.375000
869.859375 96.375000
871.359375 96.375000
872.859375 96.375000
874.359375 96.375000
875.859375 96.375000
877.359375 96.375000
878.859375 96.375000
880.359375 96.375000
881.859375 96.375000
883.359375 96.375000
884.859375 96.375000
886.359375 96.375000
887.859375 96.375000
889.359375 96.375000
890.859375 96.375000
892.359375 96.375000
893.859375 96.375000
895.359375 96.375000
896.859375 96.375000
898.359375 96.375000
899.859375 96.375000
901.359375 96.375000
902.859375 96.375000
904.359375 96.375000
905.859375 96.375000
907.359375 96.375000
908.859375 96.375000
910.359375 96.375000
911.859375 96.375000
913.359375 96.375000
914.859375 96.375000
916.359375 96.375000
917.859375 96.375000
919.359375 96.375000
920.859375 96.375000
922.359375 96.375000
923.859375 96.375000
925.359375 96.375000
926.859375 96.375000
928.359375 96.375000
929.859375 96.375000
931.359375 96.375000
932.859375 96.375000
934.359375 96.375000
935.859375 96.375000
937.359375 96.500000
938.859375 96.750000
940.359375 97.125000
941.859375 97.625000
943.359375 98.250000
944.859375 99.000000
946.359375 99.875000
947.859375 100.875000
949.359375 102.000000
950.859375 103.250000
952.359375 104.625000
953.859375 106.125000
955.359375 107.750000
956.859375 109.500000
958.359375 111.375000
959.859375 113.375000
961.359375 115.500000
962.859375 117.750000
964.359375 120.125000
965.859375 122.625000
967.359375 125.250000
968.859375 128.000000
970.359375 130.875000
971.859375 133.875000
973.359375 137.000000
974.859375 140.250000
976.359375 143.625000
977.859375 147.125000
979.359375 150.750000
980.859375 154.500000
982.359375 158.375000
983.859375 162.375000
985.359375 166.500000
986.859375 170.750000
988.359375 175.125000
989.859375 179.625000
991.359375 184.250000
992.859375 189.000000
994.359375 192.875000
995.859375 192.875000
997.359375 192.875000
998.859375 192.875000
1000.359375 192.875000
1001.859375 192.875000
1003.359375 192.875000
1004.859375 192.875000
1006.359375 192.875000
1007.859375 192.875000
1009.359375 192.875000
1010.859375 192.875000
1012.359375 192.875000
1013.859375 192.875000
1015.359375 192.875000
1016.859375 192.875000
1018.359375 192.875000
1019.859375 192.875000
1021.359375 192.875000
1022.859375 192.875000
1024.359375 192.875000
1025.859375 192.875000
1027.359375 192.875000
1028.859375 192.875000
1030.359375 192.875000
1031.859375 192.875000
1033.359375 192.875000
1034.859375 192.875000
1036.359375 192.875000
1037.859375 192.875000
1039.359375 192.875000
1040.859375 192.875000
1042.359375 192.875000
1043.859375 192.875000
1045.359375 192.875000
1046.859375 192.875000
1048.359375 192.875000
1049.859375 192.875000
1051.359375 192.875000
1052.859375 192.875000
1054.359375 192.875000
1055.859375 192.875000
1057.359375 192.875000
1058.859375 192.875000
1060.359375 192.875000
1061.859375 192.875000
1063.359375 192.875000
1064.859375 192.875000
1066.359375 192.875000
1067.859375 192.875000
1069.359375 192.875000
1070.859375 192.875000
1072.359375 192.875000
1073.859375 192.875000
1075.359375 192.875000
1076.859375 192.875000
1078.359375 192.875000
1079.859375 192.875000
1081.359375 192.875000
1082.859375 189.625000
1084.359375 186.500000
1085.859375 183.500000
1087.359375 180.625000
1088.859375 177.875000
1090.359375 175.250000
1091.859375 172.750000
1093.359375 170.375000
1094.859375 168.125000
1096.359375 166.000000
1097.859375 164.000000
1099.359375 162.125000
1100.859375 160.375000
1102.359375 158.750000
1103.859375 157.250000
1105.359375 155.875000
1106.859375 154.625000
1108.359375 153.500000
1109.859375 152.500000
1111.359375 151.625000
1112.859375 150.875000
1114.359375 150.250000
1115.859375 149.750000
1117.359375 149.375000
1118.859375 149.125000
1120.359375 149.000000
1121.859375 149.000000
1123.359375 149.125000
1124.859375 149.375000
1126.359375 149.750000
1127.859375 150.250000
1129.359375 150.875000
1130.859375 151.625000
1132.359375 152.500000
1133.859375 153.500000
1135.359375 154.625000
1136.859375 155.875000
1138.359375 157.250000
1139.859375 158.750000
1141.359375 160.375000
1142.859375 162.125000
1144.359375 164.000000
1145.859375 166.000000
1147.359375 168.125000
1148.859375 170.375000
1150.359375 172.750000
1151.859375 175.250000
1153.359375 177.875000
1154.859375 180.625000
1156.359375 183.500000
1157.859375 186.500000
1159.359375 189.625000
1160.859375 192.875000
1162.359375 192.875000
1163.859375 192.875000
1165.359375 192.875000
1166.859375 192.875000
1168.359375 192.875000
1169.859375 192.875000
1171.359375 192.875000
1172.859375 192.875000
1174.359375 192.875000
1175.859375 192.875000
1177.359375 192.875000
1178.859375 192.875000
1180.359375 192.875000
1181.859375 192.875000
1183.359375 192.875000
1184.859375 192.875000
1186.359375 192.875000
1187.859375 192.875000
1189.359375 192.875000
1190.859375 192.875000
1192.359375 192.875000
1193.859375 192.875000
1195.359375 192.875000
1196.859375 192.875000
1198.359375 192.875000
1199.859375 192.875000
1201.359375 192.875000
1202.859375 192.875000
1204.359375 192.875000
1205.859375 192.875000
1207.359375 192.875000
1208.859375 192.875000
1210.359375 192.875000
1211.859375 192.875000
1213.359375 192.875000
1214.859375 192.875000
1216.359375 192.875000
1217.859375 192.875000
1219.359375 192.875000
1220.859375 192.875000
1222.359375 192.875000
1223.859375 192.875000
1225.359375 192.875000
1226.859375 192.875000
1228.359375 192.875000
1229.859375 192.875000
1231.359375 192.875000
1232.859375 192.875000
1234.359375 192.875000
1235.859375 192.875000
1237.359375 192.875000
1238.859375 192.875000
1240.359375 192.875000
1241.859375 192.875000
