-96.000000 784.000000
-97.271339 786.192932
-96.788559 790.373230
-97.528633 796.354614
-99.470680 802.968079
-99.541817 813.066833
-100.621834 822.519409
-101.601463 835.201843
-103.381706 846.995972
-104.035416 860.799744
-103.689125 874.603455
-105.342857 889.407166
-104.996567 903.210938
-105.650276 917.014648
-107.304008 929.818359
-106.957718 943.622070
-107.611427 958.425842
-109.265160 972.229553
-108.918869 986.033264
-109.519203 1002.046021
-111.009903 1017.766479
-111.401237 1036.128540
-110.702492 1054.071777
-110.922150 1071.541870
-112.067841 1091.489380
-112.200729 1109.870117
-112.322029 1129.643677
-112.432808 1149.773193
-111.534050 1171.225220
-111.680916 1190.968750
-111.814880 1211.977295
-111.882904 1234.225342
-111.999664 1254.690186
-111.999664 1297.922974
-111.999664 1341.521973
-111.999664 1386.452881
-111.999664 1429.684570
-111.999664 1465.526978
-109.807465 1481.552246
-105.643501 1495.698242
-99.726280 1507.981934
-93.265388 1519.421753
-84.389183 1528.242065
-74.246689 1534.543091
-61.974289 1541.416016
-49.716900 1544.893433
-36.546745 1549.156738
-22.590860 1551.219238
-9.020325 1552.000000
22.002869 1552.000000
52.016296 1552.000000
82.103851 1552.000000
112.258614 1552.000000
142.474243 1552.000000
171.745056 1552.000000
203.065887 1552.000000
233.432037 1552.000000
262.756287 1552.000000
292.957886 1552.000000
322.962036 1552.000000
335.813995 1539.413086
346.717407 1524.925415
355.854950 1510.621460
364.443481 1495.559937
369.628235 1479.812012
374.540802 1464.442017
379.300476 1446.508301
382.015289 1430.063599
382.783234 1412.155884
383.693085 1392.828491
383.825287 1375.120972
384.252716 1356.068726
383.041473 1335.704224
381.251404 1317.056763
377.936768 1297.152710
376.146820 1277.016113
371.926025 1255.668945
369.314850 1236.130859
365.349854 1215.419800
361.064209 1193.551880
356.487976 1172.541992
350.648407 1152.403198
345.570221 1131.147705
341.224426 1108.804199
336.002838 1088.284302
336.002838 1065.595215
338.064758 1046.145142
342.119232 1027.288696
348.003265 1010.200928
354.528595 993.986389
364.491699 980.735962
373.675751 969.523804
384.853424 961.405212
396.878052 954.278137
409.612152 949.047607
422.893890 944.667542
436.671936 942.964478
450.794952 942.905701
474.298889 942.960754
504.304108 942.960754
534.309326 942.960754
564.314514 942.960754
594.319763 942.960754
624.324951 942.960754
657.749512 942.960754
694.366089 942.960754
731.062927 942.960754
767.738770 942.960754
807.257629 942.960754
845.584656 942.960754
885.644104 942.960754
927.323059 942.960754
967.607727 942.960754
988.159668 946.084167
1005.723450 950.050293
1007.444580 959.740112
1006.216248 967.316467
1002.874634 975.113098
999.524170 984.015564
994.925903 989.520325
994.925903 989.520325
