1056.000000 -3616.000000
1057.561859 -3614.436935
1060.539139 -3611.457352
1064.799149 -3607.194046
1070.221634 -3601.767365
1076.697617 -3595.286377
1084.128326 -3587.849930
1092.424255 -3579.547592
1101.504288 -3570.460541
1111.294922 -3560.662338
1121.729538 -3550.219666
1132.708954 -3539.155075
1144.182098 -3527.526871
1156.022293 -3515.315094
1167.647125 -3502.227737
1178.925766 -3488.286545
1189.839371 -3473.553909
1200.422134 -3458.104050
1210.705093 -3442.004196
1220.716354 -3425.315262
1230.481400 -3408.092484
1240.023300 -3390.385910
1249.362961 -3372.240921
1258.519363 -3353.698593
1267.675766 -3335.156265
1276.832169 -3316.613937
1285.988571 -3298.071609
1285.988571 -3260.986923
1290.566772 -3233.173416
1300.363800 -3212.516312
1309.830872 -3191.665970
1318.998901 -3170.640518
1327.999756 -3149.487778
1327.999756 -3106.729080
1327.999756 -3063.559677
1327.999756 -3020.019424
1327.999756 -2976.143082
1327.999756 -2931.962173
1327.999756 -2887.505234
1328.241409 -2854.054199
1330.261154 -2832.947998
1334.064865 -2812.826233
1339.543182 -2780.810364
1342.782593 -2734.048889
1347.691650 -2711.865845
1354.002182 -2676.691574
1357.526398 -2625.818771
1362.818085 -2602.073135
1369.550201 -2564.725876
1374.807770 -2540.460129
1381.715698 -2517.931564
1390.184967 -2497.460007
1411.894943 -2480.778748
1439.423309 -2468.828201
1481.382111 -2459.844650
1499.856903 -2449.560074
1499.856903 -2449.560074
1499.856903 -2449.560074
