384.000000 -1024.000000
383.536072 -1021.856323
384.557983 -1017.770020
387.020203 -1011.923157
387.881378 -1005.480835
389.742554 -998.038452
391.603760 -989.596130
394.464966 -983.153748
395.756409 -972.544006
399.047882 -962.934326
401.339325 -954.324585
402.630768 -943.714844
404.922241 -935.105164
408.213715 -925.495422
411.012268 -912.825439
412.615509 -901.127502
416.218781 -888.429504
417.822021 -874.731506
421.425293 -863.033569
424.028534 -850.335632
425.631775 -836.637634
429.235046 -823.939636
432.000000 -810.037964
432.000000 -810.037964
