35.386719 8.750000 35.386719 7.750000
35.480469 8.937500 35.589844 8.039062
35.574219 9.140625 35.792969 8.343750
35.667969 9.359375 35.996094 8.664062
35.761719 9.593750 36.199219 9.000000
35.855469 9.843750 36.402344 9.351562
35.949219 10.109375 36.605469 9.718750
36.042969 10.390625 36.808594 10.101562
36.136719 10.687500 37.011719 10.500000
36.230469 11.000000 37.214844 10.914062
36.320312 11.000000 37.417969 11.000000
36.406250 11.000000 37.617188 10.632812
36.496094 11.000000 37.816406 10.281250
36.582031 11.000000 38.015625 9.945312
36.671875 11.000000 38.214844 9.625000
36.757812 10.687500 38.414062 9.320312
36.851562 10.609375 38.613281 9.031250
36.945312 10.546875 38.812500 8.757812
37.039062 10.500000 39.011719 8.500000
37.132812 10.468750 39.210938 8.257812
37.226562 10.453125 39.410156 8.031250
37.320312 10.453125 39.609375 7.820312
37.414062 10.468750 39.808594 7.625000
37.507812 10.500000 40.007812 7.445312
37.601562 10.546875 40.207031 7.281250
37.695312 10.609375 40.406250 7.132812
37.789062 10.687500 40.605469 7.000000
37.882812 10.781250 40.804688 6.882812
37.976562 10.890625 41.003906 6.781250
38.070312 11.000000 41.203125 6.695312
38.160156 11.000000 41.402344 6.625000
38.246094 11.000000 41.601562 6.570312
38.335938 11.000000 41.800781 6.531250
38.421875 11.000000 42.000000 6.507812
38.511719 11.000000 42.199219 6.500000
38.597656 11.000000 42.398438 6.507812
38.687500 11.000000 42.597656 6.531250
38.773438 11.000000 42.796875 6.570312
38.863281 11.000000 42.996094 6.625000
38.949219 11.000000 43.195312 6.695312
39.039062 11.000000 43.195312 6.695312
39.125000 11.000000 43.195312 6.695312
39.214844 11.000000 43.195312 6.695312
39.300781 11.000000 43.195312 6.695312
39.390625 11.000000 43.195312 6.695312
39.476562 11.000000 43.195312 6.695312
39.566406 11.000000 43.195312 6.695312
39.652344 11.000000 43.195312 6.695312
39.742188 11.000000 43.195312 6.695312
39.828125 11.000000 43.195312 6.695312
39.917969 11.000000 43.195312 6.695312
40.003906 11.000000 43.195312 6.695312
40.093750 11.000000 43.195312 6.695312
40.179688 11.000000 43.195312 6.695312
40.269531 11.000000 43.195312 6.695312
40.355469 11.000000 43.195312 6.695312
40.445312 11.000000 40.445312 10.000000
40.523438 11.000000 40.523438 10.000000
40.589844 11.000000 40.589844 10.000000
40.644531 10.687500 40.644531 9.687500
40.691406 10.390625 40.691406 9.390625
40.730469 10.312500 40.730469 9.312500
40.761719 10.250000 40.761719 9.250000
40.785156 10.203125 40.785156 9.203125
40.800781 10.171875 40.800781 9.171875
40.824219 10.156250 40.824219 9.156250
40.855469 10.156250 40.855469 9.156250
40.878906 10.171875 40.878906 9.171875
40.910156 10.203125 40.910156 9.203125
40.949219 10.250000 40.949219 9.250000
40.996094 10.312500 40.996094 9.312500
41.050781 10.390625 41.050781 9.390625
41.113281 10.484375 41.113281 9.484375
41.183594 10.593750 41.183594 9.593750
41.261719 10.718750 41.261719 9.718750
41.347656 10.859375 41.347656 9.859375
41.441406 11.000000 41.441406 10.000000
41.531250 10.687500 41.531250 9.687500
41.621094 10.390625 41.621094 9.390625
41.710938 10.109375 41.710938 9.109375
41.800781 9.843750 41.800781 8.843750
41.882812 9.593750 41.882812 8.593750
41.957031 9.359375 41.957031 8.359375
42.023438 9.140625 42.023438 8.140625
42.082031 8.937500 42.082031 7.937500
42.132812 8.750000 42.132812 7.750000
42.175781 8.578125 42.175781 7.578125
42.210938 8.421875 42.210938 7.421875
42.238281 8.281250 42.238281 7.281250
42.273438 8.156250 42.363281 7.039062
42.300781 8.046875 42.488281 6.812500
42.320312 7.968750 42.613281 6.601562
42.332031 7.906250 42.738281 6.406250
42.335938 7.859375 42.863281 6.226562
42.339844 7.828125 42.988281 6.062500
42.335938 7.812500 43.113281 5.914062
42.324219 7.812500 43.238281 5.781250
42.304688 7.828125 43.363281 5.664062
42.277344 7.859375 43.488281 5.562500
42.242188 7.906250 43.613281 5.476562
42.199219 7.968750 43.738281 5.406250
42.148438 8.046875 43.863281 5.351562
42.089844 8.140625 43.988281 5.312500
42.023438 8.250000 44.113281 5.289062
41.949219 8.375000 44.238281 5.281250
41.867188 8.515625 44.363281 5.289062
41.777344 8.671875 44.488281 5.312500
41.679688 8.843750 44.488281 5.312500
41.582031 9.031250 44.488281 5.312500
41.484375 9.234375 44.488281 5.312500
41.386719 9.453125 44.488281 5.562500
41.289062 9.687500 44.488281 5.750000
41.191406 9.937500 44.488281 6.000000
41.093750 10.203125 44.488281 6.062500
40.996094 10.484375 44.488281 6.312500
40.898438 10.781250 44.488281 5.312500
40.800781 11.000000 44.488281 5.312500
40.707031 11.000000 44.488281 5.312500
40.617188 11.000000 44.488281 5.562500
40.523438 11.000000 44.488281 5.750000
40.441406 11.000000 44.488281 6.000000
40.371094 11.000000 44.488281 6.062500
40.304688 10.687500 44.488281 6.312500
40.246094 10.390625 44.488281 6.312500
40.195312 10.109375 44.488281 6.562500
40.152344 9.843750 44.488281 6.562500
40.117188 9.593750 44.488281 6.750000
40.089844 9.359375 44.488281 6.750000
40.070312 9.281250 44.488281 6.937500
40.058594 9.218750 44.488281 6.937500
40.046875 9.171875 44.488281 7.000000
40.042969 9.140625 44.488281 7.000000
40.046875 9.125000 44.488281 7.000000
40.042969 9.125000 40.042969 8.125000
40.031250 9.140625 40.031250 8.140625
40.019531 9.171875 40.019531 8.171875
40.000000 9.218750 40.000000 8.218750
39.972656 9.281250 39.972656 8.281250
39.937500 9.359375 39.937500 8.359375
39.910156 9.453125 39.910156 8.453125
39.890625 9.562500 39.890625 8.562500
39.878906 9.687500 39.878906 8.687500
39.875000 9.828125 39.875000 8.828125
39.878906 9.984375 39.878906 8.984375
39.882812 10.156250 39.882812 9.156250
39.886719 10.343750 39.886719 9.343750
39.882812 10.546875 39.882812 9.546875
39.886719 10.765625 39.886719 9.765625
39.882812 11.000000 39.882812 10.000000
39.882812 10.687500 39.882812 9.687500
39.875000 10.390625 39.875000 9.390625
39.875000 10.109375 39.875000 9.109375
39.882812 9.843750 39.882812 8.843750
39.882812 9.593750 39.882812 8.593750
39.875000 9.359375 39.875000 8.359375
39.875000 9.140625 39.875000 8.140625
39.867188 8.937500 39.867188 7.937500
39.851562 8.750000 39.851562 7.750000
39.843750 8.578125 39.843750 7.578125
39.828125 8.421875 39.828125 7.421875
39.804688 8.281250 39.804688 7.281250
39.781250 8.203125 39.781250 7.203125
39.765625 8.140625 39.765625 7.140625
39.742188 8.093750 39.742188 7.093750
39.726562 8.062500 39.726562 7.062500
39.718750 8.046875 39.718750 7.046875
39.703125 8.046875 39.554688 7.242188
39.679688 8.062500 39.390625 7.453125
39.656250 8.093750 39.226562 7.679688
39.632812 8.140625 39.062500 7.921875
39.609375 8.203125 38.898438 8.179688
39.585938 8.281250 38.734375 8.453125
39.562500 8.375000 38.570312 8.742188
39.539062 8.484375 38.406250 9.046875
39.515625 8.609375 38.242188 9.367188
39.492188 8.750000 38.078125 9.703125
39.468750 8.906250 37.914062 10.054688
39.445312 9.078125 37.750000 10.421875
39.421875 9.265625 37.585938 10.804688
39.398438 9.468750 37.421875 11.000000
39.375000 9.687500 37.261719 10.664062
39.351562 9.921875 37.101562 10.343750
39.328125 10.171875 36.941406 10.039062
39.304688 10.437500 36.781250 9.750000
39.281250 10.718750 36.621094 9.476562
39.257812 11.000000 36.460938 9.218750
39.238281 11.000000 36.300781 8.976562
39.222656 11.000000 36.140625 8.750000
39.210938 11.000000 35.980469 8.539062
39.203125 11.000000 35.820312 8.343750
39.199219 11.000000 35.660156 8.164062
39.199219 11.000000 35.500000 8.000000
39.199219 11.000000 35.339844 7.851562
39.199219 11.000000 35.179688 7.718750
39.199219 11.000000 35.019531 7.601562
39.199219 11.000000 34.859375 7.500000
39.199219 11.000000 34.699219 7.414062
39.199219 11.000000 34.539062 7.343750
39.199219 11.000000 34.378906 7.289062
39.199219 11.000000 34.218750 7.250000
39.199219 11.000000 34.058594 7.226562
39.199219 11.000000 33.898438 7.218750
39.199219 11.000000 33.738281 7.226562
39.199219 11.000000 33.578125 7.250000
39.199219 11.000000 33.480469 7.289062
39.199219 11.000000 33.640625 7.343750
39.199219 11.000000 33.800781 7.414062
39.199219 11.000000 33.960938 7.500000
39.199219 11.000000 34.121094 7.601562
39.199219 11.000000 34.281250 7.718750
39.199219 11.000000 34.441406 7.851562
39.199219 11.000000 34.601562 8.000000
39.199219 11.000000 34.761719 8.164062
39.199219 11.000000 34.921875 8.343750
39.199219 11.000000 35.082031 8.539062
39.199219 11.000000 35.242188 8.750000
39.199219 11.000000 35.402344 8.976562
39.199219 11.000000 35.562500 9.218750
39.199219 11.000000 35.722656 9.476562
39.199219 11.000000 35.882812 9.750000
39.199219 11.000000 36.042969 10.039062
39.199219 11.000000 36.203125 10.343750
39.199219 11.000000 36.363281 10.664062
39.199219 11.000000 36.523438 11.000000
39.199219 11.000000 36.679688 10.726562
39.199219 11.000000 36.835938 10.468750
39.199219 11.000000 36.992188 10.226562
39.199219 11.000000 37.148438 10.000000
39.199219 11.000000 37.304688 9.789062
39.199219 11.000000 37.460938 9.593750
39.199219 11.000000 37.617188 9.414062
39.199219 11.000000 37.773438 9.250000
39.199219 11.000000 37.929688 9.101562
39.199219 11.000000 38.085938 8.968750
39.199219 11.000000 38.242188 8.851562
39.199219 11.000000 38.398438 8.750000
39.199219 11.000000 38.554688 8.664062
39.199219 11.000000 38.710938 8.593750
39.199219 11.000000 38.867188 8.539062
39.199219 11.000000 39.023438 8.500000
39.199219 11.000000 39.179688 8.476562
39.199219 11.000000 39.335938 8.468750
39.199219 11.000000 39.492188 8.476562
39.199219 11.000000 39.648438 8.500000
39.199219 11.000000 39.804688 8.539062
39.199219 11.000000 39.960938 8.593750
39.199219 11.000000 40.117188 8.664062
39.199219 11.000000 40.273438 8.750000
39.199219 11.000000 40.429688 8.851562
39.199219 11.000000 40.585938 8.968750
39.199219 11.000000 40.742188 9.101562
39.199219 11.000000 40.898438 9.250000
39.199219 11.000000 41.054688 9.414062
39.199219 11.000000 41.210938 9.593750
39.199219 11.000000 41.367188 9.789062
39.199219 11.000000 41.523438 10.000000
39.199219 11.000000 41.679688 10.226562
39.199219 11.000000 41.835938 10.468750
39.199219 11.000000 41.992188 10.726562
39.199219 11.000000 42.148438 11.000000
39.199219 11.000000 42.300781 10.789062
39.199219 11.000000 42.453125 10.593750
39.199219 11.000000 42.605469 10.414062
39.199219 11.000000 42.757812 10.250000
39.199219 11.000000 42.910156 10.101562
39.199219 11.000000 43.062500 9.968750
39.199219 11.000000 43.214844 9.851562
39.199219 11.000000 43.367188 9.750000
39.199219 11.000000 43.519531 9.664062
39.199219 11.000000 43.671875 9.593750
39.199219 11.000000 43.824219 9.539062
39.199219 11.000000 43.976562 9.500000
39.199219 11.000000 44.128906 9.476562
39.199219 11.000000 44.281250 9.468750
39.199219 11.000000 44.433594 9.476562
39.199219 11.000000 44.585938 9.500000
39.199219 11.000000 44.738281 9.539062
39.199219 11.000000 44.890625 9.593750
39.199219 11.000000 45.042969 9.664062
39.199219 11.000000 45.195312 9.750000
39.199219 11.000000 45.347656 9.851562
39.199219 11.000000 45.500000 9.968750
39.199219 11.000000 45.652344 10.101562
39.199219 11.000000 45.804688 10.250000
39.199219 11.000000 45.957031 10.414062
39.199219 11.000000 46.109375 10.593750
39.199219 11.000000 46.261719 10.789062
39.199219 11.000000 46.414062 11.000000
39.199219 11.000000 46.500000 10.851562
39.199219 11.000000 46.347656 10.718750
39.199219 11.000000 46.195312 10.601562
39.199219 11.000000 46.042969 10.500000
39.199219 11.000000 45.890625 10.414062
39.199219 11.000000 45.738281 10.343750
39.199219 11.000000 45.585938 10.289062
39.199219 11.000000 45.433594 10.250000
39.199219 11.000000 45.281250 10.226562
39.199219 11.000000 45.128906 10.218750
39.199219 11.000000 44.976562 10.226562
39.199219 11.000000 44.824219 10.250000
39.199219 11.000000 44.671875 10.289062
39.199219 11.000000 44.519531 10.343750
39.199219 11.000000 44.367188 10.414062
39.199219 11.000000 44.214844 10.500000
39.199219 11.000000 44.062500 10.601562
39.199219 11.000000 43.910156 10.718750
39.199219 11.000000 43.757812 10.851562
39.199219 11.000000 43.605469 11.000000
39.199219 11.000000 43.457031 10.914062
39.199219 11.000000 43.308594 10.843750
39.199219 11.000000 43.160156 10.789062
39.199219 11.000000 43.011719 10.750000
39.199219 11.000000 42.863281 10.726562
39.199219 11.000000 42.714844 10.718750
39.199219 11.000000 42.566406 10.726562
39.199219 11.000000 42.417969 10.750000
39.199219 11.000000 42.269531 10.789062
39.199219 11.000000 42.121094 10.843750
39.199219 11.000000 41.972656 10.914062
39.199219 11.000000 41.824219 11.000000
39.199219 11.000000 41.679688 10.976562
39.199219 11.000000 41.535156 10.968750
39.199219 11.000000 41.390625 10.976562
39.199219 11.000000 41.246094 11.000000
39.199219 11.000000 41.105469 11.000000
39.199219 11.000000 40.968750 11.000000
39.199219 11.000000 40.835938 11.000000
39.199219 11.000000 40.707031 11.000000
39.199219 11.000000 40.582031 11.000000
39.199219 11.000000 40.460938 11.000000
39.199219 11.000000 40.343750 11.000000
39.199219 11.000000 40.230469 11.000000
39.199219 11.000000 40.121094 11.000000
39.199219 11.000000 40.015625 11.000000
39.199219 11.000000 39.914062 11.000000
39.199219 11.000000 39.816406 11.000000
39.199219 11.000000 39.722656 11.000000
39.199219 11.000000 39.632812 11.000000
39.199219 11.000000 39.546875 11.000000
39.199219 11.000000 39.464844 11.000000
39.199219 11.000000 39.386719 11.000000
39.199219 11.000000 39.312500 11.000000
39.199219 11.000000 39.242188 11.000000
39.199219 11.000000 39.175781 11.000000
39.199219 11.000000 39.113281 11.000000
39.199219 11.000000 39.054688 11.000000
39.199219 11.000000 39.000000 11.000000
39.199219 11.000000 38.949219 11.000000
39.199219 11.000000 38.902344 11.000000
39.199219 11.000000 38.859375 11.000000
39.199219 11.000000 38.820312 11.000000
39.199219 11.000000 38.785156 11.000000
39.199219 11.000000 38.753906 11.000000
39.199219 11.000000 38.726562 11.000000
39.199219 11.000000 38.703125 11.000000
39.199219 11.000000 38.683594 11.000000
39.199219 11.000000 38.667969 11.000000
39.199219 11.000000 38.656250 11.000000
39.199219 11.000000 38.648438 11.000000
39.199219 11.000000 38.644531 11.000000
39.199219 11.000000 38.644531 11.000000
39.199219 11.000000 38.644531 11.000000
39.199219 11.000000 38.644531 11.000000
39.199219 11.000000 38.644531 11.000000
39.199219 11.000000 38.644531 11.000000
39.199219 11.000000 38.644531 11.000000
39.199219 11.000000 38.644531 11.000000
39.199219 11.000000 38.644531 11.000000
39.199219 11.000000 38.644531 11.000000
39.199219 11.000000 38.644531 11.000000
39.199219 11.000000 38.644531 11.000000
39.199219 11.000000 38.644531 11.000000
39.199219 11.000000 38.644531 11.000000
39.199219 11.000000 38.644531 11.000000
39.199219 11.000000 38.644531 11.000000
39.199219 11.000000 38.644531 11.000000
39.199219 11.000000 38.644531 11.000000
39.199219 11.000000 38.644531 11.000000
39.199219 11.000000 38.644531 11.000000
39.199219 11.000000 38.644531 11.000000
39.199219 11.000000 38.644531 11.000000
39.199219 11.000000 38.644531 11.000000
39.199219 11.000000 38.644531 11.000000
39.199219 11.000000 38.644531 11.000000
39.199219 11.000000 38.644531 11.000000
39.199219 11.000000 38.644531 11.000000
39.199219 11.000000 38.644531 11.000000
39.199219 11.000000 38.644531 11.000000
39.199219 11.000000 38.644531 11.000000
39.199219 11.000000 38.644531 11.000000
39.199219 11.000000 38.644531 11.000000
39.199219 11.000000 38.644531 11.000000
39.199219 11.000000 38.644531 11.000000
39.199219 11.000000 38.644531 11.000000
39.199219 11.000000 38.644531 11.000000
39.199219 11.000000 38.644531 11.000000
39.199219 11.000000 38.644531 11.000000
39.199219 11.000000 38.644531 11.000000
39.199219 11.000000 38.644531 11.000000
39.199219 11.000000 38.644531 11.000000
39.199219 11.000000 38.644531 11.000000
39.199219 11.000000 38.644531 11.000000
39.199219 11.000000 38.644531 11.000000
39.199219 11.000000 38.644531 11.000000
39.199219 11.000000 38.644531 11.000000
39.199219 11.000000 38.644531 11.000000
39.199219 11.000000 38.644531 11.000000
39.199219 11.000000 38.644531 11.000000
39.199219 11.000000 38.644531 11.000000
39.199219 11.000000 38.644531 11.000000
39.199219 11.000000 38.644531 11.000000
39.199219 11.000000 38.644531 11.000000
39.199219 11.000000 38.644531 11.000000
39.199219 11.000000 38.644531 11.000000
39.199219 11.000000 38.644531 11.000000
39.199219 11.000000 38.644531 11.000000
39.199219 11.000000 38.644531 11.000000
39.199219 11.000000 38.644531 11.000000
