42.468750 7.906250 43.015625 6.328125
42.457031 7.859375 43.136719 6.156250
42.437500 7.828125 43.257812 6.000000
42.410156 7.812500 43.378906 5.859375
42.375000 7.812500 43.500000 5.734375
42.332031 7.828125 43.621094 5.625000
42.281250 7.859375 43.742188 5.531250
42.222656 7.906250 43.863281 5.453125
42.156250 7.968750 43.984375 5.390625
42.082031 8.046875 44.105469 5.343750
42.000000 8.140625 44.226562 5.312500
41.910156 8.250000 44.347656 5.296875
41.812500 8.375000 44.468750 5.296875
41.714844 8.515625 44.589844 5.312500
41.617188 8.671875 44.589844 5.312500
41.519531 8.843750 44.589844 5.312500
41.421875 9.031250 44.589844 5.312500
41.324219 9.234375 44.589844 5.562500
41.226562 9.453125 44.589844 5.750000
41.128906 9.687500 44.589844 6.000000
41.031250 9.937500 44.589844 6.062500
40.933594 10.203125 44.589844 6.312500
40.835938 10.484375 44.589844 5.312500
40.738281 10.781250 44.589844 5.312500
40.640625 11.000000 44.589844 5.312500
40.546875 11.000000 44.589844 5.562500
40.457031 11.000000 44.589844 5.750000
40.363281 10.687500 44.589844 6.000000
40.269531 10.390625 44.589844 6.062500
40.175781 10.109375 44.589844 6.312500
40.082031 9.843750 44.589844 6.312500
39.988281 9.593750 44.589844 6.562500
39.894531 9.359375 44.589844 6.562500
39.800781 9.140625 44.589844 6.750000
39.707031 9.062500 44.589844 6.750000
39.613281 9.000000 44.589844 6.937500
39.519531 8.953125 44.589844 6.937500
39.433594 8.921875 44.589844 7.000000
39.355469 8.906250 44.589844 7.000000
39.285156 8.906250 39.285156 7.906250
39.222656 8.921875 39.222656 7.921875
39.167969 8.953125 39.167969 7.953125
39.121094 9.000000 39.121094 8.000000
39.082031 9.062500 39.082031 8.062500
39.050781 9.140625 39.050781 8.140625
39.027344 9.234375 39.027344 8.234375
39.011719 9.343750 39.011719 8.343750
39.003906 9.468750 39.003906 8.468750
39.003906 9.609375 39.003906 8.609375
39.011719 9.765625 39.011719 8.765625
39.027344 9.937500 39.027344 8.937500
39.050781 10.125000 39.050781 9.125000
39.082031 10.328125 39.082031 9.328125
39.121094 10.546875 39.121094 9.546875
39.167969 10.781250 39.167969 9.781250
39.222656 11.000000 39.222656 10.000000
39.281250 10.687500 39.281250 9.687500
39.347656 10.390625 39.347656 9.390625
39.421875 10.109375 39.421875 9.109375
39.488281 9.843750 39.488281 8.843750
39.546875 9.593750 39.546875 8.593750
39.597656 9.359375 39.597656 8.359375
39.640625 9.140625 39.640625 8.140625
39.675781 8.937500 39.675781 7.937500
39.703125 8.750000 39.703125 7.750000
39.722656 8.578125 39.722656 7.578125
39.734375 8.421875 39.734375 7.421875
39.738281 8.281250 39.738281 7.281250
39.734375 8.203125 39.734375 7.203125
39.722656 8.140625 39.722656 7.140625
39.703125 8.093750 39.703125 7.093750
39.691406 8.062500 39.691406 7.062500
39.671875 8.046875 39.523438 7.250000
39.660156 8.046875 39.355469 7.453125
39.656250 8.062500 39.187500 7.671875
39.660156 8.093750 39.019531 7.906250
39.671875 8.140625 38.851562 8.156250
39.691406 8.203125 38.683594 8.421875
39.718750 8.281250 38.515625 8.703125
39.753906 8.375000 38.347656 9.000000
39.796875 8.484375 38.179688 9.312500
39.839844 8.609375 38.011719 9.640625
39.882812 8.750000 37.843750 9.984375
39.925781 8.906250 37.675781 10.343750
39.968750 9.078125 37.507812 10.718750
40.011719 9.265625 37.339844 11.000000
40.054688 9.468750 37.175781 10.671875
40.097656 9.687500 37.011719 10.359375
40.140625 9.921875 36.847656 10.062500
40.183594 10.171875 36.683594 9.781250
40.226562 10.437500 36.519531 9.515625
40.269531 10.718750 36.355469 9.265625
40.312500 11.000000 36.191406 9.031250
40.351562 11.000000 36.027344 8.812500
40.386719 11.000000 35.863281 8.609375
40.417969 11.000000 35.699219 8.421875
40.445312 11.000000 35.535156 8.250000
40.468750 11.000000 35.371094 8.093750
40.488281 11.000000 35.207031 7.953125
40.503906 11.000000 35.042969 7.828125
40.515625 11.000000 34.878906 7.718750
40.523438 11.000000 34.714844 7.625000
40.527344 11.000000 34.550781 7.546875
40.527344 11.000000 34.386719 7.484375
40.527344 11.000000 34.222656 7.437500
40.527344 11.000000 34.058594 7.406250
40.527344 11.000000 33.894531 7.390625
40.527344 11.000000 33.730469 7.390625
40.527344 11.000000 33.566406 7.406250
40.527344 11.000000 33.464844 7.437500
40.527344 11.000000 33.628906 7.484375
40.527344 11.000000 33.792969 7.546875
40.527344 11.000000 33.957031 7.625000
40.527344 11.000000 34.121094 7.718750
40.527344 11.000000 34.285156 7.828125
40.527344 11.000000 34.449219 7.953125
40.527344 11.000000 34.613281 8.093750
40.527344 11.000000 34.777344 8.250000
40.527344 11.000000 34.941406 8.421875
40.527344 11.000000 35.105469 8.609375
40.527344 11.000000 35.269531 8.812500
40.527344 11.000000 35.433594 9.031250
40.527344 11.000000 35.597656 9.265625
40.527344 11.000000 35.761719 9.515625
40.527344 11.000000 35.925781 9.781250
40.527344 11.000000 36.089844 10.062500
40.527344 11.000000 36.253906 10.359375
40.527344 11.000000 36.417969 10.671875
40.527344 11.000000 36.582031 11.000000
40.527344 11.000000 36.742188 10.734375
40.527344 11.000000 36.902344 10.484375
40.527344 11.000000 37.062500 10.250000
40.527344 11.000000 37.222656 10.031250
40.527344 11.000000 37.382812 9.828125
40.527344 11.000000 37.542969 9.640625
40.527344 11.000000 37.703125 9.468750
40.527344 11.000000 37.863281 9.312500
40.527344 11.000000 38.023438 9.171875
40.527344 11.000000 38.183594 9.046875
40.527344 11.000000 38.343750 8.937500
40.527344 11.000000 38.503906 8.843750
40.527344 11.000000 38.664062 8.765625
40.527344 11.000000 38.824219 8.703125
40.527344 11.000000 38.984375 8.656250
40.527344 11.000000 39.144531 8.625000
40.527344 11.000000 39.304688 8.609375
40.527344 11.000000 39.464844 8.609375
40.527344 11.000000 39.625000 8.625000
40.527344 11.000000 39.785156 8.656250
40.527344 11.000000 39.945312 8.703125
40.527344 11.000000 40.105469 8.765625
40.527344 11.000000 40.265625 8.843750
40.527344 11.000000 40.425781 8.937500
40.527344 11.000000 40.585938 9.046875
40.527344 11.000000 40.746094 9.171875
40.527344 11.000000 40.906250 9.312500
40.527344 11.000000 41.066406 9.468750
40.527344 11.000000 41.226562 9.640625
40.527344 11.000000 41.386719 9.828125
40.527344 11.000000 41.546875 10.031250
40.527344 11.000000 41.707031 10.250000
40.527344 11.000000 41.867188 10.484375
40.527344 11.000000 42.027344 10.734375
40.527344 11.000000 42.187500 11.000000
40.527344 11.000000 42.343750 10.796875
40.527344 11.000000 42.500000 10.609375
40.527344 11.000000 42.656250 10.437500
40.527344 11.000000 42.812500 10.281250
40.527344 11.000000 42.968750 10.140625
40.527344 11.000000 43.125000 10.015625
40.527344 11.000000 43.281250 9.906250
40.527344 11.000000 43.437500 9.812500
40.527344 11.000000 43.593750 9.734375
40.527344 11.000000 43.750000 9.671875
40.527344 11.000000 43.906250 9.625000
40.527344 11.000000 44.062500 9.593750
40.527344 11.000000 44.218750 9.578125
40.527344 11.000000 44.375000 9.578125
40.527344 11.000000 44.531250 9.593750
40.527344 11.000000 44.687500 9.625000
40.527344 11.000000 44.843750 9.671875
40.527344 11.000000 45.000000 9.734375
40.527344 11.000000 45.156250 9.812500
40.527344 11.000000 45.312500 9.906250
40.527344 11.000000 45.468750 10.015625
40.527344 11.000000 45.625000 10.140625
40.527344 11.000000 45.781250 10.281250
40.527344 11.000000 45.937500 10.437500
40.527344 11.000000 46.093750 10.609375
40.527344 11.000000 46.250000 10.796875
40.527344 11.000000 46.406250 11.000000
40.527344 11.000000 46.558594 10.859375
40.527344 11.000000 46.648438 10.734375
40.527344 11.000000 46.496094 10.625000
40.527344 11.000000 46.343750 10.531250
40.527344 11.000000 46.191406 10.453125
40.527344 11.000000 46.039062 10.390625
40.527344 11.000000 45.886719 10.343750
40.527344 11.000000 45.734375 10.312500
40.527344 11.000000 45.582031 10.296875
40.527344 11.000000 45.429688 10.296875
40.527344 11.000000 45.277344 10.312500
40.527344 11.000000 45.125000 10.343750
40.527344 11.000000 44.972656 10.390625
40.527344 11.000000 44.820312 10.453125
40.527344 11.000000 44.667969 10.531250
40.527344 11.000000 44.515625 10.625000
40.527344 11.000000 44.363281 10.734375
40.527344 11.000000 44.210938 10.859375
40.527344 11.000000 44.058594 11.000000
40.527344 11.000000 43.910156 10.921875
40.527344 11.000000 43.761719 10.859375
40.527344 11.000000 43.613281 10.812500
40.527344 11.000000 43.464844 10.781250
40.527344 11.000000 43.316406 10.765625
40.527344 11.000000 43.167969 10.765625
40.527344 11.000000 43.019531 10.781250
40.527344 11.000000 42.871094 10.812500
40.527344 11.000000 42.722656 10.859375
40.527344 11.000000 42.574219 10.921875
40.527344 11.000000 42.425781 11.000000
40.527344 11.000000 42.281250 10.984375
40.527344 11.000000 42.136719 10.984375
40.527344 11.000000 41.992188 11.000000
40.527344 11.000000 41.851562 11.000000
40.527344 11.000000 41.714844 11.000000
40.527344 11.000000 41.582031 11.000000
40.527344 11.000000 41.453125 11.000000
40.527344 11.000000 41.328125 11.000000
40.527344 11.000000 41.207031 11.000000
40.527344 11.000000 41.089844 11.000000
40.527344 11.000000 40.976562 11.000000
40.527344 11.000000 40.867188 11.000000
40.527344 11.000000 40.761719 11.000000
40.527344 11.000000 40.660156 11.000000
40.527344 11.000000 40.562500 11.000000
40.527344 11.000000 40.468750 11.000000
40.527344 11.000000 40.378906 11.000000
40.527344 11.000000 40.292969 11.000000
40.527344 11.000000 40.210938 11.000000
40.527344 11.000000 40.132812 11.000000
40.527344 11.000000 40.132812 11.000000
