116.878906 24.000000 116.109375 24.000000
116.968750 24.000000 116.164062 24.000000
117.054688 23.687500 116.214844 24.000000
117.148438 23.390625 116.261719 24.000000
117.242188 23.109375 116.304688 24.000000
117.335938 23.031250 116.343750 24.000000
117.429688 22.968750 116.378906 24.000000
117.523438 22.921875 116.410156 24.000000
117.617188 22.890625 116.437500 24.000000
117.710938 22.875000 116.460938 24.000000
117.804688 22.875000 116.480469 24.000000
117.898438 22.890625 116.496094 24.000000
117.992188 22.921875 116.507812 24.000000
118.085938 22.968750 116.515625 24.000000
118.179688 23.031250 116.519531 24.000000
118.273438 23.109375 116.519531 24.000000
118.367188 23.203125 116.519531 24.000000
118.460938 23.312500 116.519531 24.000000
118.554688 23.437500 116.519531 24.000000
118.648438 23.578125 116.519531 24.000000
118.742188 23.734375 116.519531 24.000000
118.835938 23.906250 116.519531 24.000000
118.929688 24.000000 116.519531 24.000000
119.019531 24.000000 116.519531 24.000000
119.105469 23.687500 116.519531 24.000000
119.199219 23.390625 116.519531 24.000000
119.292969 23.109375 116.519531 24.000000
119.386719 22.843750 116.519531 24.000000
119.480469 22.593750 116.519531 24.000000
119.574219 22.359375 116.519531 24.000000
119.667969 22.140625 116.519531 24.000000
119.761719 21.937500 116.519531 24.000000
119.855469 21.750000 116.519531 24.000000
119.949219 21.578125 116.519531 24.000000
120.042969 21.421875 116.519531 24.000000
120.136719 21.281250 116.519531 24.000000
120.230469 21.156250 116.519531 24.000000
120.324219 21.046875 116.519531 24.000000
120.417969 20.953125 116.519531 24.000000
120.511719 20.875000 116.519531 24.000000
120.605469 20.812500 116.519531 24.000000
120.699219 20.765625 116.519531 24.000000
120.792969 20.734375 116.519531 24.000000
120.886719 20.718750 116.519531 24.000000
120.980469 20.718750 116.519531 24.000000
121.074219 20.734375 116.519531 24.000000
121.167969 20.765625 116.519531 24.000000
121.261719 20.812500 116.519531 24.000000
121.355469 20.875000 116.519531 24.000000
121.449219 20.953125 116.519531 24.000000
121.542969 21.046875 116.519531 24.000000
121.636719 21.156250 116.519531 24.000000
121.730469 21.281250 116.519531 24.000000
121.824219 21.421875 116.519531 24.000000
121.917969 21.578125 116.519531 24.000000
122.011719 21.750000 116.519531 24.000000
122.105469 21.937500 116.519531 24.000000
122.199219 22.140625 116.519531 24.000000
122.292969 22.359375 116.519531 24.000000
122.386719 22.593750 116.519531 24.000000
122.480469 22.843750 116.519531 24.000000
122.574219 23.109375 116.519531 24.000000
122.667969 23.390625 116.519531 24.000000
122.761719 23.687500 116.519531 24.000000
122.855469 24.000000 116.519531 24.000000
122.867188 24.000000 116.519531 24.000000
122.878906 24.000000 116.519531 24.000000
122.890625 23.687500 122.890625 22.687500
122.906250 23.390625 122.890625 22.687500
122.921875 23.312500 122.890625 22.687500
122.937500 23.250000 122.890625 22.687500
122.953125 23.203125 122.890625 22.687500
122.968750 23.171875 122.890625 22.687500
122.984375 23.156250 122.890625 22.687500
123.000000 23.156250 122.890625 22.687500
123.015625 23.171875 122.890625 22.687500
123.031250 23.203125 122.890625 22.687500
123.046875 23.250000 122.890625 22.687500
123.062500 23.312500 122.890625 22.687500
123.078125 23.390625 122.890625 22.687500
123.093750 23.484375 122.890625 22.687500
123.109375 23.593750 122.890625 22.687500
123.125000 23.718750 122.890625 22.687500
123.140625 23.859375 122.890625 22.687500
123.156250 24.000000 122.890625 22.687500
123.167969 23.687500 123.167969 22.687500
123.183594 23.390625 123.167969 22.687500
123.199219 23.312500 123.167969 22.687500
123.214844 23.250000 123.167969 22.687500
123.230469 23.203125 123.167969 22.687500
123.246094 23.171875 123.167969 22.687500
123.261719 23.156250 123.167969 22.687500
123.277344 23.156250 123.167969 22.687500
123.292969 23.171875 123.167969 22.687500
123.308594 23.203125 123.167969 22.687500
123.324219 23.250000 123.167969 22.687500
123.339844 23.312500 123.167969 22.687500
123.355469 23.390625 123.167969 22.687500
123.371094 23.484375 123.167969 22.687500
123.386719 23.593750 123.167969 22.687500
123.402344 23.718750 123.167969 22.687500
123.417969 23.859375 123.167969 22.687500
123.433594 24.000000 123.167969 22.687500
123.445312 23.687500 123.445312 22.687500
123.460938 23.390625 123.445312 22.687500
123.476562 23.312500 123.445312 22.687500
123.492188 23.250000 123.445312 22.687500
123.507812 23.203125 123.445312 22.687500
123.523438 23.171875 123.445312 22.687500
123.539062 23.156250 123.445312 22.687500
123.554688 23.156250 123.445312 22.687500
123.570312 23.171875 123.445312 22.687500
123.585938 23.203125 123.445312 22.687500
123.601562 23.250000 123.445312 22.687500
123.617188 23.312500 123.445312 22.687500
123.632812 23.390625 123.445312 22.687500
123.648438 23.484375 123.445312 22.687500
123.664062 23.593750 123.445312 22.687500
123.679688 23.718750 123.445312 22.687500
123.695312 23.859375 123.445312 22.687500
123.710938 24.000000 123.445312 22.687500
123.722656 23.687500 123.722656 22.687500
123.738281 23.390625 123.722656 22.687500
123.753906 23.312500 123.722656 22.687500
123.769531 23.250000 123.722656 22.687500
123.785156 23.203125 123.722656 22.687500
123.800781 23.171875 123.722656 22.687500
123.816406 23.156250 123.722656 22.687500
123.832031 23.156250 123.722656 22.687500
123.847656 23.171875 123.722656 22.687500
123.863281 23.203125 123.722656 22.687500
123.878906 23.250000 123.722656 22.687500
123.894531 23.312500 123.722656 22.687500
123.910156 23.390625 123.722656 22.687500
123.925781 23.484375 123.722656 22.687500
123.941406 23.593750 123.722656 22.687500
123.957031 23.718750 123.722656 22.687500
123.972656 23.859375 123.722656 22.687500
123.988281 24.000000 123.722656 22.687500
124.000000 23.687500 124.000000 22.687500
124.015625 23.390625 124.000000 22.687500
124.031250 23.312500 124.000000 22.687500
124.046875 23.250000 124.000000 22.687500
124.062500 23.203125 124.000000 22.687500
124.078125 23.171875 124.000000 22.687500
124.093750 23.156250 124.000000 22.687500
124.109375 23.156250 124.000000 22.687500
124.125000 23.171875 124.000000 22.687500
124.140625 23.203125 124.000000 22.687500
124.156250 23.250000 124.000000 22.687500
124.171875 23.312500 124.000000 22.687500
124.187500 23.390625 124.000000 22.687500
124.203125 23.484375 124.000000 22.687500
124.218750 23.593750 124.000000 22.687500
124.234375 23.718750 124.000000 22.687500
124.250000 23.859375 124.000000 22.687500
124.265625 24.000000 124.000000 22.687500
124.277344 23.687500 124.277344 22.687500
124.292969 23.390625 124.277344 22.687500
124.308594 23.312500 124.277344 22.687500
124.324219 23.250000 124.277344 22.687500
124.339844 23.203125 124.277344 22.687500
124.355469 23.171875 124.277344 22.687500
124.371094 23.156250 124.277344 22.687500
124.386719 23.156250 124.277344 22.687500
124.402344 23.171875 124.277344 22.687500
124.417969 23.203125 124.277344 22.687500
124.433594 23.250000 124.277344 22.687500
124.449219 23.312500 124.277344 22.687500
124.464844 23.390625 124.277344 22.687500
124.480469 23.484375 124.277344 22.687500
124.496094 23.593750 124.277344 22.687500
124.511719 23.718750 124.277344 22.687500
124.527344 23.859375 124.277344 22.687500
124.542969 24.000000 124.277344 22.687500
124.554688 23.687500 124.554688 22.687500
124.570312 23.390625 124.554688 22.687500
124.585938 23.312500 124.554688 22.687500
124.601562 23.250000 124.554688 22.687500
124.617188 23.203125 124.554688 22.687500
124.632812 23.171875 124.554688 22.687500
124.648438 23.156250 124.554688 22.687500
124.664062 23.156250 124.554688 22.687500
124.679688 23.171875 124.554688 22.687500
124.695312 23.203125 124.554688 22.687500
124.710938 23.250000 124.554688 22.687500
124.726562 23.312500 124.554688 22.687500
124.742188 23.390625 124.554688 22.687500
124.757812 23.484375 124.554688 22.687500
124.773438 23.593750 124.554688 22.687500
124.789062 23.718750 124.554688 22.687500
124.804688 23.859375 124.554688 22.687500
124.820312 24.000000 124.554688 22.687500
124.832031 23.687500 124.832031 22.687500
124.847656 23.390625 124.832031 22.687500
124.863281 23.312500 124.832031 22.687500
124.878906 23.250000 124.832031 22.687500
124.894531 23.203125 124.832031 22.687500
124.910156 23.171875 124.832031 22.687500
124.925781 23.156250 124.832031 22.687500
124.941406 23.156250 124.832031 22.687500
124.957031 23.171875 124.832031 22.687500
124.972656 23.203125 124.832031 22.687500
124.988281 23.250000 124.832031 22.687500
125.003906 23.312500 124.832031 22.687500
125.019531 23.390625 124.832031 22.687500
125.035156 23.484375 124.832031 22.687500
125.050781 23.593750 124.832031 22.687500
125.066406 23.718750 124.832031 22.687500
125.082031 23.859375 124.832031 22.687500
125.097656 24.000000 124.832031 22.687500
125.109375 23.687500 125.109375 22.687500
125.125000 23.390625 125.109375 22.687500
125.140625 23.312500 125.109375 22.687500
125.156250 23.250000 125.109375 22.687500
125.171875 23.203125 125.109375 22.687500
125.187500 23.171875 125.109375 22.687500
125.203125 23.156250 125.109375 22.687500
125.218750 23.156250 125.109375 22.687500
125.234375 23.171875 125.109375 22.687500
125.250000 23.203125 125.109375 22.687500
125.265625 23.250000 125.109375 22.687500
125.281250 23.312500 125.109375 22.687500
125.296875 23.390625 125.109375 22.687500
125.312500 23.484375 125.109375 22.687500
125.328125 23.593750 125.109375 22.687500
125.343750 23.718750 125.109375 22.687500
125.359375 23.859375 125.109375 22.687500
125.375000 24.000000 125.109375 22.687500
125.386719 23.687500 125.386719 22.687500
125.406250 23.390625 125.386719 22.687500
125.421875 23.312500 125.386719 22.687500
125.437500 23.250000 125.386719 22.687500
125.453125 23.203125 125.386719 22.687500
125.468750 23.171875 125.386719 22.687500
125.484375 23.156250 125.386719 22.687500
125.500000 23.156250 125.386719 22.687500
125.515625 23.171875 125.386719 22.687500
125.531250 23.203125 125.386719 22.687500
125.546875 23.250000 125.386719 22.687500
125.562500 23.312500 125.386719 22.687500
125.578125 23.390625 125.386719 22.687500
125.593750 23.484375 125.386719 22.687500
125.609375 23.593750 125.386719 22.687500
125.625000 23.718750 125.386719 22.687500
125.640625 23.859375 125.386719 22.687500
125.656250 24.000000 125.386719 22.687500
125.667969 23.687500 125.667969 22.687500
125.683594 23.390625 125.667969 22.687500
125.699219 23.312500 125.667969 22.687500
125.714844 23.250000 125.667969 22.687500
125.730469 23.203125 125.667969 22.687500
125.746094 23.171875 125.667969 22.687500
125.761719 23.156250 125.667969 22.687500
125.777344 23.156250 125.667969 22.687500
125.792969 23.171875 125.667969 22.687500
125.808594 23.203125 125.667969 22.687500
125.824219 23.250000 125.667969 22.687500
125.839844 23.312500 125.667969 22.687500
125.855469 23.390625 125.667969 22.687500
125.871094 23.484375 125.667969 22.687500
125.886719 23.593750 125.667969 22.687500
125.902344 23.718750 125.667969 22.687500
125.917969 23.859375 125.667969 22.687500
125.933594 24.000000 125.667969 22.687500
125.945312 23.687500 125.945312 22.687500
125.960938 23.390625 125.945312 22.687500
125.976562 23.312500 125.945312 22.687500
125.992188 23.250000 125.945312 22.687500
126.007812 23.203125 125.945312 22.687500
126.023438 23.171875 125.945312 22.687500
126.039062 23.156250 125.945312 22.687500
126.054688 23.156250 125.945312 22.687500
126.070312 23.171875 125.945312 22.687500
126.085938 23.203125 125.945312 22.687500
126.101562 23.250000 125.945312 22.687500
126.117188 23.312500 125.945312 22.687500
126.132812 23.390625 125.945312 22.687500
126.148438 23.484375 125.945312 22.687500
126.164062 23.593750 125.945312 22.687500
126.179688 23.718750 125.945312 22.687500
126.195312 23.859375 125.945312 22.687500
126.210938 24.000000 125.945312 22.687500
126.222656 23.687500 126.222656 22.687500
126.238281 23.609375 126.222656 22.687500
126.253906 23.546875 126.222656 22.687500
126.269531 23.500000 126.222656 22.687500
126.285156 23.468750 126.222656 22.687500
126.300781 23.453125 126.222656 22.687500
126.316406 23.453125 126.222656 22.687500
126.316406 23.453125 126.222656 22.687500
