49.843750 54.859375 47.265625 59.000000
49.937500 54.875000 47.265625 59.000000
50.031250 54.906250 47.265625 59.000000
50.125000 54.953125 47.265625 59.000000
50.218750 55.015625 47.265625 59.000000
50.312500 55.093750 47.265625 59.000000
50.406250 55.187500 47.265625 59.000000
50.500000 55.296875 47.265625 59.000000
50.593750 55.421875 47.265625 59.000000
50.687500 55.562500 47.265625 59.000000
50.781250 55.718750 47.265625 59.000000
50.875000 55.890625 47.265625 59.000000
50.968750 56.078125 50.968750 55.078125
51.062500 56.281250 51.062500 55.281250
51.156250 56.500000 51.156250 55.500000
51.250000 56.734375 51.250000 55.734375
51.343750 56.984375 51.343750 55.984375
51.437500 57.250000 51.437500 56.250000
51.531250 57.531250 51.531250 56.531250
51.625000 57.828125 51.625000 56.828125
51.718750 58.140625 51.718750 57.140625
51.812500 58.468750 51.812500 57.468750
51.906250 58.812500 51.906250 57.812500
52.000000 58.937500 52.000000 57.937500
52.089844 58.875000 52.089844 57.875000
52.175781 58.734375 52.175781 57.734375
52.269531 58.421875 52.269531 57.421875
52.363281 58.125000 52.363281 57.125000
52.457031 57.843750 52.457031 56.843750
52.550781 57.578125 52.550781 56.578125
52.644531 57.500000 52.644531 56.500000
52.738281 57.437500 52.738281 56.437500
52.832031 57.390625 52.832031 56.390625
52.925781 57.359375 52.925781 56.359375
53.019531 57.343750 53.019531 56.343750
53.113281 57.343750 53.113281 56.343750
53.207031 57.359375 53.207031 56.359375
53.300781 57.390625 53.300781 56.390625
53.394531 57.437500 53.394531 56.437500
53.488281 57.500000 53.488281 56.500000
53.582031 57.578125 53.582031 56.578125
53.675781 57.625000 53.675781 56.625000
53.765625 57.562500 53.765625 56.562500
53.851562 57.421875 53.851562 56.421875
53.945312 57.109375 53.945312 56.109375
54.039062 56.812500 54.039062 55.812500
54.132812 56.531250 54.132812 55.531250
54.226562 56.265625 54.226562 55.265625
54.320312 56.015625 54.320312 55.015625
54.414062 55.781250 54.414062 54.781250
54.507812 55.562500 54.507812 54.562500
54.601562 55.359375 54.601562 54.359375
54.695312 55.171875 54.695312 54.171875
54.789062 55.000000 54.789062 54.000000
54.882812 54.843750 54.882812 53.843750
54.976562 54.765625 54.976562 53.765625
55.070312 54.703125 55.070312 53.703125
55.164062 54.656250 55.164062 53.656250
55.257812 54.625000 55.257812 53.625000
55.351562 54.609375 55.351562 53.609375
55.445312 54.609375 55.445312 53.609375
55.539062 54.625000 55.539062 53.625000
55.632812 54.656250 55.632812 53.656250
55.726562 54.703125 55.726562 53.703125
55.820312 54.765625 55.820312 53.765625
55.914062 54.843750 55.914062 53.843750
56.007812 54.937500 56.007812 53.937500
56.101562 55.046875 56.101562 54.046875
56.195312 55.171875 56.195312 54.171875
56.289062 55.312500 56.289062 54.312500
56.382812 55.468750 56.382812 54.468750
56.476562 55.640625 56.476562 54.640625
56.570312 55.828125 56.570312 54.828125
56.664062 56.031250 56.664062 55.031250
56.757812 56.250000 56.757812 55.250000
56.851562 56.484375 56.851562 55.484375
56.945312 56.734375 56.945312 55.734375
57.039062 57.000000 57.039062 56.000000
57.136719 57.062500 57.136719 56.062500
57.238281 57.062500 57.238281 56.062500
57.343750 57.125000 57.343750 56.125000
57.453125 57.187500 57.453125 56.187500
57.566406 57.250000 57.664062 56.390625
57.683594 57.312500 57.875000 56.609375
57.804688 57.171875 58.085938 56.843750
57.925781 57.093750 58.296875 57.093750
58.046875 57.031250 58.507812 57.359375
58.167969 56.984375 58.718750 57.640625
58.289062 56.953125 58.929688 57.937500
58.410156 56.937500 59.140625 57.875000
58.710938 56.703125 59.351562 57.640625
59.062500 56.484375 59.562500 57.421875
59.339844 56.281250 59.773438 57.218750
59.605469 56.093750 59.984375 57.031250
59.921875 55.921875 60.195312 56.859375
60.164062 55.765625 60.406250 56.703125
60.394531 55.625000 60.617188 56.562500
60.675781 55.500000 60.828125 56.437500
60.882812 55.390625 61.039062 56.328125
61.140625 55.296875 61.250000 56.234375
61.324219 55.218750 61.460938 56.156250
61.503906 55.156250 61.671875 56.093750
61.742188 55.109375 61.882812 56.046875
61.914062 55.078125 62.093750 56.015625
62.082031 55.062500 62.304688 56.000000
62.308594 55.062500 62.515625 56.000000
62.468750 55.078125 62.726562 56.015625
62.687500 55.109375 62.937500 56.046875
62.839844 55.156250 63.148438 56.093750
62.988281 55.218750 63.359375 56.156250
63.203125 55.296875 63.570312 56.234375
63.359375 55.390625 63.781250 56.328125
63.519531 55.500000 63.992188 56.437500
63.746094 55.625000 64.203125 56.562500
63.914062 55.765625 64.414062 56.703125
64.148438 55.921875 64.625000 56.859375
64.324219 56.093750 64.835938 57.031250
64.503906 56.281250 65.046875 57.218750
64.750000 56.484375 65.257812 57.421875
64.937500 56.703125 65.468750 57.640625
65.125000 56.687500 65.679688 57.625000
65.375000 56.562500 65.886719 57.500000
65.562500 56.500000 66.089844 57.437500
65.750000 56.375000 66.289062 57.312500
65.937500 56.312500 66.484375 57.250000
66.125000 56.187500 66.675781 57.125000
66.312500 56.125000 66.863281 57.062500
66.500000 56.000000 67.046875 56.937500
66.695312 55.937500 67.226562 56.875000
66.894531 55.875000 67.402344 56.812500
67.097656 55.812500 67.574219 56.750000
67.242188 55.812500 67.742188 56.750000
67.453125 55.750000 67.906250 56.687500
67.667969 55.750000 68.066406 56.687500
67.824219 55.750000 68.222656 56.687500
68.046875 55.750000 68.375000 56.687500
68.210938 55.578125 68.527344 56.515625
68.378906 55.421875 68.679688 56.359375
68.613281 55.281250 68.832031 56.218750
68.789062 55.156250 68.984375 56.093750
69.031250 55.046875 69.136719 55.984375
69.214844 54.953125 69.289062 55.890625
69.464844 54.875000 69.441406 55.812500
69.656250 54.812500 69.593750 55.750000
69.851562 54.765625 69.746094 55.703125
70.113281 54.734375 69.898438 55.671875
70.316406 54.718750 70.050781 55.656250
70.585938 54.718750 70.203125 55.656250
70.796875 54.734375 70.355469 55.671875
71.074219 54.765625 70.507812 55.703125
71.167969 54.781250 70.660156 55.750000
71.449219 54.875000 70.812500 55.812500
71.539062 54.890625 70.964844 55.890625
71.628906 54.921875 71.117188 55.984375
71.718750 54.968750 71.269531 56.093750
71.808594 55.031250 71.421875 56.218750
71.898438 55.109375 71.574219 56.359375
71.988281 55.203125 71.726562 56.515625
72.078125 55.312500 71.878906 56.687500
72.167969 55.437500 72.031250 56.875000
72.257812 55.578125 72.183594 57.078125
72.347656 55.734375 72.335938 57.296875
72.437500 55.906250 72.488281 57.531250
72.527344 56.093750 72.640625 57.781250
72.617188 56.296875 72.792969 58.046875
72.707031 56.515625 72.945312 58.000000
72.796875 56.750000 73.093750 57.937500
73.011719 56.937500 73.238281 57.875000
73.292969 56.875000 73.378906 57.812500
73.507812 56.812500 73.515625 57.750000
73.726562 56.765625 73.648438 57.703125
73.941406 56.546875 73.781250 57.484375
74.160156 56.343750 73.914062 57.281250
74.375000 56.156250 74.046875 57.093750
74.593750 55.984375 74.179688 56.921875
74.871094 55.828125 74.312500 56.765625
74.964844 55.515625 74.445312 56.625000
75.050781 55.218750 74.578125 56.500000
75.128906 54.937500 74.710938 56.390625
75.199219 54.671875 74.843750 56.296875
75.269531 54.421875 74.976562 56.218750
75.347656 54.187500 75.109375 56.156250
75.433594 53.968750 75.242188 56.109375
75.527344 53.765625 75.375000 56.078125
75.621094 53.578125 75.507812 56.062500
75.714844 53.406250 75.640625 56.062500
75.808594 53.250000 75.773438 56.078125
75.902344 53.109375 75.906250 56.109375
75.996094 52.984375 76.039062 56.156250
76.089844 52.875000 76.039062 56.156250
76.183594 52.796875 76.039062 56.156250
76.277344 52.734375 76.039062 56.156250
76.371094 52.687500 76.039062 56.156250
76.464844 52.656250 76.039062 56.156250
76.558594 52.640625 76.039062 56.156250
76.652344 52.640625 76.039062 56.156250
76.746094 52.656250 76.039062 56.156250
76.839844 52.687500 76.039062 56.156250
76.933594 52.734375 76.039062 56.156250
77.027344 52.796875 76.039062 56.156250
77.121094 52.875000 76.039062 56.156250
77.214844 52.968750 76.039062 56.156250
77.308594 53.078125 76.039062 56.156250
77.402344 53.203125 76.039062 56.156250
77.496094 53.343750 76.039062 56.156250
77.589844 53.500000 77.589844 52.500000
77.683594 53.671875 77.683594 52.671875
77.777344 53.859375 77.777344 52.859375
77.871094 54.062500 77.871094 53.062500
77.964844 54.281250 77.964844 53.281250
78.058594 54.515625 78.058594 53.515625
78.152344 54.765625 78.152344 53.765625
78.246094 55.031250 78.246094 54.031250
78.339844 55.312500 78.339844 54.312500
78.433594 55.609375 78.433594 54.609375
78.527344 55.921875 78.527344 54.921875
78.621094 56.250000 78.621094 55.250000
78.714844 56.593750 78.714844 55.593750
78.808594 56.953125 78.808594 55.953125
78.902344 57.000000 78.902344 56.000000
78.992188 57.000000 78.992188 56.000000
79.078125 56.859375 79.078125 55.859375
79.171875 56.546875 79.171875 55.546875
79.265625 56.250000 79.265625 55.250000
79.359375 55.968750 79.359375 54.968750
79.453125 55.890625 79.453125 54.890625
79.546875 55.828125 79.546875 54.828125
79.640625 55.781250 79.640625 54.781250
79.734375 55.750000 79.734375 54.750000
79.828125 55.734375 79.828125 54.734375
79.921875 55.734375 79.921875 54.734375
80.015625 55.750000 80.015625 54.750000
80.109375 55.781250 80.109375 54.781250
80.203125 55.828125 80.203125 54.828125
80.296875 55.890625 80.296875 54.890625
80.390625 55.968750 80.390625 54.968750
80.484375 56.062500 80.484375 55.062500
80.578125 56.171875 80.578125 55.171875
80.671875 56.296875 80.671875 55.296875
80.765625 56.437500 80.765625 55.437500
80.859375 56.593750 80.859375 55.593750
80.953125 56.765625 80.953125 55.765625
81.046875 56.953125 81.046875 55.953125
81.140625 57.062500 81.140625 56.062500
81.238281 57.062500 81.238281 56.062500
81.339844 57.125000 81.339844 56.125000
81.445312 57.187500 81.445312 56.187500
81.554688 57.250000 81.554688 56.250000
81.667969 57.312500 81.667969 56.312500
81.785156 57.375000 81.785156 56.375000
81.906250 57.437500 81.906250 56.437500
82.031250 57.500000 82.031250 56.500000
82.156250 57.562500 82.156250 56.562500
82.281250 57.625000 82.281250 56.625000
82.406250 57.687500 82.406250 56.687500
82.531250 57.750000 82.625000 56.890625
82.656250 57.609375 82.843750 57.109375
82.781250 57.531250 83.062500 57.343750
82.906250 57.468750 83.281250 57.593750
83.031250 57.421875 83.500000 57.859375
83.156250 57.390625 83.718750 58.140625
83.281250 57.375000 83.937500 58.250000
83.406250 57.375000 84.152344 58.187500
83.718750 57.015625 84.367188 57.953125
84.082031 56.796875 84.582031 57.734375
84.371094 56.593750 84.796875 57.531250
84.710938 56.406250 85.011719 57.343750
84.976562 56.234375 85.226562 57.171875
85.292969 56.078125 85.441406 57.015625
85.535156 55.937500 85.656250 56.875000
85.765625 55.812500 85.871094 56.750000
86.046875 55.703125 86.085938 56.640625
86.253906 55.609375 86.300781 56.546875
86.511719 55.531250 86.515625 56.468750
86.695312 55.468750 86.730469 56.406250
86.937500 55.421875 86.945312 56.359375
87.113281 55.390625 87.160156 56.328125
87.347656 55.375000 87.375000 56.312500
87.515625 55.375000 87.589844 56.312500
87.679688 55.390625 87.804688 56.328125
87.902344 55.421875 88.019531 56.359375
88.058594 55.468750 88.234375 56.406250
88.273438 55.531250 88.449219 56.468750
88.421875 55.609375 88.664062 56.546875
88.628906 55.703125 88.878906 56.640625
88.777344 55.812500 89.093750 56.750000
88.929688 55.937500 89.308594 56.875000
89.148438 56.078125 89.523438 57.015625
89.308594 56.234375 89.738281 57.171875
89.535156 56.406250 89.953125 57.343750
89.703125 56.437500 90.167969 57.375000
89.937500 56.312500 90.378906 57.250000
90.113281 56.250000 90.585938 57.187500
90.292969 56.125000 90.789062 57.062500
90.476562 56.062500 90.988281 57.000000
90.671875 55.937500 91.183594 56.875000
90.933594 55.875000 91.375000 56.812500
91.128906 55.812500 91.562500 56.750000
91.257812 55.812500 91.746094 56.750000
91.445312 55.750000 91.925781 56.687500
91.632812 55.750000 92.101562 56.687500
91.828125 55.796875 92.273438 56.734375
92.027344 55.671875 92.445312 56.609375
92.167969 55.562500 92.617188 56.500000
92.375000 55.468750 92.789062 56.406250
92.585938 55.390625 92.960938 56.328125
92.800781 55.328125 93.132812 56.265625
92.957031 55.281250 93.304688 56.218750
93.179688 55.250000 93.476562 56.187500
93.406250 55.234375 93.648438 56.171875
93.636719 55.234375 93.820312 56.171875
93.808594 55.250000 93.992188 56.187500
94.046875 55.281250 94.164062 56.218750
94.289062 55.328125 94.335938 56.265625
94.535156 55.390625 94.507812 56.328125
94.722656 55.468750 94.679688 56.406250
94.976562 55.562500 94.851562 56.500000
95.234375 55.671875 95.023438 56.609375
95.496094 55.796875 95.195312 56.734375
95.699219 55.937500 95.367188 56.875000
95.968750 56.093750 95.539062 57.031250
96.242188 56.265625 95.710938 57.203125
96.519531 56.453125 95.882812 57.390625
96.613281 56.140625 95.882812 57.390625
96.707031 55.843750 95.882812 57.390625
96.800781 55.562500 95.882812 57.390625
96.894531 55.296875 95.882812 57.390625
96.988281 55.046875 95.882812 57.390625
97.082031 54.812500 95.882812 57.390625
97.175781 54.593750 95.882812 57.390625
97.269531 54.390625 95.882812 57.390625
97.363281 54.203125 95.882812 57.390625
97.457031 54.031250 95.882812 57.390625
97.550781 53.875000 95.882812 57.390625
97.644531 53.734375 95.882812 57.390625
97.738281 53.609375 95.882812 57.390625
97.832031 53.500000 95.882812 57.390625
97.925781 53.406250 95.882812 57.390625
98.019531 53.328125 95.882812 57.390625
98.113281 53.265625 98.113281 52.265625
98.207031 53.218750 98.207031 52.218750
98.300781 53.187500 98.300781 52.187500
98.394531 53.171875 98.394531 52.171875
98.488281 53.171875 98.488281 52.171875
98.582031 53.187500 98.582031 52.187500
98.675781 53.218750 98.675781 52.218750
98.769531 53.265625 98.769531 52.265625
98.863281 53.328125 98.863281 52.328125
98.957031 53.406250 98.957031 52.406250
99.050781 53.500000 99.050781 52.500000
99.144531 53.609375 99.144531 52.609375
99.238281 53.734375 99.238281 52.734375
99.332031 53.875000 99.332031 52.875000
99.425781 54.031250 99.425781 53.031250
99.519531 54.203125 99.519531 53.203125
99.613281 54.390625 99.613281 53.390625
99.707031 54.593750 99.707031 53.593750
99.800781 54.812500 99.800781 53.812500
99.894531 55.046875 99.894531 54.046875
99.988281 55.296875 99.988281 54.296875
100.082031 55.562500 100.082031 54.562500
100.175781 55.843750 100.175781 54.843750
100.269531 56.140625 100.269531 55.140625
100.363281 56.453125 100.363281 55.453125
100.457031 56.781250 100.457031 55.781250
100.550781 57.125000 100.550781 56.125000
100.644531 57.484375 100.644531 56.484375
100.738281 57.859375 100.738281 56.859375
100.832031 58.062500 100.832031 57.062500
100.921875 58.000000 100.921875 57.000000
101.007812 57.859375 101.007812 56.859375
101.101562 57.546875 101.101562 56.546875
101.195312 57.250000 101.195312 56.250000
101.289062 57.171875 101.289062 56.171875
101.382812 57.109375 101.382812 56.109375
101.476562 57.062500 101.476562 56.062500
101.570312 57.031250 101.570312 56.031250
101.664062 57.015625 101.664062 56.015625
101.757812 57.015625 101.757812 56.015625
101.851562 57.031250 101.851562 56.031250
101.945312 57.062500 101.945312 56.062500
102.039062 57.109375 102.039062 56.109375
102.132812 57.171875 102.132812 56.171875
102.226562 57.250000 102.226562 56.250000
102.320312 57.312500 102.320312 56.312500
102.410156 57.250000 102.410156 56.250000
102.496094 57.109375 102.496094 56.109375
102.589844 56.796875 102.589844 55.796875
102.683594 56.500000 102.683594 55.500000
102.777344 56.218750 102.777344 55.218750
102.871094 55.953125 102.871094 54.953125
102.964844 55.703125 102.964844 54.703125
103.058594 55.468750 103.058594 54.468750
103.152344 55.390625 103.152344 54.390625
103.246094 55.328125 103.246094 54.328125
103.339844 55.281250 103.339844 54.281250
103.433594 55.250000 103.433594 54.250000
103.527344 55.234375 103.527344 54.234375
103.621094 55.234375 103.621094 54.234375
103.714844 55.250000 103.714844 54.250000
103.808594 55.281250 103.808594 54.281250
103.902344 55.328125 103.902344 54.328125
103.996094 55.390625 103.996094 54.390625
104.089844 55.468750 104.089844 54.468750
104.183594 55.562500 104.183594 54.562500
104.277344 55.671875 104.277344 54.671875
104.371094 55.796875 104.371094 54.796875
104.464844 55.937500 104.464844 54.937500
104.558594 56.093750 104.558594 55.093750
104.652344 56.265625 104.652344 55.265625
104.746094 56.453125 104.746094 55.453125
104.839844 56.656250 104.839844 55.656250
104.933594 56.875000 104.933594 55.875000
105.027344 57.000000 105.027344 56.000000
105.125000 57.062500 105.125000 56.062500
105.226562 57.062500 105.226562 56.062500
105.332031 57.125000 105.332031 56.125000
105.441406 57.187500 105.441406 56.187500
105.554688 57.250000 105.554688 56.250000
105.671875 57.312500 105.671875 56.312500
105.792969 57.375000 105.792969 56.375000
105.917969 57.437500 105.917969 56.437500
106.042969 57.500000 106.042969 56.500000
106.167969 57.562500 106.167969 56.562500
106.292969 57.625000 106.386719 56.765625
106.417969 57.484375 106.605469 56.984375
106.542969 57.406250 106.824219 57.218750
106.667969 57.343750 107.042969 57.468750
106.792969 57.296875 107.261719 57.734375
106.917969 57.265625 107.480469 58.015625
107.042969 57.250000 107.699219 58.187500
107.167969 57.250000 107.914062 58.125000
107.542969 56.953125 108.128906 57.890625
107.843750 56.734375 108.343750 57.671875
108.132812 56.531250 108.558594 57.468750
108.472656 56.343750 108.773438 57.281250
108.738281 56.171875 108.988281 57.109375
109.054688 56.015625 109.203125 56.953125
109.296875 55.875000 109.417969 56.812500
109.589844 55.750000 109.632812 56.687500
109.808594 55.640625 109.847656 56.578125
110.078125 55.546875 110.062500 56.484375
110.273438 55.468750 110.277344 56.406250
110.457031 55.406250 110.492188 56.343750
110.699219 55.359375 110.707031 56.296875
110.875000 55.328125 110.921875 56.265625
111.109375 55.312500 111.136719 56.250000
111.277344 55.312500 111.351562 56.250000
111.503906 55.328125 111.566406 56.265625
111.664062 55.359375 111.781250 56.296875
111.820312 55.406250 111.996094 56.343750
112.035156 55.468750 112.210938 56.406250
112.183594 55.546875 112.425781 56.484375
112.390625 55.640625 112.640625 56.578125
112.531250 55.750000 112.855469 56.687500
112.738281 55.875000 113.070312 56.812500
112.886719 56.015625 113.285156 56.953125
113.101562 56.171875 113.500000 57.109375
113.257812 56.343750 113.714844 57.281250
113.417969 56.531250 113.929688 57.468750
113.644531 56.437500 114.144531 57.375000
113.812500 56.375000 114.355469 57.312500
114.046875 56.250000 114.562500 57.187500
114.222656 56.125000 114.765625 57.062500
114.402344 56.062500 114.964844 57.000000
114.585938 55.937500 115.160156 56.875000
114.781250 55.875000 115.351562 56.812500
114.980469 55.812500 115.539062 56.750000
115.183594 55.812500 115.722656 56.750000
115.390625 55.750000 115.902344 56.687500
115.601562 55.750000 116.078125 56.687500
115.808594 55.781250 116.250000 56.718750
115.949219 55.640625 116.421875 56.578125
116.140625 55.515625 116.593750 56.453125
116.320312 55.406250 116.765625 56.343750
116.511719 55.312500 116.937500 56.250000
116.636719 55.234375 117.109375 56.171875
116.832031 55.171875 117.281250 56.109375
117.031250 55.125000 117.453125 56.062500
117.234375 55.093750 117.625000 56.031250
117.378906 55.078125 117.796875 56.015625
117.589844 55.078125 117.968750 56.015625
117.804688 55.093750 118.140625 56.031250
118.023438 55.125000 118.312500 56.062500
118.183594 55.171875 118.484375 56.109375
118.410156 55.234375 118.656250 56.171875
118.640625 55.312500 118.828125 56.250000
118.875000 55.406250 119.000000 56.343750
119.050781 55.515625 119.171875 56.453125
119.292969 55.640625 119.343750 56.578125
119.539062 55.781250 119.515625 56.718750
119.789062 55.937500 119.687500 56.875000
119.980469 56.109375 119.859375 57.046875
120.238281 56.296875 120.031250 57.234375
120.500000 56.500000 120.203125 57.437500
120.765625 56.718750 120.375000 57.656250
120.972656 56.953125 120.546875 57.890625
121.246094 57.125000 120.718750 58.062500
121.523438 57.062500 120.886719 58.000000
121.617188 56.750000 121.050781 57.937500
121.710938 56.453125 121.210938 57.875000
121.804688 56.375000 121.367188 57.812500
121.898438 56.312500 121.519531 57.750000
121.988281 56.265625 121.605469 57.750000
122.074219 56.234375 121.457031 57.734375
122.164062 56.218750 121.308594 57.546875
122.250000 56.000000 121.160156 57.375000
122.339844 56.000000 121.011719 57.218750
122.425781 55.687500 120.863281 57.078125
122.519531 55.390625 120.714844 56.953125
122.613281 55.109375 120.566406 56.843750
122.707031 54.843750 120.417969 56.750000
122.800781 54.593750 120.269531 56.671875
122.894531 54.359375 120.121094 56.609375
122.988281 54.140625 119.972656 56.562500
123.082031 53.937500 119.824219 56.531250
123.175781 53.750000 119.675781 56.515625
123.269531 53.578125 119.527344 56.515625
123.363281 53.500000 119.378906 56.531250
123.457031 53.437500 119.230469 56.562500
123.550781 53.390625 119.082031 56.609375
123.644531 53.359375 118.933594 56.671875
123.738281 53.343750 118.785156 56.750000
123.824219 53.000000 118.636719 56.843750
123.914062 52.687500 118.488281 56.953125
124.003906 52.390625 118.339844 57.078125
124.093750 52.109375 118.191406 57.218750
124.183594 51.843750 118.042969 57.375000
124.273438 51.593750 117.894531 57.437500
124.355469 51.359375 117.750000 57.375000
124.429688 51.140625 117.609375 57.250000
124.496094 50.937500 117.472656 57.187500
124.554688 50.750000 117.339844 57.125000
124.605469 50.578125 117.210938 57.062500
124.648438 50.421875 117.085938 57.000000
124.683594 50.343750 116.964844 56.937500
124.718750 50.281250 116.847656 56.875000
124.753906 50.234375 116.734375 56.875000
124.781250 50.203125 116.625000 56.812500
124.800781 50.187500 116.519531 56.812500
124.812500 50.000000 116.417969 56.750000
124.812500 49.687500 116.320312 56.750000
124.804688 49.390625 116.226562 56.687500
124.789062 49.109375 116.136719 56.687500
124.765625 48.843750 116.050781 56.687500
124.734375 43.593750 124.734375 42.593750
124.734375 43.593750 124.734375 42.593750
124.734375 43.593750 124.734375 42.593750
