107.542969 56.953125 108.128906 57.890625
107.843750 56.734375 108.343750 57.671875
108.132812 56.531250 108.558594 57.468750
108.472656 56.343750 108.773438 57.281250
108.738281 56.171875 108.988281 57.109375
109.054688 56.015625 109.203125 56.953125
109.296875 55.875000 109.417969 56.812500
109.589844 55.750000 109.632812 56.687500
109.808594 55.640625 109.847656 56.578125
110.078125 55.546875 110.062500 56.484375
110.273438 55.468750 110.277344 56.406250
110.457031 55.406250 110.492188 56.343750
110.699219 55.359375 110.707031 56.296875
110.875000 55.328125 110.921875 56.265625
111.109375 55.312500 111.136719 56.250000
111.277344 55.312500 111.351562 56.250000
111.503906 55.328125 111.566406 56.265625
111.664062 55.359375 111.781250 56.296875
111.820312 55.406250 111.996094 56.343750
112.035156 55.468750 112.210938 56.406250
112.183594 55.546875 112.425781 56.484375
112.390625 55.640625 112.640625 56.578125
112.531250 55.750000 112.855469 56.687500
112.738281 55.875000 113.070312 56.812500
112.886719 56.015625 113.285156 56.953125
113.101562 56.171875 113.500000 57.109375
113.257812 56.343750 113.714844 57.281250
113.417969 56.531250 113.929688 57.468750
113.644531 56.437500 114.144531 57.375000
113.812500 56.375000 114.355469 57.312500
114.046875 56.250000 114.562500 57.187500
114.222656 56.125000 114.765625 57.062500
114.402344 56.062500 114.964844 57.000000
114.585938 55.937500 115.160156 56.875000
114.781250 55.875000 115.351562 56.812500
114.980469 55.812500 115.539062 56.750000
115.183594 55.812500 115.722656 56.750000
115.390625 55.750000 115.902344 56.687500
115.601562 55.750000 116.078125 56.687500
115.808594 55.781250 116.250000 56.718750
115.949219 55.640625 116.421875 56.578125
116.140625 55.515625 116.593750 56.453125
116.320312 55.406250 116.765625 56.343750
116.511719 55.312500 116.937500 56.250000
116.636719 55.234375 117.109375 56.171875
116.832031 55.171875 117.281250 56.109375
117.031250 55.125000 117.453125 56.062500
117.234375 55.093750 117.625000 56.031250
117.378906 55.078125 117.796875 56.015625
117.589844 55.078125 117.968750 56.015625
117.804688 55.093750 118.140625 56.031250
118.023438 55.125000 118.312500 56.062500
118.183594 55.171875 118.484375 56.109375
118.410156 55.234375 118.656250 56.171875
118.640625 55.312500 118.828125 56.250000
118.875000 55.406250 119.000000 56.343750
119.050781 55.515625 119.171875 56.453125
119.292969 55.640625 119.343750 56.578125
119.539062 55.781250 119.515625 56.718750
119.789062 55.937500 119.687500 56.875000
119.980469 56.109375 119.859375 57.046875
120.238281 56.296875 120.031250 57.234375
120.500000 56.500000 120.203125 57.437500
120.765625 56.718750 120.375000 57.656250
120.972656 56.953125 120.546875 57.890625
121.246094 57.125000 120.718750 58.062500
121.523438 57.062500 120.886719 58.000000
121.617188 56.750000 121.050781 57.937500
121.710938 56.453125 121.210938 57.875000
121.804688 56.375000 121.367188 57.812500
121.898438 56.312500 121.519531 57.750000
121.988281 56.265625 121.605469 57.750000
122.074219 56.234375 121.457031 57.734375
122.164062 56.218750 121.308594 57.546875
122.250000 56.000000 121.160156 57.375000
122.339844 56.000000 121.011719 57.218750
122.425781 55.687500 120.863281 57.078125
122.519531 55.390625 120.714844 56.953125
122.613281 55.109375 120.566406 56.843750
122.707031 54.843750 120.417969 56.750000
122.800781 54.593750 120.269531 56.671875
122.894531 54.359375 120.121094 56.609375
122.988281 54.140625 119.972656 56.562500
123.082031 53.937500 119.824219 56.531250
123.175781 53.750000 119.675781 56.515625
123.269531 53.578125 119.527344 56.515625
123.363281 53.500000 119.378906 56.531250
123.457031 53.437500 119.230469 56.562500
123.550781 53.390625 119.082031 56.609375
123.644531 53.359375 118.933594 56.671875
123.738281 53.343750 118.785156 56.750000
123.824219 53.000000 118.636719 56.843750
123.914062 52.687500 118.488281 56.953125
124.003906 52.390625 118.339844 57.078125
124.093750 52.109375 118.191406 57.218750
124.183594 51.843750 118.042969 57.375000
124.273438 51.593750 117.894531 57.437500
124.355469 51.359375 117.750000 57.375000
124.429688 51.140625 117.609375 57.250000
124.496094 50.937500 117.472656 57.187500
124.554688 50.750000 117.339844 57.125000
124.605469 50.578125 117.210938 57.062500
124.648438 50.421875 117.085938 57.000000
124.683594 50.343750 116.964844 56.937500
124.718750 50.281250 116.847656 56.875000
124.753906 50.234375 116.734375 56.875000
124.781250 50.203125 116.625000 56.812500
124.800781 50.187500 116.519531 56.812500
124.812500 50.000000 116.417969 56.750000
124.812500 49.687500 116.320312 56.750000
124.804688 49.390625 116.226562 56.687500
124.789062 49.109375 116.136719 56.687500
124.765625 48.843750 116.050781 56.687500
124.734375 43.593750 124.734375 42.593750
124.734375 43.593750 124.734375 42.593750
