54.488281 22.843750 54.488281 21.843750
54.582031 22.593750 54.582031 21.593750
54.675781 22.359375 54.675781 21.359375
54.769531 22.140625 54.769531 21.140625
54.863281 21.937500 54.863281 20.937500
54.957031 21.750000 54.957031 20.750000
55.050781 21.578125 55.050781 20.578125
55.144531 21.421875 55.144531 20.421875
55.238281 21.281250 55.238281 20.281250
55.332031 21.156250 55.332031 20.156250
55.425781 21.078125 55.425781 20.078125
55.519531 21.015625 55.519531 20.015625
55.613281 20.968750 55.613281 19.968750
55.707031 20.937500 55.707031 19.937500
55.800781 20.921875 55.800781 19.921875
55.894531 20.921875 55.894531 19.921875
55.988281 20.937500 55.988281 19.937500
56.082031 20.968750 56.082031 19.968750
56.175781 21.015625 56.175781 20.015625
56.269531 21.078125 56.269531 20.078125
56.363281 21.156250 56.363281 20.156250
56.457031 21.250000 56.457031 20.250000
56.550781 21.359375 56.550781 20.359375
56.644531 21.484375 56.644531 20.484375
56.738281 21.625000 56.738281 20.625000
56.832031 21.781250 56.832031 20.781250
56.925781 21.953125 56.925781 20.953125
57.019531 22.000000 57.019531 21.000000
57.109375 22.000000 57.109375 21.000000
57.195312 21.687500 57.195312 20.687500
57.289062 21.609375 57.289062 20.609375
57.382812 21.546875 57.382812 20.546875
57.476562 21.500000 57.476562 20.500000
57.570312 21.468750 57.570312 20.468750
57.664062 21.453125 57.664062 20.453125
57.757812 21.453125 57.757812 20.453125
57.851562 21.468750 57.851562 20.468750
57.945312 21.500000 57.945312 20.500000
58.039062 21.546875 58.039062 20.546875
58.132812 21.609375 58.132812 20.609375
58.226562 21.687500 58.226562 20.687500
58.320312 21.781250 58.320312 20.781250
58.414062 21.890625 58.414062 20.890625
58.507812 22.015625 58.507812 21.015625
58.593750 22.156250 58.394531 21.281250
58.671875 22.312500 58.281250 21.562500
58.742188 22.484375 58.167969 21.859375
58.804688 22.671875 58.054688 22.171875
58.859375 22.875000 57.941406 22.500000
58.906250 23.000000 57.828125 22.843750
58.941406 23.000000 57.714844 23.203125
58.980469 23.000000 57.601562 23.578125
59.023438 23.000000 57.488281 23.968750
59.070312 23.000000 57.437500 24.375000
59.121094 23.000000 57.550781 24.796875
59.175781 23.000000 57.664062 25.234375
59.234375 23.000000 57.777344 25.687500
59.296875 23.000000 57.890625 26.000000
59.363281 23.000000 58.000000 25.593750
59.433594 23.000000 58.109375 25.203125
59.507812 23.000000 58.218750 24.828125
59.585938 23.000000 58.328125 24.468750
59.667969 23.000000 58.437500 24.125000
59.753906 23.000000 58.546875 23.796875
59.843750 23.000000 58.656250 23.484375
59.929688 23.000000 58.765625 23.187500
60.019531 23.000000 58.875000 22.906250
60.105469 23.000000 58.984375 22.640625
60.195312 23.000000 59.093750 22.390625
60.281250 23.000000 59.203125 22.156250
60.371094 23.000000 59.312500 21.937500
60.457031 23.000000 59.421875 21.734375
60.546875 23.000000 59.531250 21.546875
60.632812 23.000000 59.640625 21.375000
60.722656 23.000000 59.750000 21.218750
60.808594 23.000000 59.859375 21.078125
60.882812 22.687500 59.968750 20.953125
60.949219 22.390625 60.078125 20.843750
61.023438 22.109375 60.187500 20.750000
61.105469 21.843750 60.296875 20.671875
61.187500 21.593750 60.406250 20.609375
61.277344 21.359375 60.515625 20.562500
61.367188 21.140625 60.625000 20.531250
61.457031 20.937500 60.734375 20.515625
61.546875 20.750000 60.843750 20.515625
61.636719 20.671875 60.953125 20.531250
61.726562 20.609375 61.062500 20.562500
61.816406 20.562500 61.171875 20.609375
61.906250 20.531250 61.281250 20.671875
61.996094 20.515625 61.390625 20.750000
62.085938 20.515625 61.500000 20.843750
62.175781 20.531250 61.609375 20.953125
62.265625 20.562500 61.718750 21.078125
62.355469 20.609375 61.828125 21.218750
62.679688 20.437500 61.937500 21.375000
62.835938 20.453125 62.046875 21.546875
62.992188 20.000000 62.156250 21.734375
63.148438 20.000000 62.265625 21.937500
63.304688 20.000000 62.375000 22.156250
63.460938 20.000000 62.484375 22.390625
63.617188 18.437500 62.531250 22.640625
63.773438 18.000000 62.421875 22.906250
63.929688 18.000000 62.312500 23.000000
64.085938 17.687500 62.207031 22.781250
64.242188 17.390625 62.101562 22.578125
64.398438 17.109375 61.996094 22.390625
64.492188 16.843750 61.890625 22.218750
64.648438 11.875000 64.648438 10.875000
64.648438 11.875000 64.648438 10.875000
64.648438 11.875000 64.648438 10.875000
64.648438 11.875000 64.648438 10.875000
64.648438 11.875000 64.648438 10.875000
64.804688 11.890625 64.804688 10.890625
64.960938 11.921875 64.960938 10.921875
65.117188 11.968750 65.117188 10.968750
65.117188 11.437500 65.117188 10.437500
65.117188 11.437500 65.117188 10.437500
