1811.000000 4721.000000
1811.000000 4721.000000
2017.000000 4721.000000
2017.000000 4721.000000
2016.000000 4721.000000
2014.000000 4721.000000
2013.000000 4721.000000
2013.000000 4721.000000
2011.000000 4721.000000
2010.000000 4721.000000
2008.000000 4721.000000
2007.000000 4721.000000
2005.000000 4721.000000
2004.000000 4721.000000
2002.000000 4721.000000
2001.000000 4721.000000
1999.000000 4721.000000
1998.000000 4721.000000
1996.000000 4721.000000
1995.000000 4721.000000
1993.000000 4721.000000
1992.000000 4721.000000
1990.000000 4721.000000
1989.000000 4721.000000
1989.000000 4721.000000
1987.000000 4721.000000
1986.000000 4721.000000
1984.000000 4721.000000
1983.000000 4721.000000
1981.000000 4721.000000
1980.000000 4721.000000
1978.000000 4721.000000
1977.000000 4721.000000
1975.000000 4721.000000
1974.000000 4721.000000
1972.000000 4721.000000
1971.000000 4721.000000
1969.000000 4721.000000
1968.000000 4721.000000
1966.000000 4721.000000
1965.000000 4721.000000
1963.000000 4717.000000
1963.000000 4717.000000
1962.000000 4713.000000
1961.000000 4709.000000
1961.000000 4692.000000
1961.000000 4692.000000
1960.000000 4690.000000
1959.000000 4702.000000
1958.000000 4699.000000
1957.000000 4695.000000
1956.000000 4692.000000
1954.000000 4689.000000
1953.000000 4686.000000
1953.000000 4686.000000
1952.000000 4683.000000
1952.000000 4683.000000
1951.000000 4680.000000
1950.000000 4677.000000
1949.000000 4674.000000
1948.000000 4672.000000
1947.000000 4669.000000
1945.000000 4669.000000
1944.000000 4670.000000
1943.000000 4670.000000
1942.000000 4670.000000
1941.000000 4671.000000
1940.000000 4671.000000
1939.000000 4672.000000
1938.000000 4673.000000
1936.000000 4673.000000
1935.000000 4673.000000
1934.000000 4673.000000
1932.000000 4673.000000
1931.000000 4673.000000
1929.000000 4669.000000
1928.000000 4665.000000
1927.000000 4661.000000
1926.000000 4658.000000
1925.000000 4654.000000
1924.000000 4651.000000
1923.000000 4647.000000
1922.000000 4644.000000
1920.000000 4641.000000
1919.000000 4638.000000
1918.000000 4635.000000
1917.000000 4632.000000
1916.000000 4629.000000
1915.000000 4626.000000
1914.000000 4624.000000
1913.000000 4621.000000
1911.000000 4619.000000
1910.000000 4617.000000
1909.000000 4614.000000
1908.000000 4612.000000
1907.000000 4610.000000
1906.000000 4608.000000
1905.000000 4606.000000
1904.000000 4589.000000
1902.000000 4587.000000
1901.000000 4585.000000
1900.000000 4584.000000
1899.000000 4583.000000
1898.000000 4581.000000
1897.000000 4580.000000
1896.000000 4579.000000
1895.000000 4578.000000
1893.000000 4577.000000
1892.000000 4577.000000
1891.000000 4577.000000
1890.000000 4577.000000
1889.000000 4577.000000
1888.000000 4573.000000
1887.000000 4569.000000
1885.000000 4565.000000
1884.000000 4562.000000
1883.000000 4558.000000
1883.000000 4555.000000
1882.000000 4551.000000
1882.000000 4548.000000
1881.000000 4545.000000
1881.000000 4542.000000
1882.000000 4539.000000
1882.000000 4536.000000
1883.000000 4533.000000
1883.000000 4531.000000
1884.000000 4528.000000
1884.000000 4525.000000
1884.000000 4523.000000
1884.000000 4521.000000
1884.000000 4519.000000
1884.000000 4516.000000
1884.000000 4514.000000
1885.000000 4512.000000
1886.000000 4513.000000
1887.000000 4513.000000
1889.000000 4513.000000
1890.000000 4513.000000
1891.000000 4513.000000
1892.000000 4513.000000
1893.000000 4509.000000
1893.000000 4505.000000
1893.000000 4501.000000
1893.000000 4498.000000
1892.000000 4494.000000
1892.000000 4491.000000
1892.000000 4487.000000
1892.000000 4484.000000
1892.000000 4481.000000
1892.000000 4478.000000
1892.000000 4475.000000
1892.000000 4472.000000
1892.000000 4469.000000
1892.000000 4467.000000
1892.000000 4464.000000
1892.000000 4462.000000
1892.000000 4459.000000
1892.000000 4457.000000
1892.000000 4455.000000
1892.000000 4453.000000
1892.000000 4451.000000
1892.000000 4449.000000
1891.000000 4449.000000
1891.000000 4449.000000
1891.000000 4449.000000
1891.000000 4449.000000
1891.000000 4449.000000
1891.000000 4445.000000
1891.000000 4441.000000
1891.000000 4421.000000
1891.000000 4421.000000
1891.000000 4421.000000
1892.000000 4433.000000
1892.000000 4430.000000
1893.000000 4426.000000
1894.000000 4423.000000
1895.000000 4420.000000
1896.000000 4417.000000
1897.000000 4414.000000
1898.000000 4411.000000
1900.000000 4408.000000
1900.000000 4405.000000
1900.000000 4402.000000
1900.000000 4400.000000
1900.000000 4397.000000
1900.000000 4395.000000
1900.000000 4393.000000
1900.000000 4390.000000
1900.000000 4388.000000
1900.000000 4386.000000
1901.000000 4384.000000
1902.000000 4384.000000
1902.000000 4385.000000
1902.000000 4385.000000
1901.000000 4385.000000
1901.000000 4385.000000
1900.000000 4385.000000
1899.000000 4381.000000
1898.000000 4377.000000
1897.000000 4373.000000
1896.000000 4370.000000
1895.000000 4366.000000
1893.000000 4363.000000
1892.000000 4359.000000
1891.000000 4356.000000
1890.000000 4353.000000
1889.000000 4350.000000
1888.000000 4331.000000
1887.000000 4331.000000
1886.000000 4331.000000
1884.000000 4331.000000
1883.000000 4332.000000
1882.000000 4332.000000
1881.000000 4333.000000
1880.000000 4333.000000
1879.000000 4334.000000
1878.000000 4335.000000
1877.000000 4336.000000
1875.000000 4353.000000
1875.000000 4353.000000
1875.000000 4353.000000
1875.000000 4349.000000
1875.000000 4329.000000
1875.000000 4326.000000
1875.000000 4322.000000
1875.000000 4319.000000
1876.000000 4315.000000
1876.000000 4312.000000
1877.000000 4309.000000
1878.000000 4305.000000
1878.000000 4302.000000
1880.000000 4299.000000
1881.000000 4296.000000
1882.000000 4294.000000
1883.000000 4291.000000
1884.000000 4288.000000
1884.000000 4286.000000
1884.000000 4283.000000
1884.000000 4281.000000
1884.000000 4279.000000
1884.000000 4277.000000
1884.000000 4275.000000
1884.000000 4273.000000
1884.000000 4271.000000
1884.000000 4269.000000
1884.000000 4267.000000
1884.000000 4264.000000
1884.000000 4262.000000
1884.000000 4260.000000
1884.000000 4259.000000
1885.000000 4257.000000
1886.000000 4257.000000
1888.000000 4257.000000
1889.000000 4257.000000
1891.000000 4257.000000
1892.000000 4253.000000
1893.000000 4249.000000
1893.000000 4245.000000
1893.000000 4245.000000
1894.000000 4242.000000
1894.000000 4238.000000
1895.000000 4235.000000
1895.000000 4231.000000
1894.000000 4228.000000
1894.000000 4225.000000
1893.000000 4222.000000
1893.000000 4219.000000
1892.000000 4216.000000
1892.000000 4213.000000
1892.000000 4210.000000
1892.000000 4208.000000
1892.000000 4205.000000
1892.000000 4203.000000
1892.000000 4201.000000
1892.000000 4198.000000
1892.000000 4198.000000
1892.000000 4196.000000
1892.000000 4194.000000
1891.000000 4192.000000
1891.000000 4192.000000
1890.000000 4193.000000
1890.000000 4193.000000
1889.000000 4193.000000
1889.000000 4193.000000
1888.000000 4193.000000
1888.000000 4189.000000
1888.000000 4185.000000
1888.000000 4167.000000
1888.000000 4167.000000
1888.000000 4165.000000
1888.000000 4178.000000
1888.000000 4174.000000
1888.000000 4171.000000
1888.000000 4167.000000
1889.000000 4164.000000
1890.000000 4161.000000
1891.000000 4158.000000
1892.000000 4155.000000
1893.000000 4152.000000
1894.000000 4149.000000
1895.000000 4147.000000
1895.000000 4147.000000
1896.000000 4144.000000
1897.000000 4141.000000
1899.000000 4139.000000
1900.000000 4137.000000
1900.000000 4135.000000
1900.000000 4132.000000
1900.000000 4132.000000
1900.000000 4130.000000
1901.000000 4128.000000
1902.000000 4129.000000
1902.000000 4129.000000
1902.000000 4129.000000
1901.000000 4129.000000
1901.000000 4129.000000
1900.000000 4129.000000
1899.000000 4125.000000
1898.000000 4121.000000
1897.000000 4117.000000
1896.000000 4114.000000
1894.000000 4110.000000
1893.000000 4107.000000
1892.000000 4103.000000
1891.000000 4100.000000
1891.000000 4100.000000
1890.000000 4097.000000
1889.000000 4094.000000
1888.000000 4075.000000
1887.000000 4075.000000
1885.000000 4075.000000
1884.000000 4076.000000
1883.000000 4076.000000
1882.000000 4076.000000
1881.000000 4077.000000
1880.000000 4078.000000
1879.000000 4078.000000
1878.000000 4079.000000
1876.000000 4080.000000
1875.000000 4097.000000
1874.000000 4097.000000
1873.000000 4097.000000
1872.000000 4093.000000
1872.000000 4074.000000
1872.000000 4070.000000
1872.000000 4066.000000
1872.000000 4063.000000
1872.000000 4059.000000
1873.000000 4056.000000
1873.000000 4053.000000
1874.000000 4050.000000
1875.000000 4046.000000
1876.000000 4044.000000
1877.000000 4041.000000
1878.000000 4038.000000
1879.000000 4035.000000
1881.000000 4033.000000
1882.000000 4030.000000
1883.000000 4028.000000
1884.000000 4025.000000
1884.000000 4023.000000
1884.000000 4021.000000
1884.000000 4019.000000
1884.000000 4017.000000
1884.000000 4015.000000
1884.000000 4013.000000
1884.000000 4013.000000
1884.000000 4012.000000
1884.000000 4010.000000
1884.000000 4009.000000
1884.000000 4007.000000
1884.000000 4006.000000
1884.000000 4005.000000
1884.000000 4004.000000
1884.000000 4003.000000
1884.000000 4002.000000
1885.000000 4001.000000
1886.000000 4001.000000
1887.000000 4001.000000
1888.000000 4001.000000
1890.000000 4001.000000
1891.000000 3997.000000
1891.000000 3997.000000
1892.000000 3993.000000
1893.000000 3989.000000
1894.000000 3986.000000
1895.000000 3982.000000
1896.000000 3979.000000
1897.000000 3975.000000
1898.000000 3972.000000
1899.000000 3969.000000
1899.000000 3966.000000
1899.000000 3963.000000
1899.000000 3960.000000
1899.000000 3957.000000
1899.000000 3955.000000
1898.000000 3952.000000
1897.000000 3949.000000
1896.000000 3947.000000
1895.000000 3945.000000
1894.000000 3942.000000
1893.000000 3940.000000
1892.000000 3938.000000
1891.000000 3936.000000
1891.000000 3936.000000
1890.000000 3937.000000
1890.000000 3937.000000
1890.000000 3937.000000
1890.000000 3937.000000
1890.000000 3937.000000
1890.000000 3933.000000
1890.000000 3929.000000
1890.000000 3911.000000
1890.000000 3911.000000
1890.000000 3909.000000
1890.000000 3909.000000
1891.000000 3922.000000
1891.000000 3918.000000
1892.000000 3915.000000
1893.000000 3911.000000
1894.000000 3908.000000
1895.000000 3905.000000
1896.000000 3902.000000
1898.000000 3899.000000
1899.000000 3896.000000
1900.000000 3893.000000
1900.000000 3891.000000
1900.000000 3888.000000
1900.000000 3886.000000
1900.000000 3883.000000
1900.000000 3881.000000
1900.000000 3879.000000
1900.000000 3876.000000
1900.000000 3874.000000
1901.000000 3873.000000
1902.000000 3873.000000
1903.000000 3873.000000
1904.000000 3873.000000
1905.000000 3873.000000
1907.000000 3873.000000
1908.000000 3873.000000
1909.000000 3873.000000
1909.000000 3873.000000
1909.000000 3873.000000
1910.000000 3873.000000
1910.000000 3869.000000
1910.000000 3865.000000
1911.000000 3861.000000
1912.000000 3858.000000
1913.000000 3854.000000
1914.000000 3851.000000
1916.000000 3848.000000
1916.000000 3844.000000
1916.000000 3841.000000
1916.000000 3838.000000
1916.000000 3819.000000
1916.000000 3816.000000
1916.000000 3813.000000
1916.000000 3811.000000
1916.000000 3808.000000
1916.000000 3806.000000
1917.000000 3803.000000
1918.000000 3801.000000
1919.000000 3799.000000
1921.000000 3797.000000
1922.000000 3795.000000
1923.000000 3793.000000
1924.000000 3791.000000
1925.000000 3789.000000
1926.000000 3789.000000
1927.000000 3789.000000
1928.000000 3790.000000
1930.000000 3790.000000
1931.000000 3790.000000
1932.000000 3791.000000
1933.000000 3792.000000
1934.000000 3792.000000
1934.000000 3793.000000
1934.000000 3793.000000
1934.000000 3793.000000
1934.000000 3793.000000
