384.000000 192.000000
384.000000 192.000000
384.000000 192.000000
384.000000 192.000000
385.000000 192.000000
386.000000 192.000000
387.000000 192.000000
388.000000 192.000000
389.000000 192.000000
390.000000 192.000000
391.000000 192.000000
393.000000 192.000000
394.000000 192.000000
395.000000 192.000000
396.000000 192.000000
397.000000 192.000000
398.000000 192.000000
399.000000 192.000000
402.000000 192.000000
403.000000 192.000000
404.000000 192.000000
405.000000 192.000000
406.000000 192.000000
407.000000 192.000000
408.000000 192.000000
409.000000 192.000000
411.000000 192.000000
411.000000 192.000000
411.000000 192.000000
411.000000 192.000000
412.000000 192.300003
412.600006 192.300003
413.200012 192.300003
413.799988 192.300003
414.399994 192.300003
415.000000 192.300003
415.600006 192.300003
416.200012 192.300003
416.799988 192.300003
417.399994 192.300003
418.000000 192.300003
418.000000 192.300003
419.799988 192.300003
421.600006 192.300003
423.399994 192.300003
425.200012 192.300003
427.000000 192.300003
428.799988 192.300003
430.600006 192.300003
432.399994 192.300003
434.200012 192.300003
436.000000 192.300003
437.799988 192.300003
439.600006 192.300003
441.399994 192.300003
443.200012 192.300003
445.000000 192.300003
446.799988 192.300003
448.600006 192.300003
450.399994 192.300003
452.200012 192.300003
454.000000 192.300003
455.799988 192.300003
457.600006 192.300003
455.000000 192.000000
455.000000 192.000000
455.000000 192.000000
456.000000 190.800003
456.399994 190.300003
456.799988 189.899994
457.200012 189.500000
457.600006 189.100006
458.100006 188.600006
458.500000 188.199997
458.899994 187.800003
459.299988 187.399994
459.799988 186.899994
460.200012 186.500000
460.600006 186.100006
461.000000 185.699997
461.000000 185.699997
461.000000 185.699997
462.799988 154.199997
462.799988 154.199997
462.799988 154.199997
462.799988 154.199997
462.799988 154.199997
474.500000 166.800003
474.500000 166.800003
474.500000 166.800003
474.500000 166.800003
474.500000 166.800003
488.899994 174.899994
488.899994 174.899994
488.899994 174.899994
492.500000 174.899994
520.400024 180.300003
520.400024 180.300003
518.599976 180.300003
520.400024 180.300003
541.000000 182.000000
541.000000 182.000000
541.000000 182.000000
541.000000 183.000000
538.000000 182.899994
538.500000 183.500000
538.900024 185.000000
539.299988 185.699997
539.700012 187.300003
543.799988 188.600006
544.200012 188.199997
544.599976 187.800003
545.000000 187.399994
545.500000 186.899994
545.500000 186.899994
541.900024 186.899994
543.700012 161.699997
543.700012 161.699997
543.700012 161.699997
543.700012 161.699997
543.700012 161.699997
552.700012 171.600006
552.700012 171.600006
552.700012 171.600006
552.700012 171.600006
556.299988 171.600006
565.299988 177.000000
564.400024 177.000000
564.400024 177.000000
568.000000 177.000000
591.400024 181.500000
591.400024 181.500000
591.400024 181.500000
591.400024 181.500000
605.799988 178.800003
605.799988 178.800003
605.799988 178.800003
619.299988 168.000000
619.299988 168.000000
619.299988 168.000000
619.299988 168.000000
619.299988 168.000000
627.000000 160.000000
627.000000 160.000000
628.000000 157.000000
629.000000 156.000000
630.000000 154.000000
631.799988 150.600006
633.200012 148.300003
634.599976 146.899994
636.099976 145.500000
638.400024 144.000000
639.900024 141.699997
641.299988 141.199997
642.700012 139.800003
644.099976 138.399994
645.599976 137.000000
647.000000 136.600006
648.500000 136.199997
650.799988 135.800003
651.700012 135.800003
648.099976 135.800003
648.099976 135.800003
650.799988 105.199997
648.000000 108.000000
646.000000 104.000000
647.000000 107.000000
648.000000 102.000000
649.000000 105.000000
650.400024 99.099998
651.400024 101.500000
652.400024 95.900002
653.400024 98.399994
654.400024 93.800003
655.400024 96.899994
656.400024 97.199997
657.400024 96.600006
658.400024 96.000000
659.400024 95.500000
660.400024 95.800003
660.400024 95.800003
660.400024 95.800003
666.000000 95.000000
665.000000 15.000000
665.000000 11.000000
665.000000 15.000000
665.000000 11.000000
665.000000 15.000000
665.000000 11.000000
665.000000 -1.000000
665.000000 -5.000000
665.000000 -1.000000
665.000000 -5.000000
665.000000 -1.000000
665.000000 -5.000000
665.000000 -1.000000
665.000000 -5.000000
665.000000 -1.000000
665.000000 -5.000000
666.000000 -1.800003
666.500000 -6.300003
666.900024 -2.699997
667.299988 -7.099998
667.700012 -3.500000
668.200012 -8.000000
668.599976 -4.399994
669.000000 -8.899994
669.400024 -6.600006
669.900024 -7.100006
669.900024 -7.100006
669.900024 -7.100006
669.900024 -7.100006
671.700012 -32.300003
669.000000 -30.000000
668.000000 -34.000000
669.000000 -31.000000
670.000000 -37.000000
671.000000 -34.000000
672.000000 -39.000000
674.099976 -36.800003
675.500000 -41.300003
676.900024 -38.699997
678.299988 -36.399994
679.700012 -36.800003
679.700012 -36.800003
679.700012 -36.800003
679.700012 -36.800003
680.599976 -48.500000
679.000000 -55.000000
679.000000 -51.000000
680.000000 -57.000000
681.000000 -54.000000
681.799988 -52.100006
682.799988 -51.800003
683.799988 -60.399994
684.799988 -61.000000
685.799988 -61.600006
686.799988 -62.199997
687.799988 -62.800003
688.799988 -63.399994
689.799988 -64.000000
690.799988 -64.600006
691.799988 -65.199997
691.799988 -65.199997
691.799988 -65.199997
687.000000 -58.000000
687.000000 -149.000000
687.000000 -145.000000
687.000000 -149.000000
687.000000 -145.000000
687.000000 -149.000000
687.000000 -145.000000
687.000000 -165.000000
687.000000 -161.000000
687.000000 -165.000000
687.000000 -161.000000
687.000000 -165.000000
687.000000 -161.000000
687.000000 -165.000000
687.000000 -161.000000
687.000000 -165.000000
688.000000 -161.000000
688.000000 -165.000000
687.799988 -161.800003
687.799988 -166.399994
687.799988 -163.000000
687.799988 -167.600006
687.799988 -164.199997
687.799988 -168.199997
687.799988 -164.199997
687.799988 -170.899994
687.799988 -169.600006
687.799988 -176.300003
687.799988 -172.699997
688.000000 -170.000000
688.000000 -213.000000
688.000000 -209.000000
688.000000 -213.000000
688.000000 -209.000000
688.000000 -213.000000
688.000000 -209.000000
688.000000 -229.000000
688.000000 -225.000000
688.000000 -229.000000
688.000000 -225.000000
688.000000 -229.000000
688.000000 -225.000000
688.000000 -229.000000
688.000000 -226.000000
688.000000 -226.000000
689.000000 -226.000000
688.799988 -227.199997
689.799988 -227.699997
690.799988 -227.399994
691.700012 -228.000000
692.700012 -228.500000
693.700012 -228.199997
693.700012 -228.699997
693.700012 -228.300003
693.700012 -227.399994
693.700012 -227.399994
694.000000 -222.000000
694.000000 -287.000000
694.000000 -291.000000
694.000000 -287.000000
694.000000 -291.000000
694.000000 -287.000000
694.000000 -291.000000
694.000000 -303.000000
694.000000 -307.000000
694.000000 -303.000000
694.000000 -307.000000
694.000000 -303.000000
694.000000 -307.000000
694.000000 -303.000000
694.000000 -307.000000
694.000000 -303.000000
694.000000 -307.000000
695.000000 -303.799988
695.500000 -308.299988
695.900024 -304.700012
696.299988 -309.399994
696.700012 -308.899994
697.200012 -309.399994
697.599976 -309.799988
698.000000 -310.200012
698.400024 -310.600006
698.900024 -311.100006
698.900024 -311.100006
698.900024 -311.100006
698.900024 -311.100006
700.700012 -336.299988
698.000000 -334.000000
697.000000 -338.000000
698.000000 -336.000000
699.000000 -341.000000
699.099976 -338.899994
699.599976 -344.299988
699.599976 -341.200012
699.599976 -337.600006
699.599976 -337.600006
703.000000 -350.000000
703.000000 -346.000000
704.000000 -351.000000
705.000000 -349.000000
706.000000 -346.000000
707.000000 -346.000000
707.799988 -347.200012
708.799988 -347.799988
709.799988 -348.399994
710.799988 -357.000000
711.799988 -357.600006
712.799988 -358.200012
713.799988 -358.799988
714.799988 -359.399994
715.799988 -360.000000
716.799988 -360.500000
716.799988 -359.600006
716.799988 -359.600006
717.000000 -353.000000
717.000000 -438.000000
717.000000 -434.000000
717.000000 -438.000000
717.000000 -434.000000
717.000000 -438.000000
717.000000 -434.000000
717.000000 -454.000000
717.000000 -450.000000
717.000000 -454.000000
717.000000 -450.000000
717.000000 -454.000000
717.000000 -450.000000
717.000000 -454.000000
717.000000 -450.000000
717.000000 -454.000000
717.000000 -450.000000
716.700012 -454.799988
716.700012 -451.399994
716.700012 -455.399994
716.700012 -451.399994
716.700012 -455.399994
717.000000 -450.000000
717.000000 -486.000000
717.000000 -482.000000
717.000000 -486.000000
717.000000 -482.000000
717.000000 -486.000000
717.000000 -482.000000
717.000000 -502.000000
717.000000 -498.000000
717.000000 -502.000000
717.000000 -498.000000
717.000000 -502.000000
717.000000 -498.000000
717.000000 -502.000000
717.000000 -498.000000
718.000000 -498.000000
718.000000 -498.000000
720.000000 -499.200012
721.500000 -499.600006
722.900024 -499.899994
723.299988 -499.500000
724.700012 -499.899994
726.200012 -500.200012
727.599976 -499.700012
728.000000 -500.100006
729.400024 -499.500000
730.900024 -499.000000
731.299988 -499.399994
731.299988 -499.399994
731.299988 -499.399994
731.299988 -499.399994
734.000000 -525.500000
732.000000 -523.000000
730.000000 -519.000000
731.000000 -524.000000
732.000000 -521.000000
734.099976 -526.900024
735.500000 -524.299988
736.900024 -529.799988
738.299988 -527.200012
739.799988 -524.900024
741.200012 -525.299988
741.200012 -525.299988
741.200012 -525.299988
741.200012 -525.299988
743.000000 -540.599976
742.000000 -547.000000
741.000000 -543.000000
742.000000 -549.000000
743.000000 -546.000000
743.099976 -551.900024
743.700012 -549.500000
744.200012 -548.099976
744.799988 -548.500000
745.400024 -556.900024
746.000000 -557.400024
746.599976 -557.799988
747.099976 -558.200012
747.099976 -558.200012
747.099976 -558.200012
747.099976 -558.200012
751.000000 -576.000000
752.000000 -580.000000
753.000000 -577.000000
754.000000 -582.000000
756.099976 -579.900024
757.599976 -585.299988
759.000000 -582.799988
760.400024 -580.500000
761.799988 -580.900024
763.200012 -581.299988
764.700012 -581.799988
766.099976 -582.200012
766.099976 -582.200012
766.099976 -582.200012
766.099976 -582.200012
766.000000 -608.000000
764.000000 -604.000000
763.000000 -609.000000
762.000000 -607.000000
759.799988 -612.900024
758.400024 -610.299988
757.500000 -615.200012
757.500000 -611.599976
757.500000 -611.599976
759.000000 -616.000000
759.000000 -620.000000
760.000000 -618.000000
761.000000 -618.000000
761.200012 -619.200012
761.700012 -619.599976
762.599976 -619.599976
762.599976 -619.599976
762.599976 -619.599976
766.000000 -632.000000
766.000000 -628.000000
767.000000 -626.000000
768.000000 -634.000000
768.099976 -635.200012
768.700012 -635.599976
768.700012 -635.599976
768.700012 -635.599976
768.700012 -635.599976
774.000000 -640.000000
772.000000 -644.000000
772.000000 -656.000000
772.000000 -676.000000
771.000000 -672.799988
770.599976 -677.299988
770.200012 -673.700012
769.799988 -678.099976
769.299988 -674.500000
768.900024 -679.200012
768.900024 -677.400024
768.900024 -677.400024
768.900024 -677.400024
774.000000 -691.000000
774.000000 -695.000000
775.000000 -693.000000
776.000000 -698.000000
776.099976 -695.900024
776.700012 -693.400024
776.700012 -691.599976
776.700012 -691.599976
776.700012 -691.599976
782.000000 -704.000000
781.000000 -700.000000
782.000000 -698.000000
783.000000 -706.000000
783.099976 -707.200012
783.700012 -707.599976
784.200012 -708.000000
784.799988 -708.500000
785.400024 -708.900024
786.000000 -709.299988
786.500000 -709.700012
787.099976 -710.200012
787.700012 -710.599976
788.299988 -711.000000
788.799988 -711.400024
789.400024 -711.799988
790.000000 -711.299988
790.000000 -711.299988
790.000000 -711.299988
790.000000 -711.299988
788.200012 -742.799988
794.000000 -748.000000
794.000000 -744.000000
793.000000 -749.000000
792.000000 -746.000000
789.799988 -752.900024
788.400024 -750.200012
786.900024 -754.700012
785.500000 -752.099976
784.599976 -757.000000
784.599976 -753.400024
784.599976 -753.400024
786.000000 -762.000000
786.000000 -766.000000
787.000000 -763.000000
788.000000 -768.000000
789.500000 -766.900024
790.500000 -764.700012
791.500000 -764.400024
792.500000 -773.000000
793.500000 -773.599976
794.500000 -774.200012
795.500000 -774.799988
797.400024 -775.400024
798.400024 -776.000000
799.400024 -776.599976
799.400024 -776.599976
799.400024 -776.599976
805.000000 -770.000000
804.000000 -853.000000
804.000000 -849.000000
804.000000 -853.000000
804.000000 -849.000000
804.000000 -853.000000
804.000000 -849.000000
804.000000 -869.000000
804.000000 -865.000000
804.000000 -869.000000
804.000000 -865.000000
804.000000 -869.000000
804.000000 -865.000000
804.000000 -865.000000
804.000000 -865.000000
804.000000 -865.000000
804.000000 -865.000000
