556.000000 96.000000
556.000000 96.000000
556.000000 92.000000
556.000000 96.000000
556.099976 91.199997
556.099976 94.599998
556.099976 90.000000
556.099976 93.400002
556.099976 88.800003
556.099976 92.199997
556.099976 87.599998
556.099976 91.000000
556.099976 86.199997
556.099976 87.399994
556.099976 87.399994
556.099976 87.699997
556.099976 88.000000
559.700012 80.300003
559.700012 80.600006
559.700012 80.899994
559.700012 73.199997
559.700012 73.500000
559.700012 65.800003
559.700012 66.100006
559.700012 66.399994
559.700012 58.699997
559.700012 59.000000
559.700012 59.300003
559.700012 59.300003
559.700012 59.300003
560.000000 54.000000
560.000000 17.000000
560.000000 13.000000
560.000000 17.000000
560.000000 13.000000
560.000000 17.000000
560.000000 13.000000
560.000000 1.000000
560.000000 -3.000000
560.000000 1.000000
560.000000 -3.000000
560.000000 1.000000
560.000000 -3.000000
560.000000 1.000000
560.000000 -3.000000
560.000000 -2.000000
560.000000 -2.000000
559.700012 -3.199997
559.700012 -3.800003
559.700012 -4.399994
559.700012 -5.000000
559.700012 -5.600006
559.700012 -5.600006
559.700012 -5.300003
559.700012 -5.000000
559.700012 -12.699997
559.700012 -12.699997
559.700012 -12.699997
560.000000 -10.000000
560.000000 -53.000000
560.000000 -49.000000
560.000000 -53.000000
560.000000 -49.000000
560.000000 -53.000000
560.000000 -49.000000
560.000000 -69.000000
560.000000 -65.000000
560.000000 -69.000000
560.000000 -65.000000
560.000000 -69.000000
560.000000 -65.000000
560.000000 -69.000000
560.000000 -66.000000
560.000000 -66.000000
560.000000 -66.000000
559.000000 -67.199997
558.500000 -67.699997
558.099976 -68.100006
557.700012 -68.500000
557.299988 -68.899994
556.799988 -69.399994
556.400024 -69.800003
556.000000 -70.199997
555.599976 -70.600006
555.099976 -71.100006
555.099976 -71.100006
555.099976 -71.100006
555.099976 -71.100006
556.000000 -94.000000
558.000000 -98.000000
559.000000 -96.000000
560.000000 -101.000000
561.500000 -98.900002
562.500000 -104.500000
563.500000 -102.100006
564.500000 -107.600006
565.500000 -104.300003
566.500000 -102.199997
567.500000 -102.800003
568.500000 -103.399994
569.500000 -104.000000
570.500000 -104.600006
571.500000 -105.100006
572.500000 -104.800003
573.400024 -104.800003
573.400024 -104.800003
578.000000 -105.000000
578.000000 -193.000000
578.000000 -197.000000
578.000000 -193.000000
578.000000 -197.000000
578.000000 -193.000000
578.000000 -197.000000
578.000000 -209.000000
578.000000 -213.000000
578.000000 -209.000000
578.000000 -213.000000
578.000000 -209.000000
578.000000 -213.000000
578.000000 -209.000000
578.000000 -213.000000
578.000000 -209.000000
578.000000 -213.000000
579.000000 -209.800003
579.500000 -214.199997
579.900024 -210.600006
580.299988 -215.000000
580.700012 -211.500000
581.200012 -215.899994
581.599976 -212.300003
582.000000 -216.699997
582.400024 -213.199997
582.900024 -217.699997
582.900024 -215.000000
582.900024 -215.000000
582.900024 -215.000000
584.700012 -239.300003
580.000000 -237.000000
580.000000 -241.000000
581.000000 -238.000000
582.000000 -244.000000
582.200012 -241.899994
582.700012 -247.300003
583.599976 -244.199997
583.599976 -240.600006
583.599976 -240.600006
586.000000 -253.000000
586.000000 -249.000000
587.000000 -254.000000
588.000000 -251.000000
588.200012 -251.199997
589.700012 -251.600006
589.700012 -251.600006
589.700012 -251.600006
589.700012 -251.600006
595.000000 -264.000000
594.000000 -260.000000
595.000000 -258.000000
596.000000 -258.000000
596.099976 -259.200012
596.700012 -267.700012
596.700012 -267.700012
596.700012 -267.700012
596.700012 -267.700012
602.000000 -273.000000
601.000000 -277.000000
601.000000 -274.000000
601.000000 -294.000000
602.099976 -306.799988
602.500000 -311.200012
602.900024 -307.600006
603.400024 -312.000000
603.799988 -308.399994
604.200012 -312.899994
604.599976 -309.700012
605.000000 -310.100006
605.500000 -310.500000
605.900024 -311.000000
605.900024 -311.000000
605.900024 -311.000000
605.900024 -311.000000
607.700012 -335.299988
605.000000 -333.000000
604.000000 -337.000000
605.000000 -335.000000
606.000000 -340.000000
607.000000 -337.000000
607.099976 -342.899994
607.700012 -340.299988
608.200012 -345.600006
608.799988 -342.200012
608.799988 -340.399994
608.799988 -340.399994
608.799988 -340.399994
613.000000 -349.000000
613.000000 -353.000000
614.000000 -350.000000
615.000000 -356.000000
616.400024 -355.200012
617.400024 -355.799988
618.400024 -356.399994
619.400024 -357.000000
620.400024 -357.600006
621.400024 -358.200012
622.400024 -358.799988
623.400024 -359.399994
624.400024 -360.000000
625.400024 -360.600006
626.400024 -361.200012
627.400024 -361.700012
627.400024 -360.799988
627.400024 -360.799988
633.000000 -361.000000
632.000000 -448.000000
632.000000 -452.000000
632.000000 -448.000000
632.000000 -452.000000
632.000000 -448.000000
632.000000 -452.000000
632.000000 -464.000000
632.000000 -468.000000
632.000000 -464.000000
632.000000 -468.000000
632.000000 -464.000000
632.000000 -468.000000
632.000000 -464.000000
632.000000 -468.000000
632.000000 -464.000000
633.000000 -468.000000
633.700012 -464.799988
634.700012 -469.399994
634.700012 -466.000000
635.700012 -470.500000
636.700012 -466.200012
637.700012 -470.700012
637.700012 -466.399994
638.700012 -470.899994
638.700012 -466.100006
638.700012 -463.399994
639.000000 -466.000000
639.000000 -529.000000
639.000000 -533.000000
639.000000 -529.000000
639.000000 -533.000000
639.000000 -529.000000
639.000000 -533.000000
639.000000 -545.000000
639.000000 -549.000000
639.000000 -545.000000
639.000000 -549.000000
639.000000 -545.000000
639.000000 -549.000000
639.000000 -545.000000
639.000000 -549.000000
639.000000 -545.000000
639.000000 -549.000000
640.000000 -545.799988
640.400024 -550.299988
640.900024 -546.700012
641.299988 -551.200012
641.700012 -548.900024
642.099976 -549.400024
642.599976 -549.799988
643.000000 -550.200012
643.400024 -550.599976
643.799988 -551.099976
643.799988 -551.099976
643.799988 -551.099976
643.799988 -551.099976
641.000000 -574.000000
640.000000 -578.000000
639.000000 -575.000000
638.000000 -581.000000
637.000000 -578.000000
636.799988 -583.900024
636.299988 -581.200012
635.400024 -585.200012
635.400024 -581.599976
635.400024 -581.599976
633.000000 -586.000000
633.000000 -590.000000
632.000000 -588.000000
631.000000 -586.000000
630.000000 -586.000000
629.099976 -587.200012
628.099976 -587.799988
627.099976 -588.400024
626.099976 -597.000000
625.099976 -597.599976
624.099976 -598.200012
623.099976 -598.799988
622.099976 -599.400024
621.099976 -600.000000
620.099976 -600.500000
619.200012 -599.599976
619.200012 -599.599976
624.000000 -593.000000
624.000000 -677.000000
624.000000 -673.000000
624.000000 -677.000000
624.000000 -673.000000
624.000000 -677.000000
624.000000 -673.000000
624.000000 -693.000000
624.000000 -689.000000
624.000000 -693.000000
624.000000 -689.000000
624.000000 -693.000000
624.000000 -689.000000
624.000000 -693.000000
624.000000 -689.000000
624.000000 -693.000000
624.000000 -689.000000
625.000000 -693.799988
625.400024 -690.200012
625.799988 -694.599976
626.200012 -691.000000
626.700012 -695.500000
627.099976 -691.900024
627.500000 -696.400024
627.900024 -694.099976
628.400024 -694.599976
628.799988 -695.000000
628.799988 -695.000000
628.799988 -695.000000
628.799988 -695.000000
625.000000 -717.000000
625.000000 -721.000000
624.000000 -719.000000
623.000000 -724.000000
621.500000 -721.900024
620.500000 -727.500000
619.500000 -725.099976
618.500000 -730.599976
617.500000 -727.400024
616.500000 -726.200012
615.500000 -726.799988
614.500000 -727.400024
613.500000 -728.000000
612.500000 -728.500000
611.599976 -727.599976
611.599976 -727.599976
612.000000 -729.000000
612.000000 -802.000000
612.000000 -806.000000
612.000000 -802.000000
612.000000 -806.000000
612.000000 -802.000000
612.000000 -806.000000
612.000000 -818.000000
612.000000 -822.000000
612.000000 -818.000000
612.000000 -822.000000
612.000000 -818.000000
612.000000 -822.000000
612.000000 -818.000000
612.000000 -822.000000
612.000000 -818.000000
612.000000 -822.000000
613.000000 -818.799988
613.400024 -823.200012
613.799988 -819.599976
614.200012 -824.099976
614.700012 -820.500000
615.099976 -824.900024
615.500000 -821.700012
615.900024 -822.200012
616.400024 -822.599976
616.799988 -823.000000
616.799988 -823.000000
616.799988 -823.000000
616.799988 -823.000000
613.000000 -845.000000
613.000000 -849.000000
612.000000 -847.000000
611.000000 -852.000000
610.799988 -849.900024
610.200012 -855.299988
609.299988 -852.200012
609.299988 -848.599976
609.299988 -848.599976
604.000000 -861.000000
605.000000 -857.000000
604.000000 -862.000000
603.000000 -860.000000
602.900024 -859.200012
602.299988 -859.700012
602.299988 -859.700012
602.299988 -859.700012
602.299988 -859.700012
597.000000 -873.000000
598.000000 -869.000000
597.000000 -866.000000
596.000000 -866.000000
593.900024 -875.200012
592.500000 -875.599976
592.500000 -875.599976
592.500000 -875.599976
592.500000 -875.599976
594.000000 -880.000000
594.000000 -884.000000
594.000000 -897.000000
594.000000 -917.000000
595.000000 -913.799988
595.400024 -918.200012
595.900024 -914.599976
596.299988 -919.000000
596.700012 -915.500000
597.099976 -920.000000
597.099976 -917.299988
597.099976 -917.299988
597.099976 -917.299988
595.000000 -931.000000
595.000000 -935.000000
593.000000 -932.000000
592.000000 -937.000000
591.900024 -934.900024
591.400024 -932.500000
591.400024 -931.599976
591.400024 -931.599976
591.400024 -931.599976
588.000000 -944.000000
588.000000 -940.000000
587.000000 -938.000000
586.000000 -946.000000
583.900024 -947.200012
582.400024 -947.599976
581.000000 -948.099976
579.599976 -948.500000
578.200012 -948.900024
576.700012 -949.299988
575.299988 -949.799988
573.900024 -950.200012
572.500000 -950.599976
571.000000 -950.900024
569.599976 -950.500000
568.200012 -950.900024
566.799988 -951.200012
566.799988 -950.299988
566.799988 -950.299988
566.799988 -950.299988
565.000000 -987.000000
569.000000 -983.000000
570.000000 -989.000000
571.000000 -986.000000
572.500000 -991.900024
573.500000 -989.500000
574.500000 -995.099976
575.500000 -992.599976
576.500000 -997.299988
577.500000 -994.799988
578.500000 -991.700012
579.500000 -991.400024
580.500000 -992.000000
581.500000 -992.500000
582.500000 -992.200012
583.400024 -992.200012
583.400024 -992.200012
588.000000 -993.000000
588.000000 -1071.000000
588.000000 -1075.000000
588.000000 -1071.000000
588.000000 -1075.000000
588.000000 -1071.000000
588.000000 -1075.000000
588.000000 -1087.000000
588.000000 -1091.000000
588.000000 -1087.000000
588.000000 -1091.000000
588.000000 -1087.000000
588.000000 -1091.000000
588.000000 -1087.000000
588.000000 -1091.000000
588.000000 -1087.000000
589.000000 -1083.000000
590.000000 -1083.000000
591.000000 -1083.000000
593.000000 -1083.000000
594.000000 -1083.000000
595.000000 -1083.000000
596.000000 -1083.000000
597.000000 -1083.000000
598.000000 -1083.000000
599.000000 -1083.000000
601.000000 -1083.000000
603.000000 -1083.000000
604.000000 -1083.000000
605.000000 -1083.000000
605.000000 -1083.000000
605.000000 -1083.000000
605.000000 -1083.000000
