48.000000 72.000000
48.000000 72.000000
49.500000 72.000000
51.000000 72.000000
50.500000 72.000000
52.000000 73.000000
53.500000 74.000000
55.000000 75.000000
56.500000 76.000000
58.000000 78.000000
59.500000 79.000000
61.000000 81.000000
62.500000 83.000000
64.000000 86.000000
65.500000 88.000000
67.000000 91.000000
68.500000 94.000000
70.000000 97.000000
71.500000 101.000000
73.000000 104.000000
74.500000 108.000000
76.000000 112.000000
77.500000 117.000000
79.000000 121.000000
80.500000 126.000000
82.000000 131.000000
83.500000 136.000000
85.000000 141.000000
86.500000 147.000000
88.000000 153.000000
89.500000 159.000000
91.000000 165.000000
92.500000 171.000000
94.000000 178.000000
95.500000 184.000000
97.000000 184.000000
98.500000 184.000000
100.000000 184.000000
101.500000 184.000000
103.000000 184.000000
104.500000 184.000000
106.000000 184.000000
107.500000 184.000000
109.000000 184.000000
110.500000 184.000000
112.000000 184.000000
113.500000 184.000000
115.000000 184.000000
116.500000 184.000000
118.000000 184.000000
119.500000 184.000000
121.000000 184.000000
122.500000 184.000000
124.000000 184.000000
125.500000 184.000000
127.000000 184.000000
128.500000 184.000000
130.000000 184.000000
131.500000 184.000000
133.000000 184.000000
134.500000 184.000000
136.000000 184.000000
137.500000 184.000000
139.000000 184.000000
140.500000 184.000000
142.000000 184.000000
143.500000 184.000000
145.000000 184.000000
146.500000 184.000000
148.000000 184.000000
149.500000 184.000000
151.000000 184.000000
152.500000 184.000000
154.000000 184.000000
155.500000 184.000000
157.000000 184.000000
158.500000 184.000000
160.000000 184.000000
161.500000 184.000000
163.000000 184.000000
164.500000 184.000000
166.000000 184.000000
167.500000 184.000000
169.000000 184.000000
170.500000 184.000000
172.000000 184.000000
173.500000 184.000000
175.000000 184.000000
176.500000 184.000000
178.000000 184.000000
179.500000 184.000000
181.000000 184.000000
182.500000 184.000000
184.000000 184.000000
185.500000 184.000000
187.000000 184.000000
188.500000 184.000000
190.000000 184.000000
191.500000 184.000000
193.000000 184.000000
194.500000 184.000000
196.000000 184.000000
197.500000 184.000000
199.000000 184.000000
200.500000 184.000000
202.000000 184.000000
203.500000 184.000000
205.000000 184.000000
206.500000 184.000000
208.000000 184.000000
209.500000 184.000000
211.000000 184.000000
212.500000 184.000000
214.000000 184.000000
215.500000 184.000000
217.000000 184.000000
218.500000 184.000000
220.000000 184.000000
221.500000 184.000000
223.000000 184.000000
224.500000 184.000000
226.000000 184.000000
227.500000 184.000000
229.000000 184.000000
230.500000 184.000000
232.000000 184.000000
233.500000 184.000000
235.000000 184.000000
236.500000 184.000000
238.000000 184.000000
239.500000 184.000000
241.000000 184.000000
242.500000 184.000000
244.000000 184.000000
245.500000 184.000000
247.000000 184.000000
248.500000 184.000000
250.000000 184.000000
251.500000 184.000000
253.000000 184.000000
254.500000 184.000000
256.000000 184.000000
257.500000 184.000000
259.000000 184.000000
260.500000 184.000000
262.000000 184.000000
263.500000 184.000000
265.000000 184.000000
266.500000 184.000000
268.000000 184.000000
269.500000 184.000000
271.000000 184.000000
272.500000 184.000000
274.000000 184.000000
275.500000 184.000000
277.000000 179.000000
278.500000 175.000000
280.000000 171.000000
281.500000 167.000000
283.000000 164.000000
284.500000 160.000000
286.000000 157.000000
287.500000 154.000000
289.000000 152.000000
290.500000 149.000000
292.000000 147.000000
293.500000 145.000000
295.000000 143.000000
296.500000 142.000000
298.000000 140.000000
299.500000 139.000000
301.000000 138.000000
302.500000 137.000000
304.000000 137.000000
305.500000 137.000000
307.000000 136.000000
308.500000 137.000000
310.000000 137.000000
311.500000 138.000000
313.000000 138.000000
314.500000 139.000000
316.000000 140.000000
317.500000 142.000000
319.000000 144.000000
320.500000 145.000000
322.000000 147.000000
323.500000 150.000000
325.000000 152.000000
326.500000 155.000000
328.000000 158.000000
329.500000 161.000000
331.000000 164.000000
332.500000 168.000000
334.000000 172.000000
335.500000 176.000000
337.000000 180.000000
338.500000 184.000000
340.000000 184.000000
341.500000 184.000000
343.000000 184.000000
344.500000 184.000000
346.000000 184.000000
347.500000 184.000000
349.000000 184.000000
350.500000 184.000000
352.000000 184.000000
353.500000 184.000000
355.000000 184.000000
356.500000 184.000000
358.000000 184.000000
359.500000 184.000000
361.000000 184.000000
362.500000 184.000000
364.000000 184.000000
365.500000 184.000000
367.000000 184.000000
368.500000 184.000000
370.000000 184.000000
371.500000 184.000000
373.000000 184.000000
374.500000 184.000000
376.000000 184.000000
377.500000 184.000000
379.000000 184.000000
380.500000 184.000000
382.000000 184.000000
383.500000 184.000000
385.000000 184.000000
386.500000 184.000000
388.000000 184.000000
389.500000 184.000000
391.000000 184.000000
392.500000 184.000000
394.000000 184.000000
395.500000 184.000000
397.000000 184.000000
398.500000 184.000000
400.000000 184.000000
401.500000 184.000000
403.000000 184.000000
404.500000 184.000000
406.000000 184.000000
407.500000 184.000000
409.000000 184.000000
410.500000 184.000000
412.000000 184.000000
413.500000 184.000000
415.000000 184.000000
416.500000 184.000000
418.000000 184.000000
419.500000 184.000000
421.000000 184.000000
422.500000 179.000000
424.000000 175.000000
425.500000 171.000000
427.000000 167.000000
428.500000 164.000000
430.000000 160.000000
431.500000 157.000000
433.000000 154.000000
434.500000 152.000000
436.000000 149.000000
437.500000 147.000000
439.000000 145.000000
440.500000 143.000000
442.000000 142.000000
443.500000 140.000000
445.000000 139.000000
446.500000 138.000000
448.000000 137.000000
449.500000 137.000000
451.000000 137.000000
452.500000 136.000000
454.000000 137.000000
455.500000 137.000000
457.000000 138.000000
458.500000 138.000000
460.000000 139.000000
461.500000 140.000000
463.000000 142.000000
464.500000 144.000000
466.000000 145.000000
467.500000 147.000000
469.000000 150.000000
470.500000 152.000000
472.000000 155.000000
473.500000 158.000000
475.000000 161.000000
476.500000 164.000000
478.000000 168.000000
479.500000 172.000000
481.000000 176.000000
482.500000 180.000000
484.000000 184.000000
485.500000 184.000000
487.000000 184.000000
488.500000 184.000000
490.000000 184.000000
491.500000 184.000000
493.000000 184.000000
494.500000 184.000000
496.000000 184.000000
497.500000 184.000000
499.000000 184.000000
500.500000 184.000000
502.000000 184.000000
503.500000 184.000000
505.000000 184.000000
506.500000 184.000000
508.000000 184.000000
509.500000 184.000000
511.000000 184.000000
512.500000 184.000000
514.000000 184.000000
515.500000 184.000000
517.000000 184.000000
518.500000 184.000000
520.000000 184.000000
521.500000 184.000000
523.000000 184.000000
524.500000 184.000000
526.000000 184.000000
527.500000 184.000000
529.000000 184.000000
530.500000 184.000000
532.000000 184.000000
533.500000 184.000000
535.000000 184.000000
536.500000 184.000000
538.000000 184.000000
539.500000 184.000000
541.000000 184.000000
542.500000 184.000000
544.000000 184.000000
545.500000 184.000000
547.000000 184.000000
548.500000 184.000000
550.000000 184.000000
551.500000 184.000000
553.000000 184.000000
554.500000 184.000000
556.000000 184.000000
557.500000 184.000000
559.000000 184.000000
560.500000 184.000000
562.000000 184.000000
563.500000 184.000000
565.000000 184.000000
566.500000 184.000000
568.000000 184.000000
569.500000 184.000000
571.000000 184.000000
572.500000 184.000000
574.000000 184.000000
575.500000 184.000000
577.000000 184.000000
578.500000 179.000000
580.000000 175.000000
581.500000 171.000000
583.000000 167.000000
584.500000 164.000000
586.000000 160.000000
587.500000 157.000000
589.000000 154.000000
590.500000 152.000000
592.000000 149.000000
593.500000 147.000000
595.000000 145.000000
596.500000 143.000000
598.000000 142.000000
599.500000 140.000000
601.000000 139.000000
602.500000 138.000000
604.000000 137.000000
605.500000 137.000000
607.000000 137.000000
608.500000 136.000000
610.000000 137.000000
611.500000 137.000000
613.000000 138.000000
614.500000 138.000000
616.000000 139.000000
617.500000 140.000000
619.000000 142.000000
620.500000 144.000000
622.000000 145.000000
623.500000 147.000000
625.000000 150.000000
626.500000 152.000000
628.000000 155.000000
629.500000 158.000000
631.000000 161.000000
632.500000 164.000000
634.000000 168.000000
635.500000 172.000000
637.000000 176.000000
638.500000 180.000000
640.000000 184.000000
641.500000 179.000000
643.000000 175.000000
644.500000 171.000000
646.000000 167.000000
647.500000 164.000000
649.000000 160.000000
650.500000 157.000000
652.000000 154.000000
653.500000 152.000000
655.000000 149.000000
656.500000 147.000000
658.000000 145.000000
659.500000 143.000000
661.000000 142.000000
662.500000 140.000000
664.000000 139.000000
665.500000 138.000000
667.000000 137.000000
668.500000 137.000000
670.000000 137.000000
671.500000 136.000000
673.000000 136.000000
674.500000 131.000000
676.000000 127.000000
677.500000 123.000000
679.000000 119.000000
680.500000 116.000000
682.000000 112.000000
683.500000 109.000000
685.000000 106.000000
686.500000 104.000000
688.000000 101.000000
689.500000 99.000000
691.000000 97.000000
692.500000 95.000000
694.000000 94.000000
695.500000 92.000000
697.000000 91.000000
698.500000 90.000000
700.000000 89.000000
701.500000 89.000000
703.000000 89.000000
704.500000 88.000000
706.000000 89.000000
707.500000 89.000000
709.000000 90.000000
710.500000 90.000000
712.000000 91.000000
713.500000 92.000000
715.000000 94.000000
716.500000 96.000000
718.000000 97.000000
719.500000 99.000000
721.000000 102.000000
722.500000 104.000000
724.000000 99.000000
725.500000 95.000000
727.000000 91.000000
728.500000 87.000000
730.000000 84.000000
731.500000 80.000000
733.000000 77.000000
734.500000 74.000000
736.000000 72.000000
737.500000 69.000000
739.000000 67.000000
740.500000 65.000000
742.000000 63.000000
743.500000 62.000000
745.000000 60.000000
746.500000 59.000000
748.000000 58.000000
749.500000 57.000000
751.000000 57.000000
752.500000 57.000000
754.000000 56.000000
755.500000 57.000000
757.000000 57.000000
758.500000 58.000000
760.000000 58.000000
761.500000 59.000000
763.000000 60.000000
764.500000 62.000000
766.000000 64.000000
767.500000 65.000000
769.000000 67.000000
770.500000 70.000000
772.000000 72.000000
773.500000 75.000000
775.000000 78.000000
776.500000 81.000000
778.000000 84.000000
779.500000 88.000000
781.000000 92.000000
782.500000 96.000000
784.000000 100.000000
785.500000 104.000000
787.000000 99.000000
788.500000 95.000000
790.000000 91.000000
791.500000 87.000000
793.000000 84.000000
794.500000 80.000000
796.000000 77.000000
797.500000 74.000000
799.000000 72.000000
800.500000 69.000000
802.000000 67.000000
803.500000 65.000000
805.000000 63.000000
806.500000 62.000000
808.000000 60.000000
809.500000 59.000000
811.000000 58.000000
812.500000 57.000000
814.000000 57.000000
815.500000 57.000000
817.000000 56.000000
818.500000 57.000000
820.000000 57.000000
821.500000 58.000000
823.000000 58.000000
824.500000 59.000000
826.000000 60.000000
827.500000 62.000000
829.000000 64.000000
830.500000 65.000000
832.000000 67.000000
833.500000 70.000000
835.000000 72.000000
836.500000 75.000000
838.000000 78.000000
839.500000 81.000000
841.000000 84.000000
842.500000 88.000000
844.000000 92.000000
845.500000 96.000000
847.000000 100.000000
848.500000 104.000000
850.000000 104.000000
851.500000 104.000000
853.000000 104.000000
854.500000 104.000000
856.000000 104.000000
857.500000 104.000000
859.000000 104.000000
860.500000 104.000000
862.000000 104.000000
863.500000 104.000000
865.000000 104.000000
866.500000 104.000000
868.000000 104.000000
869.500000 104.000000
871.000000 104.000000
872.500000 104.000000
874.000000 104.000000
875.500000 104.000000
877.000000 104.000000
878.500000 104.000000
880.000000 104.000000
881.500000 104.000000
883.000000 104.000000
884.500000 104.000000
886.000000 104.000000
887.500000 104.000000
889.000000 104.000000
890.500000 104.000000
892.000000 104.000000
893.500000 104.000000
895.000000 104.000000
896.500000 104.000000
898.000000 104.000000
899.500000 104.000000
901.000000 104.000000
902.500000 104.000000
904.000000 104.000000
905.500000 104.000000
907.000000 104.000000
908.500000 104.000000
910.000000 104.000000
911.500000 104.000000
913.000000 104.000000
914.500000 104.000000
916.000000 104.000000
917.500000 104.000000
919.000000 104.000000
920.500000 104.000000
922.000000 104.000000
923.500000 104.000000
925.000000 104.000000
926.500000 104.000000
928.000000 104.000000
929.500000 104.000000
931.000000 104.000000
932.500000 104.000000
934.000000 104.000000
935.500000 99.000000
937.000000 95.000000
938.500000 91.000000
940.000000 87.000000
941.500000 84.000000
943.000000 80.000000
944.500000 77.000000
946.000000 74.000000
947.500000 72.000000
949.000000 69.000000
950.500000 67.000000
952.000000 65.000000
953.500000 63.000000
955.000000 62.000000
956.500000 60.000000
958.000000 59.000000
959.500000 58.000000
961.000000 57.000000
960.500000 57.000000
962.000000 57.000000
963.500000 56.000000
965.000000 57.000000
966.500000 57.000000
968.000000 58.000000
969.500000 58.000000
971.000000 59.000000
972.500000 60.000000
974.000000 62.000000
975.500000 64.000000
977.000000 65.000000
978.500000 67.000000
980.000000 70.000000
981.500000 72.000000
983.000000 75.000000
984.500000 78.000000
986.000000 81.000000
987.500000 84.000000
989.000000 88.000000
990.500000 92.000000
992.000000 96.000000
993.500000 100.000000
995.000000 104.000000
996.500000 109.000000
998.000000 114.000000
999.500000 119.000000
1001.000000 124.000000
1002.500000 130.000000
1004.000000 135.000000
1005.500000 141.000000
1007.000000 147.000000
1008.500000 154.000000
1010.000000 160.000000
1011.500000 167.000000
1013.000000 174.000000
1014.500000 181.000000
1016.000000 184.000000
1017.500000 184.000000
1019.000000 184.000000
1020.500000 184.000000
1022.000000 184.000000
1023.500000 184.000000
1025.000000 184.000000
1026.500000 184.000000
1028.000000 184.000000
1029.500000 184.000000
1031.000000 179.000000
1032.500000 175.000000
1034.000000 171.000000
1035.500000 167.000000
1037.000000 164.000000
1038.500000 160.000000
1040.000000 157.000000
1041.500000 154.000000
1043.000000 152.000000
1044.500000 149.000000
1046.000000 147.000000
1047.500000 145.000000
1049.000000 143.000000
1050.500000 142.000000
1052.000000 140.000000
1053.500000 139.000000
1055.000000 138.000000
1056.500000 137.000000
1058.000000 137.000000
1058.000000 137.000000
1058.000000 136.000000
1058.000000 135.000000
1058.000000 133.000000
1058.000000 132.000000
1058.000000 130.000000
1058.000000 129.000000
1058.000000 128.000000
1058.000000 128.000000
1058.000000 128.000000
1058.000000 127.000000
1058.000000 120.000000
1058.000000 120.000000
1058.000000 115.000000
1058.000000 111.000000
1058.000000 107.000000
1058.000000 103.000000
1058.000000 100.000000
1058.000000 96.000000
1058.000000 93.000000
1059.500000 90.000000
1061.000000 88.000000
1062.500000 85.000000
1064.000000 83.000000
1065.500000 81.000000
1067.000000 79.000000
1068.500000 78.000000
1070.000000 76.000000
1071.500000 75.000000
1073.000000 74.000000
1074.500000 73.000000
1076.000000 73.000000
1077.500000 73.000000
1079.000000 72.000000
1080.500000 73.000000
1082.000000 73.000000
1083.500000 74.000000
1085.000000 74.000000
1086.500000 75.000000
1088.000000 76.000000
1089.500000 78.000000
1091.000000 80.000000
1092.500000 81.000000
1094.000000 83.000000
1095.500000 86.000000
1097.000000 88.000000
1098.500000 91.000000
1100.000000 94.000000
1101.500000 97.000000
1103.000000 100.000000
1104.500000 104.000000
1106.000000 99.000000
1107.500000 95.000000
1109.000000 91.000000
1110.500000 87.000000
1112.000000 84.000000
1113.500000 80.000000
1115.000000 77.000000
1116.500000 74.000000
1118.000000 72.000000
1119.500000 69.000000
1121.000000 67.000000
1122.500000 65.000000
1124.000000 63.000000
1125.500000 62.000000
1127.000000 60.000000
1128.500000 59.000000
1130.000000 58.000000
1131.500000 57.000000
1133.000000 57.000000
1134.500000 57.000000
1136.000000 56.000000
1137.500000 57.000000
1139.000000 57.000000
1140.500000 58.000000
1142.000000 58.000000
1143.500000 59.000000
1145.000000 60.000000
1146.500000 62.000000
1148.000000 64.000000
1149.500000 65.000000
1151.000000 67.000000
1152.500000 70.000000
1154.000000 72.000000
1155.500000 67.000000
1157.000000 63.000000
1158.500000 59.000000
1160.000000 55.000000
1161.500000 52.000000
1163.000000 48.000000
1164.500000 45.000000
1166.000000 42.000000
1167.500000 40.000000
1169.000000 37.000000
1170.500000 35.000000
1172.000000 33.000000
1173.500000 31.000000
1175.000000 30.000000
1176.500000 28.000000
1178.000000 27.000000
1179.500000 26.000000
1181.000000 25.000000
1182.500000 25.000000
1184.000000 25.000000
1185.500000 24.000000
1187.000000 25.000000
1188.500000 25.000000
1190.000000 26.000000
1191.500000 26.000000
1193.000000 27.000000
1194.500000 28.000000
1196.000000 30.000000
1197.500000 32.000000
1199.000000 33.000000
1200.500000 35.000000
1202.000000 38.000000
1203.500000 40.000000
1205.000000 43.000000
1206.500000 46.000000
1208.000000 49.000000
1209.500000 52.000000
1211.000000 56.000000
1212.500000 60.000000
1214.000000 64.000000
1215.500000 68.000000
1217.000000 72.000000
1218.500000 72.000000
1220.000000 72.000000
1221.500000 72.000000
1223.000000 72.000000
1224.500000 72.000000
1226.000000 72.000000
1227.500000 72.000000
1229.000000 72.000000
1230.500000 72.000000
1232.000000 72.000000
1233.500000 72.000000
1235.000000 72.000000
1236.500000 72.000000
1238.000000 72.000000
1239.500000 72.000000
1241.000000 72.000000
1242.500000 72.000000
1244.000000 72.000000
1245.500000 72.000000
1247.000000 72.000000
1248.500000 72.000000
1250.000000 72.000000
1251.500000 72.000000
1253.000000 72.000000
1254.500000 72.000000
1256.000000 72.000000
1257.500000 72.000000
1259.000000 72.000000
1260.500000 72.000000
1262.000000 72.000000
1263.500000 72.000000
1265.000000 72.000000
1266.500000 72.000000
1268.000000 72.000000
1269.500000 72.000000
1271.000000 72.000000
1272.500000 72.000000
1274.000000 72.000000
1275.500000 72.000000
1277.000000 72.000000
1278.500000 72.000000
1280.000000 72.000000
1281.500000 72.000000
1283.000000 72.000000
1284.500000 72.000000
1286.000000 72.000000
1287.500000 72.000000
1289.000000 72.000000
1290.500000 72.000000
1292.000000 72.000000
1293.500000 67.000000
1295.000000 63.000000
1296.500000 59.000000
1298.000000 55.000000
1299.500000 52.000000
1301.000000 48.000000
1302.500000 45.000000
1304.000000 42.000000
1305.500000 40.000000
1307.000000 37.000000
1308.500000 35.000000
1310.000000 33.000000
1311.500000 31.000000
1313.000000 30.000000
1314.500000 28.000000
1316.000000 27.000000
1317.500000 26.000000
1319.000000 25.000000
1320.500000 25.000000
1322.000000 25.000000
1323.500000 24.000000
1325.000000 25.000000
1326.500000 25.000000
1328.000000 26.000000
1329.500000 26.000000
1331.000000 27.000000
1332.500000 28.000000
1334.000000 30.000000
1335.500000 32.000000
1337.000000 33.000000
1338.500000 35.000000
1340.000000 38.000000
1341.500000 40.000000
1343.000000 43.000000
1344.500000 46.000000
1346.000000 49.000000
1347.500000 52.000000
1349.000000 56.000000
1350.500000 60.000000
1352.000000 64.000000
1353.500000 68.000000
1355.000000 72.000000
1356.500000 72.000000
1358.000000 72.000000
1359.500000 72.000000
1361.000000 72.000000
1362.500000 72.000000
1364.000000 72.000000
1365.500000 72.000000
1367.000000 72.000000
1368.500000 72.000000
1370.000000 72.000000
1371.500000 72.000000
1373.000000 72.000000
1374.500000 72.000000
1376.000000 72.000000
1377.500000 72.000000
1379.000000 72.000000
1380.500000 72.000000
1382.000000 72.000000
1383.500000 72.000000
1385.000000 72.000000
1386.500000 72.000000
1388.000000 73.000000
1389.500000 74.000000
1391.000000 75.000000
1392.500000 76.000000
1394.000000 78.000000
1395.500000 79.000000
1397.000000 81.000000
1398.500000 83.000000
1400.000000 86.000000
1401.500000 88.000000
1403.000000 91.000000
1404.500000 94.000000
1406.000000 97.000000
1407.500000 101.000000
1409.000000 104.000000
1410.500000 108.000000
1412.000000 112.000000
1413.500000 117.000000
1415.000000 121.000000
1416.500000 126.000000
1418.000000 131.000000
1419.500000 136.000000
1421.000000 141.000000
1422.500000 147.000000
1424.000000 153.000000
1425.500000 159.000000
1427.000000 165.000000
1428.500000 171.000000
1430.000000 178.000000
1431.500000 184.000000
1433.000000 184.000000
1434.500000 184.000000
1436.000000 184.000000
1437.500000 184.000000
1439.000000 184.000000
1440.500000 184.000000
1442.000000 184.000000
1443.500000 184.000000
1445.000000 184.000000
1446.500000 184.000000
1448.000000 184.000000
1449.500000 184.000000
1451.000000 184.000000
1452.500000 184.000000
1454.000000 184.000000
1455.500000 184.000000
1457.000000 184.000000
1458.500000 184.000000
1460.000000 184.000000
1461.500000 184.000000
1463.000000 184.000000
1464.500000 184.000000
1466.000000 184.000000
1467.500000 184.000000
1469.000000 184.000000
1470.500000 184.000000
1472.000000 184.000000
1473.500000 184.000000
1475.000000 184.000000
1476.500000 184.000000
1478.000000 184.000000
1479.500000 184.000000
1481.000000 184.000000
1482.500000 184.000000
1484.000000 184.000000
1485.500000 184.000000
1487.000000 184.000000
1488.500000 184.000000
1490.000000 184.000000
1491.500000 184.000000
1493.000000 184.000000
1494.500000 184.000000
1496.000000 184.000000
1497.500000 179.000000
1499.000000 175.000000
1500.500000 171.000000
1502.000000 167.000000
1503.500000 165.000000
1505.000000 163.000000
1506.500000 161.000000
1508.000000 160.000000
1509.500000 158.000000
1511.000000 157.000000
1512.500000 156.000000
1514.000000 155.000000
1515.500000 155.000000
1517.000000 155.000000
1518.500000 155.000000
1520.000000 155.000000
1521.500000 155.000000
1523.000000 156.000000
1524.500000 156.000000
1526.000000 157.000000
1527.500000 159.000000
1529.000000 160.000000
1530.500000 162.000000
1532.000000 164.000000
1533.500000 166.000000
1535.000000 168.000000
1536.500000 170.000000
1538.000000 173.000000
1539.500000 176.000000
1541.000000 179.000000
1542.500000 183.000000
1544.000000 184.000000
1545.500000 184.000000
1547.000000 184.000000
1548.500000 184.000000
1550.000000 184.000000
1551.500000 179.000000
1553.000000 175.000000
1554.500000 171.000000
1556.000000 167.000000
1557.500000 164.000000
1559.000000 160.000000
1560.500000 157.000000
1562.000000 154.000000
1563.500000 152.000000
1565.000000 149.000000
1566.500000 147.000000
1568.000000 145.000000
1569.500000 143.000000
1571.000000 142.000000
1572.500000 140.000000
1574.000000 139.000000
1575.500000 138.000000
1577.000000 137.000000
1578.500000 137.000000
1580.000000 137.000000
1581.500000 136.000000
1583.000000 137.000000
1584.500000 137.000000
1586.000000 138.000000
1587.500000 138.000000
1589.000000 139.000000
1590.500000 140.000000
1592.000000 142.000000
1593.500000 144.000000
1595.000000 145.000000
1596.500000 147.000000
1598.000000 150.000000
1599.500000 152.000000
1601.000000 155.000000
1602.500000 158.000000
1604.000000 161.000000
1605.500000 164.000000
1607.000000 168.000000
1608.500000 172.000000
1610.000000 176.000000
1611.500000 180.000000
1613.000000 184.000000
1614.500000 184.000000
1616.000000 184.000000
1617.500000 184.000000
1619.000000 184.000000
1620.500000 184.000000
1622.000000 184.000000
1623.500000 184.000000
1625.000000 179.000000
1626.500000 175.000000
1628.000000 171.000000
1629.500000 167.000000
1631.000000 164.000000
1632.500000 160.000000
1634.000000 157.000000
1635.500000 154.000000
1637.000000 152.000000
1638.500000 149.000000
1640.000000 147.000000
1641.500000 145.000000
1643.000000 143.000000
1644.500000 142.000000
1646.000000 140.000000
1647.500000 139.000000
1649.000000 138.000000
1650.500000 137.000000
1652.000000 137.000000
1653.500000 137.000000
1655.000000 136.000000
1656.500000 137.000000
1658.000000 137.000000
1659.500000 138.000000
1661.000000 138.000000
1662.500000 139.000000
1664.000000 140.000000
1665.500000 142.000000
1667.000000 144.000000
1668.500000 145.000000
1670.000000 147.000000
1671.500000 150.000000
1673.000000 152.000000
1674.500000 155.000000
1676.000000 158.000000
1677.500000 161.000000
1679.000000 164.000000
1680.500000 168.000000
1682.000000 172.000000
1683.500000 176.000000
1685.000000 180.000000
1686.500000 184.000000
1688.000000 179.000000
1689.500000 175.000000
1691.000000 171.000000
1692.500000 167.000000
1694.000000 164.000000
1695.500000 160.000000
1697.000000 157.000000
1698.500000 154.000000
1700.000000 152.000000
1701.500000 149.000000
1703.000000 147.000000
1704.500000 145.000000
1706.000000 143.000000
1707.500000 142.000000
1709.000000 140.000000
1710.500000 139.000000
1712.000000 138.000000
1713.500000 137.000000
1715.000000 137.000000
1716.500000 137.000000
1718.000000 136.000000
1719.500000 137.000000
1721.000000 137.000000
1722.500000 138.000000
1724.000000 138.000000
1725.500000 139.000000
1727.000000 140.000000
1728.500000 142.000000
1730.000000 144.000000
1731.500000 145.000000
1733.000000 147.000000
1734.500000 150.000000
1736.000000 152.000000
1737.500000 155.000000
1739.000000 158.000000
1740.500000 161.000000
1742.000000 164.000000
1743.500000 168.000000
1745.000000 172.000000
1746.500000 176.000000
1748.000000 180.000000
1749.500000 184.000000
1751.000000 184.000000
1752.500000 184.000000
1754.000000 184.000000
1755.500000 184.000000
1757.000000 184.000000
1758.500000 184.000000
1760.000000 184.000000
1761.500000 184.000000
1763.000000 184.000000
1764.500000 184.000000
1766.000000 184.000000
1767.500000 184.000000
1769.000000 184.000000
1770.500000 184.000000
1772.000000 184.000000
1773.500000 184.000000
1775.000000 184.000000
1776.500000 184.000000
1778.000000 184.000000
1779.500000 184.000000
1781.000000 184.000000
1782.500000 184.000000
1784.000000 184.000000
1785.500000 184.000000
1787.000000 179.000000
1788.500000 175.000000
1790.000000 171.000000
1791.500000 167.000000
1793.000000 164.000000
1794.500000 160.000000
1796.000000 157.000000
1797.500000 154.000000
1799.000000 152.000000
1800.500000 149.000000
1802.000000 147.000000
1803.500000 145.000000
1805.000000 143.000000
1806.500000 142.000000
1808.000000 140.000000
1809.500000 139.000000
1811.000000 138.000000
1812.500000 137.000000
1814.000000 137.000000
1815.500000 137.000000
1817.000000 136.000000
1818.500000 137.000000
1820.000000 137.000000
1821.500000 138.000000
1823.000000 138.000000
1824.500000 139.000000
1826.000000 140.000000
1827.500000 142.000000
1829.000000 144.000000
1830.500000 145.000000
1832.000000 147.000000
1833.500000 150.000000
1835.000000 152.000000
1836.500000 155.000000
1838.000000 158.000000
1839.500000 161.000000
1841.000000 164.000000
1842.500000 168.000000
1844.000000 172.000000
1845.500000 176.000000
1847.000000 180.000000
1848.500000 184.000000
1850.000000 179.000000
1851.500000 175.000000
1853.000000 171.000000
1854.500000 167.000000
1856.000000 164.000000
1857.500000 160.000000
1859.000000 157.000000
1860.500000 154.000000
1862.000000 152.000000
1863.500000 149.000000
1865.000000 147.000000
1866.500000 145.000000
1868.000000 143.000000
1869.500000 142.000000
1871.000000 140.000000
1872.500000 139.000000
1874.000000 138.000000
1875.500000 137.000000
1877.000000 137.000000
1878.500000 137.000000
1880.000000 136.000000
1881.500000 137.000000
1883.000000 137.000000
1884.500000 138.000000
1886.000000 138.000000
1887.500000 136.000000
1889.000000 136.000000
1890.500000 136.000000
1892.000000 136.000000
1893.500000 136.000000
1895.000000 136.000000
1896.500000 136.000000
1898.000000 136.000000
1899.500000 136.000000
1901.000000 136.000000
1902.500000 136.000000
1904.000000 136.000000
1905.500000 136.000000
1907.000000 136.000000
1908.500000 136.000000
1910.000000 136.000000
1911.500000 136.000000
1913.000000 136.000000
1914.500000 136.000000
1916.000000 136.000000
1917.500000 136.000000
1919.000000 136.000000
1920.500000 136.000000
1922.000000 136.000000
1923.500000 136.000000
1925.000000 136.000000
1926.500000 136.000000
1928.000000 136.000000
1929.500000 136.000000
1931.000000 136.000000
1932.500000 137.000000
1934.000000 138.000000
1935.500000 135.000000
1937.000000 133.000000
1938.500000 132.000000
1940.000000 130.000000
1941.500000 129.000000
1943.000000 128.000000
1944.500000 127.000000
1946.000000 126.000000
1947.500000 125.000000
1949.000000 125.000000
1950.500000 125.000000
1952.000000 120.000000
1953.500000 120.000000
1955.000000 120.000000
1956.500000 120.000000
1958.000000 120.000000
1959.500000 120.000000
1961.000000 120.000000
1962.500000 120.000000
1964.000000 120.000000
1965.500000 120.000000
1967.000000 120.000000
1968.500000 120.000000
1970.000000 120.000000
1971.500000 120.000000
1973.000000 120.000000
1974.500000 120.000000
1976.000000 120.000000
1977.500000 120.000000
1979.000000 120.000000
1980.500000 120.000000
1982.000000 120.000000
1983.500000 120.000000
1985.000000 120.000000
1986.500000 120.000000
1988.000000 120.000000
1989.500000 120.000000
1991.000000 120.000000
1992.500000 120.000000
1994.000000 120.000000
1995.500000 120.000000
1997.000000 120.000000
1998.500000 120.000000
2000.000000 120.000000
2001.500000 120.000000
2003.000000 120.000000
2004.500000 120.000000
2006.000000 120.000000
2007.500000 120.000000
2009.000000 120.000000
2010.500000 120.000000
2012.000000 120.000000
2013.500000 120.000000
2015.000000 120.000000
2016.500000 120.000000
2018.000000 120.000000
2019.500000 120.000000
2021.000000 120.000000
2022.500000 120.000000
2024.000000 120.000000
2025.500000 120.000000
2027.000000 120.000000
2028.500000 121.000000
2030.000000 122.000000
2031.500000 123.000000
2033.000000 124.000000
2034.500000 126.000000
2036.000000 127.000000
2037.500000 129.000000
2039.000000 131.000000
2040.500000 134.000000
2042.000000 136.000000
2043.500000 139.000000
2045.000000 142.000000
2046.500000 145.000000
2048.000000 149.000000
2049.500000 152.000000
2051.000000 156.000000
2052.500000 160.000000
2054.000000 165.000000
2055.500000 169.000000
2057.000000 174.000000
2058.500000 179.000000
2060.000000 184.000000
2061.500000 189.000000
2063.000000 187.000000
2064.500000 185.000000
2064.500000 183.000000
2066.000000 182.000000
2067.500000 180.000000
2069.000000 179.000000
2070.500000 178.000000
2072.000000 178.000000
2073.500000 177.000000
2075.000000 177.000000
2076.500000 177.000000
2078.000000 177.000000
2079.500000 177.000000
2081.000000 178.000000
2082.500000 179.000000
2084.000000 180.000000
2085.500000 181.000000
2087.000000 182.000000
2088.500000 184.000000
2090.000000 184.000000
2091.500000 179.000000
2093.000000 175.000000
2094.500000 171.000000
2096.000000 167.000000
2097.500000 164.000000
2099.000000 160.000000
2100.500000 157.000000
2102.000000 154.000000
2103.500000 152.000000
2105.000000 149.000000
2106.500000 147.000000
2108.000000 145.000000
2109.500000 143.000000
2111.000000 141.000000
2112.500000 138.000000
2114.000000 136.000000
2115.500000 134.000000
2117.000000 132.000000
2118.500000 131.000000
2120.000000 130.000000
2121.500000 128.000000
2123.000000 128.000000
2124.500000 127.000000
2126.000000 127.000000
2127.500000 126.000000
2129.000000 126.000000
2130.500000 120.000000
2132.000000 120.000000
2133.500000 120.000000
2135.000000 115.000000
2136.500000 111.000000
2138.000000 107.000000
2139.500000 103.000000
2141.000000 100.000000
2142.500000 96.000000
2144.000000 93.000000
2145.500000 90.000000
2147.000000 88.000000
2148.500000 85.000000
2150.000000 83.000000
2151.500000 81.000000
2153.000000 79.000000
2154.500000 78.000000
2156.000000 76.000000
2157.500000 75.000000
2159.000000 74.000000
2160.500000 73.000000
2162.000000 73.000000
2163.500000 73.000000
2165.000000 72.000000
2166.500000 73.000000
2168.000000 73.000000
2169.500000 74.000000
2171.000000 74.000000
2172.500000 75.000000
2174.000000 76.000000
2175.500000 78.000000
2177.000000 80.000000
2178.500000 81.000000
2180.000000 83.000000
2181.500000 86.000000
2183.000000 88.000000
2184.500000 91.000000
2186.000000 94.000000
2187.500000 97.000000
2189.000000 100.000000
2190.500000 104.000000
2192.000000 108.000000
2193.500000 112.000000
2195.000000 116.000000
2196.500000 120.000000
2198.000000 120.000000
2199.500000 120.000000
2201.000000 120.000000
2202.500000 120.000000
2204.000000 120.000000
2205.500000 120.000000
2207.000000 120.000000
2208.500000 120.000000
2210.000000 120.000000
2211.500000 120.000000
2213.000000 120.000000
2214.500000 120.000000
2216.000000 115.000000
2217.500000 111.000000
2219.000000 107.000000
2220.500000 103.000000
2222.000000 100.000000
2223.500000 96.000000
2225.000000 93.000000
2226.500000 90.000000
2228.000000 88.000000
2229.500000 85.000000
2231.000000 83.000000
2232.500000 81.000000
2234.000000 79.000000
2235.500000 78.000000
2237.000000 76.000000
2238.500000 75.000000
2240.000000 74.000000
2241.500000 73.000000
2243.000000 73.000000
2244.500000 73.000000
2246.000000 72.000000
2247.500000 73.000000
2249.000000 73.000000
2250.500000 74.000000
2252.000000 74.000000
2253.500000 75.000000
2255.000000 76.000000
2256.500000 78.000000
2258.000000 80.000000
2259.500000 81.000000
2261.000000 83.000000
2262.500000 86.000000
2264.000000 88.000000
2265.500000 88.000000
2267.000000 88.000000
2268.500000 88.000000
2270.000000 88.000000
2271.500000 88.000000
2273.000000 88.000000
2274.500000 88.000000
2276.000000 88.000000
2277.500000 88.000000
2279.000000 88.000000
2280.500000 83.000000
2282.000000 79.000000
2283.500000 75.000000
2285.000000 71.000000
2286.500000 68.000000
2288.000000 64.000000
2289.500000 61.000000
2291.000000 58.000000
2292.500000 56.000000
2294.000000 53.000000
2295.500000 51.000000
2297.000000 49.000000
2298.500000 47.000000
2300.000000 46.000000
2301.500000 44.000000
2303.000000 43.000000
2304.500000 42.000000
2306.000000 41.000000
2307.500000 41.000000
2309.000000 41.000000
2310.500000 40.000000
2312.000000 41.000000
2313.500000 41.000000
2315.000000 42.000000
2316.500000 42.000000
2318.000000 43.000000
2319.500000 44.000000
2321.000000 46.000000
2322.500000 48.000000
2324.000000 49.000000
2325.500000 51.000000
2327.000000 54.000000
2328.500000 56.000000
2330.000000 59.000000
2331.500000 62.000000
2333.000000 65.000000
2334.500000 68.000000
2336.000000 72.000000
2337.500000 76.000000
2339.000000 80.000000
2340.500000 84.000000
2342.000000 88.000000
2343.500000 83.000000
2345.000000 79.000000
2346.500000 75.000000
2348.000000 71.000000
2349.500000 68.000000
2351.000000 64.000000
2352.500000 61.000000
2354.000000 58.000000
2355.500000 56.000000
2357.000000 53.000000
2358.500000 51.000000
2360.000000 49.000000
2361.500000 47.000000
2363.000000 46.000000
2364.500000 44.000000
2366.000000 43.000000
2367.500000 42.000000
2369.000000 41.000000
2370.500000 41.000000
2372.000000 41.000000
2373.500000 40.000000
2375.000000 41.000000
2376.500000 41.000000
2378.000000 42.000000
2379.500000 42.000000
2381.000000 43.000000
2382.500000 44.000000
2384.000000 46.000000
2385.500000 48.000000
2387.000000 49.000000
2388.500000 51.000000
2390.000000 54.000000
2391.500000 56.000000
2393.000000 59.000000
2394.500000 62.000000
2396.000000 65.000000
2397.500000 68.000000
2399.000000 72.000000
2400.500000 76.000000
2402.000000 80.000000
2403.500000 84.000000
2405.000000 88.000000
2406.500000 83.000000
2408.000000 79.000000
2409.500000 75.000000
2411.000000 71.000000
2412.500000 68.000000
2414.000000 64.000000
2415.500000 61.000000
2417.000000 58.000000
2418.500000 56.000000
2420.000000 53.000000
2421.500000 51.000000
2423.000000 49.000000
2424.500000 47.000000
2426.000000 46.000000
2427.500000 44.000000
2429.000000 43.000000
2430.500000 42.000000
2432.000000 41.000000
2433.500000 41.000000
2435.000000 41.000000
2436.500000 40.000000
2438.000000 41.000000
2439.500000 41.000000
2441.000000 42.000000
2442.500000 42.000000
2444.000000 43.000000
2445.500000 44.000000
2447.000000 46.000000
2448.500000 48.000000
2450.000000 49.000000
2451.500000 51.000000
2453.000000 54.000000
2454.500000 56.000000
2456.000000 59.000000
2457.500000 62.000000
2459.000000 65.000000
2460.500000 68.000000
2462.000000 72.000000
2463.500000 76.000000
2465.000000 80.000000
2466.500000 84.000000
2468.000000 88.000000
2469.500000 88.000000
2471.000000 88.000000
2472.500000 88.000000
2474.000000 88.000000
2475.500000 89.000000
2477.000000 90.000000
2478.500000 91.000000
2480.000000 92.000000
2481.500000 94.000000
2483.000000 95.000000
2484.500000 97.000000
2486.000000 99.000000
2487.500000 102.000000
2489.000000 104.000000
2490.500000 107.000000
2492.000000 110.000000
2493.500000 113.000000
2495.000000 117.000000
2496.500000 120.000000
2498.000000 124.000000
2499.500000 128.000000
2501.000000 133.000000
2502.500000 137.000000
2504.000000 142.000000
2505.500000 147.000000
2507.000000 152.000000
2508.500000 157.000000
2510.000000 163.000000
2511.500000 169.000000
2513.000000 175.000000
2514.500000 181.000000
2516.000000 187.000000
2517.500000 194.000000
2519.000000 201.000000
2520.500000 208.000000
2522.000000 215.000000
