305.000000 1711.000000
306.312500 1711.000000
306.312500 1711.000000
306.312500 1711.000000
306.312500 1711.000000
306.312500 1711.000000
306.312500 1711.000000
306.312500 1711.000000
306.312500 1711.000000
306.812500 1708.000000
308.312500 1705.000000
309.812500 1702.000000
311.312500 1699.000000
312.812500 1696.000000
314.312500 1693.000000
315.812500 1690.000000
317.312500 1687.000000
318.812500 1684.000000
320.312500 1681.187500
321.812500 1678.562500
323.312500 1676.125000
324.812500 1673.875000
326.312500 1671.812500
327.812500 1669.937500
329.312500 1668.250000
330.812500 1666.750000
332.312500 1665.437500
333.812500 1664.312500
335.312500 1663.375000
336.812500 1662.625000
338.312500 1662.062500
339.812500 1661.687500
341.312500 1661.500000
342.812500 1661.500000
342.812500 1661.500000
344.312500 1661.687500
345.812500 1662.062500
347.312500 1662.625000
348.812500 1663.375000
350.312500 1664.312500
351.812500 1665.437500
353.312500 1666.750000
354.812500 1668.250000
356.312500 1669.937500
357.812500 1671.812500
359.312500 1673.875000
360.812500 1676.125000
362.312500 1678.562500
363.812500 1681.187500
365.312500 1684.000000
366.812500 1687.000000
368.312500 1690.000000
369.812500 1693.000000
371.312500 1696.000000
372.812500 1699.000000
374.312500 1702.000000
375.812500 1705.000000
377.312500 1708.000000
378.812500 1711.000000
378.812500 1711.000000
378.812500 1711.000000
378.812500 1711.000000
378.812500 1711.000000
378.812500 1711.000000
378.812500 1711.000000
378.812500 1711.000000
378.812500 1711.000000
379.312500 1708.187500
380.812500 1705.562500
382.312500 1703.125000
383.812500 1700.875000
385.312500 1698.812500
386.312500 1696.937500
387.312500 1695.250000
388.312500 1693.750000
389.812500 1692.437500
391.312500 1691.312500
392.812500 1690.375000
394.312500 1689.625000
395.812500 1689.062500
397.312500 1688.687500
398.812500 1688.500000
400.312500 1688.500000
400.312500 1688.500000
401.812500 1688.687500
403.312500 1689.062500
404.812500 1689.625000
405.812500 1690.375000
406.812500 1691.312500
407.812500 1692.437500
408.812500 1693.750000
409.812500 1695.250000
410.812500 1696.937500
411.812500 1698.812500
412.812500 1700.875000
413.812500 1703.125000
414.812500 1705.562500
415.812500 1708.187500
416.812500 1711.000000
416.812500 1711.000000
416.812500 1711.000000
416.812500 1711.000000
416.812500 1711.000000
416.812500 1711.000000
416.812500 1711.000000
416.812500 1711.000000
416.812500 1711.000000
417.312500 1708.000000
418.812500 1705.187500
420.312500 1702.562500
421.812500 1700.125000
423.312500 1697.875000
424.812500 1695.812500
426.312500 1693.937500
427.812500 1692.250000
429.312500 1690.750000
430.812500 1689.437500
431.812500 1688.312500
432.812500 1687.375000
433.812500 1686.625000
434.812500 1686.062500
435.812500 1685.687500
436.812500 1685.500000
437.812500 1685.500000
437.812500 1685.500000
438.812500 1685.687500
439.812500 1686.062500
440.812500 1686.625000
441.812500 1687.375000
442.812500 1688.312500
443.812500 1689.437500
444.812500 1690.750000
445.812500 1692.250000
446.812500 1693.937500
447.812500 1695.812500
448.812500 1697.875000
449.812500 1700.125000
450.812500 1702.562500
451.812500 1705.187500
452.812500 1708.000000
453.812500 1711.000000
453.812500 1711.000000
453.812500 1711.000000
453.812500 1711.000000
453.812500 1711.000000
453.812500 1711.000000
453.812500 1711.000000
453.812500 1711.000000
453.812500 1711.000000
453.812500 1711.000000
453.812500 1711.000000
453.812500 1711.000000
453.812500 1711.000000
453.812500 1711.000000
453.812500 1711.000000
453.812500 1711.000000
453.812500 1711.000000
453.812500 1711.000000
453.812500 1711.000000
453.812500 1711.000000
453.812500 1711.000000
453.812500 1711.000000
453.812500 1711.000000
453.812500 1711.000000
453.812500 1711.000000
453.812500 1711.000000
453.812500 1711.000000
453.812500 1711.000000
453.812500 1711.000000
453.812500 1711.000000
453.812500 1711.000000
453.812500 1711.000000
453.812500 1711.000000
453.812500 1711.000000
453.812500 1711.000000
453.812500 1711.000000
453.812500 1711.000000
453.812500 1711.000000
453.812500 1711.000000
453.812500 1711.000000
453.812500 1711.000000
453.812500 1711.000000
453.812500 1711.000000
453.812500 1711.000000
453.812500 1711.000000
453.812500 1711.000000
453.812500 1711.000000
453.812500 1711.000000
453.812500 1711.000000
453.812500 1711.000000
453.812500 1711.000000
453.812500 1711.000000
453.812500 1711.000000
453.812500 1711.000000
453.812500 1711.000000
453.812500 1711.000000
453.812500 1711.000000
453.812500 1711.000000
453.812500 1711.000000
453.812500 1711.000000
453.812500 1711.000000
453.812500 1711.000000
453.812500 1711.000000
453.812500 1711.000000
453.812500 1711.000000
453.812500 1711.000000
453.812500 1711.000000
453.812500 1711.000000
453.812500 1711.000000
453.812500 1711.000000
453.812500 1711.000000
453.812500 1711.000000
453.812500 1711.000000
453.812500 1711.000000
453.812500 1711.000000
453.812500 1711.000000
453.812500 1711.000000
453.812500 1711.000000
453.812500 1711.000000
453.812500 1711.000000
453.812500 1711.000000
453.812500 1711.000000
453.812500 1711.000000
453.812500 1711.000000
453.812500 1711.000000
453.812500 1711.000000
453.812500 1711.000000
453.812500 1711.000000
453.812500 1711.000000
453.812500 1711.000000
453.812500 1711.000000
453.812500 1711.000000
453.812500 1711.000000
453.812500 1711.000000
453.812500 1711.000000
453.812500 1711.000000
453.812500 1711.000000
453.812500 1711.000000
453.812500 1711.000000
453.812500 1711.000000
453.812500 1711.000000
453.812500 1711.000000
453.812500 1711.000000
453.812500 1711.000000
453.812500 1711.000000
453.812500 1711.000000
453.312500 1708.187500
451.812500 1705.562500
450.312500 1703.125000
448.812500 1700.875000
447.312500 1698.812500
445.812500 1696.937500
444.312500 1695.250000
442.812500 1693.750000
441.312500 1692.437500
439.812500 1691.312500
438.312500 1690.375000
436.812500 1689.625000
435.312500 1689.062500
433.812500 1688.687500
432.312500 1688.500000
430.812500 1688.500000
430.812500 1688.500000
429.312500 1688.687500
427.812500 1689.062500
426.312500 1689.625000
424.812500 1690.375000
423.312500 1691.312500
421.812500 1692.437500
420.312500 1693.750000
418.812500 1695.250000
417.312500 1696.937500
416.312500 1698.812500
415.312500 1700.875000
414.312500 1703.125000
413.312500 1705.562500
412.312500 1708.187500
411.312500 1711.000000
411.312500 1711.000000
411.312500 1711.000000
411.312500 1711.000000
411.312500 1711.000000
411.312500 1711.000000
411.312500 1711.000000
411.312500 1711.000000
411.312500 1711.000000
411.312500 1711.000000
411.312500 1711.000000
411.312500 1711.000000
411.312500 1711.000000
411.312500 1711.000000
411.312500 1711.000000
411.312500 1711.000000
411.312500 1711.000000
411.312500 1711.000000
411.312500 1711.000000
411.312500 1711.000000
411.312500 1711.000000
411.312500 1711.000000
411.312500 1711.000000
411.312500 1711.000000
411.312500 1711.000000
411.312500 1711.000000
411.312500 1711.000000
411.312500 1711.000000
411.312500 1711.000000
411.312500 1711.000000
411.312500 1711.000000
411.312500 1711.000000
411.312500 1711.000000
411.312500 1711.000000
411.312500 1711.000000
411.312500 1711.000000
411.312500 1711.000000
411.312500 1711.000000
411.312500 1711.000000
411.312500 1711.000000
411.312500 1711.000000
411.312500 1711.000000
411.312500 1711.000000
411.312500 1711.000000
411.312500 1711.000000
411.312500 1711.000000
411.312500 1711.000000
411.312500 1711.000000
411.312500 1711.000000
411.312500 1711.000000
411.312500 1711.000000
411.312500 1711.000000
411.312500 1711.000000
411.312500 1711.000000
411.312500 1711.000000
411.312500 1711.000000
411.312500 1711.000000
411.312500 1711.000000
411.312500 1711.000000
411.312500 1711.000000
411.312500 1711.000000
411.312500 1711.000000
411.312500 1711.000000
411.312500 1711.000000
411.312500 1711.000000
411.312500 1711.000000
411.312500 1711.000000
411.312500 1711.000000
411.312500 1711.000000
411.312500 1711.000000
411.312500 1711.000000
411.312500 1711.000000
411.312500 1711.000000
411.312500 1711.000000
411.312500 1711.000000
411.312500 1711.000000
411.312500 1711.000000
411.312500 1711.000000
411.312500 1711.000000
411.312500 1711.000000
411.312500 1711.000000
411.312500 1711.000000
411.312500 1711.000000
411.312500 1711.000000
411.312500 1711.000000
411.312500 1711.000000
411.312500 1711.000000
411.312500 1711.000000
411.312500 1711.000000
411.312500 1711.000000
411.312500 1711.000000
411.312500 1711.000000
411.312500 1711.000000
411.312500 1711.000000
411.312500 1711.000000
411.312500 1711.000000
411.312500 1711.000000
411.312500 1711.000000
411.312500 1711.000000
411.312500 1711.000000
411.312500 1711.000000
411.312500 1711.000000
411.312500 1711.000000
411.312500 1711.000000
411.312500 1711.000000
411.312500 1711.000000
411.312500 1711.000000
411.312500 1711.000000
411.312500 1711.000000
411.312500 1711.000000
411.312500 1711.000000
411.312500 1711.000000
411.312500 1711.000000
411.312500 1711.000000
411.312500 1711.000000
411.312500 1711.000000
411.312500 1711.000000
411.312500 1711.000000
411.312500 1711.000000
411.312500 1711.000000
411.312500 1711.000000
411.312500 1711.000000
411.312500 1711.000000
411.312500 1711.000000
411.312500 1711.000000
411.312500 1711.000000
411.312500 1711.000000
411.312500 1711.000000
411.312500 1711.000000
411.312500 1711.000000
411.312500 1711.000000
411.312500 1711.000000
411.312500 1711.000000
411.312500 1711.000000
411.312500 1711.000000
411.312500 1711.000000
411.312500 1711.000000
411.312500 1711.000000
411.312500 1711.000000
411.312500 1711.000000
