305.000000 1711.000000
306.312500 1711.000000
307.625000 1711.000000
308.937500 1711.000000
310.250000 1711.000000
311.562500 1711.000000
312.875000 1711.000000
314.187500 1711.000000
315.500000 1711.000000
316.812500 1711.000000
318.125000 1711.000000
319.437500 1711.000000
319.437500 1711.000000
319.437500 1711.000000
319.437500 1711.000000
319.437500 1711.000000
319.437500 1711.000000
319.437500 1711.000000
319.437500 1711.000000
319.437500 1711.000000
319.437500 1711.000000
319.437500 1711.000000
319.437500 1711.000000
319.437500 1711.000000
319.437500 1711.000000
319.437500 1711.000000
319.437500 1711.000000
319.437500 1711.000000
319.437500 1711.000000
319.437500 1711.000000
319.437500 1711.000000
319.437500 1711.000000
319.437500 1711.000000
319.437500 1711.000000
319.437500 1711.000000
319.437500 1711.000000
319.437500 1711.000000
319.437500 1711.000000
319.937500 1708.000000
321.437500 1705.187500
322.937500 1702.562500
324.437500 1700.125000
325.937500 1697.875000
327.437500 1695.812500
328.937500 1693.937500
330.437500 1692.250000
331.937500 1690.750000
333.437500 1689.437500
334.937500 1688.312500
336.437500 1687.375000
337.937500 1686.625000
339.437500 1686.062500
340.937500 1685.687500
342.437500 1685.500000
343.937500 1685.500000
343.937500 1685.500000
345.437500 1685.687500
346.937500 1686.062500
348.437500 1686.625000
349.937500 1687.375000
351.437500 1688.312500
352.937500 1689.437500
354.437500 1690.750000
355.937500 1692.250000
357.437500 1693.937500
358.937500 1695.812500
360.437500 1697.875000
361.937500 1700.125000
363.437500 1702.562500
364.937500 1705.187500
364.937500 1705.187500
364.937500 1705.187500
364.937500 1705.187500
366.437500 1708.000000
367.937500 1711.000000
367.937500 1711.000000
367.937500 1711.000000
367.937500 1711.000000
367.937500 1711.000000
367.937500 1711.000000
367.937500 1711.000000
367.937500 1711.000000
367.937500 1711.000000
367.937500 1711.000000
367.937500 1711.000000
367.937500 1711.000000
367.937500 1711.000000
367.937500 1711.000000
367.937500 1711.000000
367.937500 1711.000000
367.937500 1711.000000
367.937500 1711.000000
367.937500 1711.000000
367.937500 1711.000000
367.937500 1711.000000
367.937500 1711.000000
367.937500 1711.000000
367.937500 1711.000000
367.937500 1711.000000
367.937500 1711.000000
367.937500 1711.000000
367.937500 1711.000000
367.937500 1711.000000
367.937500 1711.000000
367.937500 1711.000000
367.937500 1711.000000
367.937500 1711.000000
367.937500 1711.000000
367.937500 1711.000000
367.937500 1711.000000
367.937500 1711.000000
367.937500 1711.000000
367.937500 1711.000000
367.937500 1711.000000
367.937500 1711.000000
367.937500 1711.000000
367.937500 1711.000000
367.937500 1711.000000
367.937500 1711.000000
367.937500 1711.000000
367.937500 1711.000000
367.937500 1711.000000
367.937500 1711.000000
367.937500 1711.000000
367.937500 1711.000000
367.937500 1711.000000
367.937500 1711.000000
367.937500 1711.000000
367.937500 1711.000000
367.937500 1711.000000
367.937500 1711.000000
367.937500 1711.000000
367.937500 1711.000000
367.937500 1711.000000
367.937500 1711.000000
367.937500 1711.000000
367.937500 1711.000000
367.937500 1711.000000
367.937500 1711.000000
367.937500 1711.000000
367.937500 1711.000000
367.937500 1711.000000
367.937500 1711.000000
367.937500 1711.000000
367.937500 1711.000000
367.937500 1711.000000
367.937500 1711.000000
367.937500 1711.000000
367.937500 1711.000000
367.937500 1711.000000
367.937500 1711.000000
367.937500 1711.000000
367.937500 1711.000000
367.937500 1711.000000
367.937500 1711.000000
367.937500 1711.000000
367.937500 1711.000000
367.937500 1711.000000
367.937500 1711.000000
367.937500 1711.000000
367.937500 1711.000000
367.937500 1711.000000
367.937500 1711.000000
367.937500 1711.000000
367.937500 1711.000000
367.937500 1711.000000
367.937500 1711.000000
367.937500 1711.000000
367.937500 1711.000000
367.937500 1711.000000
367.937500 1711.000000
367.937500 1711.000000
367.937500 1711.000000
367.937500 1711.000000
367.937500 1711.000000
367.937500 1711.000000
367.937500 1711.000000
367.937500 1711.000000
367.937500 1711.000000
367.937500 1711.000000
367.937500 1711.000000
367.937500 1711.000000
367.937500 1711.000000
367.937500 1711.000000
367.937500 1711.000000
367.937500 1711.000000
367.937500 1711.000000
367.937500 1711.000000
367.937500 1711.000000
367.937500 1711.000000
367.937500 1711.000000
367.937500 1711.000000
367.937500 1711.000000
367.937500 1711.000000
367.937500 1711.000000
367.937500 1711.000000
367.937500 1711.000000
367.937500 1711.000000
367.937500 1711.000000
367.937500 1711.000000
367.937500 1711.000000
367.937500 1711.000000
367.937500 1711.000000
367.937500 1711.000000
367.937500 1711.000000
367.937500 1711.000000
367.937500 1711.000000
367.937500 1711.000000
367.937500 1711.000000
367.937500 1711.000000
367.937500 1711.000000
367.937500 1711.000000
367.937500 1711.000000
367.937500 1711.000000
367.937500 1711.000000
367.937500 1711.000000
367.937500 1711.000000
367.937500 1711.000000
367.937500 1711.000000
367.937500 1711.000000
367.937500 1711.000000
367.937500 1711.000000
367.937500 1711.000000
367.937500 1711.000000
367.937500 1711.000000
367.937500 1711.000000
367.937500 1711.000000
367.937500 1711.000000
367.937500 1711.000000
367.937500 1711.000000
367.937500 1711.000000
367.937500 1711.000000
367.937500 1711.000000
367.937500 1711.000000
367.937500 1711.000000
367.937500 1711.000000
367.937500 1711.000000
367.937500 1711.000000
367.937500 1711.000000
367.937500 1711.000000
367.937500 1711.000000
367.937500 1711.000000
367.937500 1711.000000
367.937500 1711.000000
367.937500 1711.000000
367.937500 1711.000000
367.937500 1711.000000
367.937500 1711.000000
367.937500 1711.000000
367.937500 1711.000000
367.937500 1711.000000
367.937500 1711.000000
367.937500 1711.000000
