1931.000000 3737.000000
1931.000000 3735.000000
1932.000000 3733.000000
1932.000000 3731.000000
1932.000000 3729.000000
1932.000000 3727.000000
1932.000000 3727.000000
1932.000000 3727.000000
1932.000000 3728.000000
1933.000000 3728.000000
1934.000000 3728.000000
1935.000000 3729.000000
1935.000000 3729.000000
1935.000000 3729.000000
1935.000000 3729.000000
1935.000000 3729.000000
1935.000000 3729.000000
1935.000000 3725.000000
1934.000000 3721.000000
1933.000000 3717.000000
1932.000000 3714.000000
1932.000000 3710.000000
1932.000000 3707.000000
1932.000000 3703.000000
1932.000000 3700.000000
1932.000000 3697.000000
1932.000000 3694.000000
1933.000000 3691.000000
1934.000000 3688.000000
1936.000000 3685.000000
1937.000000 3683.000000
1938.000000 3680.000000
1939.000000 3677.000000
1940.000000 3675.000000
1941.000000 3673.000000
1942.000000 3671.000000
1943.000000 3668.000000
1945.000000 3666.000000
1946.000000 3664.000000
1946.000000 3664.000000
1946.000000 3664.000000
1947.000000 3665.000000
1948.000000 3665.000000
1949.000000 3665.000000
1950.000000 3665.000000
1951.000000 3665.000000
1953.000000 3665.000000
1954.000000 3665.000000
1956.000000 3665.000000
1957.000000 3665.000000
1959.000000 3665.000000
1960.000000 3665.000000
1962.000000 3665.000000
1963.000000 3665.000000
1965.000000 3665.000000
1966.000000 3665.000000
1968.000000 3665.000000
1969.000000 3665.000000
1971.000000 3665.000000
1972.000000 3665.000000
1974.000000 3665.000000
1975.000000 3665.000000
1977.000000 3665.000000
1978.000000 3665.000000
1980.000000 3665.000000
1981.000000 3665.000000
1983.000000 3665.000000
1984.000000 3665.000000
1986.000000 3665.000000
1987.000000 3665.000000
1989.000000 3665.000000
1990.000000 3665.000000
1992.000000 3665.000000
1993.000000 3665.000000
1995.000000 3666.000000
1996.000000 3666.000000
1998.000000 3667.000000
1999.000000 3668.000000
2001.000000 3668.000000
2002.000000 3669.000000
2004.000000 3670.000000
2005.000000 3672.000000
2007.000000 3673.000000
2008.000000 3674.000000
2010.000000 3675.000000
2011.000000 3677.000000
2013.000000 3679.000000
2014.000000 3680.000000
2016.000000 3682.000000
2017.000000 3684.000000
2019.000000 3686.000000
2020.000000 3688.000000
2022.000000 3691.000000
2023.000000 3693.000000
2025.000000 3695.000000
2026.000000 3697.000000
2028.000000 3697.000000
2029.000000 3697.000000
2029.000000 3697.000000
