-13.250000 -31.531250
-13.250000 -31.531250
-13.250000 -31.531250
-13.250000 -31.531250
-13.250000 -31.531250
-13.250000 -31.531250
-13.250000 -31.531250
-13.250000 -31.531250
-13.250000 -31.531250
-13.250000 -31.531250
-13.250000 -31.531250
-13.250000 -31.531250
-13.250000 -31.531250
-13.250000 -31.531250
-13.250000 -31.531250
-13.250000 -31.531250
-13.250000 -31.531250
-13.250000 -31.531250
-13.250000 -31.531250
-13.250000 -31.531250
-13.250000 -31.531250
-13.250000 -31.531250
-13.250000 -31.531250
-13.250000 -31.531250
-13.250000 -31.531250
-13.250000 -31.531250
-13.250000 -31.531250
-13.250000 -31.531250
-13.250000 -31.531250
-13.250000 -31.531250
-13.250000 -31.531250
-13.250000 -31.531250
-13.250000 -31.531250
-13.250000 -31.531250
-13.250000 -31.531250
-13.250000 -31.531250
-13.250000 -31.531250
-13.250000 -31.531250
-13.250000 -31.531250
-13.250000 -31.531250
-13.250000 -31.531250
-13.250000 -31.531250
-13.250000 -31.531250
-13.250000 -31.531250
-13.250000 -31.531250
-13.250000 -31.531250
-13.250000 -31.531250
-13.250000 -31.531250
-13.250000 -31.531250
-13.250000 -31.531250
-13.250000 -31.531250
-13.250000 -31.531250
-13.250000 -31.531250
-13.250000 -31.531250
-13.250000 -31.531250
-13.250000 -31.531250
-13.250000 -31.531250
