40.000000 176.000000 0 0 0
66.687500 161.468750 31 -5
68.750000 156.937500 33 -5
70.937500 152.562500 35 -5
73.187500 148.343750 36 -5
75.562500 144.281250 38 -4
78.062500 140.375000 40 -4
80.562500 136.625000 40 -4
83.062500 133.031250 40 -4
85.562500 129.593750 40 -4
88.062500 126.312500 40 -4
90.562500 123.187500 40 -3
93.062500 120.218750 40 -3
95.562500 117.406250 40 -3
98.062500 114.750000 40 -3
100.562500 112.250000 40 -3
103.062500 109.906250 40 -3
105.562500 107.718750 40 -3
108.062500 105.687500 40 -2
110.562500 103.812500 40 -2
113.062500 102.093750 40 -2
115.562500 100.531250 40 -2
118.062500 99.125000 40 -2
120.562500 97.875000 40 -2
123.062500 96.781250 40 -1
125.562500 95.843750 40 -1
128.062500 95.062500 40 -1
130.562500 94.437500 40 -1
133.062500 93.968750 40 -1
135.562500 93.656250 40 -1
138.062500 93.500000 40 0
140.562500 93.500000 40 0
143.062500 94.062500 40 1
145.562500 95.187500 40 1
148.062500 96.875000 40 2
150.562500 99.125000 40 2
153.062500 101.937500 40 3
155.562500 105.312500 40 3
158.062500 109.250000 40 4
160.562500 113.250000 40 4
163.062500 117.250000 40 4
165.562500 121.250000 40 4
168.062500 125.250000 40 4
170.562500 129.250000 40 4
173.062500 133.250000 40 4
175.562500 137.250000 40 4
178.062500 141.250000 40 4
180.562500 145.250000 40 4
183.062500 149.250000 40 4
185.562500 153.250000 40 4
188.062500 157.250000 40 4
190.562500 161.250000 40 4
193.062500 165.250000 40 4
195.562500 169.250000 40 4
198.062500 173.250000 40 4
200.562500 176.250000 40 0
203.062500 176.250000 40 0
205.562500 171.000000 40 -5
208.062500 166.156250 40 -5
210.562500 161.468750 40 -5
213.062500 156.937500 40 -5
215.562500 152.562500 40 -5
218.062500 148.343750 40 -5
220.562500 144.281250 40 -4
223.062500 140.375000 40 -4
225.562500 136.625000 40 -4
228.062500 133.031250 40 -4
230.562500 129.593750 40 -4
233.062500 126.312500 40 -4
235.562500 123.187500 40 -3
238.062500 120.625000 40 -2
240.562500 118.625000 40 -2
243.062500 117.187500 40 -1
245.562500 116.312500 40 -1
248.062500 116.000000 40 0
250.562500 116.250000 40 0
253.062500 117.062500 40 1
255.562500 118.437500 40 1
258.062500 120.375000 40 2
260.562500 122.875000 40 3
263.062500 125.937500 40 3
265.562500 129.562500 40 4
268.062500 133.750000 40 4
270.562500 137.750000 40 4
273.062500 141.750000 40 4
275.562500 145.750000 40 4
278.062500 149.750000 40 4
280.562500 153.750000 40 4
283.062500 157.750000 40 4
285.562500 161.750000 40 4
288.062500 165.750000 40 4
290.562500 169.750000 40 4
293.062500 173.750000 40 4
295.562500 176.750000 40 0
298.062500 176.750000 40 0
300.562500 171.000000 40 -5
303.062500 166.156250 40 -5
305.562500 161.468750 40 -5
308.062500 156.937500 40 -5
310.562500 152.562500 40 -5
313.062500 148.343750 40 -5
315.562500 144.281250 40 -4
318.062500 140.781250 40 -3
320.562500 137.843750 40 -3
323.062500 135.468750 40 -2
325.562500 133.656250 40 -2
328.062500 132.406250 40 -1
330.562500 131.718750 40 -1
333.062500 128.593750 40 0
335.562500 123.000000 40 -5
338.062500 118.156250 40 -5
340.562500 113.468750 40 -5
343.062500 108.937500 40 -5
345.562500 104.562500 40 -5
348.062500 100.343750 40 -5
350.562500 96.281250 40 -4
353.062500 92.375000 40 -4
355.562500 88.625000 40 -4
358.062500 85.031250 40 -4
360.562500 81.593750 40 -4
363.062500 78.312500 40 -4
365.562500 75.187500 40 -3
368.062500 72.218750 40 -3
370.562500 69.406250 40 -3
373.062500 66.750000 40 -3
375.562500 64.250000 40 -3
378.062500 61.906250 40 -3
380.562500 59.718750 40 -3
383.062500 57.687500 40 -2
385.562500 55.812500 40 -2
388.062500 54.093750 40 -2
390.562500 52.937500 40 -1
393.062500 52.343750 40 -1
395.562500 48.312500 40 0
398.062500 48.312500 40 0
400.562500 43.000000 40 -5
403.062500 38.156250 40 -5
405.562500 33.468750 40 -5
408.062500 29.343750 40 -4
410.562500 25.781250 40 -3
413.062500 22.781250 40 -3
415.562500 20.343750 40 -2
418.062500 18.468750 40 -2
420.562500 17.156250 40 -1
423.062500 16.406250 40 -1
425.562500 16.218750 40 0
428.062500 16.593750 40 0
430.562500 17.531250 40 1
433.062500 19.031250 40 2
435.562500 21.093750 40 2
438.062500 23.718750 40 3
440.562500 26.906250 40 3
443.062500 30.656250 40 4
445.562500 34.968750 40 4
448.062500 38.968750 40 -3
450.562500 35.968750 40 -3
453.062500 33.531250 40 -2
455.562500 31.656250 40 -2
458.062500 30.343750 40 -1
460.562500 29.593750 40 -1
463.062500 29.406250 40 0
465.562500 29.781250 40 0
468.062500 30.718750 40 1
470.562500 32.218750 40 2
473.062500 34.281250 40 2
475.562500 36.906250 40 3
478.062500 40.093750 40 3
480.562500 43.843750 40 4
483.062500 48.156250 40 4
485.562500 52.156250 40 4
488.062500 56.156250 40 4
490.562500 60.156250 40 4
493.062500 64.156250 40 4
495.562500 68.156250 40 4
498.062500 72.156250 40 4
500.562500 76.156250 40 4
503.062500 80.156250 40 4
505.562500 84.156250 40 4
508.062500 88.156250 40 4
510.562500 92.156250 40 4
513.062500 96.156250 40 4
515.562500 100.156250 40 4
518.062500 104.156250 40 4
520.562500 108.156250 40 4
523.062500 112.156250 40 4
525.562500 116.156250 40 4
528.062500 120.156250 40 4
530.562500 124.156250 40 4
533.062500 128.156250 40 4
535.562500 132.156250 40 4
538.062500 136.156250 40 4
540.562500 140.156250 40 4
543.062500 144.156250 40 4
545.562500 148.156250 40 4
548.062500 152.156250 40 4
550.562500 156.156250 40 4
553.062500 160.156250 40 4
555.562500 164.156250 40 4
558.062500 168.156250 40 4
560.562500 172.156250 40 4
563.062500 176.156250 40 0
565.562500 171.000000 40 -5
568.062500 166.156250 40 -5
570.562500 161.875000 40 -4
573.062500 158.156250 40 -4
575.562500 155.000000 40 -3
578.062500 152.406250 40 -3
580.562500 150.375000 40 -2
583.062500 148.906250 40 -1
585.562500 148.000000 40 -1
588.062500 147.656250 40 0
590.562500 147.875000 40 0
593.062500 148.656250 40 1
595.562500 150.000000 40 1
598.062500 151.906250 40 2
600.562500 154.375000 40 3
603.062500 157.406250 40 3
605.562500 161.000000 40 4
608.062500 165.156250 40 4
610.562500 169.156250 40 4
613.062500 173.156250 40 4
615.562500 176.156250 40 0
618.062500 176.156250 40 0
620.562500 171.000000 40 -5
623.062500 166.156250 40 -5
625.562500 161.468750 40 -5
628.062500 156.937500 40 -5
630.562500 152.562500 40 -5
633.062500 148.343750 40 -5
635.562500 144.281250 40 -4
638.062500 140.375000 40 -4
640.562500 136.625000 40 -4
643.062500 133.031250 40 -4
645.562500 129.593750 40 -4
648.062500 126.312500 40 -4
650.562500 123.187500 40 -3
653.062500 120.218750 40 -3
655.562500 117.406250 40 -3
658.062500 114.750000 40 -3
660.562500 112.656250 40 -2
663.062500 111.125000 40 -1
665.562500 110.156250 40 -1
668.062500 109.750000 40 0
670.562500 109.906250 40 0
673.062500 110.625000 40 1
675.562500 111.906250 40 1
678.062500 113.750000 40 2
680.562500 116.156250 40 2
683.062500 119.125000 40 3
685.562500 122.656250 40 4
688.062500 126.750000 40 4
690.562500 130.750000 40 4
693.062500 134.750000 40 4
695.562500 138.750000 40 4
698.062500 142.750000 40 4
700.562500 146.750000 40 4
703.062500 150.750000 40 4
705.562500 154.750000 40 4
708.062500 158.750000 40 4
710.562500 162.750000 40 4
713.062500 166.750000 40 4
715.562500 170.750000 40 4
718.062500 174.750000 40 4
720.562500 176.750000 40 0
723.062500 171.000000 40 -5
725.562500 166.156250 40 -5
728.062500 161.468750 40 -5
730.562500 156.937500 40 -5
733.062500 152.562500 40 -5
735.562500 148.343750 40 -5
738.062500 144.281250 40 -4
740.562500 140.375000 40 -4
743.062500 136.625000 40 -4
745.562500 133.031250 40 -4
748.062500 129.593750 40 -4
750.562500 126.312500 40 -4
753.062500 123.187500 40 -3
755.562500 120.218750 40 -3
758.062500 117.406250 40 -3
760.562500 114.750000 40 -3
763.062500 112.250000 40 -3
765.562500 109.906250 40 -3
768.062500 107.718750 40 -3
770.562500 105.687500 40 -2
773.062500 103.812500 40 -2
775.562500 102.093750 40 -2
778.062500 100.531250 40 -2
780.562500 99.125000 40 -2
783.062500 97.875000 40 -2
785.562500 96.781250 40 -1
788.062500 95.843750 40 -1
790.562500 95.062500 40 -1
793.062500 94.437500 40 -1
795.562500 93.968750 40 -1
798.062500 93.656250 40 -1
800.562500 93.500000 40 0
803.062500 93.500000 40 0
805.562500 94.062500 40 1
808.062500 95.187500 40 1
810.562500 96.875000 40 2
813.062500 99.125000 40 2
815.562500 101.937500 40 3
818.062500 105.312500 40 3
820.562500 109.250000 40 4
823.062500 113.250000 40 4
825.562500 117.250000 40 4
828.062500 121.250000 40 4
830.562500 125.250000 40 4
833.062500 129.250000 40 4
835.562500 133.250000 40 4
838.062500 137.250000 40 4
840.562500 141.250000 40 4
843.062500 145.250000 40 4
845.562500 149.250000 40 4
848.062500 153.250000 40 4
850.562500 157.250000 40 4
853.062500 161.250000 40 4
855.562500 165.250000 40 4
858.062500 169.250000 40 4
860.562500 173.250000 40 4
863.062500 176.250000 40 0
865.562500 176.250000 40 0
868.062500 176.250000 40 0
870.562500 176.250000 40 0
873.062500 176.250000 40 0
875.562500 176.250000 40 0
878.062500 176.250000 40 0
880.562500 176.250000 40 0
883.062500 176.250000 40 0
885.562500 176.250000 40 0
888.062500 176.250000 40 0
890.562500 176.250000 40 0
893.062500 176.250000 40 0
895.562500 176.250000 40 0
898.062500 176.250000 40 0
900.562500 176.250000 40 0
903.062500 176.250000 40 0
905.562500 176.250000 40 0
908.062500 176.250000 40 0
910.562500 176.250000 40 0
913.062500 176.250000 40 0
915.562500 176.250000 40 0
918.062500 176.250000 40 0
920.562500 171.000000 40 -5
923.062500 166.156250 40 -5
925.562500 161.468750 40 -5
928.062500 156.937500 40 -5
930.562500 152.562500 40 -5
933.062500 148.343750 40 -5
935.562500 144.281250 40 -4
938.062500 140.375000 40 -4
940.562500 136.625000 40 -4
943.062500 133.031250 40 -4
945.562500 129.593750 40 -4
948.062500 126.312500 40 -4
950.562500 123.187500 40 -3
953.062500 120.218750 40 -3
955.562500 117.406250 40 -3
958.062500 114.750000 40 -3
960.562500 112.250000 40 -3
963.062500 109.906250 40 -3
965.562500 107.718750 40 -3
968.062500 105.687500 40 -2
970.562500 103.812500 40 -2
973.062500 102.093750 40 -2
975.562500 100.531250 40 -2
978.062500 99.125000 40 -2
980.562500 97.875000 40 -2
983.062500 96.781250 40 -1
985.562500 95.843750 40 -1
988.062500 95.062500 40 -1
990.562500 94.437500 40 -1
993.062500 94.375000 40 0
995.562500 94.875000 40 1
998.062500 95.937500 40 1
1000.562500 97.562500 40 2
1003.062500 99.750000 40 2
1005.562500 102.500000 40 3
1008.062500 105.812500 40 3
1010.562500 109.687500 40 4
1013.062500 112.125000 40 0
1015.562500 112.125000 40 0
1018.062500 112.125000 40 0
1020.562500 112.125000 40 0
1023.062500 112.125000 40 0
1025.562500 112.125000 40 0
1028.062500 107.000000 40 -5
1030.562500 102.156250 40 -5
1033.062500 97.468750 40 -5
1035.562500 92.937500 40 -5
1038.062500 88.562500 40 -5
1040.562500 84.343750 40 -4
1043.062500 80.687500 40 -4
1045.562500 77.593750 40 -3
1048.062500 75.062500 40 0
1050.562500 75.093750 40 0
1053.062500 75.687500 40 1
1055.562500 76.843750 40 1
1058.062500 78.562500 40 2
1060.562500 80.843750 40 2
1063.062500 83.687500 40 3
1065.562500 87.093750 40 3
1068.062500 91.062500 40 4
1070.562500 95.062500 40 4
1073.062500 99.062500 40 4
1075.562500 103.062500 40 4
1078.062500 107.062500 40 4
1080.562500 111.062500 40 4
1083.062500 115.062500 40 4
1085.562500 119.062500 40 4
1088.062500 123.062500 40 4
1090.562500 127.062500 40 4
1093.062500 131.062500 40 4
1095.562500 135.062500 40 4
1098.062500 139.062500 40 4
1100.562500 143.062500 40 4
1103.062500 147.062500 40 4
1105.562500 151.062500 40 4
1108.062500 155.062500 40 4
1110.562500 159.062500 40 4
1113.062500 163.062500 40 4
1115.562500 167.062500 40 4
1118.062500 171.062500 40 4
1120.562500 175.062500 40 4
1123.062500 176.062500 40 0
1125.562500 171.000000 40 -5
1128.062500 166.156250 40 -5
1130.562500 161.468750 40 -5
1133.062500 156.937500 40 -5
1135.562500 152.562500 40 -5
1138.062500 148.343750 40 -5
1140.562500 144.281250 40 -4
1143.062500 140.375000 40 -4
1145.562500 136.625000 40 -4
1148.062500 133.031250 40 -4
1150.562500 129.593750 40 -4
1153.062500 126.312500 40 -4
1155.562500 123.187500 40 -3
1158.062500 120.218750 40 -3
1160.562500 117.406250 40 -3
1163.062500 114.750000 40 -3
1165.562500 112.250000 40 -3
1168.062500 109.906250 40 -3
1170.562500 107.718750 40 -3
1173.062500 105.687500 40 -2
1175.562500 103.812500 40 -2
1178.062500 102.093750 40 -2
1180.562500 100.937500 40 -1
1183.062500 100.343750 40 -1
1185.562500 100.312500 40 0
1188.062500 100.843750 40 1
1190.562500 101.937500 40 1
1193.062500 103.593750 40 2
1195.562500 105.812500 40 2
1198.062500 108.593750 40 3
1200.562500 111.937500 40 3
1203.062500 115.843750 40 4
1205.562500 120.312500 40 5
1208.062500 125.343750 40 4
1210.562500 129.343750 40 4
1213.062500 133.343750 40 4
1215.562500 137.343750 40 4
1218.062500 141.343750 40 4
1220.562500 145.343750 40 4
1223.062500 149.343750 40 4
1225.562500 153.343750 40 4
1228.062500 157.343750 40 4
1230.562500 161.343750 40 4
1233.062500 165.343750 40 4
1235.562500 169.343750 40 4
1238.062500 173.343750 40 4
1240.562500 176.343750 40 0
1243.062500 176.343750 40 0
1245.562500 171.000000 40 -5
1248.062500 166.156250 40 -5
1250.562500 161.468750 40 -5
1253.062500 157.343750 40 -4
1255.562500 153.781250 40 -3
1258.062500 150.781250 40 -3
1260.562500 148.343750 40 -2
1263.062500 146.468750 40 -2
1265.562500 145.156250 40 -1
1268.062500 144.406250 40 -1
1270.562500 144.218750 40 0
1273.062500 144.593750 40 0
1275.562500 145.531250 40 1
1278.062500 147.031250 40 2
1280.562500 149.093750 40 2
1283.062500 151.718750 40 3
1285.562500 154.906250 40 3
1288.062500 158.656250 40 4
1290.562500 162.968750 40 4
1293.062500 166.968750 40 4
1295.562500 170.968750 40 4
1298.062500 174.968750 40 4
1300.562500 176.968750 40 0
1303.062500 176.968750 40 0
1305.562500 171.000000 40 -5
1308.062500 166.156250 40 -5
1310.562500 161.468750 40 -5
1313.062500 156.937500 40 -5
1315.562500 152.562500 40 -5
1318.062500 148.343750 40 -5
1320.562500 144.281250 40 -4
1323.062500 140.375000 40 -4
1325.562500 136.625000 40 -4
1328.062500 133.031250 40 -4
1330.562500 129.593750 40 -3
1333.062500 126.718750 40 -3
1335.562500 124.406250 40 -2
1338.062500 122.656250 40 -2
1340.562500 121.468750 40 -1
1343.062500 120.843750 40 -1
1345.562500 120.781250 40 0
1348.062500 121.281250 40 1
1350.562500 122.343750 40 1
1353.062500 123.968750 40 2
1355.562500 126.156250 40 2
1358.062500 128.906250 40 3
1360.562500 132.218750 40 3
1363.062500 136.093750 40 4
1365.562500 140.531250 40 5
1368.062500 145.531250 40 4
1370.562500 149.531250 40 4
1373.062500 153.531250 40 4
1375.562500 157.531250 40 4
1378.062500 161.531250 40 4
1380.562500 165.531250 40 4
1383.062500 169.531250 40 4
1385.562500 173.531250 40 4
1388.062500 176.531250 40 0
1390.562500 176.531250 40 0
1393.062500 171.000000 40 -5
1395.562500 166.156250 40 -5
1398.062500 161.468750 40 -5
1400.562500 156.937500 40 -5
1403.062500 152.562500 40 -5
1405.562500 148.343750 40 -5
1408.062500 144.281250 40 -4
1410.562500 140.375000 40 -4
1413.062500 136.625000 40 -4
1415.562500 133.031250 40 -4
1418.062500 129.593750 40 -4
1420.562500 126.312500 40 -4
1423.062500 123.187500 40 -3
1425.562500 120.625000 40 -2
1428.062500 118.625000 40 -2
1430.562500 117.187500 40 -1
1433.062500 116.312500 40 -1
1435.562500 112.000000 40 0
1438.062500 112.000000 40 0
1440.562500 107.000000 40 -5
1443.062500 102.156250 40 -5
1445.562500 97.468750 40 -5
1448.062500 92.937500 40 -5
1450.562500 88.562500 40 -4
1453.062500 84.750000 40 -4
1455.562500 81.500000 40 -3
1458.062500 78.812500 40 -3
1460.562500 76.687500 40 -2
1463.062500 75.125000 40 -1
1465.562500 74.125000 40 0
1468.062500 74.687500 40 1
1470.562500 75.812500 40 1
1473.062500 77.500000 40 2
1475.562500 79.750000 40 2
1478.062500 82.562500 40 3
1480.562500 85.937500 40 3
1483.062500 89.875000 40 4
1485.562500 93.875000 40 4
1488.062500 97.875000 40 4
1490.562500 101.875000 40 4
1493.062500 105.875000 40 4
1495.562500 109.875000 40 4
1498.062500 112.875000 40 0
1500.562500 112.875000 40 0
1503.062500 112.875000 40 0
1505.562500 112.875000 40 0
1508.062500 113.437500 40 1
1510.562500 114.562500 40 1
1513.062500 116.250000 40 2
1515.562500 118.500000 40 2
1518.062500 121.312500 40 3
1520.562500 124.687500 40 3
1523.062500 128.625000 40 4
1525.562500 132.625000 40 4
1528.062500 136.625000 40 4
1530.562500 140.625000 40 4
1533.062500 144.625000 40 4
1535.562500 148.625000 40 4
1538.062500 152.625000 40 4
1540.562500 156.625000 40 4
1543.062500 160.625000 40 4
1545.562500 164.625000 40 4
1548.062500 168.625000 40 4
1550.562500 172.625000 40 4
1553.062500 176.625000 40 0
1555.562500 171.000000 40 -5
1558.062500 166.156250 40 -5
1560.562500 161.468750 40 -5
1563.062500 156.937500 40 -5
1565.562500 152.562500 40 -5
1568.062500 148.343750 40 -5
1570.562500 144.281250 40 -4
1573.062500 140.375000 40 -4
1575.562500 136.625000 40 -4
1578.062500 133.031250 40 -4
1580.562500 129.593750 40 -4
1583.062500 126.312500 40 -4
1585.562500 123.187500 40 -3
1588.062500 120.218750 40 -3
1590.562500 117.406250 40 -3
1593.062500 114.750000 40 -3
1595.562500 112.250000 40 -3
1598.062500 109.906250 40 -3
1600.562500 107.718750 40 -3
1603.062500 105.687500 40 -2
1605.562500 103.812500 40 -2
1608.062500 102.093750 40 -2
1610.562500 100.531250 40 -2
1613.062500 99.125000 40 -2
1615.562500 97.875000 40 -2
1618.062500 96.781250 40 -1
1620.562500 95.843750 40 -1
1623.062500 95.062500 40 -1
1625.562500 94.437500 40 -1
1628.062500 94.375000 40 0
1630.562500 94.875000 40 1
1633.062500 95.937500 40 1
1635.562500 97.562500 40 2
1638.062500 99.750000 40 2
1640.562500 102.500000 40 3
1643.062500 105.812500 40 3
1645.562500 109.687500 40 4
1648.062500 114.125000 40 5
1650.562500 119.125000 40 4
1653.062500 123.125000 40 4
1655.562500 127.125000 40 4
1658.062500 128.125000 40 0
1660.562500 123.000000 40 -5
1663.062500 118.156250 40 -5
1665.562500 113.468750 40 -5
1668.062500 108.937500 40 -5
1670.562500 104.562500 40 -5
1673.062500 100.343750 40 -5
1675.562500 96.281250 40 -4
1678.062500 92.375000 40 -4
1680.562500 88.625000 40 -4
1683.062500 85.031250 40 -4
1685.562500 81.593750 40 -3
1688.062500 78.718750 40 -3
1690.562500 76.406250 40 -2
1693.062500 74.656250 40 -2
1695.562500 73.468750 40 -1
1698.062500 72.843750 40 -1
1700.562500 72.781250 40 0
1703.062500 73.281250 40 1
1705.562500 74.343750 40 1
1708.062500 75.968750 40 2
1710.562500 78.156250 40 2
1713.062500 80.906250 40 3
1715.562500 84.218750 40 3
1718.062500 88.093750 40 4
1720.562500 92.531250 40 5
1723.062500 97.531250 40 4
1725.562500 101.531250 40 4
1728.062500 105.531250 40 4
1730.562500 109.531250 40 4
1733.062500 113.531250 40 4
1735.562500 117.531250 40 4
1738.062500 121.531250 40 4
1740.562500 125.531250 40 4
1743.062500 129.531250 40 4
1745.562500 133.531250 40 4
1748.062500 137.531250 40 4
1750.562500 141.531250 40 4
1753.062500 145.531250 40 4
1755.562500 149.531250 40 4
1758.062500 153.531250 40 4
1760.562500 157.531250 40 4
1763.062500 161.531250 40 4
1765.562500 165.531250 40 4
1768.062500 169.531250 40 4
1770.562500 173.531250 40 4
1773.062500 176.531250 40 0
1775.562500 176.531250 40 0
1778.062500 176.531250 40 0
1780.562500 176.531250 40 0
1783.062500 176.531250 40 0
1785.562500 176.531250 40 0
1788.062500 176.531250 40 0
1790.562500 176.531250 40 0
1793.062500 176.531250 40 0
1795.562500 176.531250 40 0
1798.062500 171.000000 40 -5
1800.562500 166.156250 40 -5
1803.062500 161.468750 40 -5
1805.562500 156.937500 40 -5
1808.062500 152.562500 40 -5
1810.562500 148.343750 40 -5
1813.062500 144.281250 40 -4
1815.562500 140.375000 40 -4
1818.062500 136.625000 40 -4
1820.562500 133.031250 40 -4
1823.062500 129.593750 40 -4
1825.562500 126.312500 40 -4
1828.062500 123.187500 40 -3
1830.562500 120.218750 40 -3
1833.062500 117.406250 40 -3
1835.562500 114.750000 40 -3
1838.062500 112.250000 40 -3
1840.562500 109.906250 40 -3
1843.062500 107.718750 40 -3
1845.562500 105.687500 40 -2
1848.062500 103.812500 40 -2
1850.562500 102.093750 40 -2
1853.062500 100.531250 40 -2
1855.562500 99.125000 40 -2
1858.062500 97.875000 40 -2
1860.562500 96.781250 40 -1
1863.062500 96.250000 40 0
1865.562500 96.281250 40 0
1868.062500 96.875000 40 1
1870.562500 98.031250 40 1
1873.062500 99.750000 40 2
1875.562500 102.031250 40 2
1878.062500 104.875000 40 3
1880.562500 108.281250 40 3
1883.062500 112.250000 40 0
1885.562500 107.000000 40 -5
1888.062500 102.156250 40 -5
1890.562500 97.468750 40 -5
1893.062500 92.937500 40 -5
1895.562500 88.562500 40 -5
1898.062500 84.343750 40 -5
1900.562500 80.281250 40 -4
1903.062500 76.375000 40 -4
1905.562500 73.031250 40 -3
1908.062500 70.250000 40 -3
1910.562500 68.031250 40 -2
1913.062500 66.375000 40 -2
1915.562500 65.281250 40 -1
1918.062500 64.750000 40 0
1920.562500 64.781250 40 0
1923.062500 65.375000 40 1
1925.562500 66.531250 40 1
1928.062500 68.250000 40 2
1930.562500 70.531250 40 2
1933.062500 73.375000 40 3
1935.562500 76.781250 40 3
1938.062500 80.750000 40 4
1940.562500 84.750000 40 4
1943.062500 88.750000 40 4
1945.562500 92.750000 40 4
1948.062500 96.750000 40 4
1950.562500 100.750000 40 4
1953.062500 104.750000 40 4
1955.562500 108.750000 40 4
1958.062500 112.750000 40 4
1960.562500 116.750000 40 4
1963.062500 120.750000 40 4
1965.562500 124.750000 40 4
1968.062500 128.750000 40 4
1970.562500 132.750000 40 4
1973.062500 136.750000 40 4
1975.562500 140.750000 40 4
1978.062500 144.750000 40 4
1980.562500 148.750000 40 4
1983.062500 152.750000 40 4
1985.562500 156.750000 40 4
1988.062500 160.750000 40 4
1990.562500 164.750000 40 4
1993.062500 168.750000 40 4
1995.562500 172.750000 40 4
1998.062500 176.750000 40 0
2000.562500 176.750000 40 0
2003.062500 171.000000 40 -5
2005.562500 166.156250 40 -5
2008.062500 161.875000 40 -4
2010.562500 158.156250 40 -4
2013.062500 155.000000 40 -3
2015.562500 152.406250 40 -3
2018.062500 150.375000 40 -2
2020.562500 148.906250 40 -1
2023.062500 148.000000 40 -1
2025.562500 147.656250 40 0
2028.062500 147.875000 40 0
2030.562500 148.656250 40 1
2033.062500 150.000000 40 1
2035.562500 151.906250 40 2
2038.062500 154.375000 40 3
2040.562500 157.406250 40 3
2043.062500 161.000000 40 4
2045.562500 165.156250 40 4
2048.062500 169.156250 40 4
2050.562500 173.156250 40 4
2053.062500 176.156250 40 0
2055.562500 171.000000 40 -5
2058.062500 166.156250 40 -5
2060.562500 161.468750 40 -5
2063.062500 156.937500 40 -5
2065.562500 152.562500 40 -5
2068.062500 148.343750 40 -5
2070.562500 144.281250 40 -4
2073.062500 140.375000 40 -4
2075.562500 136.625000 40 -4
2078.062500 133.031250 40 -4
2080.562500 129.593750 40 -4
2083.062500 126.312500 40 -4
2085.562500 123.187500 40 -3
2088.062500 120.218750 40 -3
2090.562500 117.406250 40 -3
2093.062500 114.750000 40 -3
2095.562500 112.250000 40 -3
2098.062500 109.906250 40 -3
2100.562500 107.718750 40 -3
2103.062500 105.687500 40 -2
2105.562500 103.812500 40 -2
2108.062500 102.093750 40 -2
2110.562500 100.531250 40 -2
2113.062500 99.125000 40 -2
2115.562500 97.875000 40 -1
2118.062500 97.187500 40 -1
2120.562500 97.062500 40 0
2123.062500 97.500000 40 1
2125.562500 98.500000 40 1
2128.062500 100.062500 40 2
2130.562500 102.187500 40 2
2133.062500 104.875000 40 3
2135.562500 108.125000 40 3
2138.062500 111.937500 40 4
2140.562500 112.312500 40 0
2143.062500 107.000000 40 -5
2145.562500 102.156250 40 -5
2148.062500 97.468750 40 -5
2150.562500 92.937500 40 -5
2153.062500 88.562500 40 -5
2155.562500 84.343750 40 -5
2158.062500 80.281250 40 -4
2160.562500 76.781250 40 -3
2163.062500 73.843750 40 -3
2165.562500 71.468750 40 -2
2168.062500 69.656250 40 -2
2170.562500 68.406250 40 -1
2173.062500 67.718750 40 -1
2175.562500 67.593750 40 0
2178.062500 68.031250 40 1
2180.562500 69.031250 40 1
2183.062500 70.593750 40 2
2185.562500 72.718750 40 2
2188.062500 75.406250 40 3
2190.562500 78.656250 40 3
2193.062500 82.468750 40 4
2195.562500 86.843750 40 4
2198.062500 90.843750 40 4
2200.562500 94.843750 40 4
2203.062500 98.843750 40 4
2205.562500 102.843750 40 4
2208.062500 106.843750 40 4
2210.562500 110.843750 40 4
2213.062500 114.843750 40 4
2215.562500 118.843750 40 4
2218.062500 122.843750 40 4
2220.562500 126.843750 40 4
2223.062500 130.843750 40 4
2225.562500 134.843750 40 4
2228.062500 138.843750 40 4
2230.562500 142.843750 40 4
2233.062500 146.843750 40 4
2235.562500 150.843750 40 4
2238.062500 154.843750 40 4
2240.562500 158.843750 40 4
2243.062500 162.843750 40 4
2245.562500 166.843750 40 4
2248.062500 170.843750 40 4
2250.562500 174.843750 40 4
2253.062500 176.843750 40 0
2255.562500 176.843750 40 0
2258.062500 176.843750 40 0
2260.562500 176.843750 40 0
2263.062500 176.843750 40 0
2265.562500 176.843750 40 0
2268.062500 176.843750 40 0
2270.562500 176.843750 40 0
2273.062500 171.000000 40 -5
2275.562500 166.156250 40 -5
2278.062500 161.875000 40 -4
2280.562500 158.156250 40 -4
2283.062500 155.000000 40 -3
2285.562500 152.406250 40 -3
2288.062500 150.375000 40 -2
2290.562500 148.906250 40 -1
2293.062500 148.000000 40 -1
2295.562500 147.656250 40 0
2298.062500 147.875000 40 0
2300.562500 148.656250 40 1
2303.062500 150.000000 40 1
2305.562500 151.906250 40 2
2308.062500 154.375000 40 3
2310.562500 157.406250 40 3
2313.062500 161.000000 40 4
2315.562500 165.156250 40 4
2318.062500 169.156250 40 4
2320.562500 173.156250 40 4
2323.062500 176.156250 40 0
2325.562500 176.156250 40 0
2328.062500 176.156250 40 0
2330.562500 176.156250 40 0
2333.062500 176.156250 40 0
2335.562500 176.156250 40 0
2338.062500 176.156250 40 0
2340.562500 176.156250 40 0
2343.062500 176.156250 40 0
2345.562500 176.156250 40 0
2348.062500 176.156250 40 0
2350.562500 176.156250 40 0
2353.062500 176.156250 40 0
2355.500000 176.156250 39 0
2358.000000 171.000000 40 -5
2360.500000 166.156250 40 -5
2363.000000 161.468750 40 -5
2365.500000 156.937500 40 -5
2368.000000 152.562500 40 -5
2370.500000 148.343750 40 -4
2373.000000 144.687500 40 -4
2375.500000 141.593750 40 0
2378.000000 142.062500 40 1
2380.500000 143.093750 40 1
2383.000000 144.687500 40 2
2385.500000 146.843750 40 2
2388.000000 149.562500 40 3
2390.500000 152.843750 40 3
2393.000000 156.687500 40 4
2395.500000 161.093750 40 4
2398.000000 165.093750 40 4
2400.500000 169.093750 40 4
2403.000000 173.093750 40 4
2405.500000 176.093750 40 0
2408.000000 176.093750 40 0
2410.500000 171.000000 40 -5
2413.000000 166.156250 40 -5
2415.500000 161.468750 40 -5
2418.000000 156.937500 40 -4
2420.500000 152.968750 40 -4
2423.000000 149.562500 40 -3
2425.500000 146.718750 40 -3
2428.000000 144.437500 40 -2
2430.500000 142.718750 40 -2
2433.000000 141.562500 40 0
2435.500000 141.968750 40 0
2438.000000 142.937500 40 1
2440.500000 144.468750 40 2
2443.000000 146.562500 40 2
2445.500000 149.218750 40 3
2448.000000 152.437500 40 3
2450.500000 156.218750 40 4
2453.000000 160.562500 40 4
2455.500000 164.562500 40 4
2458.000000 168.562500 40 4
2460.500000 172.562500 40 4
2463.000000 176.562500 40 0
2465.500000 171.000000 40 -5
2468.000000 166.156250 40 -5
2470.500000 161.875000 40 -4
2473.000000 158.156250 40 -4
2475.500000 155.000000 40 -3
2478.000000 152.406250 40 -3
2480.500000 150.375000 40 -2
2483.000000 148.906250 40 -1
2485.500000 148.000000 40 -1
2488.000000 147.656250 40 0
2490.500000 147.875000 40 0
2493.000000 148.656250 40 1
2495.500000 150.000000 40 1
2498.000000 151.906250 40 2
2500.500000 154.375000 40 3
2503.000000 157.406250 40 3
2505.500000 161.000000 40 4
2508.000000 165.156250 40 4
2510.500000 169.156250 40 4
2513.000000 173.156250 40 4
2515.500000 176.156250 40 0
2518.000000 176.156250 40 0
2520.500000 176.156250 40 0
2523.000000 176.156250 40 0
2525.500000 176.156250 40 0
2528.000000 176.156250 40 0
2530.500000 176.156250 40 0
2533.000000 176.156250 40 0
2535.500000 176.156250 40 0
2538.000000 176.156250 40 0
2540.500000 176.156250 40 0
2543.000000 176.156250 40 0
2545.500000 176.156250 40 0
2548.000000 176.156250 40 0
2550.500000 176.156250 40 0
2553.000000 176.156250 40 0
2555.500000 176.156250 40 0
2558.000000 176.156250 40 0
2560.500000 176.156250 40 0
2563.000000 176.156250 40 0
2565.500000 176.156250 40 0
2568.000000 176.156250 40 0
2570.500000 176.156250 40 0
2573.000000 176.156250 40 0
2575.500000 171.000000 40 -5
2578.000000 166.156250 40 -5
2580.500000 161.875000 40 -4
2583.000000 158.156250 40 -4
2585.500000 155.000000 40 -3
2588.000000 152.406250 40 -3
2590.500000 150.375000 40 -2
2593.000000 148.906250 40 -1
2595.500000 148.000000 40 -1
2598.000000 144.656250 40 0
2600.500000 144.656250 40 0
2603.000000 139.000000 40 -5
2605.500000 134.156250 40 -5
2608.000000 129.468750 40 -5
2610.500000 124.937500 40 -5
2613.000000 120.562500 40 -5
2615.500000 116.343750 40 -5
2618.000000 112.281250 40 -4
2620.500000 108.375000 40 -4
2623.000000 104.625000 40 -4
2625.500000 101.031250 40 -4
2628.000000 97.593750 40 -4
2630.500000 94.312500 40 -4
2633.000000 91.187500 40 -3
2635.500000 88.218750 40 -3
2638.000000 85.406250 40 -3
2640.500000 82.750000 40 -3
2643.000000 80.250000 40 -3
2645.500000 77.906250 40 -3
2648.000000 75.718750 40 -3
2650.500000 73.687500 40 -2
2653.000000 71.812500 40 -2
2655.500000 70.093750 40 -2
2658.000000 68.531250 40 -2
2660.500000 67.125000 40 -2
2663.000000 65.875000 40 -2
2665.500000 64.781250 40 -1
2668.000000 63.843750 40 -1
2670.500000 63.062500 40 -1
2673.000000 62.437500 40 -1
2675.500000 61.968750 40 -1
2678.000000 61.656250 40 -1
2680.500000 61.500000 40 0
2683.000000 61.500000 40 0
2685.500000 62.062500 40 1
2688.000000 63.187500 40 1
2690.500000 64.875000 40 2
2693.000000 67.125000 40 2
2695.500000 69.937500 40 3
2698.000000 73.312500 40 3
2700.500000 77.250000 40 4
2703.000000 81.250000 40 4
2705.500000 85.250000 40 4
2708.000000 89.250000 40 4
2710.500000 93.250000 40 4
2713.000000 97.250000 40 4
2715.500000 101.250000 40 4
2718.000000 105.250000 40 4
2720.500000 109.250000 40 4
2723.000000 113.250000 40 4
2725.500000 117.250000 40 4
2728.000000 121.250000 40 4
2730.500000 125.250000 40 4
2733.000000 129.250000 40 4
2735.500000 133.250000 40 4
2738.000000 137.250000 40 4
2740.500000 141.250000 40 4
2743.000000 145.250000 40 4
2745.500000 149.250000 40 4
2748.000000 153.250000 40 4
2750.500000 157.250000 40 4
2753.000000 161.250000 40 4
2755.500000 165.250000 40 4
2758.000000 169.250000 40 4
2760.500000 173.250000 40 4
2763.000000 176.250000 40 0
2765.500000 171.000000 40 -5
2768.000000 166.156250 40 -5
2770.500000 161.468750 40 -5
2773.000000 157.343750 40 -4
2775.500000 153.781250 40 -3
2778.000000 150.781250 40 -3
2780.500000 148.343750 40 -2
2783.000000 146.468750 40 -2
2785.500000 145.156250 40 -1
2788.000000 144.406250 40 -1
2790.500000 144.218750 40 0
2793.000000 144.593750 40 0
2795.500000 145.531250 40 1
2798.000000 147.031250 40 2
2800.500000 149.093750 40 2
2803.000000 151.718750 40 3
2805.500000 154.906250 40 3
2808.000000 158.656250 40 4
2810.500000 162.968750 40 4
2813.000000 166.968750 40 4
2815.500000 170.968750 40 4
2818.000000 174.968750 40 4
2820.500000 176.968750 40 0
2823.000000 176.968750 40 0
2825.500000 176.968750 40 0
2828.000000 176.968750 40 0
2830.500000 176.968750 40 0
2833.000000 176.968750 40 0
2835.500000 176.968750 40 0
2838.000000 176.968750 40 0
2840.500000 176.968750 40 0
2843.000000 176.968750 40 0
2845.500000 176.968750 40 0
2848.000000 176.968750 40 0
2850.500000 176.968750 40 0
2853.000000 176.968750 40 0
2855.500000 176.968750 40 0
2858.000000 176.968750 40 0
2860.500000 171.000000 40 -5
2863.000000 166.156250 40 -5
2865.500000 161.875000 40 -4
2868.000000 158.156250 40 -4
2870.500000 155.000000 40 -3
2873.000000 152.406250 40 -3
2875.500000 150.375000 40 -2
2878.000000 148.906250 40 -1
2880.500000 148.000000 40 -1
2883.000000 147.656250 40 0
2885.500000 147.875000 40 0
2888.000000 148.656250 40 1
2890.500000 150.000000 40 1
2893.000000 151.906250 40 2
2895.500000 154.375000 40 3
2898.000000 157.406250 40 3
2900.500000 161.000000 40 4
2903.000000 165.156250 40 4
2905.500000 169.156250 40 4
2908.000000 173.156250 40 4
2910.500000 176.156250 40 0
2913.000000 176.156250 40 0
2915.500000 171.000000 40 -5
2918.000000 166.156250 40 -5
2920.500000 161.468750 40 -5
2923.000000 156.937500 40 -5
2925.500000 152.562500 40 -5
2928.000000 148.343750 40 -5
2930.500000 144.281250 40 -4
2933.000000 140.781250 40 -3
2935.500000 137.843750 40 -3
2938.000000 135.468750 40 -2
2940.500000 133.656250 40 -2
2943.000000 132.406250 40 -1
2945.500000 131.718750 40 -1
2948.000000 131.593750 40 0
2950.500000 132.031250 40 1
2953.000000 133.031250 40 1
2955.500000 134.593750 40 2
2958.000000 136.718750 40 2
2960.500000 139.406250 40 3
2963.000000 142.656250 40 3
2965.500000 146.468750 40 4
2968.000000 150.843750 40 4
2970.500000 154.843750 40 4
2973.000000 158.843750 40 4
2975.500000 162.843750 40 4
2978.000000 166.843750 40 4
2980.500000 170.843750 40 4
2983.000000 174.843750 40 4
2985.500000 176.843750 40 0
2987.937500 176.843750 39 0
2990.437500 171.000000 40 -5
2992.937500 166.156250 40 -5
2995.437500 161.468750 40 -5
2997.937500 156.937500 40 -5
3000.437500 152.562500 40 -5
3002.937500 148.343750 40 -5
3005.437500 144.281250 40 -4
3007.937500 140.781250 40 -3
3010.437500 137.843750 40 -3
3012.937500 135.468750 40 -2
3015.437500 133.656250 40 -2
3017.937500 132.406250 40 -1
3020.437500 131.718750 40 -1
3022.937500 128.593750 40 0
3025.437500 123.000000 40 -5
3027.937500 118.156250 40 -5
3030.437500 113.875000 40 -4
3032.937500 110.156250 40 -4
3035.437500 107.000000 40 -3
3037.937500 104.406250 40 -3
3040.437500 102.375000 40 -2
3042.937500 100.906250 40 -1
3045.437500 100.000000 40 -1
3047.937500 99.656250 40 0
3050.437500 99.875000 40 0
3052.937500 100.656250 40 1
3055.437500 102.000000 40 1
3057.937500 103.906250 40 2
3060.437500 106.375000 40 3
3062.937500 109.406250 40 3
3065.437500 113.000000 40 4
3067.937500 117.156250 40 4
3070.437500 121.156250 40 4
3072.937500 125.156250 40 4
3075.437500 129.156250 40 4
3077.937500 133.156250 40 4
3080.437500 137.156250 40 4
3082.937500 141.156250 40 4
3085.437500 145.156250 40 4
3087.937500 149.156250 40 4
3090.437500 153.156250 40 4
3092.937500 157.156250 40 4
3095.437500 161.156250 40 4
3097.937500 165.156250 40 4
3100.437500 169.156250 40 4
3102.937500 173.156250 40 4
3105.437500 176.156250 40 0
3107.937500 171.000000 40 -5
3110.437500 166.156250 40 -5
3112.937500 161.875000 40 -4
3115.437500 158.156250 40 -4
3117.937500 155.000000 40 -3
3120.437500 152.406250 40 -3
3122.937500 150.375000 40 -2
3125.437500 148.906250 40 -1
3127.937500 148.000000 40 -1
3130.437500 147.656250 40 0
3132.937500 147.875000 40 0
3135.437500 148.656250 40 1
3137.937500 150.000000 40 1
3140.437500 151.906250 40 2
3142.937500 154.375000 40 3
3145.437500 157.406250 40 3
3147.937500 161.000000 40 4
3150.437500 165.156250 40 4
3152.937500 169.156250 40 4
3155.437500 173.156250 40 4
3157.937500 176.156250 40 0
3160.437500 176.156250 40 0
3162.937500 176.156250 40 0
3165.437500 176.156250 40 0
3167.937500 176.156250 40 0
3170.437500 176.156250 40 0
3172.937500 176.156250 40 0
3175.437500 176.156250 40 0
3177.937500 176.156250 40 0
3180.437500 176.156250 40 0
3182.937500 176.156250 40 0
3185.437500 176.156250 40 0
3187.937500 176.156250 40 0
3190.437500 176.156250 40 0
3192.937500 176.156250 40 0
3195.437500 176.156250 40 0
3197.937500 176.156250 40 0
3200.437500 176.156250 40 0
3202.937500 176.156250 40 0
3205.437500 176.156250 40 0
3207.937500 176.156250 40 0
3210.437500 176.156250 40 0
3212.937500 176.156250 40 0
3215.437500 171.000000 40 -5
3217.937500 166.156250 40 -5
3220.437500 161.468750 40 -5
3222.937500 156.937500 40 -5
3225.437500 152.562500 40 -5
3227.937500 148.343750 40 -5
3230.437500 144.281250 40 -4
3232.937500 140.375000 40 -4
3235.437500 136.625000 40 -4
3237.937500 133.031250 40 -4
3240.437500 129.593750 40 -3
3242.937500 126.718750 40 -3
3245.437500 124.406250 40 -2
3247.937500 122.656250 40 -2
3250.437500 121.468750 40 -1
3252.937500 120.843750 40 -1
3255.437500 120.781250 40 0
3257.937500 121.281250 40 1
3260.437500 122.343750 40 1
3262.937500 123.968750 40 2
3265.437500 126.156250 40 2
3267.937500 128.906250 40 3
3270.437500 132.218750 40 3
3272.937500 136.093750 40 4
3275.437500 140.531250 40 5
3277.937500 145.531250 40 4
3280.437500 149.531250 40 4
3282.937500 153.531250 40 4
3285.437500 157.531250 40 4
3287.937500 161.531250 40 4
3290.437500 165.531250 40 4
3292.937500 169.531250 40 4
3295.437500 173.531250 40 4
3297.937500 176.531250 40 0
3300.437500 176.531250 40 0
3302.937500 171.000000 40 -5
3305.437500 166.156250 40 -5
3307.937500 161.468750 40 -5
3310.437500 157.343750 40 -4
3312.937500 153.781250 40 -3
3315.437500 150.781250 40 -3
3317.937500 148.343750 40 -2
3320.437500 146.468750 40 -2
3322.937500 145.156250 40 -1
3325.437500 144.406250 40 -1
3327.937500 144.218750 40 0
3330.437500 144.593750 40 0
3332.937500 144.531250 40 0
3335.437500 144.531250 40 0
3337.937500 139.000000 40 -5
3340.437500 134.156250 40 -5
3342.937500 129.875000 40 -4
3345.437500 126.156250 40 -4
3347.937500 123.000000 40 -3
3350.437500 120.406250 40 -3
3352.937500 118.375000 40 -2
3355.437500 116.906250 40 -1
3357.937500 116.000000 40 -1
3360.437500 115.656250 40 0
3362.937500 115.875000 40 0
3365.437500 112.656250 40 0
3367.937500 112.656250 40 0
3370.437500 107.000000 40 -5
3372.937500 102.156250 40 -5
3375.437500 97.875000 40 -4
3377.937500 94.156250 40 -4
3380.437500 91.000000 40 -3
3382.937500 88.406250 40 -3
3385.437500 86.375000 40 -2
3387.937500 84.906250 40 -1
3390.437500 84.000000 40 -1
3392.937500 83.656250 40 0
3395.437500 83.875000 40 0
3397.937500 80.656250 40 0
3400.437500 80.656250 40 0
3402.937500 75.000000 40 -5
3405.437500 70.156250 40 -5
3407.937500 65.468750 40 -5
3410.437500 61.343750 40 -4
3412.937500 57.781250 40 -3
3415.437500 54.781250 40 -3
3417.937500 52.343750 40 -2
3420.437500 50.468750 40 -2
3422.937500 49.156250 40 -1
3425.437500 48.406250 40 -1
3427.937500 48.218750 40 0
3430.437500 48.593750 40 0
3432.937500 48.593750 40 0
3435.437500 43.000000 40 -5
3437.937500 38.156250 40 -5
3440.437500 33.468750 40 -5
3442.937500 28.937500 40 -5
3445.437500 24.562500 40 -5
3447.937500 20.343750 40 -5
3450.437500 16.281250 40 -4
3452.937500 12.375000 40 -4
3455.437500 8.625000 40 -4
3457.937500 5.031250 40 -4
3460.437500 1.593750 40 -3
3462.937500 254.718750 40 -3
3465.437500 252.406250 40 -2
3467.937500 250.656250 40 -2
3470.437500 249.468750 40 -1
3472.937500 248.843750 40 -1
3475.437500 248.781250 40 0
3477.937500 249.281250 40 1
3480.437500 250.343750 40 1
3482.937500 251.968750 40 2
3485.437500 254.156250 40 2
3487.937500 0.906250 40 3
3490.437500 4.218750 40 3
3492.937500 8.093750 40 4
3495.437500 12.531250 40 5
3497.937500 17.531250 40 4
3500.437500 21.531250 40 4
3502.937500 25.531250 40 4
3505.437500 29.531250 40 4
3507.937500 33.531250 40 4
3510.437500 37.531250 40 4
3512.937500 41.531250 40 4
3515.437500 45.531250 40 4
3517.937500 49.531250 40 4
3520.437500 53.531250 40 4
3522.937500 57.531250 40 4
3525.437500 61.531250 40 4
3527.937500 65.531250 40 4
3530.437500 69.531250 40 4
3532.937500 73.531250 40 4
3535.437500 77.531250 40 4
3537.937500 81.531250 40 4
3540.437500 85.531250 40 4
3542.937500 89.531250 40 4
3545.437500 93.531250 40 4
3547.937500 97.531250 40 4
3550.437500 101.531250 40 4
3552.937500 105.531250 40 4
3555.437500 109.531250 40 4
3557.937500 113.531250 40 4
3560.437500 117.531250 40 4
3562.937500 121.531250 40 4
3565.437500 125.531250 40 4
3567.937500 129.531250 40 4
3570.437500 133.531250 40 4
3572.937500 137.531250 40 4
3575.437500 141.531250 40 4
3577.937500 145.531250 40 4
3580.437500 149.531250 40 4
3582.937500 153.531250 40 4
3585.437500 157.531250 40 4
3587.937500 161.531250 40 4
3589.437500 165.531250 0 4
3590.375000 169.531250 0 4
3591.375000 173.531250 0 4
3590.500000 176.531250 0 0
3590.437500 172.000000 -1 -4
3590.375000 168.125000 -1 -4
3593.437500 164.687500 0 -3
3593.437500 164.687500 0 -3
