40.000000 176.000000
40.062500 176.000000
40.187500 172.000000
40.375000 168.125000
40.625000 164.687500
40.937500 161.687500
41.375000 159.125000
41.875000 157.000000
42.437500 155.312500
43.062500 154.062500
43.750000 153.250000
44.562500 152.875000
45.437500 152.937500
46.375000 153.437500
47.375000 154.375000
48.437500 155.750000
49.625000 157.562500
50.875000 159.812500
52.187500 162.500000
53.562500 165.625000
55.000000 169.187500
56.500000 173.187500
58.000000 176.625000
59.625000 176.625000
61.250000 176.625000
62.937500 171.000000
64.750000 166.156250
66.687500 161.875000
68.750000 158.156250
70.937500 155.000000
73.187500 152.406250
75.562500 150.375000
78.062500 148.906250
80.562500 148.000000
83.062500 147.656250
85.562500 147.875000
88.062500 148.656250
90.562500 150.000000
93.062500 151.906250
95.562500 154.375000
98.062500 157.406250
100.562500 161.000000
103.062500 165.156250
105.562500 169.156250
108.062500 173.156250
110.562500 176.156250
113.062500 176.156250
115.562500 176.156250
118.062500 176.156250
120.562500 176.156250
123.062500 176.156250
125.562500 176.156250
128.062500 176.156250
130.562500 176.156250
133.062500 176.156250
135.562500 176.156250
138.062500 176.156250
140.562500 176.156250
143.062500 176.156250
145.562500 176.156250
148.062500 176.156250
150.562500 176.156250
153.062500 176.156250
155.562500 176.156250
158.062500 176.156250
160.562500 176.156250
163.062500 176.156250
165.562500 176.156250
168.062500 176.156250
170.562500 176.156250
173.062500 176.156250
175.562500 176.156250
178.062500 176.156250
180.562500 176.156250
183.062500 176.156250
185.562500 176.156250
188.062500 176.156250
190.562500 176.156250
193.062500 176.156250
195.562500 176.156250
198.062500 176.156250
200.562500 176.156250
203.062500 176.156250
205.562500 176.156250
208.062500 171.000000
210.562500 166.156250
213.062500 161.468750
215.562500 156.937500
218.062500 152.562500
220.562500 148.343750
223.062500 144.281250
225.562500 140.375000
228.062500 136.625000
230.562500 133.031250
233.062500 129.593750
235.562500 126.312500
238.062500 123.187500
240.562500 120.218750
243.062500 117.406250
245.562500 114.750000
248.062500 112.250000
250.562500 109.906250
253.062500 107.718750
255.562500 106.093750
258.062500 105.031250
260.562500 104.531250
263.062500 104.593750
265.562500 105.218750
268.062500 106.406250
270.562500 108.156250
273.062500 110.468750
275.562500 113.343750
278.062500 116.781250
280.562500 120.781250
283.062500 124.781250
285.562500 128.781250
288.062500 132.781250
290.562500 136.781250
293.062500 140.781250
295.562500 144.781250
298.062500 148.781250
300.562500 152.781250
303.062500 156.781250
305.562500 160.781250
308.062500 164.781250
310.562500 168.781250
313.062500 172.781250
315.562500 168.781250
318.062500 165.343750
320.562500 162.468750
323.062500 160.156250
325.562500 158.406250
328.062500 157.218750
330.562500 156.593750
333.062500 156.531250
335.562500 157.031250
338.062500 158.093750
340.562500 159.718750
343.062500 161.906250
345.562500 164.656250
348.062500 167.968750
350.562500 171.843750
353.062500 176.281250
355.562500 171.000000
358.062500 166.156250
360.562500 161.468750
363.062500 156.937500
365.562500 152.562500
368.062500 148.750000
370.562500 145.500000
373.062500 142.812500
375.562500 140.687500
378.062500 141.125000
380.562500 142.125000
383.062500 143.687500
385.562500 145.812500
388.062500 148.500000
390.562500 151.750000
393.062500 155.562500
395.562500 159.937500
398.062500 163.937500
400.562500 167.937500
403.062500 171.937500
405.562500 175.937500
408.062500 176.937500
410.562500 171.000000
413.062500 166.156250
415.562500 161.875000
418.062500 158.156250
420.562500 155.000000
423.062500 152.406250
425.562500 150.375000
428.062500 148.906250
430.562500 148.000000
433.062500 147.656250
435.562500 147.875000
438.062500 144.656250
440.562500 139.000000
443.062500 134.156250
445.562500 129.468750
448.062500 124.937500
450.562500 120.562500
453.062500 116.343750
455.562500 112.281250
458.062500 108.375000
460.562500 104.625000
463.062500 101.031250
465.562500 97.593750
468.062500 94.312500
470.562500 91.187500
473.062500 88.218750
475.562500 85.406250
478.062500 82.750000
480.562500 80.250000
483.062500 77.906250
485.562500 75.718750
488.062500 74.093750
490.562500 73.031250
493.062500 72.531250
495.562500 72.593750
498.062500 73.218750
500.562500 74.406250
503.062500 76.156250
505.562500 78.468750
508.062500 81.343750
510.562500 84.781250
513.062500 88.781250
515.562500 92.781250
518.062500 96.781250
520.562500 100.781250
523.062500 104.781250
525.562500 108.781250
528.062500 112.781250
530.562500 116.781250
533.062500 120.781250
535.562500 124.781250
538.062500 128.781250
540.562500 132.781250
543.062500 136.781250
545.562500 140.781250
548.062500 144.781250
550.562500 148.781250
553.062500 152.781250
555.562500 156.781250
558.062500 160.781250
560.562500 164.781250
563.062500 168.781250
565.562500 172.781250
568.062500 176.781250
570.562500 176.781250
573.062500 171.000000
575.562500 166.156250
578.062500 161.468750
580.562500 156.937500
583.062500 152.562500
585.562500 148.343750
588.062500 144.281250
590.562500 140.375000
593.062500 136.625000
595.562500 133.031250
598.062500 129.593750
600.562500 126.312500
603.062500 123.187500
605.562500 120.218750
608.062500 117.812500
610.562500 115.968750
613.062500 114.687500
615.562500 113.968750
618.062500 113.812500
620.562500 114.218750
623.062500 115.187500
625.562500 116.718750
628.062500 118.812500
630.562500 121.468750
633.062500 124.687500
635.562500 128.468750
638.062500 123.000000
640.562500 118.156250
643.062500 113.468750
645.562500 108.937500
648.062500 104.562500
650.562500 100.343750
653.062500 96.281250
655.562500 92.375000
658.062500 88.625000
660.562500 85.031250
663.062500 81.593750
665.562500 78.312500
668.062500 75.187500
670.562500 72.218750
673.062500 69.406250
675.562500 66.750000
678.062500 64.250000
680.562500 61.906250
683.062500 59.718750
685.562500 57.687500
688.062500 55.812500
690.562500 54.093750
693.062500 52.531250
695.562500 51.125000
698.062500 49.875000
700.562500 48.781250
703.062500 47.843750
705.562500 47.062500
708.062500 46.437500
710.562500 45.968750
713.062500 45.656250
715.562500 45.906250
718.062500 46.718750
720.562500 48.093750
723.062500 50.031250
725.562500 52.531250
728.062500 55.593750
730.562500 59.218750
733.062500 63.406250
735.562500 67.406250
738.062500 71.406250
740.562500 75.406250
743.062500 79.406250
745.562500 83.406250
748.062500 87.406250
750.562500 91.406250
753.062500 95.406250
755.562500 99.406250
758.062500 103.406250
760.562500 107.406250
763.062500 111.406250
765.562500 115.406250
768.062500 119.406250
770.562500 123.406250
773.062500 127.406250
775.562500 131.406250
778.062500 135.406250
780.562500 139.406250
783.062500 143.406250
785.562500 147.406250
788.062500 151.406250
790.562500 155.406250
793.062500 159.406250
795.562500 163.406250
798.062500 167.406250
800.562500 163.406250
803.062500 159.968750
805.562500 157.093750
808.062500 154.781250
810.562500 153.031250
813.062500 151.843750
815.562500 151.218750
818.062500 151.156250
820.562500 151.656250
823.062500 152.718750
825.562500 154.343750
828.062500 156.531250
830.562500 159.281250
833.062500 162.593750
835.562500 166.468750
838.062500 170.906250
840.562500 175.906250
843.062500 176.906250
845.562500 171.000000
848.062500 166.156250
850.562500 161.468750
853.062500 156.937500
855.562500 152.562500
858.062500 148.343750
860.562500 144.281250
863.062500 140.375000
865.562500 136.625000
868.062500 133.031250
870.562500 129.593750
873.062500 126.312500
875.562500 123.187500
878.062500 120.218750
880.562500 117.406250
883.062500 114.750000
885.562500 112.656250
888.062500 111.125000
890.562500 110.156250
893.062500 109.750000
895.562500 109.906250
898.062500 110.625000
900.562500 111.906250
903.062500 112.750000
905.500000 112.750000
907.812500 112.750000
910.000000 112.750000
912.125000 112.750000
914.125000 112.750000
916.062500 112.750000
916.062500 112.750000
