40.000000 48.406250 0 2
40.062500 50.750000 1 2
40.125000 53.250000 1 2
40.250000 55.906250 2 2
40.375000 58.718750 2 2
40.562500 61.687500 3 3
40.812500 64.812500 4 3
41.062500 68.093750 4 3
41.375000 71.531250 5 3
41.687500 75.125000 5 3
42.062500 78.875000 6 3
42.500000 82.781250 7 4
42.937500 86.843750 7 4
43.437500 91.062500 8 4
43.937500 95.437500 8 4
44.500000 99.437500 9 4
45.125000 103.593750 10 4
45.750000 107.906250 10 4
46.437500 112.375000 11 4
47.125000 116.375000 11 4
47.875000 120.531250 12 4
48.687500 124.843750 13 4
49.500000 129.312500 13 4
50.375000 133.312500 14 4
51.250000 137.468750 14 4
52.187500 141.781250 15 4
53.187500 146.250000 16 4
54.187500 150.250000 16 4
55.250000 154.406250 17 4
56.312500 158.718750 17 4
57.437500 163.187500 18 4
58.625000 167.187500 19 4
59.812500 171.343750 19 4
61.062500 175.656250 20 4
62.312500 176.125000 20 0
63.625000 176.125000 21 0
65.000000 176.125000 22 0
66.500000 176.125000 24 0
68.000000 176.125000 24 0
69.625000 176.125000 26 0
71.250000 176.125000 26 0
72.937500 171.000000 27 -5
74.750000 166.156250 29 -5
76.687500 161.875000 31 -4
78.750000 158.156250 33 -4
80.937500 155.000000 35 -3
83.187500 152.406250 36 -3
85.562500 150.375000 38 -2
88.062500 148.906250 40 -1
90.562500 148.000000 40 -1
93.062500 147.656250 40 0
95.562500 147.875000 40 0
98.062500 148.656250 40 1
100.562500 150.000000 40 1
103.062500 151.906250 40 2
105.562500 154.375000 40 3
108.062500 157.406250 40 3
110.562500 161.000000 40 4
113.062500 165.156250 40 4
115.562500 169.156250 40 4
118.062500 173.156250 40 4
120.562500 176.156250 40 0
123.062500 176.156250 40 0
125.562500 176.156250 40 0
128.062500 176.156250 40 0
130.562500 176.156250 40 0
133.062500 176.156250 40 0
135.562500 176.156250 40 0
138.062500 176.156250 40 0
140.562500 176.156250 40 0
143.062500 176.156250 40 0
145.562500 176.156250 40 0
148.062500 171.000000 40 -5
150.562500 166.156250 40 -5
153.062500 161.468750 40 -5
155.562500 156.937500 40 -5
158.062500 152.562500 40 -5
160.562500 148.343750 40 -5
163.062500 144.281250 40 -4
165.562500 140.781250 40 0
168.062500 140.843750 40 0
170.562500 141.468750 40 1
173.062500 142.656250 40 1
175.562500 144.406250 40 2
178.062500 146.718750 40 2
180.562500 149.593750 40 3
183.062500 153.031250 40 4
185.562500 157.031250 40 4
188.062500 161.031250 40 4
190.562500 165.031250 40 4
193.062500 169.031250 40 4
195.562500 173.031250 40 -4
198.062500 169.031250 40 -4
200.562500 165.593750 40 -3
203.062500 162.718750 40 -3
205.562500 160.406250 40 -2
208.062500 158.656250 40 -2
210.562500 157.468750 40 -1
213.062500 156.843750 40 -1
215.562500 156.781250 40 0
218.062500 157.281250 40 1
220.562500 158.343750 40 1
223.062500 159.968750 40 2
225.562500 162.156250 40 2
228.062500 164.906250 40 3
230.562500 168.218750 40 3
233.062500 172.093750 40 4
235.562500 176.531250 40 0
238.062500 176.531250 40 0
240.562500 171.000000 40 -5
243.062500 166.156250 40 -5
245.562500 161.875000 40 -4
248.062500 158.156250 40 -4
250.562500 155.000000 40 -3
253.062500 152.406250 40 -3
255.562500 150.375000 40 -2
258.062500 148.906250 40 -1
260.562500 148.000000 40 -1
263.062500 147.656250 40 0
265.562500 147.875000 40 0
268.062500 148.656250 40 1
270.562500 150.000000 40 1
273.062500 151.906250 40 2
275.562500 154.375000 40 3
278.062500 157.406250 40 3
280.562500 160.000000 40 0
283.062500 155.000000 40 -5
285.562500 150.156250 40 -5
288.062500 145.468750 40 -5
290.562500 140.937500 40 -5
293.062500 136.562500 40 -4
295.562500 132.750000 40 -4
298.062500 129.500000 40 -3
300.562500 126.812500 40 -3
303.062500 124.687500 40 -2
305.562500 123.125000 40 -1
308.062500 122.125000 40 -1
310.562500 121.687500 40 0
313.062500 121.812500 40 0
315.562500 122.500000 40 1
318.062500 123.750000 40 1
320.562500 125.562500 40 2
323.062500 127.937500 40 2
325.562500 128.875000 40 0
328.062500 123.000000 40 -5
330.562500 118.156250 40 -5
333.062500 113.468750 40 -5
335.562500 108.937500 40 -5
338.062500 104.562500 40 -4
340.562500 100.750000 40 -4
343.062500 97.500000 40 -3
345.562500 94.812500 40 -3
348.062500 92.687500 40 -2
350.562500 91.125000 40 -1
353.062500 90.125000 40 -1
355.562500 89.687500 40 0
358.062500 89.812500 40 0
360.562500 90.500000 40 1
363.062500 91.750000 40 1
365.562500 93.562500 40 2
368.062500 95.937500 40 2
370.562500 98.875000 40 3
373.062500 102.375000 40 4
375.562500 106.437500 40 4
378.062500 110.437500 40 4
380.562500 112.437500 40 0
383.062500 112.437500 40 0
385.562500 112.437500 40 0
388.062500 112.000000 40 0
390.562500 107.000000 40 -5
393.062500 102.156250 40 -5
395.562500 97.468750 40 -5
398.062500 92.937500 40 -5
400.562500 88.562500 40 -5
403.062500 84.343750 40 -5
405.562500 80.281250 40 -4
408.062500 76.375000 40 -4
410.562500 73.031250 40 -3
413.062500 70.250000 40 -3
415.562500 68.031250 40 -2
418.062500 66.375000 40 -2
420.562500 65.281250 40 -1
423.062500 64.750000 40 0
425.562500 64.781250 40 0
428.062500 65.375000 40 1
430.562500 66.531250 40 1
433.062500 68.250000 40 2
435.562500 70.531250 40 2
438.062500 73.375000 40 3
440.562500 76.781250 40 3
443.062500 80.750000 40 4
445.562500 84.750000 40 4
448.062500 88.750000 40 4
450.562500 92.750000 40 4
453.062500 96.750000 40 0
455.562500 91.000000 40 -5
458.062500 86.156250 40 -5
460.562500 81.875000 40 -4
463.062500 78.156250 40 -4
465.562500 75.000000 40 -3
468.062500 72.406250 40 -3
470.562500 70.375000 40 -2
473.062500 68.906250 40 -1
475.562500 68.000000 40 -1
478.062500 67.656250 40 0
480.562500 67.875000 40 0
483.062500 68.656250 40 1
485.562500 70.000000 40 1
488.062500 71.906250 40 2
490.562500 74.375000 40 3
493.062500 77.406250 40 3
495.562500 81.000000 40 4
498.062500 85.156250 40 4
500.562500 89.156250 40 4
503.062500 93.156250 40 4
505.562500 97.156250 40 4
508.062500 101.156250 40 4
510.562500 105.156250 40 4
513.062500 109.156250 40 4
515.562500 113.156250 40 4
518.062500 117.156250 40 4
520.562500 121.156250 40 4
523.062500 125.156250 40 4
525.562500 129.156250 40 4
528.062500 133.156250 40 4
530.562500 137.156250 40 4
533.062500 141.156250 40 4
535.562500 144.156250 40 0
538.062500 144.156250 40 0
540.562500 139.000000 40 -5
543.062500 134.156250 40 -5
545.562500 129.468750 40 -5
548.062500 124.937500 40 -5
550.562500 120.562500 40 -5
553.062500 116.343750 40 -5
555.562500 112.281250 40 -4
558.062500 108.375000 40 -4
560.562500 105.031250 40 -3
563.062500 102.250000 40 -3
565.562500 100.031250 40 -2
568.062500 98.375000 40 -2
570.562500 97.281250 40 -1
573.062500 96.750000 40 0
575.562500 96.781250 40 0
578.062500 97.375000 40 1
580.562500 98.531250 40 1
583.062500 100.250000 40 2
585.562500 102.531250 40 2
588.062500 105.375000 40 3
590.562500 108.781250 40 3
593.062500 112.750000 40 4
595.562500 116.750000 40 4
598.062500 120.750000 40 4
600.562500 124.750000 40 4
603.062500 128.750000 40 4
605.562500 132.750000 40 4
608.062500 136.750000 40 4
610.562500 140.750000 40 4
613.062500 144.750000 40 4
615.562500 148.750000 40 4
618.062500 152.750000 40 4
620.562500 156.750000 40 4
623.062500 160.750000 40 4
625.562500 164.750000 40 4
628.062500 168.750000 40 4
630.562500 172.750000 40 4
633.062500 176.750000 40 0
635.562500 171.000000 40 -5
638.062500 166.156250 40 -5
640.562500 161.468750 40 -5
643.062500 156.937500 40 -5
645.562500 152.562500 40 -5
648.062500 148.343750 40 -5
650.562500 144.281250 40 -4
653.062500 140.375000 40 0
655.562500 141.031250 40 1
658.062500 142.250000 40 1
660.562500 144.031250 40 2
663.062500 146.375000 40 2
665.562500 149.281250 40 3
668.062500 152.750000 40 4
670.562500 156.781250 40 4
673.062500 160.781250 40 4
675.562500 164.781250 40 4
678.062500 168.781250 40 4
680.562500 172.781250 40 -4
683.062500 168.781250 40 -4
685.562500 165.343750 40 -3
688.062500 162.468750 40 -3
690.562500 160.156250 40 -2
693.062500 158.406250 40 -2
695.562500 157.218750 40 -1
698.062500 156.593750 40 -1
700.562500 156.531250 40 0
703.062500 157.031250 40 1
705.562500 158.093750 40 1
708.062500 159.718750 40 2
710.562500 161.906250 40 -4
713.062500 158.656250 40 -3
715.562500 155.968750 40 -3
718.062500 153.843750 40 -2
720.562500 152.281250 40 -1
723.062500 151.281250 40 -1
725.562500 150.843750 40 0
728.062500 150.968750 40 0
730.562500 151.656250 40 1
733.062500 152.906250 40 1
735.562500 154.718750 40 2
738.062500 157.093750 40 2
740.562500 160.031250 40 3
743.062500 163.531250 40 4
745.562500 167.593750 40 4
748.062500 171.593750 40 4
750.562500 175.593750 40 4
753.062500 176.593750 40 0
755.562500 176.593750 40 0
758.062500 176.593750 40 0
760.562500 176.593750 40 0
763.062500 176.593750 40 0
765.562500 176.593750 40 0
768.062500 176.593750 40 0
770.562500 176.593750 40 0
773.062500 171.000000 40 -5
775.562500 166.156250 40 -5
778.062500 161.468750 40 -5
780.562500 156.937500 40 -5
783.062500 152.562500 40 -5
785.562500 148.343750 40 -5
788.062500 144.281250 40 -4
790.562500 140.375000 40 -4
793.062500 137.031250 40 -3
795.562500 134.250000 40 -3
798.062500 132.031250 40 -2
800.562500 130.375000 40 -2
803.062500 129.281250 40 -1
805.562500 128.750000 40 0
808.062500 128.781250 40 0
810.562500 129.375000 40 1
813.062500 130.531250 40 1
815.562500 132.250000 40 2
818.062500 134.531250 40 2
820.562500 137.375000 40 3
823.062500 140.781250 40 3
825.562500 144.750000 40 4
828.062500 148.750000 40 4
830.562500 152.750000 40 4
833.062500 156.750000 40 4
835.562500 160.750000 40 4
838.062500 164.750000 40 4
840.562500 168.750000 40 4
843.062500 172.750000 40 4
845.562500 176.750000 40 0
848.062500 176.750000 40 0
850.562500 176.750000 40 0
853.062500 176.750000 40 0
855.562500 176.750000 40 0
858.062500 171.000000 40 0
860.562500 171.156250 40 0
863.062500 171.875000 40 1
865.562500 173.156250 40 1
868.062500 175.000000 40 2
870.562500 176.406250 40 0
873.062500 171.000000 40 1
875.562500 172.156250 40 1
878.062500 173.875000 40 2
880.562500 176.156250 40 0
883.062500 176.156250 40 0
885.562500 171.000000 40 1
888.062500 172.156250 40 1
890.562500 173.875000 40 2
893.062500 176.156250 40 0
895.562500 171.000000 40 -5
898.062500 166.156250 40 -5
900.562500 161.875000 40 -4
903.062500 158.156250 40 -4
905.562500 155.000000 40 -3
908.062500 152.406250 40 -3
910.562500 150.375000 40 -2
913.062500 148.906250 40 -1
915.562500 148.000000 40 -1
918.062500 147.656250 40 0
920.562500 147.875000 40 0
923.062500 148.656250 40 1
925.562500 150.000000 40 1
928.062500 151.906250 40 2
930.562500 154.375000 40 3
933.062500 157.406250 40 3
935.562500 161.000000 40 4
938.062500 165.156250 40 4
940.562500 169.156250 40 4
943.062500 173.156250 40 4
945.562500 176.156250 40 0
948.062500 176.156250 40 0
950.562500 171.000000 40 -5
953.062500 166.156250 40 -5
955.562500 161.468750 40 -5
958.062500 156.937500 40 -4
960.562500 152.968750 40 -4
963.062500 149.562500 40 -3
965.562500 146.718750 40 -3
968.062500 144.437500 40 -2
970.562500 142.718750 40 -2
973.062500 141.562500 40 0
975.562500 141.968750 40 0
978.062500 142.937500 40 1
980.562500 144.468750 40 2
983.062500 146.562500 40 2
985.562500 149.218750 40 3
988.062500 152.437500 40 3
990.562500 156.218750 40 4
993.062500 160.562500 40 4
995.562500 164.562500 40 4
998.062500 168.562500 40 4
1000.562500 172.562500 40 -4
1003.062500 168.562500 40 -4
1005.562500 165.125000 40 -3
1008.062500 162.250000 40 -3
1010.562500 159.937500 40 -2
1013.062500 158.187500 40 -2
1015.562500 157.000000 40 -1
1018.062500 156.375000 40 -1
1020.562500 156.312500 40 0
1023.062500 156.812500 40 1
1025.562500 157.875000 40 1
1028.062500 159.500000 40 2
1030.562500 161.687500 40 2
1033.062500 164.437500 40 3
1035.562500 167.750000 40 3
1038.062500 171.625000 40 4
1040.562500 176.062500 40 0
1043.062500 176.062500 40 0
1045.562500 176.062500 40 0
1048.062500 176.062500 40 0
1050.562500 176.062500 40 0
1053.062500 176.062500 40 0
1055.562500 176.062500 40 0
1058.062500 176.062500 40 0
1060.562500 171.000000 40 -5
1063.062500 166.156250 40 -5
1065.562500 161.468750 40 -5
1068.062500 156.937500 40 -5
1070.562500 152.562500 40 -4
1073.062500 148.750000 40 -4
1075.562500 145.500000 40 -3
1078.062500 142.812500 40 -3
1080.562500 140.687500 40 0
1083.062500 141.125000 40 1
1085.562500 142.125000 40 1
1088.062500 143.687500 40 2
1090.562500 145.812500 40 2
1093.062500 148.500000 40 3
1095.562500 151.750000 40 3
1098.062500 155.562500 40 4
1100.562500 159.937500 40 4
1103.062500 163.937500 40 4
1105.562500 167.937500 40 4
1108.062500 171.937500 40 4
1110.562500 175.937500 40 4
1113.062500 176.937500 40 0
1115.562500 176.937500 40 0
1118.062500 176.937500 40 0
1120.562500 176.937500 40 0
1123.062500 176.937500 40 0
1125.562500 176.937500 40 0
1128.062500 176.937500 40 0
1130.562500 176.937500 40 0
1133.062500 176.937500 40 0
1135.562500 171.000000 40 -5
1138.062500 166.156250 40 -5
1140.562500 161.468750 40 -5
1143.062500 156.937500 40 -5
1145.562500 152.562500 40 -4
1148.062500 148.750000 40 -4
1150.562500 145.500000 40 -3
1153.062500 142.812500 40 -3
1155.562500 140.687500 40 0
1158.062500 141.125000 40 1
1160.562500 142.125000 40 1
1163.062500 143.687500 40 2
1165.562500 145.812500 40 2
1168.062500 148.500000 40 3
1170.562500 151.750000 40 3
1173.062500 155.562500 40 4
1175.562500 159.937500 40 4
1178.062500 163.937500 40 4
1180.562500 167.937500 40 4
1183.062500 171.937500 40 4
1185.562500 175.937500 40 -4
1188.062500 171.937500 40 -4
1190.562500 168.500000 40 -3
1193.062500 165.625000 40 -3
1195.562500 163.312500 40 -2
1198.062500 161.562500 40 -2
1200.562500 160.375000 40 -1
1203.062500 159.750000 40 -1
1205.562500 159.687500 40 0
1208.062500 160.187500 40 1
1210.562500 161.250000 40 1
1213.062500 162.875000 40 2
1215.562500 165.062500 40 2
1218.062500 167.812500 40 3
1220.562500 171.125000 40 3
1223.062500 175.000000 40 4
1225.562500 176.437500 40 0
1228.062500 171.000000 40 -5
1230.562500 166.156250 40 -5
1233.062500 161.468750 40 -5
1235.562500 156.937500 40 -5
1238.062500 152.562500 40 -5
1240.562500 148.343750 40 -4
1243.062500 144.687500 40 -4
1245.562500 141.593750 40 0
1248.062500 142.062500 40 1
1250.562500 143.093750 40 1
1253.062500 144.687500 40 2
1255.562500 146.843750 40 2
1258.062500 149.562500 40 3
1260.562500 152.843750 40 3
1263.062500 156.687500 40 4
1265.562500 161.093750 40 4
1268.062500 165.093750 40 4
1270.562500 169.093750 40 4
1273.062500 173.093750 40 4
1275.562500 176.093750 40 0
1278.062500 171.000000 40 -5
1280.562500 166.156250 40 -5
1283.062500 161.875000 40 -4
1285.562500 158.156250 40 -4
1288.062500 155.000000 40 -3
1290.562500 152.406250 40 -3
1293.062500 150.375000 40 -2
1295.562500 148.906250 40 -1
1298.062500 148.000000 40 -1
1300.562500 147.656250 40 0
1303.062500 147.875000 40 0
1305.562500 148.656250 40 1
1308.062500 150.000000 40 1
1310.562500 151.906250 40 2
1313.062500 154.375000 40 3
1315.562500 157.406250 40 3
1318.062500 161.000000 40 4
1320.562500 165.156250 40 4
1323.062500 169.156250 40 4
1325.562500 173.156250 40 4
1328.062500 176.156250 40 0
1330.562500 176.156250 40 0
1333.062500 171.000000 40 -5
1335.562500 166.156250 40 -5
1338.062500 161.468750 40 -5
1340.562500 156.937500 40 -5
1343.062500 152.562500 40 -5
1345.562500 148.343750 40 -5
1348.062500 144.281250 40 -4
1350.562500 140.375000 40 -4
1353.062500 136.625000 40 -4
1355.562500 133.031250 40 -4
1358.062500 130.000000 40 -3
1360.562500 127.531250 40 -2
1363.062500 125.625000 40 0
1365.562500 126.281250 40 1
1368.062500 127.500000 40 1
1370.562500 129.281250 40 2
1373.062500 131.625000 40 2
1375.562500 134.531250 40 3
1378.062500 138.000000 40 4
1380.562500 142.031250 40 4
1383.062500 146.031250 40 4
1385.562500 150.031250 40 4
1388.062500 154.031250 40 4
1390.562500 158.031250 40 4
1393.062500 162.031250 40 4
1395.562500 166.031250 40 4
1398.062500 170.031250 40 4
1400.562500 174.031250 40 4
1403.062500 176.031250 40 0
1405.562500 176.031250 40 0
1408.062500 176.031250 40 0
1410.562500 171.000000 40 -5
1413.062500 166.156250 40 -5
1415.562500 161.468750 40 -5
1418.062500 156.937500 40 -5
1420.562500 152.562500 40 -5
1423.062500 148.343750 40 -5
1425.562500 144.281250 40 -4
1428.062500 140.375000 40 -4
1430.562500 136.625000 40 -4
1433.062500 133.031250 40 -4
1435.562500 129.593750 40 -4
1438.062500 126.312500 40 -4
1440.562500 123.187500 40 -3
1443.062500 120.218750 40 -3
1445.562500 117.406250 40 -3
1448.062500 114.750000 40 -3
1450.562500 112.250000 40 -3
1453.062500 109.906250 40 -3
1455.562500 107.718750 40 -3
1458.062500 105.687500 40 -2
1460.562500 103.812500 40 -2
1463.062500 102.093750 40 -2
1465.562500 100.531250 40 -2
1468.062500 99.125000 40 -2
1470.562500 97.875000 40 -2
1473.062500 96.781250 40 -1
1475.562500 95.843750 40 -1
1478.062500 95.062500 40 -1
1480.562500 94.437500 40 -1
1483.062500 93.968750 40 -1
1485.562500 93.656250 40 -1
1488.062500 93.500000 40 0
1490.562500 93.906250 40 0
1493.062500 94.875000 40 1
1495.562500 96.406250 40 2
1498.062500 98.500000 40 2
1500.562500 101.156250 40 3
1503.062500 104.375000 40 3
1505.562500 108.156250 40 4
1508.062500 112.500000 40 4
1510.562500 116.500000 40 4
1513.062500 120.500000 40 4
1515.562500 124.500000 40 4
1518.062500 128.500000 40 4
1520.562500 132.500000 40 4
1523.062500 136.500000 40 4
1525.562500 140.500000 40 4
1528.062500 144.500000 40 4
1530.562500 148.500000 40 4
1533.062500 152.500000 40 4
1535.562500 156.500000 40 4
1538.062500 160.500000 40 4
1540.562500 164.500000 40 4
1543.062500 168.500000 40 4
1545.562500 172.500000 40 4
1548.062500 176.500000 40 0
1550.562500 171.000000 40 -5
1553.062500 166.156250 40 -5
1555.562500 161.468750 40 -5
1558.062500 156.937500 40 -5
1560.562500 152.562500 40 -5
1563.062500 148.343750 40 -5
1565.562500 144.281250 40 -4
1568.062500 140.375000 40 -4
1570.562500 136.625000 40 -4
1573.062500 133.031250 40 -4
1575.562500 129.593750 40 -4
1578.062500 126.312500 40 -4
1580.562500 123.187500 40 -3
1583.062500 120.218750 40 -3
1585.562500 117.406250 40 -3
1588.062500 114.750000 40 -3
1590.562500 112.250000 40 -3
1593.062500 109.906250 40 -3
1595.562500 107.718750 40 -3
1598.062500 105.687500 40 -2
1600.562500 103.812500 40 -2
1603.062500 102.093750 40 -2
1605.562500 100.531250 40 -1
1608.062500 99.531250 40 -1
1610.562500 99.093750 40 0
1613.062500 99.218750 40 0
1615.562500 99.906250 40 1
1618.062500 101.156250 40 1
1620.562500 102.968750 40 2
1623.062500 105.343750 40 2
1625.562500 108.281250 40 3
1628.062500 111.781250 40 4
1630.562500 115.843750 40 4
1633.062500 119.843750 40 4
1635.562500 123.843750 40 4
1638.062500 127.843750 40 4
1640.562500 128.843750 40 0
1643.062500 128.843750 40 0
1645.562500 123.000000 40 -5
1648.062500 118.156250 40 -5
1650.562500 113.468750 40 -5
1653.062500 108.937500 40 -5
1655.562500 104.562500 40 -5
1658.062500 100.343750 40 -5
1660.562500 96.281250 40 -4
1663.062500 92.375000 40 -4
1665.562500 88.625000 40 -4
1668.062500 85.031250 40 -4
1670.562500 81.593750 40 -4
1673.062500 78.312500 40 -4
1675.562500 75.187500 40 -3
1678.062500 72.218750 40 -3
1680.562500 69.406250 40 -3
1683.062500 66.750000 40 -3
1685.562500 64.250000 40 -3
1688.062500 61.906250 40 -3
1690.562500 59.718750 40 -3
1693.062500 57.687500 40 -2
1695.562500 55.812500 40 -2
1698.062500 54.093750 40 -2
1700.562500 52.531250 40 -2
1703.062500 51.125000 40 -2
1705.562500 49.875000 40 -2
1708.062500 48.781250 40 -1
1710.562500 47.843750 40 -1
1713.062500 47.062500 40 -1
1715.562500 46.437500 40 -1
1718.062500 45.968750 40 -1
1720.562500 45.656250 40 0
1723.062500 45.906250 40 0
1725.562500 46.718750 40 1
1728.062500 48.093750 40 1
1730.562500 50.031250 40 2
1733.062500 52.531250 40 3
1735.562500 55.593750 40 3
1738.062500 59.218750 40 4
1740.562500 63.406250 40 4
1743.062500 67.406250 40 4
1745.562500 71.406250 40 4
1748.062500 75.406250 40 4
1750.562500 79.406250 40 4
1753.062500 83.406250 40 4
1755.562500 87.406250 40 4
1758.062500 91.406250 40 4
1760.562500 95.406250 40 4
1763.062500 99.406250 40 4
1765.562500 103.406250 40 4
1768.062500 107.406250 40 4
1770.562500 111.406250 40 4
1773.062500 115.406250 40 4
1775.562500 119.406250 40 4
1778.062500 123.406250 40 4
1780.562500 127.406250 40 4
1783.062500 131.406250 40 4
1785.562500 135.406250 40 4
1788.062500 139.406250 40 4
1790.562500 143.406250 40 4
1793.062500 147.406250 40 4
1795.562500 151.406250 40 4
1798.062500 155.406250 40 4
1800.562500 159.406250 40 4
1803.062500 163.406250 40 4
1805.562500 167.406250 40 4
1808.062500 171.406250 40 4
1810.562500 175.406250 40 4
1813.062500 176.406250 40 0
1815.562500 171.000000 40 -5
1818.062500 166.156250 40 -5
1820.562500 161.468750 40 -5
1823.062500 157.343750 40 -4
1825.562500 153.781250 40 -3
1828.062500 150.781250 40 -3
1830.562500 148.343750 40 -2
1833.062500 146.468750 40 -2
1835.562500 145.156250 40 -1
1838.062500 144.406250 40 -1
1840.562500 144.218750 40 0
1843.062500 139.000000 40 -5
1845.562500 134.156250 40 -5
1848.062500 129.875000 40 -4
1850.562500 126.156250 40 -4
1853.062500 123.000000 40 -3
1855.562500 120.406250 40 -3
1858.062500 118.375000 40 -2
1860.562500 116.906250 40 -1
1863.062500 116.000000 40 -1
1865.562500 115.656250 40 0
1868.062500 115.875000 40 0
1870.562500 116.656250 40 1
1873.062500 118.000000 40 1
1875.562500 119.906250 40 2
1878.062500 122.375000 40 3
1880.562500 125.406250 40 3
1883.062500 129.000000 40 4
1885.562500 133.156250 40 4
1888.062500 137.156250 40 4
1890.562500 141.156250 40 4
1893.062500 145.156250 40 4
1895.562500 149.156250 40 4
1898.062500 153.156250 40 4
1900.562500 157.156250 40 4
1903.062500 161.156250 40 4
1905.562500 165.156250 40 4
1908.062500 169.156250 40 4
1910.562500 173.156250 40 4
1913.062500 176.156250 40 0
1915.562500 171.000000 40 -5
1918.062500 166.156250 40 -5
1920.562500 161.468750 40 -5
1923.062500 156.937500 40 -5
1925.562500 152.562500 40 -5
1928.062500 148.343750 40 -5
1930.562500 144.281250 40 -4
1933.062500 140.781250 40 -3
1935.562500 137.843750 40 -3
1938.062500 135.468750 40 -2
1940.562500 133.656250 40 -2
1943.062500 132.406250 40 -1
1945.562500 131.718750 40 -1
1948.062500 128.593750 40 0
1950.562500 128.593750 40 0
1953.062500 123.000000 40 -5
1955.562500 118.156250 40 -5
1958.062500 113.468750 40 -5
1960.562500 108.937500 40 -5
1963.062500 104.562500 40 -5
1965.562500 100.343750 40 -5
1968.062500 96.281250 40 -4
1970.562500 92.375000 40 -4
1973.062500 88.625000 40 -4
1975.562500 85.031250 40 -4
1978.062500 81.593750 40 -4
1980.562500 78.312500 40 -4
1983.062500 75.187500 40 -3
1985.562500 72.218750 40 -3
1988.062500 69.406250 40 -3
1990.562500 66.750000 40 -3
1993.062500 64.656250 40 -2
1995.562500 63.125000 40 -1
1998.062500 62.156250 40 -1
2000.562500 61.750000 40 0
2003.062500 61.906250 40 0
2005.562500 62.625000 40 1
2008.062500 63.906250 40 1
2010.562500 65.750000 40 2
2013.062500 68.156250 40 2
2015.562500 71.125000 40 3
2018.062500 74.656250 40 4
2020.562500 78.750000 40 4
2023.062500 82.750000 40 4
2025.562500 86.750000 40 4
2028.062500 90.750000 40 4
2030.562500 94.750000 40 4
2033.062500 98.750000 40 4
2035.562500 102.750000 40 4
2038.062500 106.750000 40 4
2040.562500 110.750000 40 4
2043.062500 114.750000 40 4
2045.562500 118.750000 40 4
2048.062500 122.750000 40 4
2050.562500 126.750000 40 4
2053.062500 130.750000 40 4
2055.562500 134.750000 40 4
2058.062500 138.750000 40 4
2060.562500 142.750000 40 4
2063.062500 146.750000 40 4
2065.562500 150.750000 40 4
2068.062500 154.750000 40 4
2070.562500 158.750000 40 4
2073.062500 162.750000 40 4
2075.562500 166.750000 40 4
2078.062500 170.750000 40 4
2080.562500 174.750000 40 4
2083.062500 176.750000 40 0
2085.562500 176.750000 40 0
2088.062500 171.000000 40 -5
2090.562500 166.156250 40 -5
2093.062500 161.468750 40 -5
2095.562500 156.937500 40 -5
2098.062500 152.562500 40 -5
2100.562500 148.343750 40 -5
2103.062500 144.281250 40 -4
2105.562500 140.781250 40 -3
2108.062500 137.843750 40 -3
2110.562500 135.468750 40 -2
2113.062500 133.656250 40 -2
2115.562500 132.406250 40 -1
2118.062500 131.718750 40 -1
2120.562500 131.593750 40 0
2123.062500 132.031250 40 1
2125.562500 133.031250 40 1
2128.062500 134.593750 40 2
2130.562500 136.718750 40 -4
2133.062500 133.406250 40 -3
2135.562500 130.656250 40 -3
2138.062500 128.468750 40 -2
2140.562500 126.843750 40 -2
2143.062500 125.781250 40 -1
2145.562500 125.281250 40 0
2148.062500 125.343750 40 0
2150.562500 125.968750 40 -4
2153.062500 122.156250 40 -4
2155.562500 118.906250 40 -3
2158.062500 116.218750 40 -3
2160.562500 114.093750 40 -2
2163.062500 112.531250 40 -1
2165.562500 111.531250 40 -1
2168.062500 111.093750 40 0
2170.562500 111.218750 40 0
2173.062500 111.906250 40 1
2175.562500 112.156250 40 0
2178.062500 112.156250 40 0
2180.562500 107.000000 40 -5
2183.062500 102.156250 40 -5
2185.562500 97.468750 40 -5
2188.062500 92.937500 40 -5
2190.562500 88.562500 40 -5
2193.062500 84.343750 40 -5
2195.562500 80.281250 40 -4
2198.062500 76.375000 40 -4
2200.562500 72.625000 40 -4
2203.062500 69.031250 40 -4
2205.562500 65.593750 40 -4
2208.062500 62.312500 40 -4
2210.562500 59.187500 40 -3
2213.062500 56.218750 40 -3
2215.562500 53.812500 40 -2
2218.062500 51.968750 40 -2
2220.562500 50.687500 40 -1
2223.062500 49.968750 40 -1
2225.562500 49.812500 40 0
2228.062500 50.218750 40 0
2230.562500 51.187500 40 1
2233.062500 52.718750 40 2
2235.562500 54.812500 40 2
2238.062500 57.468750 40 3
2240.562500 60.687500 40 3
2243.062500 64.468750 40 4
2245.562500 68.812500 40 4
2248.062500 72.812500 40 4
2250.562500 76.812500 40 4
2253.062500 80.812500 40 4
2255.562500 84.812500 40 4
2258.062500 88.812500 40 4
2260.562500 92.812500 40 4
2263.062500 96.812500 40 4
2265.562500 100.812500 40 4
2268.062500 104.812500 40 4
2270.562500 108.812500 40 4
2273.062500 112.812500 40 4
2275.562500 116.812500 40 4
2278.062500 120.812500 40 4
2280.562500 124.812500 40 4
2283.062500 128.812500 40 4
2285.562500 132.812500 40 4
2288.062500 136.812500 40 4
2290.562500 140.812500 40 4
2293.062500 144.812500 40 4
2295.562500 148.812500 40 4
2298.062500 152.812500 40 4
2300.562500 156.812500 40 4
2303.062500 160.812500 40 4
2305.562500 164.812500 40 4
2308.062500 168.812500 40 4
2310.562500 172.812500 40 -4
2313.062500 168.812500 40 -4
2315.562500 165.375000 40 -3
2318.062500 162.500000 40 -3
2320.562500 160.187500 40 -2
2323.062500 158.437500 40 -2
2325.562500 157.250000 40 -1
2328.062500 156.625000 40 -1
2330.562500 156.562500 40 0
2333.062500 157.062500 40 1
2335.562500 158.125000 40 1
2338.062500 159.750000 40 2
2340.562500 161.937500 40 2
2343.062500 164.687500 40 3
2345.562500 168.000000 40 3
2348.062500 171.875000 40 4
2350.562500 176.312500 40 0
2353.062500 176.312500 40 0
2355.562500 176.312500 40 0
2358.062500 176.312500 40 0
2360.562500 176.312500 40 0
2363.062500 171.000000 40 -5
2365.562500 166.156250 40 -5
2368.062500 161.468750 40 -5
2370.562500 156.937500 40 -5
2373.062500 152.562500 40 -5
2375.562500 148.343750 40 -5
2378.062500 144.281250 40 -4
2380.562500 140.375000 40 -4
2383.062500 136.625000 40 -4
2385.562500 133.031250 40 -4
2388.062500 130.000000 40 -3
2390.562500 127.531250 40 -2
2393.062500 125.625000 40 0
2395.562500 126.281250 40 1
2398.062500 127.500000 40 1
2400.562500 129.281250 40 2
2403.062500 131.625000 40 2
2405.562500 134.531250 40 3
2408.062500 138.000000 40 4
2410.562500 142.031250 40 4
2413.062500 146.031250 40 4
2415.562500 150.031250 40 4
2418.062500 154.031250 40 4
2420.562500 158.031250 40 4
2423.062500 162.031250 40 4
2425.562500 166.031250 40 4
2428.062500 170.031250 40 4
2430.562500 174.031250 40 4
2433.062500 176.031250 40 0
2435.562500 171.000000 40 -5
2438.062500 166.156250 40 -5
2440.562500 161.875000 40 -4
2443.062500 158.156250 40 -4
2445.562500 155.000000 40 -3
2448.062500 152.406250 40 -3
2450.562500 150.375000 40 -2
2453.062500 148.906250 40 -1
2455.562500 148.000000 40 -1
2458.062500 147.656250 40 0
2460.562500 147.875000 40 0
2463.062500 148.656250 40 1
2465.562500 150.000000 40 1
2468.062500 151.906250 40 2
2470.562500 154.375000 40 3
2473.062500 157.406250 40 3
2475.562500 161.000000 40 4
2478.062500 163.156250 40 0
2480.562500 163.156250 40 0
2483.062500 158.000000 40 -5
2485.562500 153.156250 40 -5
2488.062500 148.468750 40 -5
2490.562500 143.937500 40 -5
2493.062500 139.562500 40 -5
2495.562500 135.343750 40 -5
2498.062500 131.281250 40 -4
2500.562500 127.375000 40 -4
2503.062500 123.625000 40 -4
2505.562500 120.031250 40 -4
2508.062500 116.593750 40 -4
2510.562500 113.312500 40 -3
2513.062500 110.593750 40 -3
2515.562500 108.437500 40 -2
2518.062500 106.843750 40 -2
2520.562500 105.812500 40 -1
2523.062500 105.343750 40 0
2525.562500 105.437500 40 0
2528.062500 106.093750 40 1
2530.562500 107.312500 40 1
2533.062500 109.093750 40 2
2535.562500 111.437500 40 2
2538.062500 114.343750 40 3
2540.562500 117.812500 40 4
2543.062500 121.843750 40 4
2545.562500 125.843750 40 4
2548.062500 128.843750 40 0
2550.562500 128.843750 40 0
2553.062500 123.000000 40 -5
2555.562500 118.156250 40 -5
2558.062500 113.468750 40 -5
2560.562500 108.937500 40 -5
2563.062500 104.562500 40 -5
2565.562500 100.343750 40 -5
2568.062500 96.281250 40 -4
2570.562500 92.375000 40 -4
2573.062500 89.031250 40 -3
2575.562500 86.250000 40 -3
2578.062500 84.031250 40 -2
2580.562500 82.375000 40 -2
2583.062500 81.281250 40 -1
2585.562500 80.750000 40 0
2588.062500 80.781250 40 0
2590.562500 81.375000 40 1
2593.062500 82.531250 40 1
2595.562500 84.250000 40 2
2598.062500 86.531250 40 2
2600.562500 89.375000 40 3
2603.062500 92.781250 40 3
2605.562500 96.750000 40 4
2608.062500 100.750000 40 4
2610.562500 104.750000 40 4
2613.062500 108.750000 40 4
2615.562500 112.750000 40 4
2618.062500 116.750000 40 4
2620.562500 120.750000 40 4
2623.062500 124.750000 40 4
2625.562500 128.750000 40 0
2627.062500 128.750000 24 0
2628.562500 128.750000 24 0
2630.062500 128.750000 24 0
2631.500000 124.000000 23 -4
2633.000000 120.117188 24 -4
2634.500000 116.609375 24 -4
2636.000000 113.476562 24 -3
2637.500000 110.718750 24 -3
2639.000000 108.335938 24 -3
2640.500000 106.328125 24 -2
2642.000000 104.695312 24 -2
2643.500000 103.437500 24 -1
2645.000000 102.554688 24 -1
2646.500000 102.046875 24 -1
2647.000000 101.914062 0 0
2647.937500 102.156250 0 0
2648.937500 102.773438 0 0
2649.937500 103.765625 0 1
2650.937500 105.132812 0 1
2651.937500 106.875000 0 2
2652.937500 108.992188 0 2
2653.937500 111.484375 0 2
2654.000000 112.351562 1 0
2654.125000 112.351562 2 0
2654.250000 112.351562 2 0
2654.437500 112.351562 3 0
2654.687500 112.351562 4 0
2654.937500 112.351562 4 0
2655.250000 112.351562 5 0
2655.625000 112.351562 6 0
2656.062500 112.351562 7 0
2656.562500 112.351562 8 0
2657.125000 112.351562 9 0
2657.750000 112.351562 10 0
2658.437500 112.351562 11 0
2659.125000 112.351562 11 0
2659.937500 112.351562 13 0
2660.812500 112.351562 14 0
2661.750000 112.351562 15 0
2662.812500 112.351562 17 0
2663.875000 112.351562 17 0
2665.062500 112.351562 19 0
2666.312500 112.351562 20 0
2667.625000 112.351562 21 0
2669.000000 112.351562 22 0
2670.500000 112.351562 24 0
2672.000000 112.351562 24 0
2673.625000 112.351562 26 0
2675.312500 112.351562 27 0
2677.062500 112.351562 28 0
2678.875000 112.351562 29 0
2680.750000 112.351562 30 0
2682.687500 112.351562 31 0
2684.687500 112.351562 32 0
2686.687500 112.351562 32 0
2688.750000 112.351562 33 0
2690.875000 112.351562 34 0
2693.062500 112.351562 35 0
2695.312500 112.351562 36 0
2697.625000 112.351562 37 0
2700.000000 112.351562 38 0
2702.437500 112.351562 39 0
2704.937500 112.351562 40 0
2707.437500 112.351562 40 0
2709.937500 112.351562 40 0
2712.437500 112.351562 40 0
2714.937500 112.351562 40 0
2717.437500 112.351562 40 0
2719.937500 112.351562 40 0
2722.437500 112.351562 40 0
2724.937500 112.351562 40 0
2727.437500 112.351562 40 0
2729.937500 112.351562 40 0
2732.437500 112.351562 40 0
2734.937500 112.351562 40 0
2737.437500 112.351562 40 0
2739.937500 112.351562 40 0
2742.437500 112.351562 40 0
2744.937500 112.351562 40 0
2747.437500 112.351562 40 0
2749.937500 112.351562 40 0
2752.437500 112.351562 40 0
2754.937500 112.351562 40 0
2757.437500 112.351562 40 0
2759.937500 112.351562 40 0
2762.437500 112.351562 40 0
2764.937500 112.351562 40 0
2767.437500 112.351562 40 0
2769.937500 112.351562 40 0
2772.437500 112.351562 40 0
2774.937500 112.351562 40 0
2777.437500 112.351562 40 0
2779.937500 112.351562 40 0
2782.437500 112.351562 40 0
2784.937500 112.351562 40 0
2787.437500 112.351562 40 0
2789.937500 112.351562 40 0
2792.437500 112.351562 40 0
2794.937500 112.351562 40 0
2797.437500 112.351562 40 0
2799.937500 112.351562 40 0
2802.437500 112.351562 40 0
2804.937500 112.351562 40 0
2807.437500 112.351562 40 0
2809.937500 112.351562 40 0
2812.437500 112.351562 40 0
2814.937500 112.351562 40 0
2817.437500 112.351562 40 0
2819.937500 112.351562 40 0
2822.437500 112.351562 40 0
2824.937500 112.351562 40 0
2827.375000 112.351562 39 0
2829.875000 107.000000 40 -5
2832.375000 102.156250 40 -5
2834.875000 97.468750 40 -5
2837.375000 92.937500 40 -5
2839.875000 88.562500 40 -5
2842.375000 84.343750 40 -5
2844.875000 80.281250 40 -4
2847.375000 76.375000 40 -4
2849.875000 72.625000 40 -4
2852.375000 69.031250 40 -4
2854.875000 65.593750 40 -4
2857.375000 62.312500 40 -4
2859.875000 59.187500 40 -3
2862.375000 56.218750 40 -3
2864.875000 53.406250 40 -3
2867.375000 50.750000 40 -3
2869.875000 48.250000 40 -2
2872.375000 46.312500 40 -2
2874.875000 44.937500 40 -1
2877.375000 44.125000 40 -1
2879.875000 43.875000 40 0
2882.375000 44.187500 40 0
2884.875000 45.062500 40 1
2887.375000 46.500000 40 2
2889.875000 48.500000 40 2
2892.375000 51.062500 40 3
2894.875000 54.187500 40 3
2897.375000 57.875000 40 4
2899.875000 62.125000 40 4
2902.375000 66.125000 40 4
2904.875000 70.125000 40 4
2907.375000 74.125000 40 4
2909.875000 78.125000 40 4
2912.375000 82.125000 40 4
2914.750000 86.125000 38 4
2917.125000 90.125000 38 4
2919.375000 94.125000 36 4
2921.500000 98.125000 34 4
2923.500000 102.125000 32 4
2925.437500 106.125000 31 4
2927.250000 110.125000 29 4
2928.937500 114.125000 27 4
2930.500000 118.125000 25 4
2931.937500 122.125000 23 4
2933.312500 126.125000 22 4
2934.562500 128.125000 20 0
2935.750000 128.125000 19 0
2936.812500 128.125000 17 0
2937.750000 128.125000 15 0
2938.625000 128.125000 14 0
2939.375000 128.125000 12 0
2940.000000 128.125000 10 0
2939.875000 128.125000 -2 0
2939.875000 128.125000 0 0
2940.000000 124.000000 2 -4
2940.000000 120.125000 0 -4
2939.937500 116.687500 -1 -3
2939.750000 113.687500 -3 -3
2939.437500 111.125000 -5 -3
2939.062500 109.000000 -6 -2
2938.562500 107.312500 -8 -2
2938.000000 106.062500 -9 -1
2937.312500 105.250000 -11 -1
2936.500000 104.875000 -13 0
2935.625000 104.937500 -14 0
2934.625000 105.437500 -16 0
2933.500000 106.375000 -18 1
2932.312500 107.750000 -19 1
2931.000000 109.562500 -21 2
2929.625000 111.812500 -22 2
2928.125000 114.500000 -24 3
2926.625000 117.625000 -24 3
2925.125000 121.187500 -24 4
2923.625000 125.187500 -24 4
2922.125000 128.625000 -24 0
2920.500000 128.625000 -26 0
2918.937500 128.625000 -25 0
2917.250000 123.000000 -27 -5
2915.437500 118.156250 -29 -5
2913.500000 113.875000 -31 -4
2911.437500 110.156250 -33 -4
2909.312500 107.000000 -34 -3
2907.062500 104.406250 -36 -3
2904.687500 102.375000 -38 -2
2902.187500 100.906250 -40 -1
2899.687500 100.000000 -40 -1
2897.187500 99.656250 -40 0
2894.687500 99.875000 -40 0
2892.187500 100.656250 -40 1
2889.687500 102.000000 -40 1
2887.187500 103.906250 -40 2
2884.687500 106.375000 -40 3
2882.187500 109.406250 -40 3
2879.687500 113.000000 -40 4
2877.187500 117.156250 -40 4
2874.687500 121.156250 -40 4
2872.187500 125.156250 -40 4
2869.687500 128.156250 -40 0
2867.187500 128.156250 -40 0
2864.687500 128.156250 -40 0
2862.187500 128.156250 -40 0
2859.687500 128.156250 -40 0
2859.687500 128.156250 -40 0
