24.000000 176.000000 0 0 24.000000
24.062500 176.000000 1 0 24.062500
24.187500 172.000000 2 -4 24.187500
24.375000 168.125000 3 -4 24.375000
24.625000 164.687500 4 -3 24.625000
24.937500 161.687500 5 -3 24.937500
25.375000 159.125000 7 -3 25.375000
25.875000 157.000000 8 -2 25.875000
26.437500 155.312500 9 -2 26.437500
27.062500 154.062500 10 -1 27.062500
27.750000 153.250000 11 -1 27.750000
28.562500 152.875000 13 0 28.562500
29.437500 152.937500 14 0 29.437500
30.375000 153.437500 15 0 30.375000
31.375000 154.375000 16 1 31.375000
32.437500 155.750000 17 1 32.437500
33.625000 157.562500 19 2 33.625000
34.875000 159.812500 20 2 34.875000
36.187500 162.500000 21 3 36.187500
37.562500 165.625000 22 3 37.562500
39.000000 169.187500 23 4 39.000000
40.500000 173.187500 24 4 40.500000
42.000000 176.625000 24 0 42.000000
43.625000 176.625000 26 0 43.625000
45.250000 176.625000 26 0 45.250000
46.937500 171.000000 27 -5 46.937500
48.750000 166.156250 29 -5 48.750000
50.687500 161.468750 31 -5 50.687500
52.750000 156.937500 33 -5 52.750000
54.937500 152.562500 35 -5 54.937500
57.187500 148.343750 36 -5 57.187500
59.562500 144.281250 38 -4 59.562500
62.062500 140.375000 40 -4 62.062500
64.562500 136.625000 40 -4 64.562500
67.062500 133.031250 40 -4 67.062500
69.562500 129.593750 40 -4 69.562500
72.062500 126.312500 40 -4 72.062500
74.562500 123.187500 40 -3 74.562500
77.062500 120.218750 40 -3 77.062500
79.562500 117.406250 40 -3 79.562500
82.062500 114.750000 40 -3 82.062500
84.562500 112.250000 40 -3 83.562500
87.062500 109.906250 40 -3 84.062500
89.562500 107.718750 40 -3 85.562500
92.062500 105.687500 40 -2 86.062500
94.562500 103.812500 40 -2 87.562500
97.062500 102.500000 40 -1 88.062500
99.562500 101.750000 40 -1 89.562500
102.062500 101.562500 40 0 90.062500
104.562500 101.937500 40 0 91.562500
107.062500 102.875000 40 1 92.062500
109.562500 104.375000 40 2 93.562500
112.062500 106.437500 40 2 94.062500
114.562500 109.062500 40 3 95.562500
117.062500 112.250000 40 3 96.062500
119.562500 116.000000 40 4 97.562500
122.062500 120.312500 40 4 98.062500
124.562500 124.312500 40 4 99.562500
127.062500 128.312500 40 4 100.062500
129.562500 132.312500 40 4 101.562500
132.062500 136.312500 40 4 102.062500
134.562500 140.312500 40 4 103.562500
137.062500 144.312500 40 4 104.062500
139.562500 148.312500 40 4 105.562500
142.062500 152.312500 40 4 106.062500
144.562500 156.312500 40 4 107.562500
147.062500 160.312500 40 4 108.062500
149.562500 164.312500 40 4 109.562500
152.062500 168.312500 40 4 110.062500
154.562500 172.312500 40 4 111.562500
157.062500 176.312500 40 0 112.062500
159.562500 176.312500 40 0 112.562500
162.062500 171.000000 40 -5 112.062500
164.562500 166.156250 40 -5 112.562500
167.062500 161.468750 40 -5 112.062500
169.562500 156.937500 40 -5 112.562500
172.062500 152.562500 40 -5 112.062500
174.562500 148.343750 40 -4 112.562500
177.062500 144.687500 40 -4 112.062500
179.562500 141.593750 40 -3 112.562500
182.062500 139.062500 40 -2 112.062500
184.562500 137.093750 40 1 112.562500
187.062500 138.687500 40 2 112.062500
189.562500 140.843750 40 2 112.562500
192.062500 143.562500 40 3 112.062500
194.562500 146.843750 40 3 112.562500
197.062500 150.687500 40 4 112.062500
199.562500 155.093750 40 4 112.562500
202.062500 159.093750 40 4 112.062500
204.562500 163.093750 40 4 112.562500
207.062500 167.093750 40 4 112.062500
209.562500 171.093750 40 4 112.562500
212.062500 175.093750 40 4 112.062500
214.562500 176.093750 40 0 112.562500
217.062500 171.000000 40 -5 112.062500
219.562500 166.156250 40 -5 112.562500
222.062500 161.468750 40 -5 112.062500
224.562500 156.937500 40 -5 112.562500
227.062500 152.562500 40 -4 112.062500
229.562500 148.750000 40 -4 112.562500
232.062500 145.500000 40 -3 112.062500
234.562500 142.812500 40 -3 112.562500
237.062500 140.687500 40 -2 112.062500
239.562500 139.125000 40 -1 112.562500
242.062500 138.125000 40 -1 112.062500
244.562500 137.687500 40 0 112.562500
247.062500 137.812500 40 0 112.062500
249.562500 138.500000 40 1 112.562500
252.062500 139.750000 40 1 112.062500
254.562500 141.562500 40 2 112.562500
257.062500 143.937500 40 2 112.062500
259.562500 146.875000 40 3 112.562500
262.062500 150.375000 40 4 112.062500
264.562500 154.437500 40 4 112.562500
267.062500 158.437500 40 4 112.062500
269.562500 162.437500 40 4 112.562500
272.062500 166.437500 40 4 112.062500
274.562500 170.437500 40 4 112.562500
277.062500 174.437500 40 4 112.062500
279.562500 176.437500 40 0 112.562500
282.062500 176.437500 40 0 112.062500
284.562500 171.000000 40 1 112.562500
287.062500 172.156250 40 1 112.062500
289.562500 173.875000 40 2 112.562500
292.062500 176.156250 40 0 112.062500
294.562500 176.156250 40 0 112.562500
297.062500 171.000000 40 1 112.062500
299.562500 172.156250 40 1 112.562500
302.062500 173.875000 40 2 112.062500
304.562500 176.156250 40 0 112.562500
307.062500 176.156250 40 0 112.062500
309.562500 171.000000 40 1 112.562500
312.062500 172.156250 40 1 112.062500
314.562500 173.875000 40 2 112.562500
317.062500 176.156250 40 0 112.062500
319.562500 176.156250 40 0 112.562500
322.062500 171.000000 40 1 112.062500
324.562500 172.156250 40 1 112.562500
327.062500 173.875000 40 2 112.062500
329.562500 176.156250 40 0 112.562500
332.062500 176.156250 40 0 112.062500
334.562500 176.156250 40 0 112.562500
337.062500 176.156250 40 0 112.062500
339.562500 176.156250 40 0 112.562500
342.062500 176.156250 40 0 112.062500
344.562500 171.000000 40 1 112.562500
347.062500 172.156250 40 1 112.062500
349.562500 173.875000 40 2 112.562500
352.062500 176.156250 40 0 112.062500
354.562500 171.000000 40 1 112.562500
357.062500 172.156250 40 1 112.062500
359.562500 173.875000 40 2 112.562500
362.062500 176.156250 40 0 112.062500
364.562500 171.000000 40 1 112.562500
367.062500 172.156250 40 1 112.062500
369.562500 173.875000 40 2 112.562500
372.062500 176.156250 40 0 112.062500
374.562500 171.000000 40 1 112.562500
377.062500 172.156250 40 1 112.062500
379.562500 173.875000 40 2 112.562500
382.062500 176.156250 40 0 112.062500
384.562500 176.156250 40 0 112.562500
387.062500 171.000000 40 1 112.062500
389.562500 172.156250 40 1 112.562500
392.062500 173.875000 40 2 112.062500
394.562500 176.156250 40 0 112.562500
397.062500 171.000000 40 1 112.062500
399.562500 172.156250 40 1 112.562500
402.062500 173.875000 40 2 112.062500
404.562500 176.156250 40 0 112.562500
407.062500 171.000000 40 1 112.062500
409.562500 172.156250 40 1 112.562500
412.062500 173.875000 40 2 112.062500
414.562500 176.156250 40 0 112.562500
417.062500 176.156250 40 0 112.062500
419.562500 171.000000 40 1 112.562500
422.062500 172.156250 40 1 112.062500
424.562500 173.875000 40 2 112.562500
427.062500 176.156250 40 0 112.062500
429.562500 176.156250 40 0 112.562500
432.062500 171.000000 40 -5 112.062500
434.562500 166.156250 40 -5 112.562500
437.062500 161.468750 40 -5 112.062500
439.562500 156.937500 40 -5 112.562500
442.062500 152.562500 40 -5 112.062500
444.562500 148.343750 40 -5 112.562500
447.062500 144.281250 40 -4 112.062500
449.562500 140.375000 40 -4 112.562500
452.062500 136.625000 40 -4 112.062500
454.562500 133.031250 40 -4 112.562500
457.062500 129.593750 40 -3 112.062500
459.562500 126.718750 40 -3 112.562500
462.062500 124.406250 40 -2 112.062500
464.562500 122.656250 40 -2 112.562500
467.062500 121.468750 40 -1 112.062500
469.562500 120.843750 40 -1 112.562500
472.062500 120.781250 40 0 112.062500
474.562500 121.281250 40 1 112.562500
477.062500 122.343750 40 1 112.062500
479.562500 123.968750 40 2 112.562500
482.062500 126.156250 40 2 112.062500
484.562500 128.906250 40 0 112.562500
487.062500 128.906250 40 0 112.062500
489.562500 128.906250 40 0 112.562500
492.062500 128.906250 40 0 112.062500
494.562500 128.906250 40 0 112.562500
497.062500 128.906250 40 0 112.062500
499.562500 128.906250 40 0 112.562500
502.062500 128.906250 40 0 112.062500
504.562500 128.906250 40 0 112.562500
507.062500 123.000000 40 -5 112.062500
509.562500 118.156250 40 -5 112.562500
512.062500 113.468750 40 -5 112.062500
514.562500 108.937500 40 -5 112.562500
517.062500 104.562500 40 -5 112.062500
519.562500 100.343750 40 -5 112.562500
522.062500 96.281250 40 -4 112.062500
524.562500 92.781250 40 -3 112.562500
527.062500 89.843750 40 -3 112.062500
529.562500 87.468750 40 -2 112.562500
532.062500 85.656250 40 -2 112.062500
534.562500 84.406250 40 -1 112.562500
537.062500 83.718750 40 -1 112.062500
539.562500 83.593750 40 0 112.562500
542.062500 84.031250 40 1 112.062500
544.562500 85.031250 40 1 112.562500
547.062500 86.593750 40 2 112.062500
549.562500 88.718750 40 2 112.562500
552.062500 91.406250 40 3 112.062500
554.562500 94.656250 40 3 112.562500
557.062500 98.468750 40 4 112.062500
559.562500 102.843750 40 4 112.562500
562.062500 106.843750 40 4 112.062500
564.562500 110.843750 40 4 112.562500
567.062500 114.843750 40 4 112.062500
569.562500 118.843750 40 4 112.562500
572.062500 122.843750 40 4 112.062500
574.562500 126.843750 40 4 112.562500
577.062500 128.843750 40 0 112.062500
579.562500 128.843750 40 0 112.562500
582.062500 128.843750 40 0 112.062500
584.562500 128.843750 40 0 112.562500
587.062500 128.843750 40 0 112.062500
589.562500 128.843750 40 0 112.562500
592.062500 128.843750 40 0 112.062500
594.562500 128.843750 40 0 112.562500
597.062500 128.843750 40 0 112.062500
599.562500 128.843750 40 0 112.562500
602.062500 128.843750 40 0 112.062500
604.562500 128.843750 40 0 112.562500
607.062500 128.843750 40 0 112.062500
609.562500 128.843750 40 0 112.562500
612.062500 129.406250 40 1 112.062500
614.562500 130.531250 40 1 112.562500
617.062500 132.218750 40 2 112.062500
619.562500 134.468750 40 2 112.562500
622.062500 137.281250 40 3 112.062500
624.562500 140.656250 40 3 112.562500
627.062500 144.593750 40 4 112.062500
629.562500 148.593750 40 4 112.562500
632.062500 152.593750 40 4 112.062500
634.562500 156.593750 40 4 112.562500
637.062500 160.593750 40 0 112.062500
639.562500 155.000000 40 -5 112.562500
642.062500 150.156250 40 -5 112.062500
644.562500 145.875000 40 -4 112.562500
647.062500 142.156250 40 -4 112.062500
649.562500 139.000000 40 -3 112.562500
652.062500 136.406250 40 -3 112.062500
654.562500 134.375000 40 -2 112.562500
657.062500 132.906250 40 -1 112.062500
659.562500 132.000000 40 -1 112.562500
662.062500 128.656250 40 0 112.062500
664.562500 123.000000 40 -5 112.562500
667.062500 118.156250 40 -5 112.062500
669.562500 113.875000 40 -4 112.562500
672.062500 110.156250 40 -4 112.062500
674.562500 107.000000 40 -3 112.562500
677.062500 104.406250 40 -3 112.062500
679.562500 102.375000 40 -2 112.562500
682.062500 100.906250 40 -1 112.062500
684.562500 100.000000 40 -1 112.562500
687.062500 99.656250 40 0 112.062500
689.562500 99.875000 40 0 112.562500
692.062500 96.656250 40 0 112.062500
694.562500 96.656250 40 0 112.562500
697.062500 91.000000 40 -5 112.062500
699.562500 86.156250 40 -5 112.562500
702.062500 81.875000 40 -4 112.062500
704.562500 78.156250 40 -4 112.562500
707.062500 75.000000 40 -3 112.062500
709.562500 72.406250 40 -3 112.562500
712.062500 70.375000 40 -2 112.062500
714.562500 68.906250 40 -1 112.562500
717.062500 68.000000 40 -1 112.062500
719.562500 67.656250 40 0 112.562500
722.062500 67.875000 40 0 112.062500
724.562500 64.656250 40 0 112.562500
727.062500 59.000000 40 -5 112.062500
729.562500 54.156250 40 -5 112.562500
732.062500 49.468750 40 -5 112.062500
734.562500 45.343750 40 -4 112.562500
737.062500 41.781250 40 -3 112.062500
739.562500 38.781250 40 -3 112.562500
742.062500 36.343750 40 -2 112.062500
744.562500 34.468750 40 -2 112.562500
747.062500 33.156250 40 -1 112.062500
749.562500 32.406250 40 -1 112.562500
752.062500 32.218750 40 0 112.062500
754.562500 32.593750 40 0 112.562500
757.062500 32.531250 40 0 112.062500
759.562500 32.531250 40 0 112.562500
762.062500 32.531250 40 0 112.062500
764.562500 32.531250 40 0 112.562500
767.062500 32.531250 40 0 112.062500
769.562500 32.531250 40 0 112.562500
772.062500 32.531250 40 0 112.062500
774.562500 32.531250 40 0 112.562500
777.062500 27.000000 40 -5 112.062500
779.562500 22.156250 40 -5 112.562500
782.062500 17.468750 40 -5 112.062500
784.562500 12.937500 40 -5 112.562500
787.062500 8.562500 40 -5 112.062500
789.562500 4.343750 40 -5 112.562500
792.062500 0.281250 40 -4 112.062500
794.562500 -3.625000 40 -4 112.562500
797.062500 -7.375000 40 -4 112.062500
799.562500 -10.968750 40 -4 112.562500
802.062500 -14.406250 40 -4 112.062500
804.562500 -17.687500 40 -4 112.562500
807.062500 -20.812500 40 -3 112.062500
809.562500 -23.781250 40 -3 112.562500
812.062500 -26.187500 40 -2 112.062500
814.562500 -28.031250 40 -2 112.562500
817.062500 -29.312500 40 -1 112.062500
819.562500 -30.031250 40 -1 112.562500
822.062500 -30.187500 40 0 112.062500
824.562500 -29.781250 40 0 112.562500
827.062500 -28.812500 40 1 112.062500
829.562500 -27.281250 40 2 112.562500
832.062500 -25.187500 40 2 112.062500
834.562500 -22.531250 40 3 112.562500
837.062500 -19.312500 40 3 112.062500
839.562500 -15.531250 40 4 112.562500
842.062500 -11.187500 40 4 112.062500
844.562500 -7.187500 40 4 112.562500
847.062500 -3.187500 40 4 112.062500
849.562500 0.812500 40 4 112.562500
852.062500 4.812500 40 4 112.062500
854.562500 8.812500 40 4 112.562500
857.062500 12.812500 40 4 112.062500
859.562500 16.812500 40 4 112.562500
862.062500 20.812500 40 4 112.062500
864.562500 24.812500 40 4 112.562500
867.062500 28.812500 40 4 112.062500
869.562500 32.812500 40 0 112.562500
872.062500 32.812500 40 0 112.062500
874.562500 27.000000 40 -5 112.562500
877.062500 22.156250 40 -5 112.062500
879.562500 17.468750 40 -5 112.562500
882.062500 12.937500 40 -5 112.062500
884.562500 8.562500 40 -5 114.562500
887.062500 4.343750 40 -5 117.062500
889.562500 0.281250 40 -4 119.562500
892.062500 -3.218750 40 -3 122.062500
894.562500 -6.156250 40 -3 124.562500
897.062500 -8.531250 40 -2 127.062500
899.562500 -10.343750 40 -2 129.562500
902.062500 -11.593750 40 -1 132.062500
904.562500 -12.281250 40 -1 134.562500
907.062500 -12.406250 40 0 137.062500
909.562500 -11.968750 40 1 139.562500
912.062500 -10.968750 40 1 142.062500
914.562500 -9.406250 40 2 144.562500
917.062500 -7.281250 40 2 147.062500
919.562500 -4.593750 40 3 149.562500
922.062500 -1.343750 40 3 152.062500
924.562500 2.468750 40 4 154.562500
927.062500 6.843750 40 4 157.062500
929.562500 10.843750 40 4 159.562500
932.062500 14.843750 40 4 162.062500
934.562500 18.843750 40 4 164.562500
937.062500 22.843750 40 4 167.062500
939.562500 26.843750 40 4 169.562500
942.062500 30.843750 40 4 172.062500
944.562500 32.843750 40 0 174.562500
947.062500 32.843750 40 0 177.062500
948.562500 32.843750 24 0 178.562500
950.000000 32.843750 23 0 180.000000
951.312500 32.843750 21 0 181.312500
952.500000 32.843750 19 0 182.500000
953.625000 32.843750 18 0 183.625000
954.625000 32.843750 16 0 184.625000
955.500000 32.843750 14 0 185.500000
956.312500 32.843750 13 0 186.312500
957.000000 32.843750 11 0 187.000000
957.625000 32.843750 10 0 187.625000
958.125000 33.406250 8 1 188.125000
958.500000 34.531250 6 1 188.500000
958.812500 36.218750 5 2 188.812500
959.000000 38.468750 3 2 189.000000
959.062500 41.281250 1 3 189.062500
959.062500 44.656250 0 3 189.062500
958.937500 48.593750 -2 4 188.937500
958.750000 52.593750 -3 4 188.750000
958.437500 56.593750 -5 4 188.437500
958.000000 60.593750 -7 4 188.000000
957.500000 64.593750 -8 4 187.500000
956.875000 68.593750 -10 4 186.875000
956.125000 72.593750 -12 4 186.125000
955.312500 76.593750 -13 4 185.312500
954.375000 80.593750 -15 4 184.375000
953.375000 84.593750 -16 4 183.375000
952.250000 88.593750 -18 4 182.250000
951.000000 92.593750 -20 4 181.000000
949.687500 96.593750 -21 4 179.687500
948.250000 100.593750 -23 4 178.250000
946.750000 104.593750 -24 4 176.750000
945.250000 108.593750 -24 4 175.250000
943.750000 112.593750 -24 4 173.750000
942.250000 116.593750 -24 4 172.250000
940.750000 120.593750 -24 4 170.750000
939.250000 124.593750 -24 4 169.250000
937.750000 128.593750 -24 0 167.750000
936.125000 128.593750 -26 0 166.125000
934.500000 128.593750 -26 0 164.500000
932.812500 123.000000 -27 -5 162.812500
931.000000 118.156250 -29 -5 161.000000
929.062500 113.875000 -31 -4 159.062500
927.000000 110.156250 -33 -4 157.000000
924.812500 107.000000 -35 -3 154.812500
922.562500 104.406250 -36 -3 152.562500
920.187500 102.375000 -38 -2 150.187500
917.687500 100.906250 -40 -1 147.687500
915.187500 100.000000 -40 -1 145.187500
912.687500 99.656250 -40 0 142.687500
910.187500 99.875000 -40 0 140.187500
907.687500 100.656250 -40 1 137.687500
905.187500 102.000000 -40 1 135.187500
902.687500 103.906250 -40 2 132.687500
900.187500 106.375000 -40 3 130.187500
897.687500 109.406250 -40 3 127.687500
895.187500 113.000000 -40 4 125.187500
892.687500 117.156250 -40 4 122.687500
890.187500 121.156250 -40 4 120.187500
887.687500 125.156250 -40 4 117.687500
885.187500 128.156250 -40 0 115.187500
882.687500 128.156250 -40 0 112.687500
880.187500 123.000000 -40 -5 110.187500
877.687500 118.156250 -40 -5 107.687500
875.187500 113.468750 -40 -5 105.187500
872.687500 108.937500 -40 -5 102.687500
870.187500 104.562500 -40 -4 100.187500
867.687500 100.750000 -40 -4 97.687500
865.187500 97.500000 -40 -3 95.187500
862.687500 94.812500 -40 -3 92.687500
860.187500 92.687500 -40 -2 90.187500
857.687500 91.125000 -40 -1 87.687500
855.187500 90.125000 -40 -1 85.187500
852.687500 89.687500 -40 0 82.687500
850.187500 89.812500 -40 0 80.187500
847.687500 90.500000 -40 1 77.687500
845.187500 91.750000 -40 1 75.187500
842.687500 93.562500 -40 2 72.687500
840.187500 95.937500 -40 2 70.187500
837.687500 98.875000 -40 3 67.687500
835.187500 102.375000 -40 4 65.187500
832.687500 106.437500 -40 4 62.687500
830.187500 110.437500 -40 4 60.187500
827.687500 114.437500 -40 4 57.687500
825.187500 118.437500 -40 4 55.187500
822.687500 122.437500 -40 4 52.687500
820.187500 126.437500 -40 4 50.187500
817.687500 128.437500 -40 0 47.687500
815.187500 128.437500 -40 0 45.187500
812.687500 128.437500 -40 0 42.687500
812.687500 128.437500 -40 0 42.687500
