2616.000000 144.000000
2616.062500 144.000000
2616.187500 140.000000
2616.375000 136.125000
2616.625000 132.687500
2616.937500 129.687500
2617.375000 127.125000
2617.875000 125.000000
2618.437500 123.312500
2619.062500 122.062500
2619.750000 121.250000
2620.562500 120.875000
2621.437500 120.937500
2622.375000 121.437500
2623.375000 122.375000
2624.437500 123.750000
2625.625000 125.562500
2626.875000 127.812500
2628.187500 130.500000
2629.562500 133.625000
2631.000000 137.187500
2632.500000 141.187500
2634.000000 144.625000
2635.625000 144.625000
2637.250000 144.625000
2638.937500 144.625000
2640.750000 145.062500
2642.687500 145.937500
2644.750000 147.250000
2646.937500 149.000000
2649.187500 151.187500
2651.562500 153.812500
2654.062500 156.875000
2656.562500 160.375000
2659.062500 164.312500
2661.562500 168.687500
2664.062500 172.687500
2666.562500 176.125000
2669.062500 171.000000
2671.562500 166.156250
2674.062500 161.468750
2676.562500 156.937500
2679.062500 152.562500
2681.562500 148.343750
2684.062500 144.687500
2686.562500 141.593750
2689.062500 142.062500
2691.562500 143.093750
2694.062500 144.687500
2696.562500 146.843750
2699.062500 149.562500
2701.562500 152.843750
2704.062500 156.687500
2706.562500 161.093750
2709.062500 165.093750
2711.562500 169.093750
2714.062500 173.093750
2716.562500 176.093750
2719.062500 171.000000
2721.562500 166.156250
2724.062500 161.875000
2726.562500 158.156250
2729.062500 155.000000
2731.562500 152.406250
2734.062500 150.375000
2736.562500 148.906250
2739.062500 148.000000
2741.562500 147.656250
2744.062500 147.875000
2746.562500 148.656250
2749.062500 150.000000
2751.562500 151.906250
2754.062500 154.375000
2756.562500 157.406250
2759.062500 161.000000
2761.562500 165.156250
2764.062500 169.156250
2766.562500 165.156250
2769.062500 161.718750
2771.562500 158.843750
2774.062500 156.531250
2776.562500 154.781250
2779.062500 153.593750
2781.562500 152.968750
2784.062500 152.906250
2786.562500 153.406250
2789.062500 154.468750
2791.562500 156.093750
2794.062500 158.281250
2796.562500 161.031250
2799.062500 164.343750
2801.562500 168.218750
2804.062500 172.656250
2806.562500 176.656250
2809.062500 176.656250
2811.562500 171.000000
2814.062500 166.156250
2816.562500 161.468750
2819.062500 156.937500
2821.562500 152.562500
2824.062500 148.750000
2826.562500 145.500000
2829.062500 142.812500
2831.562500 140.687500
2834.062500 139.125000
2836.562500 138.125000
2839.062500 137.687500
2841.562500 137.812500
2844.062500 138.500000
2846.562500 139.750000
2849.062500 141.562500
2851.562500 143.937500
2854.062500 144.875000
2856.562500 139.000000
2859.062500 134.156250
2861.562500 129.875000
2864.062500 126.156250
2866.562500 123.000000
2869.062500 120.406250
2871.562500 118.375000
2874.062500 116.906250
2876.562500 116.000000
2879.062500 115.656250
2881.562500 115.875000
2884.062500 116.656250
2886.562500 118.000000
2889.062500 119.906250
2891.562500 122.375000
2894.062500 125.406250
2896.562500 129.000000
2899.062500 133.156250
2901.562500 137.156250
2904.062500 141.156250
2906.562500 144.156250
2909.062500 139.000000
2911.562500 134.156250
2914.062500 129.875000
2916.562500 126.156250
2919.062500 123.000000
2921.562500 120.406250
2924.062500 118.375000
2926.562500 116.906250
2929.062500 116.000000
2931.562500 115.656250
2934.062500 112.875000
2936.500000 112.875000
2938.937500 107.000000
2941.375000 102.156250
2943.812500 97.875000
2946.250000 94.156250
2948.687500 91.000000
2951.125000 88.406250
2953.562500 86.375000
2956.000000 84.906250
2958.500000 84.000000
2961.000000 83.656250
2963.500000 83.875000
2966.000000 80.656250
2968.500000 75.000000
2971.000000 70.156250
2973.500000 65.875000
2976.000000 62.156250
2978.500000 59.000000
2981.000000 56.406250
2983.500000 54.375000
2986.000000 52.906250
2988.500000 52.000000
2991.000000 51.656250
2993.500000 51.875000
2996.000000 48.656250
2998.500000 48.656250
3001.000000 48.656250
3003.437500 43.000000
3005.937500 38.156250
3008.437500 33.468750
3010.937500 28.937500
3013.437500 24.562500
3015.937500 20.343750
3018.437500 16.281250
3020.937500 12.375000
3023.437500 8.625000
3025.937500 5.031250
3028.437500 1.593750
3030.937500 254.718750
3033.437500 252.406250
3035.937500 250.656250
3038.437500 249.468750
3040.937500 248.843750
3043.437500 248.781250
3045.937500 249.281250
3048.437500 250.343750
3050.937500 251.968750
3053.437500 254.156250
3055.937500 0.906250
3058.437500 4.218750
3060.937500 8.093750
3063.437500 12.531250
3065.937500 17.531250
3068.437500 21.531250
3070.937500 25.531250
3073.437500 29.531250
3075.937500 33.531250
3078.437500 37.531250
3080.937500 41.531250
3083.437500 45.531250
3085.937500 49.531250
3088.437500 53.531250
3090.937500 57.531250
3093.437500 61.531250
3095.937500 65.531250
3098.437500 69.531250
3100.937500 73.531250
3103.437500 77.531250
3105.937500 81.531250
3108.437500 85.531250
3110.937500 89.531250
3113.437500 93.531250
3115.937500 97.531250
3118.437500 101.531250
3120.937500 105.531250
3123.437500 109.531250
3125.937500 113.531250
3128.437500 117.531250
3130.937500 121.531250
3133.437500 125.531250
3135.937500 129.531250
3138.437500 133.531250
3140.937500 137.531250
3143.437500 141.531250
3145.937500 145.531250
3148.437500 149.531250
3150.937500 153.531250
3153.437500 157.531250
3155.937500 161.531250
3157.437500 165.531250
3158.375000 169.531250
3159.375000 173.531250
3158.500000 176.531250
3158.437500 172.000000
3158.375000 168.125000
3161.437500 164.687500
3161.437500 164.687500
