24.000000 48.406250
23.875000 50.750000
23.687500 53.250000
23.437500 55.906250
23.250000 58.718750
23.125000 61.687500
23.125000 64.812500
23.187500 68.093750
23.250000 71.531250
23.312500 75.125000
23.437500 78.875000
23.562500 82.781250
23.750000 86.843750
24.000000 91.062500
24.250000 95.437500
24.562500 99.437500
24.875000 103.593750
25.250000 107.906250
25.687500 112.375000
26.125000 116.375000
26.625000 120.531250
27.125000 124.843750
27.687500 129.312500
28.312500 133.312500
28.937500 137.468750
29.625000 141.781250
30.312500 146.250000
31.062500 150.250000
31.875000 154.406250
32.687500 158.718750
33.562500 163.187500
34.437500 167.187500
35.375000 171.343750
36.375000 175.656250
37.375000 176.125000
38.437500 172.000000
39.500000 168.117188
40.625000 164.351562
41.812500 160.703125
43.000000 157.171875
44.250000 153.757812
45.500000 150.460938
46.812500 147.281250
48.125000 144.218750
49.500000 141.273438
50.937500 138.445312
52.375000 135.992188
53.875000 133.914062
55.375000 132.210938
56.875000 130.882812
58.375000 129.929688
59.875000 129.351562
61.375000 128.148438
62.937500 128.148438
64.500000 128.148438
66.187500 123.000000
67.937500 118.156250
69.812500 113.468750
71.812500 109.343750
73.937500 105.781250
76.125000 102.781250
78.437500 100.343750
80.875000 98.468750
83.375000 97.156250
85.875000 96.406250
88.375000 96.218750
90.875000 96.593750
93.375000 97.531250
95.875000 99.031250
98.375000 101.093750
100.875000 103.718750
103.375000 106.906250
105.875000 110.656250
108.375000 114.968750
110.875000 118.968750
113.375000 122.968750
115.875000 126.968750
118.375000 128.968750
120.875000 128.968750
123.375000 123.000000
125.875000 118.156250
128.375000 113.875000
130.875000 110.156250
133.375000 107.000000
135.875000 104.406250
138.375000 102.375000
140.875000 100.906250
143.375000 100.000000
145.875000 99.656250
148.375000 99.875000
150.875000 100.656250
153.375000 102.000000
155.875000 103.906250
158.375000 106.375000
160.875000 109.406250
163.375000 113.000000
165.875000 117.156250
168.312500 121.156250
170.687500 125.156250
173.000000 129.156250
175.250000 133.156250
177.437500 137.156250
179.625000 141.156250
181.750000 145.156250
183.875000 149.156250
186.000000 153.156250
188.187500 157.156250
190.375000 161.156250
192.625000 165.156250
194.937500 169.156250
196.312500 173.156250
196.312500 176.156250
196.312500 176.156250
