92.062500 92.062500
92.062500 92.062500
92.214844 92.109375
92.332031 92.121094
92.593750 92.136719
92.765625 92.136719
93.136719 92.136719
93.363281 92.136719
93.843750 92.136719
94.125000 92.136719
94.714844 92.136719
95.050781 92.136719
95.750000 92.136719
96.140625 92.136719
96.949219 92.136719
97.394531 92.136719
98.312500 92.136719
98.812500 92.136719
99.839844 92.136719
100.394531 92.136719
101.531250 92.136719
102.140625 92.136719
103.386719 92.136719
104.050781 92.136719
105.417969 92.136719
106.160156 92.136719
107.683594 92.136719
108.503906 92.136719
110.183594 92.136719
111.082031 92.136719
112.917969 92.136719
113.894531 92.136719
115.886719 92.136719
116.906250 92.136719
118.906250 92.136719
119.906250 92.136719
121.906250 92.238281
122.906250 92.335938
124.906250 92.562500
125.906250 92.722656
127.906250 93.074219
128.906250 93.296875
130.898438 93.769531
131.898438 94.046875
133.898438 94.628906
134.898438 94.960938
136.898438 95.652344
137.898438 96.039062
139.898438 96.839844
140.898438 97.281250
142.898438 98.191406
143.898438 98.687500
145.898438 99.707031
146.898438 100.257812
148.898438 101.386719
149.898438 101.992188
151.898438 103.230469
152.898438 103.890625
154.906250 105.253906
155.906250 106.000000
157.906250 107.535156
158.906250 108.367188
160.906250 110.074219
161.906250 110.992188
163.906250 112.871094
164.906250 113.875000
166.906250 115.906250
167.906250 116.906250
169.906250 118.906250
170.906250 119.906250
172.906250 121.906250
173.906250 122.906250
175.906250 124.906250
176.906250 125.906250
178.902344 127.906250
179.902344 128.906250
181.898438 130.898438
182.898438 131.898438
184.898438 133.898438
185.898438 134.898438
187.898438 136.898438
188.898438 137.898438
190.898438 139.898438
191.898438 140.898438
193.898438 142.898438
194.898438 143.898438
196.898438 145.898438
197.898438 146.898438
199.898438 148.898438
200.898438 149.898438
202.906250 151.902344
203.906250 152.902344
205.906250 154.906250
206.906250 155.906250
207.906250 156.906250
208.906250 157.906250
209.906250 158.906250
210.906250 159.906250
211.906250 160.906250
212.906250 161.906250
213.906250 162.906250
214.906250 163.906250
215.906250 164.906250
216.906250 165.906250
217.906250 166.906250
218.906250 167.906250
219.906250 168.906250
220.906250 169.906250
221.906250 170.906250
222.906250 171.906250
223.906250 172.906250
224.906250 173.906250
225.906250 174.906250
226.906250 175.906250
227.906250 176.906250
228.906250 177.906250
229.902344 178.906250
230.894531 179.906250
232.875000 181.906250
233.859375 182.906250
235.824219 184.906250
236.800781 185.906250
238.750000 187.906250
239.718750 188.906250
241.652344 190.906250
242.613281 191.906250
244.531250 193.906250
245.484375 194.906250
247.386719 196.906250
248.332031 197.906250
250.113281 199.906250
250.945312 200.906250
252.566406 202.898438
253.312500 203.898438
254.761719 205.898438
255.421875 206.898438
256.699219 208.898438
257.273438 209.898438
258.378906 211.898438
258.867188 212.898438
259.800781 214.898438
260.203125 215.898438
260.964844 217.898438
261.281250 218.898438
261.871094 220.898438
262.101562 221.898438
262.519531 223.898438
262.664062 224.898438
262.910156 226.898438
262.968750 227.898438
263.042969 229.898438
263.156250 230.898438
263.410156 232.898438
263.578125 233.898438
263.941406 235.898438
264.164062 236.898438
264.636719 238.898438
264.914062 239.898438
265.496094 241.898438
265.828125 242.898438
266.519531 244.898438
266.906250 245.898438
267.707031 247.898438
268.148438 248.898438
269.058594 250.898438
269.554688 251.898438
270.574219 253.898438
271.125000 254.898438
272.253906 256.898438
272.859375 257.898438
274.097656 259.898438
274.757812 260.898438
276.105469 262.898438
276.820312 263.898438
278.277344 265.898438
279.046875 266.898438
280.613281 268.898438
281.437500 269.898438
283.113281 271.898438
283.992188 272.898438
285.777344 274.898438
286.710938 275.898438
288.605469 277.898438
289.593750 278.898438
291.597656 280.898438
292.609375 281.898438
294.609375 283.898438
295.609375 284.898438
297.617188 286.902344
298.617188 287.902344
300.617188 289.902344
301.617188 290.902344
303.617188 292.902344
304.617188 293.902344
306.617188 295.902344
307.617188 296.902344
309.617188 298.902344
310.617188 299.902344
312.617188 301.902344
313.609375 302.898438
315.609375 304.898438
316.609375 305.898438
318.609375 307.898438
319.609375 308.898438
321.585938 310.902344
322.585938 311.902344
324.585938 313.902344
325.585938 314.902344
327.585938 316.902344
328.585938 317.902344
330.554688 319.902344
331.500000 320.902344
333.363281 322.902344
334.253906 323.902344
336.007812 325.902344
336.898438 326.898438
338.707031 328.898438
339.652344 329.898438
341.570312 331.898438
342.570312 332.898438
344.597656 334.898438
345.597656 335.898438
347.597656 337.898438
348.597656 338.898438
350.597656 340.898438
351.597656 341.898438
353.597656 343.898438
354.597656 344.898438
356.601562 346.906250
357.601562 347.906250
359.601562 349.906250
360.601562 350.906250
362.601562 352.906250
363.601562 353.906250
365.601562 355.906250
366.601562 356.906250
368.601562 358.906250
369.601562 359.906250
371.601562 361.875000
372.601562 362.875000
374.601562 364.875000
375.523438 365.875000
377.328125 367.875000
378.171875 368.875000
379.820312 370.843750
380.585938 371.789062
382.078125 373.652344
382.765625 374.542969
384.101562 376.296875
384.730469 377.191406
385.968750 379.011719
386.558594 379.968750
387.718750 381.914062
388.269531 382.933594
389.351562 384.945312
389.863281 385.945312
390.867188 387.945312
391.339844 388.945312
392.265625 390.945312
392.687500 391.945312
393.500000 393.945312
393.859375 394.945312
394.757812 396.945312
395.265625 397.945312
396.320312 399.945312
396.906250 400.945312
398.117188 402.945312
398.781250 403.945312
400.148438 405.945312
400.878906 406.941406
402.367188 408.941406
403.152344 409.941406
404.750000 411.941406
405.589844 412.941406
407.296875 414.941406
408.191406 415.941406
409.984375 417.816406
410.886719 418.695312
412.695312 420.414062
413.605469 421.214844
415.429688 422.777344
416.347656 423.500000
418.214844 424.925781
419.195312 425.609375
421.187500 426.957031
422.207031 427.601562
424.207031 428.871094
425.207031 429.476562
427.207031 430.667969
428.207031 431.234375
430.207031 432.347656
431.207031 432.863281
433.207031 433.863281
434.207031 434.457031
436.207031 435.683594
437.207031 436.355469
439.207031 437.738281
440.207031 438.488281
442.207031 440.027344
443.207031 440.820312
445.207031 442.410156
446.207031 443.210938
448.207031 444.816406
449.207031 445.625000
451.207031 447.246094
452.207031 448.062500
454.207031 449.667969
455.207031 450.429688
457.207031 451.925781
458.207031 452.632812
460.089844 454.019531
460.972656 454.671875
462.699219 455.949219
463.503906 456.546875
465.093750 457.773438
465.859375 458.433594
467.371094 459.785156
468.097656 460.507812
469.531250 461.984375
470.218750 462.769531
471.574219 464.371094
472.222656 465.218750
473.488281 466.945312
474.074219 467.855469
475.214844 469.707031
475.808594 470.679688
477.000000 472.656250
477.601562 473.683594
478.808594 475.683594
479.417969 476.683594
480.628906 478.679688
481.222656 479.679688
482.402344 481.679688
482.980469 482.679688
484.128906 484.679688
484.691406 485.679688
485.808594 487.679688
486.355469 488.679688
487.441406 490.679688
487.972656 491.679688
489.003906 493.683594
489.472656 494.683594
490.378906 496.683594
490.785156 497.683594
491.566406 499.683594
491.910156 500.683594
492.566406 502.683594
492.847656 503.683594
493.378906 505.683594
493.597656 506.683594
494.003906 508.683594
494.160156 509.683594
494.441406 511.683594
494.535156 512.683594
494.691406 514.683594
494.722656 515.683594
494.753906 517.683594
494.753906 518.683594
494.746094 520.683594
494.746094 521.683594
494.746094 523.683594
494.746094 524.683594
494.746094 526.683594
494.746094 527.683594
494.730469 530.640625
494.683594 532.546875
494.613281 534.406250
