44.000000 180
44.000000 180
45.000000 175
47.000000 170
48.000000 166
50.000000 161
51.000000 158
53.000000 154
54.000000 151
56.000000 147
57.000000 144
59.000000 142
60.000000 139
62.000000 137
63.000000 135
65.000000 134
66.000000 132
68.000000 131
69.000000 130
71.000000 130
72.000000 129
74.000000 130
75.000000 130
77.000000 131
78.000000 132
80.000000 133
81.000000 135
83.000000 137
84.000000 139
86.000000 141
87.000000 144
89.000000 147
90.000000 150
92.000000 153
93.000000 157
95.000000 161
96.000000 165
98.000000 169
99.000000 174
101.000000 178
102.000000 180
104.000000 175
105.000000 170
107.000000 166
108.000000 162
110.000000 158
111.000000 154
113.000000 151
114.000000 148
116.000000 145
117.000000 142
119.000000 140
120.000000 138
122.000000 136
123.000000 134
125.000000 134
126.000000 135
128.000000 136
129.000000 137
131.000000 138
132.000000 140
134.000000 142
135.000000 144
137.000000 146
138.000000 149
140.000000 151
141.000000 154
143.000000 158
144.000000 161
146.000000 165
147.000000 169
149.000000 174
150.000000 178
152.000000 180
153.000000 175
155.000000 171
156.000000 166
158.000000 162
159.000000 158
161.000000 155
162.000000 151
164.000000 148
165.000000 145
167.000000 143
168.000000 140
170.000000 138
171.000000 136
173.000000 135
174.000000 133
176.000000 132
177.000000 131
179.000000 131
180.000000 130
182.000000 130
183.000000 130
185.000000 130
186.000000 131
188.000000 132
189.000000 133
191.000000 134
192.000000 136
194.000000 138
195.000000 140
197.000000 142
198.000000 145
200.000000 148
201.000000 151
203.000000 154
204.000000 158
206.000000 162
207.000000 166
209.000000 170
210.000000 175
212.000000 180
213.000000 175
215.000000 175
216.000000 176
218.000000 177
219.000000 178
221.000000 179
222.000000 180
224.000000 175
225.000000 171
227.000000 166
228.000000 162
230.000000 158
231.000000 155
233.000000 155
234.000000 155
236.000000 156
237.000000 157
239.000000 159
240.000000 160
242.000000 162
243.000000 164
245.000000 166
246.000000 169
248.000000 172
249.000000 175
251.000000 178
252.000000 180
254.000000 175
255.000000 176
257.000000 176
258.000000 177
260.000000 178
261.000000 180
263.000000 175
264.000000 175
266.000000 176
267.000000 177
269.000000 178
270.000000 179
272.000000 180
273.000000 175
275.000000 170
276.000000 166
278.000000 166
279.000000 167
281.000000 168
282.000000 169
284.000000 170
285.000000 172
287.000000 174
288.000000 176
290.000000 178
291.000000 180
293.000000 175
294.000000 170
296.000000 166
297.000000 166
299.000000 167
300.000000 168
302.000000 169
303.000000 170
305.000000 172
306.000000 174
308.000000 176
309.000000 178
311.000000 180
312.000000 175
314.000000 170
315.000000 171
317.000000 171
318.000000 172
320.000000 173
321.000000 175
323.000000 176
324.000000 178
326.000000 180
327.000000 176
329.000000 171
330.000000 166
332.000000 162
333.000000 158
335.000000 155
336.000000 151
338.000000 148
339.000000 145
341.000000 143
342.000000 140
344.000000 138
345.000000 136
347.000000 135
348.000000 133
350.000000 132
351.000000 131
353.000000 140
353.000000 140
353.000000 140
353.000000 135
351.000000 130
350.000000 126
348.000000 121
347.000000 118
345.000000 114
344.000000 111
342.000000 107
341.000000 104
339.000000 102
338.000000 99
339.000000 100
339.000000 100
340.000000 101
340.000000 102
341.000000 104
341.000000 105
342.000000 100
342.000000 100
343.000000 100
343.000000 100
344.000000 100
344.000000 100
345.000000 100
345.000000 100
345.000000 100
345.000000 100
344.000000 95
342.000000 90
341.000000 86
339.000000 82
338.000000 78
336.000000 74
335.000000 71
333.000000 68
332.000000 65
330.000000 62
329.000000 60
327.000000 58
326.000000 56
324.000000 54
323.000000 53
321.000000 52
320.000000 51
318.000000 50
317.000000 50
315.000000 50
314.000000 50
312.000000 50
311.000000 51
309.000000 52
308.000000 53
306.000000 54
305.000000 56
303.000000 57
302.000000 60
300.000000 62
299.000000 65
297.000000 67
299.000000 68
300.000000 63
302.000000 63
303.000000 64
305.000000 65
306.000000 66
308.000000 67
309.000000 68
311.000000 63
312.000000 58
314.000000 59
315.000000 59
317.000000 60
318.000000 61
320.000000 63
321.000000 64
323.000000 66
324.000000 68
326.000000 64
327.000000 59
329.000000 55
330.000000 50
332.000000 46
333.000000 47
335.000000 47
336.000000 48
338.000000 49
339.000000 51
341.000000 52
342.000000 54
344.000000 56
345.000000 58
347.000000 61
348.000000 64
350.000000 67
351.000000 70
353.000000 74
354.000000 78
356.000000 82
357.000000 86
359.000000 91
360.000000 96
362.000000 100
363.000000 95
365.000000 95
366.000000 96
368.000000 97
369.000000 98
371.000000 99
372.000000 100
374.000000 95
375.000000 91
377.000000 86
378.000000 82
380.000000 78
381.000000 75
383.000000 71
384.000000 68
386.000000 65
387.000000 62
389.000000 60
390.000000 58
392.000000 56
393.000000 54
395.000000 53
396.000000 52
398.000000 51
399.000000 50
401.000000 50
402.000000 50
404.000000 50
405.000000 50
407.000000 51
408.000000 52
410.000000 53
411.000000 54
413.000000 56
414.000000 58
416.000000 60
417.000000 62
419.000000 65
420.000000 68
422.000000 71
423.000000 74
425.000000 78
426.000000 81
428.000000 86
429.000000 90
431.000000 95
432.000000 99
434.000000 104
435.000000 110
437.000000 115
438.000000 121
440.000000 127
441.000000 134
443.000000 140
444.000000 147
446.000000 155
447.000000 163
449.000000 171
450.000000 179
452.000000 180
453.000000 175
455.000000 170
456.000000 166
458.000000 161
459.000000 158
461.000000 154
462.000000 151
464.000000 147
465.000000 144
467.000000 142
468.000000 139
470.000000 137
471.000000 135
473.000000 134
474.000000 132
476.000000 131
477.000000 130
479.000000 130
480.000000 129
482.000000 129
483.000000 129
485.000000 130
486.000000 130
488.000000 131
489.000000 132
491.000000 134
492.000000 135
494.000000 137
495.000000 139
497.000000 141
498.000000 144
500.000000 147
501.000000 148
503.000000 143
504.000000 139
506.000000 134
507.000000 130
509.000000 126
510.000000 123
512.000000 119
513.000000 116
515.000000 117
516.000000 117
518.000000 117
519.000000 112
521.000000 108
522.000000 103
524.000000 99
525.000000 95
527.000000 92
528.000000 88
530.000000 85
531.000000 85
533.000000 86
534.000000 87
536.000000 88
537.000000 89
539.000000 91
540.000000 93
542.000000 95
543.000000 97
545.000000 100
546.000000 103
548.000000 106
549.000000 109
551.000000 113
552.000000 116
554.000000 111
555.000000 106
557.000000 102
558.000000 98
560.000000 94
561.000000 90
563.000000 87
564.000000 84
566.000000 81
567.000000 78
569.000000 76
570.000000 73
572.000000 74
573.000000 74
575.000000 75
576.000000 76
578.000000 78
579.000000 79
581.000000 81
582.000000 83
584.000000 84
585.000000 79
587.000000 74
588.000000 70
590.000000 66
591.000000 62
593.000000 58
594.000000 55
596.000000 52
597.000000 49
599.000000 46
600.000000 46
602.000000 47
603.000000 48
605.000000 49
606.000000 50
608.000000 52
609.000000 54
611.000000 56
612.000000 58
614.000000 61
615.000000 63
617.000000 67
618.000000 70
620.000000 73
621.000000 77
623.000000 81
624.000000 86
626.000000 90
627.000000 95
629.000000 100
630.000000 106
632.000000 111
633.000000 116
635.000000 111
636.000000 107
638.000000 102
639.000000 98
641.000000 94
642.000000 91
644.000000 87
645.000000 84
647.000000 81
648.000000 79
650.000000 79
651.000000 80
653.000000 80
654.000000 81
656.000000 83
657.000000 84
659.000000 86
660.000000 88
662.000000 91
663.000000 93
665.000000 96
666.000000 99
668.000000 102
669.000000 106
671.000000 110
672.000000 114
674.000000 118
675.000000 123
677.000000 128
678.000000 133
680.000000 138
681.000000 144
683.000000 149
683.000000 156
683.000000 162
683.000000 168
683.000000 175
683.000000 183
683.000000 191
683.000000 199
683.000000 207
683.000000 215
683.000000 223
683.000000 231
683.000000 236
683.000000 234
683.000000 231
683.000000 229
683.000000 226
683.000000 224
683.000000 221
683.000000 219
683.000000 216
683.000000 214
683.000000 211
683.000000 209
683.000000 206
683.000000 204
683.000000 201
683.000000 199
683.000000 196
683.000000 194
683.000000 191
683.000000 189
683.000000 186
683.000000 184
683.000000 181
683.000000 179
683.000000 176
683.000000 174
683.000000 171
683.000000 169
683.000000 166
683.000000 164
683.000000 161
683.000000 159
683.000000 156
683.000000 154
683.000000 151
683.000000 149
683.000000 146
683.000000 144
683.000000 141
683.000000 139
683.000000 136
683.000000 134
683.000000 131
683.000000 129
683.000000 126
683.000000 124
683.000000 121
683.000000 119
683.000000 116
683.000000 114
683.000000 111
683.000000 109
683.000000 106
683.000000 104
683.000000 101
683.000000 99
683.000000 96
683.000000 94
683.000000 91
683.000000 89
683.000000 86
683.000000 84
683.000000 81
683.000000 79
683.000000 76
683.000000 74
683.000000 71
683.000000 69
683.000000 66
683.000000 64
683.000000 61
683.000000 59
683.000000 56
683.000000 54
683.000000 51
683.000000 49
683.000000 46
683.000000 44
683.000000 41
683.000000 39
683.000000 39
683.000000 39
683.000000 40
683.000000 41
683.000000 42
683.000000 43
681.000000 45
680.000000 46
678.000000 48
677.000000 51
675.000000 52
674.000000 47
672.000000 44
671.000000 45
669.000000 45
668.000000 46
666.000000 47
665.000000 48
663.000000 50
662.000000 52
660.000000 47
659.000000 44
657.000000 44
656.000000 44
654.000000 45
653.000000 46
651.000000 48
650.000000 49
648.000000 51
647.000000 52
645.000000 47
644.000000 44
642.000000 44
641.000000 45
639.000000 46
638.000000 47
636.000000 48
635.000000 50
633.000000 52
632.000000 47
630.000000 44
629.000000 45
627.000000 45
626.000000 46
624.000000 47
623.000000 49
621.000000 50
620.000000 52
618.000000 47
617.000000 48
615.000000 48
614.000000 49
612.000000 50
611.000000 52
609.000000 47
608.000000 47
606.000000 48
605.000000 49
603.000000 50
602.000000 51
600.000000 52
599.000000 47
597.000000 47
596.000000 48
594.000000 49
593.000000 50
591.000000 51
590.000000 52
588.000000 47
587.000000 48
585.000000 48
584.000000 49
582.000000 50
581.000000 51
579.000000 52
578.000000 48
576.000000 44
575.000000 44
573.000000 45
572.000000 46
570.000000 47
569.000000 48
567.000000 50
566.000000 51
564.000000 54
564.000000 56
564.000000 58
564.000000 61
564.000000 64
564.000000 68
564.000000 71
564.000000 75
564.000000 79
564.000000 84
564.000000 88
564.000000 93
564.000000 98
564.000000 103
564.000000 109
564.000000 115
